


materialPath: C:\Program Files (x86)\Steam\steamapps\common\GarrysMod\garrysmod\materials
Loading c:\users\linventif\documents\github\linventif-maps\other\linv_sky.vmf
fixing up env_cubemap materials on brush sides...
0...1...2...3...4...5...6...7...8...9...100...1...2...3...4...5...6...7...8...9...10Processing areas...done (0)
Building Faces...done (0)
FixTjuncs...
PruneNodes...
WriteBSP...
done (0)
writing c:\users\linventif\documents\github\linventif-maps\other\linv_sky.prt...Building visibility clusters...
done (0)
Creating default LDR cubemaps for env_cubemap using skybox materials:
   skybox/sky_day01_01*.vmt
 ! Run buildcubemaps in the engine to get the correct cube maps.
Creating default HDR cubemaps for env_cubemap using skybox materials:
   skybox/sky_day01_01*.vmt
 ! Run buildcubemaps in the engine to get the correct cube maps.
Finding displacement neighbors...
Finding lightmap sample positions...
Displacement Alpha : 0...1...2...3...4...5...6...7...8...9...10
Building Physics collision data...
WARNING: Map using power 4 displacements, terrain physics cannot be compressed, map will need additional memory and CPU.
done (0) (236766 bytes)
Placing detail props : 0...1...2...3...4...5...6...7...8...9...10
Compacting texture/material tables...
Reduced 17 texinfos to 8
Reduced 8 texdatas to 6 (260 bytes to 160)
Writing c:\users\linventif\documents\github\linventif-maps\other\linv_sky.bsp
0 seconds elapsed



24 threads
reading c:\users\linventif\documents\github\linventif-maps\other\linv_sky.bsp
reading c:\users\linventif\documents\github\linventif-maps\other\linv_sky.prt
 109 portalclusters
 252 numportals
0...1...2...3...4...5...6...7...8...9...100...1...2...3...4...5...6...7...8...9...10Optimized: 0 visible clusters (0.00%)
Total clusters visible: 11665
Average clusters visible: 107
Building PAS...
Average clusters audible: 107
visdatasize:3910  compressed from 3488
writing c:\users\linventif\documents\github\linventif-maps\other\linv_sky.bsp
0 seconds elapsed



[Reading texlights from 'lights.rad']
[45 texlights parsed from 'lights.rad']

Loading c:\users\linventif\documents\github\linventif-maps\other\linv_sky.bsp
PREP OK
463 faces
1262658 square feet [181822848.00 square inches]
4 Displacements
29150 Square Feet [4197720.00 Square Inches]
463 patches before subdivision
15997 patches after subdivision
2 direct lights
0...1...2...3...4...5...6...7...8...9...100...1...2...3...4...5...6...7...8...9...10transfers 315042, max 342
transfer lists:   2.4 megs
0...1...2...3...4...5...6...7...8...9...10	Bounce #1 added RGB(178, 187, 93)
0...1...2...3...4...5...6...7...8...9...10	Bounce #2 added RGB(1782, 1866, 931)
0...1...2...3...4...5...6...7...8...9...10	Bounce #3 added RGB(7, 7, 2)
0...1...2...3...4...5...6...7...8...9...10	Bounce #4 added RGB(73, 80, 20)
0...1...2...3...4...5...6...7...8...9...10	Bounce #5 added RGB(0, 0, 0)
Build Patch/Sample Hash Table(s).....Done<0.0049 sec>
0...1...2...3...4...5...6...7...8...9...10FinalLightFace Done
0 of 0 (0% of) surface lights went in leaf ambient cubes.
0...1...2...3...4...5...6...7...8...9...10Writing leaf ambient...done
Ready to Finish

Object names       Objects/Maxobjs  Memory / Maxmem  Fullness 
------------       ---------------  ---------------  -------- 
models                   1/4096           48/196608   ( 0.0%) 
brushes                 14/16384         168/196608   ( 0.1%) 
brushsides              84/163840        672/1310720  ( 0.1%) 
planes                  90/65536        1800/1310720  ( 0.1%) 
vertexes               493/65536        5916/786432   ( 0.8%) 
nodes                  285/65536        9120/2097152  ( 0.4%) 
texinfos                 8/12288         576/884736   ( 0.1%) 
texdata                  6/2048          192/65536    ( 0.3%) 
dispinfos                4/0             704/0        ( 0.0%) 
disp_verts            1156/0           23120/0        ( 0.0%) 
disp_tris             2048/0            4096/0        ( 0.0%) 
disp_lmsamples       69216/0           69216/0        ( 0.0%) 
faces                  463/65536       25928/3670016  ( 0.7%) 
hdr faces                0/65536           0/3670016  ( 0.0%) 
origfaces               20/65536        1120/3670016  ( 0.0%) 
leaves                 287/65536        9184/2097152  ( 0.4%) 
leaffaces              459/65536         918/131072   ( 0.7%) 
leafbrushes            200/65536         400/131072   ( 0.3%) 
areas                    3/1024           24/8192     ( 0.3%) 
surfedges             1968/512000       7872/2048000  ( 0.4%) 
edges                 1059/256000       4236/1024000  ( 0.4%) 
LDR worldlights          2/8192          176/720896   ( 0.0%) 
HDR worldlights          0/8192            0/720896   ( 0.0%) 
leafwaterdata            2/32768          24/393216   ( 0.0%) 
waterstrips              0/32768           0/327680   ( 0.0%) 
waterverts               0/65536           0/786432   ( 0.0%) 
waterindices             0/65536           0/131072   ( 0.0%) 
cubemapsamples           0/1024            0/16384    ( 0.0%) 
overlays                 0/1024            0/360448   ( 0.0%) 
LDR lightdata         [variable]      504636/0        ( 0.0%) 
HDR lightdata         [variable]           0/0        ( 0.0%) 
visdata               [variable]        3910/16777216 ( 0.0%) 
entdata               [variable]        1608/393216   ( 0.4%) 
LDR ambient table      287/65536        1148/262144   ( 0.4%) 
HDR ambient table      287/65536        1148/262144   ( 0.4%) 
LDR leaf ambient      1813/65536       50764/1835008  ( 2.8%) 
HDR leaf ambient       287/65536        8036/1835008  ( 0.4%) 
occluders                0/0               0/0        ( 0.0%) 
occluder polygons        0/0               0/0        ( 0.0%) 
occluder vert ind        0/0               0/0        ( 0.0%) 
detail props          [variable]           1/12       ( 8.3%) 
static props          [variable]           1/1208     ( 0.1%) 
pakfile               [variable]      106293/0        ( 0.0%) 
physics               [variable]      236766/4194304  ( 5.6%) 
physics terrain       [variable]           0/1048576  ( 0.0%) 

Level flags = 0

Total triangle count: 962
Writing c:\users\linventif\documents\github\linventif-maps\other\linv_sky.bsp
8 seconds elapsed



[Reading texlights from 'lights.rad']
[45 texlights parsed from 'lights.rad']

Loading c:\users\linventif\documents\github\linventif-maps\other\linv_sky.bsp
PREP OK
463 faces
1262658 square feet [181822848.00 square inches]
4 Displacements
29150 Square Feet [4197720.00 Square Inches]
463 patches before subdivision
15997 patches after subdivision
2 direct lights
0...1...2...3...4...5...6...7...8...9...100...1...2...3...4...5...6...7...8...9...10transfers 315042, max 342
transfer lists:   2.4 megs
0...1...2...3...4...5...6...7...8...9...10	Bounce #1 added RGB(178, 187, 93)
0...1...2...3...4...5...6...7...8...9...10	Bounce #2 added RGB(1782, 1866, 931)
0...1...2...3...4...5...6...7...8...9...10	Bounce #3 added RGB(7, 7, 2)
0...1...2...3...4...5...6...7...8...9...10	Bounce #4 added RGB(73, 80, 20)
0...1...2...3...4...5...6...7...8...9...10	Bounce #5 added RGB(0, 0, 0)
Build Patch/Sample Hash Table(s).....Done<0.0058 sec>
0...1...2...3...4...5...6...7...8...9...10FinalLightFace Done
0 of 0 (0% of) surface lights went in leaf ambient cubes.
0...1...2...3...4...5...6...7...8...9...10Writing leaf ambient...done
Ready to Finish

Object names       Objects/Maxobjs  Memory / Maxmem  Fullness 
------------       ---------------  ---------------  -------- 
models                   1/4096           48/196608   ( 0.0%) 
brushes                 14/16384         168/196608   ( 0.1%) 
brushsides              84/163840        672/1310720  ( 0.1%) 
planes                  90/65536        1800/1310720  ( 0.1%) 
vertexes               493/65536        5916/786432   ( 0.8%) 
nodes                  285/65536        9120/2097152  ( 0.4%) 
texinfos                 8/12288         576/884736   ( 0.1%) 
texdata                  6/2048          192/65536    ( 0.3%) 
dispinfos                4/0             704/0        ( 0.0%) 
disp_verts            1156/0           23120/0        ( 0.0%) 
disp_tris             2048/0            4096/0        ( 0.0%) 
disp_lmsamples       69216/0           69216/0        ( 0.0%) 
faces                  463/65536       25928/3670016  ( 0.7%) 
hdr faces              463/65536       25928/3670016  ( 0.7%) 
origfaces               20/65536        1120/3670016  ( 0.0%) 
leaves                 287/65536        9184/2097152  ( 0.4%) 
leaffaces              459/65536         918/131072   ( 0.7%) 
leafbrushes            200/65536         400/131072   ( 0.3%) 
areas                    3/1024           24/8192     ( 0.3%) 
surfedges             1968/512000       7872/2048000  ( 0.4%) 
edges                 1059/256000       4236/1024000  ( 0.4%) 
LDR worldlights          2/8192          176/720896   ( 0.0%) 
HDR worldlights          2/8192          176/720896   ( 0.0%) 
leafwaterdata            2/32768          24/393216   ( 0.0%) 
waterstrips              0/32768           0/327680   ( 0.0%) 
waterverts               0/65536           0/786432   ( 0.0%) 
waterindices             0/65536           0/131072   ( 0.0%) 
cubemapsamples           0/1024            0/16384    ( 0.0%) 
overlays                 0/1024            0/360448   ( 0.0%) 
LDR lightdata         [variable]      504636/0        ( 0.0%) 
HDR lightdata         [variable]      504636/0        ( 0.0%) 
visdata               [variable]        3910/16777216 ( 0.0%) 
entdata               [variable]        1608/393216   ( 0.4%) 
LDR ambient table      287/65536        1148/262144   ( 0.4%) 
HDR ambient table      287/65536        1148/262144   ( 0.4%) 
LDR leaf ambient      1813/65536       50764/1835008  ( 2.8%) 
HDR leaf ambient      1813/65536       50764/1835008  ( 2.8%) 
occluders                0/0               0/0        ( 0.0%) 
occluder polygons        0/0               0/0        ( 0.0%) 
occluder vert ind        0/0               0/0        ( 0.0%) 
detail props          [variable]           1/12       ( 8.3%) 
static props          [variable]           1/1208     ( 0.1%) 
pakfile               [variable]      106293/0        ( 0.0%) 
physics               [variable]      236766/4194304  ( 5.6%) 
physics terrain       [variable]           0/1048576  ( 0.0%) 

Level flags = 0

Total triangle count: 962
Writing c:\users\linventif\documents\github\linventif-maps\other\linv_sky.bsp
8 seconds elapsed
