PRT1
109
252
4 0 9 (2328 2048 1696 ) (2048 2048 1696 ) (2048 2048 0 ) (2328 2048 0 ) 
4 0 3 (2048 2048 0 ) (2048 2048 1696 ) (2048 2576 1696 ) (2048 2576 0 ) 
4 0 1 (2328 2048 0 ) (2048 2048 0 ) (2048 2576 0 ) (2328 2576 0 ) 
4 1 10 (2328 2048 0 ) (2048 2048 0 ) (2048 2048 -88 ) (2328 2048 -88 ) 
4 1 4 (2048 2048 -88 ) (2048 2048 0 ) (2048 2576 0 ) (2048 2576 -88 ) 
4 1 2 (2048 2576 -88 ) (2328 2576 -88 ) (2328 2048 -88 ) (2048 2048 -88 ) 
4 2 11 (2048 2048 -88 ) (2048 2048 -984 ) (2328 2048 -984 ) (2328 2048 -88 ) 
4 2 5 (2048 2048 -984 ) (2048 2048 -88 ) (2048 2576 -88 ) (2048 2576 -984 ) 
4 3 15 (2048 2048 0 ) (2048 2048 1696 ) (1024 2048 1696 ) (1024 2048 0 ) 
4 3 6 (1024 2048 0 ) (1024 2048 1696 ) (1024 2576 1696 ) (1024 2576 0 ) 
4 3 4 (2048 2576 0 ) (2048 2048 0 ) (1024 2048 0 ) (1024 2576 0 ) 
4 4 16 (2048 2048 -88 ) (2048 2048 0 ) (1024 2048 0 ) (1024 2048 -88 ) 
4 4 7 (1024 2048 -88 ) (1024 2048 0 ) (1024 2576 0 ) (1024 2576 -88 ) 
4 4 5 (2048 2048 -88 ) (1024 2048 -88 ) (1024 2576 -88 ) (2048 2576 -88 ) 
4 5 17 (2048 2048 -984 ) (2048 2048 -88 ) (1024 2048 -88 ) (1024 2048 -984 ) 
4 5 8 (1024 2048 -984 ) (1024 2048 -88 ) (1024 2576 -88 ) (1024 2576 -984 ) 
4 6 28 (0 2048 0 ) (0 2048 1696 ) (0 2576 1696 ) (0 2576 0 ) 
4 6 19 (1024 2048 0 ) (1024 2048 1696 ) (0 2048 1696 ) (0 2048 0 ) 
4 6 7 (1024 2576 0 ) (1024 2048 0 ) (0 2048 0 ) (0 2576 0 ) 
4 7 29 (0 2048 -88 ) (0 2048 0 ) (0 2576 0 ) (0 2576 -88 ) 
4 7 20 (1024 2048 -88 ) (1024 2048 0 ) (0 2048 0 ) (0 2048 -88 ) 
4 7 8 (1024 2048 -88 ) (0 2048 -88 ) (0 2576 -88 ) (1024 2576 -88 ) 
4 8 30 (0 2048 -984 ) (0 2048 -88 ) (0 2576 -88 ) (0 2576 -984 ) 
4 8 21 (1024 2048 -984 ) (1024 2048 -88 ) (0 2048 -88 ) (0 2048 -984 ) 
4 9 15 (2048 2048 1696 ) (2048 2048 0 ) (2048 1024 0 ) (2048 1024 1696 ) 
4 9 12 (2328 1024 1696 ) (2048 1024 1696 ) (2048 1024 0 ) (2328 1024 0 ) 
4 9 10 (2328 1024 0 ) (2048 1024 0 ) (2048 2048 0 ) (2328 2048 0 ) 
4 10 16 (2048 2048 0 ) (2048 2048 -88 ) (2048 1024 -88 ) (2048 1024 0 ) 
4 10 13 (2328 1024 0 ) (2048 1024 0 ) (2048 1024 -88 ) (2328 1024 -88 ) 
4 10 11 (2048 1024 -88 ) (2048 2048 -88 ) (2328 2048 -88 ) (2328 1024 -88 ) 
4 11 17 (2048 2048 -88 ) (2048 2048 -984 ) (2048 1024 -984 ) (2048 1024 -88 ) 
4 11 14 (2048 1024 -88 ) (2048 1024 -984 ) (2328 1024 -984 ) (2328 1024 -88 ) 
4 12 55 (2328 0 1696 ) (2048 0 1696 ) (2048 0 0 ) (2328 0 0 ) 
4 12 22 (2048 0 0 ) (2048 0 1696 ) (2048 1024 1696 ) (2048 1024 0 ) 
4 12 13 (2328 0 0 ) (2048 0 0 ) (2048 1024 0 ) (2328 1024 0 ) 
4 13 56 (2328 0 0 ) (2048 0 0 ) (2048 0 -88 ) (2328 0 -88 ) 
4 13 23 (2048 0 -88 ) (2048 0 0 ) (2048 1024 0 ) (2048 1024 -88 ) 
4 13 14 (2048 0 -88 ) (2048 1024 -88 ) (2328 1024 -88 ) (2328 0 -88 ) 
4 14 57 (2048 0 -88 ) (2048 0 -984 ) (2328 0 -984 ) (2328 0 -88 ) 
4 14 24 (2048 0 -984 ) (2048 0 -88 ) (2048 1024 -88 ) (2048 1024 -984 ) 
4 15 22 (2048 1024 0 ) (2048 1024 1696 ) (1024 1024 1696 ) (1024 1024 0 ) 
4 15 19 (1024 2048 1696 ) (1024 2048 0 ) (1024 1024 0 ) (1024 1024 1696 ) 
4 15 16 (2048 1024 0 ) (1024 1024 0 ) (1024 2048 0 ) (2048 2048 0 ) 
4 16 23 (2048 1024 -88 ) (2048 1024 0 ) (1024 1024 0 ) (1024 1024 -88 ) 
4 16 20 (1024 2048 0 ) (1024 2048 -88 ) (1024 1024 -88 ) (1024 1024 0 ) 
4 16 17 (1024 1024 -88 ) (1024 2048 -88 ) (2048 2048 -88 ) (2048 1024 -88 ) 
4 17 24 (2048 1024 -984 ) (2048 1024 -88 ) (1024 1024 -88 ) (1024 1024 -984 ) 
4 17 21 (1024 2048 -88 ) (1024 2048 -984 ) (1024 1024 -984 ) (1024 1024 -88 ) 
4 19 37 (0 1024 0 ) (0 1024 1696 ) (0 2048 1696 ) (0 2048 0 ) 
4 19 25 (1024 1024 0 ) (1024 1024 1696 ) (0 1024 1696 ) (0 1024 0 ) 
4 19 20 (1024 1024 0 ) (0 1024 0 ) (0 2048 0 ) (1024 2048 0 ) 
4 20 38 (0 1024 -88 ) (0 1024 0 ) (0 2048 0 ) (0 2048 -88 ) 
4 20 26 (1024 1024 -88 ) (1024 1024 0 ) (0 1024 0 ) (0 1024 -88 ) 
4 20 21 (1024 1024 -88 ) (0 1024 -88 ) (0 2048 -88 ) (1024 2048 -88 ) 
4 21 39 (0 1024 -984 ) (0 1024 -88 ) (0 2048 -88 ) (0 2048 -984 ) 
4 21 27 (1024 1024 -984 ) (1024 1024 -88 ) (0 1024 -88 ) (0 1024 -984 ) 
4 22 61 (2048 0 0 ) (2048 0 1696 ) (1024 0 1696 ) (1024 0 0 ) 
4 22 25 (1024 1024 1696 ) (1024 1024 0 ) (1024 0 0 ) (1024 0 1696 ) 
4 22 23 (1024 1024 0 ) (2048 1024 0 ) (2048 0 0 ) (1024 0 0 ) 
4 23 62 (2048 0 -88 ) (2048 0 0 ) (1024 0 0 ) (1024 0 -88 ) 
4 23 26 (1024 1024 0 ) (1024 1024 -88 ) (1024 0 -88 ) (1024 0 0 ) 
4 23 24 (2048 0 -88 ) (1024 0 -88 ) (1024 1024 -88 ) (2048 1024 -88 ) 
4 24 63 (2048 0 -984 ) (2048 0 -88 ) (1024 0 -88 ) (1024 0 -984 ) 
4 24 27 (1024 1024 -88 ) (1024 1024 -984 ) (1024 0 -984 ) (1024 0 -88 ) 
4 25 64 (1024 0 0 ) (1024 0 1696 ) (0 0 1696 ) (0 0 0 ) 
4 25 43 (0 0 0 ) (0 0 1696 ) (0 1024 1696 ) (0 1024 0 ) 
4 25 26 (1024 0 0 ) (0 0 0 ) (0 1024 0 ) (1024 1024 0 ) 
4 26 65 (1024 0 -88 ) (1024 0 0 ) (0 0 0 ) (0 0 -88 ) 
4 26 44 (0 0 -88 ) (0 0 0 ) (0 1024 0 ) (0 1024 -88 ) 
4 26 27 (1024 0 -88 ) (0 0 -88 ) (0 1024 -88 ) (1024 1024 -88 ) 
4 27 66 (1024 0 -984 ) (1024 0 -88 ) (0 0 -88 ) (0 0 -984 ) 
4 27 45 (0 0 -984 ) (0 0 -88 ) (0 1024 -88 ) (0 1024 -984 ) 
4 28 37 (0 2048 0 ) (0 2048 1696 ) (-1024 2048 1696 ) (-1024 2048 0 ) 
4 28 31 (-1024 2048 0 ) (-1024 2048 1696 ) (-1024 2576 1696 ) (-1024 2576 0 ) 
4 28 29 (0 2048 0 ) (-1024 2048 0 ) (-1024 2576 0 ) (0 2576 0 ) 
4 29 38 (0 2048 -88 ) (0 2048 0 ) (-1024 2048 0 ) (-1024 2048 -88 ) 
4 29 32 (-1024 2048 -88 ) (-1024 2048 0 ) (-1024 2576 0 ) (-1024 2576 -88 ) 
4 29 30 (-1024 2048 -88 ) (-1024 2576 -88 ) (0 2576 -88 ) (0 2048 -88 ) 
4 30 39 (0 2048 -984 ) (0 2048 -88 ) (-1024 2048 -88 ) (-1024 2048 -984 ) 
4 30 33 (-1024 2048 -984 ) (-1024 2048 -88 ) (-1024 2576 -88 ) (-1024 2576 -984 ) 
4 31 40 (-1024 2048 0 ) (-1024 2048 1696 ) (-2048 2048 1696 ) (-2048 2048 0 ) 
4 31 34 (-2048 2048 0 ) (-2048 2048 1696 ) (-2048 2576 1696 ) (-2048 2576 0 ) 
4 31 32 (-1024 2576 0 ) (-1024 2048 0 ) (-2048 2048 0 ) (-2048 2576 0 ) 
4 32 41 (-1024 2048 -88 ) (-1024 2048 0 ) (-2048 2048 0 ) (-2048 2048 -88 ) 
4 32 35 (-2048 2048 -88 ) (-2048 2048 0 ) (-2048 2576 0 ) (-2048 2576 -88 ) 
4 32 33 (-1024 2048 -88 ) (-2048 2048 -88 ) (-2048 2576 -88 ) (-1024 2576 -88 ) 
4 33 42 (-1024 2048 -984 ) (-1024 2048 -88 ) (-2048 2048 -88 ) (-2048 2048 -984 ) 
4 33 36 (-2048 2048 -984 ) (-2048 2048 -88 ) (-2048 2576 -88 ) (-2048 2576 -984 ) 
4 34 49 (-2048 2048 0 ) (-2048 2048 1696 ) (-2744 2048 1696 ) (-2744 2048 0 ) 
4 34 35 (-2048 2576 0 ) (-2048 2048 0 ) (-2744 2048 0 ) (-2744 2576 0 ) 
4 35 50 (-2048 2048 -88 ) (-2048 2048 0 ) (-2744 2048 0 ) (-2744 2048 -88 ) 
4 35 36 (-2744 2048 -88 ) (-2744 2576 -88 ) (-2048 2576 -88 ) (-2048 2048 -88 ) 
4 36 51 (-2048 2048 -984 ) (-2048 2048 -88 ) (-2744 2048 -88 ) (-2744 2048 -984 ) 
4 37 43 (0 1024 0 ) (0 1024 1696 ) (-1024 1024 1696 ) (-1024 1024 0 ) 
4 37 40 (-1024 2048 1696 ) (-1024 2048 0 ) (-1024 1024 0 ) (-1024 1024 1696 ) 
4 37 38 (-1024 1024 0 ) (-1024 2048 0 ) (0 2048 0 ) (0 1024 0 ) 
4 38 44 (0 1024 -88 ) (0 1024 0 ) (-1024 1024 0 ) (-1024 1024 -88 ) 
4 38 41 (-1024 2048 0 ) (-1024 2048 -88 ) (-1024 1024 -88 ) (-1024 1024 0 ) 
4 38 39 (-1024 1024 -88 ) (-1024 2048 -88 ) (0 2048 -88 ) (0 1024 -88 ) 
4 39 45 (0 1024 -984 ) (0 1024 -88 ) (-1024 1024 -88 ) (-1024 1024 -984 ) 
4 39 42 (-1024 2048 -88 ) (-1024 2048 -984 ) (-1024 1024 -984 ) (-1024 1024 -88 ) 
4 40 49 (-2048 2048 1696 ) (-2048 2048 0 ) (-2048 1024 0 ) (-2048 1024 1696 ) 
4 40 46 (-1024 1024 0 ) (-1024 1024 1696 ) (-2048 1024 1696 ) (-2048 1024 0 ) 
4 40 41 (-2048 2048 0 ) (-1024 2048 0 ) (-1024 1024 0 ) (-2048 1024 0 ) 
4 41 50 (-2048 2048 0 ) (-2048 2048 -88 ) (-2048 1024 -88 ) (-2048 1024 0 ) 
4 41 47 (-1024 1024 -88 ) (-1024 1024 0 ) (-2048 1024 0 ) (-2048 1024 -88 ) 
4 41 42 (-1024 1024 -88 ) (-2048 1024 -88 ) (-2048 2048 -88 ) (-1024 2048 -88 ) 
4 42 51 (-2048 2048 -88 ) (-2048 2048 -984 ) (-2048 1024 -984 ) (-2048 1024 -88 ) 
4 42 48 (-1024 1024 -984 ) (-1024 1024 -88 ) (-2048 1024 -88 ) (-2048 1024 -984 ) 
4 43 82 (0 0 0 ) (0 0 1696 ) (-1024 0 1696 ) (-1024 0 0 ) 
4 43 46 (-1024 1024 1696 ) (-1024 1024 0 ) (-1024 0 0 ) (-1024 0 1696 ) 
4 43 44 (0 0 0 ) (-1024 0 0 ) (-1024 1024 0 ) (0 1024 0 ) 
4 44 83 (0 0 -88 ) (0 0 0 ) (-1024 0 0 ) (-1024 0 -88 ) 
4 44 47 (-1024 1024 0 ) (-1024 1024 -88 ) (-1024 0 -88 ) (-1024 0 0 ) 
4 44 45 (0 0 -88 ) (-1024 0 -88 ) (-1024 1024 -88 ) (0 1024 -88 ) 
4 45 84 (0 0 -984 ) (0 0 -88 ) (-1024 0 -88 ) (-1024 0 -984 ) 
4 45 48 (-1024 1024 -88 ) (-1024 1024 -984 ) (-1024 0 -984 ) (-1024 0 -88 ) 
4 46 85 (-1024 0 0 ) (-1024 0 1696 ) (-2048 0 1696 ) (-2048 0 0 ) 
4 46 52 (-2048 0 0 ) (-2048 0 1696 ) (-2048 1024 1696 ) (-2048 1024 0 ) 
4 46 47 (-1024 1024 0 ) (-1024 0 0 ) (-2048 0 0 ) (-2048 1024 0 ) 
4 47 86 (-1024 0 -88 ) (-1024 0 0 ) (-2048 0 0 ) (-2048 0 -88 ) 
4 47 53 (-2048 0 -88 ) (-2048 0 0 ) (-2048 1024 0 ) (-2048 1024 -88 ) 
4 47 48 (-1024 0 -88 ) (-2048 0 -88 ) (-2048 1024 -88 ) (-1024 1024 -88 ) 
4 48 87 (-1024 0 -984 ) (-1024 0 -88 ) (-2048 0 -88 ) (-2048 0 -984 ) 
4 48 54 (-2048 0 -984 ) (-2048 0 -88 ) (-2048 1024 -88 ) (-2048 1024 -984 ) 
4 49 52 (-2048 1024 0 ) (-2048 1024 1696 ) (-2744 1024 1696 ) (-2744 1024 0 ) 
4 49 50 (-2048 1024 0 ) (-2744 1024 0 ) (-2744 2048 0 ) (-2048 2048 0 ) 
4 50 53 (-2048 1024 -88 ) (-2048 1024 0 ) (-2744 1024 0 ) (-2744 1024 -88 ) 
4 50 51 (-2744 1024 -88 ) (-2744 2048 -88 ) (-2048 2048 -88 ) (-2048 1024 -88 ) 
4 51 54 (-2048 1024 -984 ) (-2048 1024 -88 ) (-2744 1024 -88 ) (-2744 1024 -984 ) 
4 52 94 (-2048 0 0 ) (-2048 0 1696 ) (-2744 0 1696 ) (-2744 0 0 ) 
4 52 53 (-2744 1024 0 ) (-2048 1024 0 ) (-2048 0 0 ) (-2744 0 0 ) 
4 53 95 (-2048 0 -88 ) (-2048 0 0 ) (-2744 0 0 ) (-2744 0 -88 ) 
4 53 54 (-2048 0 -88 ) (-2744 0 -88 ) (-2744 1024 -88 ) (-2048 1024 -88 ) 
4 54 96 (-2048 0 -984 ) (-2048 0 -88 ) (-2744 0 -88 ) (-2744 0 -984 ) 
4 55 61 (2048 0 1696 ) (2048 0 0 ) (2048 -1024 0 ) (2048 -1024 1696 ) 
4 55 58 (2328 -1024 1696 ) (2048 -1024 1696 ) (2048 -1024 0 ) (2328 -1024 0 ) 
4 55 56 (2328 -1024 0 ) (2048 -1024 0 ) (2048 0 0 ) (2328 0 0 ) 
4 56 62 (2048 0 0 ) (2048 0 -88 ) (2048 -1024 -88 ) (2048 -1024 0 ) 
4 56 59 (2328 -1024 0 ) (2048 -1024 0 ) (2048 -1024 -88 ) (2328 -1024 -88 ) 
4 56 57 (2048 -1024 -88 ) (2048 0 -88 ) (2328 0 -88 ) (2328 -1024 -88 ) 
4 57 63 (2048 0 -88 ) (2048 0 -984 ) (2048 -1024 -984 ) (2048 -1024 -88 ) 
4 57 60 (2048 -1024 -88 ) (2048 -1024 -984 ) (2328 -1024 -984 ) (2328 -1024 -88 ) 
4 58 73 (2328 -2048 1696 ) (2048 -2048 1696 ) (2048 -2048 0 ) (2328 -2048 0 ) 
4 58 67 (2048 -2048 0 ) (2048 -2048 1696 ) (2048 -1024 1696 ) (2048 -1024 0 ) 
4 58 59 (2328 -2048 0 ) (2048 -2048 0 ) (2048 -1024 0 ) (2328 -1024 0 ) 
4 59 74 (2328 -2048 0 ) (2048 -2048 0 ) (2048 -2048 -88 ) (2328 -2048 -88 ) 
4 59 68 (2048 -2048 -88 ) (2048 -2048 0 ) (2048 -1024 0 ) (2048 -1024 -88 ) 
4 59 60 (2048 -2048 -88 ) (2048 -1024 -88 ) (2328 -1024 -88 ) (2328 -2048 -88 ) 
4 60 75 (2048 -2048 -88 ) (2048 -2048 -984 ) (2328 -2048 -984 ) (2328 -2048 -88 ) 
4 60 69 (2048 -2048 -984 ) (2048 -2048 -88 ) (2048 -1024 -88 ) (2048 -1024 -984 ) 
4 61 67 (2048 -1024 0 ) (2048 -1024 1696 ) (1024 -1024 1696 ) (1024 -1024 0 ) 
4 61 64 (1024 0 1696 ) (1024 0 0 ) (1024 -1024 0 ) (1024 -1024 1696 ) 
4 61 62 (2048 -1024 0 ) (1024 -1024 0 ) (1024 0 0 ) (2048 0 0 ) 
4 62 68 (2048 -1024 -88 ) (2048 -1024 0 ) (1024 -1024 0 ) (1024 -1024 -88 ) 
4 62 65 (1024 0 0 ) (1024 0 -88 ) (1024 -1024 -88 ) (1024 -1024 0 ) 
4 62 63 (1024 -1024 -88 ) (1024 0 -88 ) (2048 0 -88 ) (2048 -1024 -88 ) 
4 63 69 (2048 -1024 -984 ) (2048 -1024 -88 ) (1024 -1024 -88 ) (1024 -1024 -984 ) 
4 63 66 (1024 0 -88 ) (1024 0 -984 ) (1024 -1024 -984 ) (1024 -1024 -88 ) 
4 64 82 (0 0 1696 ) (0 0 0 ) (0 -1024 0 ) (0 -1024 1696 ) 
4 64 70 (1024 -1024 0 ) (1024 -1024 1696 ) (0 -1024 1696 ) (0 -1024 0 ) 
4 64 65 (1024 -1024 0 ) (0 -1024 0 ) (0 0 0 ) (1024 0 0 ) 
4 65 83 (0 0 0 ) (0 0 -88 ) (0 -1024 -88 ) (0 -1024 0 ) 
4 65 71 (1024 -1024 -88 ) (1024 -1024 0 ) (0 -1024 0 ) (0 -1024 -88 ) 
4 65 66 (1024 -1024 -88 ) (0 -1024 -88 ) (0 0 -88 ) (1024 0 -88 ) 
4 66 84 (0 0 -88 ) (0 0 -984 ) (0 -1024 -984 ) (0 -1024 -88 ) 
4 66 72 (1024 -1024 -984 ) (1024 -1024 -88 ) (0 -1024 -88 ) (0 -1024 -984 ) 
4 67 76 (2048 -2048 0 ) (2048 -2048 1696 ) (1024 -2048 1696 ) (1024 -2048 0 ) 
4 67 70 (1024 -1024 1696 ) (1024 -1024 0 ) (1024 -2048 0 ) (1024 -2048 1696 ) 
4 67 68 (1024 -1024 0 ) (2048 -1024 0 ) (2048 -2048 0 ) (1024 -2048 0 ) 
4 68 77 (2048 -2048 -88 ) (2048 -2048 0 ) (1024 -2048 0 ) (1024 -2048 -88 ) 
4 68 71 (1024 -1024 0 ) (1024 -1024 -88 ) (1024 -2048 -88 ) (1024 -2048 0 ) 
4 68 69 (2048 -2048 -88 ) (1024 -2048 -88 ) (1024 -1024 -88 ) (2048 -1024 -88 ) 
4 69 78 (2048 -2048 -984 ) (2048 -2048 -88 ) (1024 -2048 -88 ) (1024 -2048 -984 ) 
4 69 72 (1024 -1024 -88 ) (1024 -1024 -984 ) (1024 -2048 -984 ) (1024 -2048 -88 ) 
4 70 88 (0 -2048 0 ) (0 -2048 1696 ) (0 -1024 1696 ) (0 -1024 0 ) 
4 70 79 (1024 -2048 0 ) (1024 -2048 1696 ) (0 -2048 1696 ) (0 -2048 0 ) 
4 70 71 (1024 -1024 0 ) (1024 -2048 0 ) (0 -2048 0 ) (0 -1024 0 ) 
4 71 89 (0 -2048 -88 ) (0 -2048 0 ) (0 -1024 0 ) (0 -1024 -88 ) 
4 71 80 (1024 -2048 -88 ) (1024 -2048 0 ) (0 -2048 0 ) (0 -2048 -88 ) 
4 71 72 (1024 -2048 -88 ) (0 -2048 -88 ) (0 -1024 -88 ) (1024 -1024 -88 ) 
4 72 90 (0 -2048 -984 ) (0 -2048 -88 ) (0 -1024 -88 ) (0 -1024 -984 ) 
4 72 81 (1024 -2048 -984 ) (1024 -2048 -88 ) (0 -2048 -88 ) (0 -2048 -984 ) 
4 73 76 (2048 -2048 1696 ) (2048 -2048 0 ) (2048 -2472 0 ) (2048 -2472 1696 ) 
4 73 74 (2048 -2472 0 ) (2048 -2048 0 ) (2328 -2048 0 ) (2328 -2472 0 ) 
4 74 77 (2048 -2048 0 ) (2048 -2048 -88 ) (2048 -2472 -88 ) (2048 -2472 0 ) 
4 74 75 (2328 -2472 -88 ) (2048 -2472 -88 ) (2048 -2048 -88 ) (2328 -2048 -88 ) 
4 75 78 (2048 -2048 -88 ) (2048 -2048 -984 ) (2048 -2472 -984 ) (2048 -2472 -88 ) 
4 76 79 (1024 -2048 1696 ) (1024 -2048 0 ) (1024 -2472 0 ) (1024 -2472 1696 ) 
4 76 77 (1024 -2472 0 ) (1024 -2048 0 ) (2048 -2048 0 ) (2048 -2472 0 ) 
4 77 80 (1024 -2048 0 ) (1024 -2048 -88 ) (1024 -2472 -88 ) (1024 -2472 0 ) 
4 77 78 (2048 -2472 -88 ) (1024 -2472 -88 ) (1024 -2048 -88 ) (2048 -2048 -88 ) 
4 78 81 (1024 -2048 -88 ) (1024 -2048 -984 ) (1024 -2472 -984 ) (1024 -2472 -88 ) 
4 79 100 (0 -2472 1696 ) (0 -2048 1696 ) (0 -2048 0 ) (0 -2472 0 ) 
4 79 80 (1024 -2048 0 ) (1024 -2472 0 ) (0 -2472 0 ) (0 -2048 0 ) 
4 80 101 (0 -2472 0 ) (0 -2048 0 ) (0 -2048 -88 ) (0 -2472 -88 ) 
4 80 81 (1024 -2472 -88 ) (0 -2472 -88 ) (0 -2048 -88 ) (1024 -2048 -88 ) 
4 81 102 (0 -2048 -88 ) (0 -2048 -984 ) (0 -2472 -984 ) (0 -2472 -88 ) 
4 82 88 (0 -1024 0 ) (0 -1024 1696 ) (-1024 -1024 1696 ) (-1024 -1024 0 ) 
4 82 85 (-1024 0 1696 ) (-1024 0 0 ) (-1024 -1024 0 ) (-1024 -1024 1696 ) 
4 82 83 (-1024 -1024 0 ) (-1024 0 0 ) (0 0 0 ) (0 -1024 0 ) 
4 83 89 (0 -1024 -88 ) (0 -1024 0 ) (-1024 -1024 0 ) (-1024 -1024 -88 ) 
4 83 86 (-1024 0 0 ) (-1024 0 -88 ) (-1024 -1024 -88 ) (-1024 -1024 0 ) 
4 83 84 (-1024 -1024 -88 ) (-1024 0 -88 ) (0 0 -88 ) (0 -1024 -88 ) 
4 84 90 (0 -1024 -984 ) (0 -1024 -88 ) (-1024 -1024 -88 ) (-1024 -1024 -984 ) 
4 84 87 (-1024 0 -88 ) (-1024 0 -984 ) (-1024 -1024 -984 ) (-1024 -1024 -88 ) 
4 85 94 (-2048 0 1696 ) (-2048 0 0 ) (-2048 -1024 0 ) (-2048 -1024 1696 ) 
4 85 91 (-1024 -1024 0 ) (-1024 -1024 1696 ) (-2048 -1024 1696 ) (-2048 -1024 0 ) 
4 85 86 (-2048 0 0 ) (-1024 0 0 ) (-1024 -1024 0 ) (-2048 -1024 0 ) 
4 86 95 (-2048 0 0 ) (-2048 0 -88 ) (-2048 -1024 -88 ) (-2048 -1024 0 ) 
4 86 92 (-1024 -1024 -88 ) (-1024 -1024 0 ) (-2048 -1024 0 ) (-2048 -1024 -88 ) 
4 86 87 (-1024 -1024 -88 ) (-2048 -1024 -88 ) (-2048 0 -88 ) (-1024 0 -88 ) 
4 87 96 (-2048 0 -88 ) (-2048 0 -984 ) (-2048 -1024 -984 ) (-2048 -1024 -88 ) 
4 87 93 (-1024 -1024 -984 ) (-1024 -1024 -88 ) (-2048 -1024 -88 ) (-2048 -1024 -984 ) 
4 88 100 (0 -2048 0 ) (0 -2048 1696 ) (-1024 -2048 1696 ) (-1024 -2048 0 ) 
4 88 91 (-1024 -1024 1696 ) (-1024 -1024 0 ) (-1024 -2048 0 ) (-1024 -2048 1696 ) 
4 88 89 (0 -2048 0 ) (-1024 -2048 0 ) (-1024 -1024 0 ) (0 -1024 0 ) 
4 89 101 (0 -2048 -88 ) (0 -2048 0 ) (-1024 -2048 0 ) (-1024 -2048 -88 ) 
4 89 92 (-1024 -1024 0 ) (-1024 -1024 -88 ) (-1024 -2048 -88 ) (-1024 -2048 0 ) 
4 89 90 (-1024 -2048 -88 ) (-1024 -1024 -88 ) (0 -1024 -88 ) (0 -2048 -88 ) 
4 90 102 (0 -2048 -984 ) (0 -2048 -88 ) (-1024 -2048 -88 ) (-1024 -2048 -984 ) 
4 90 93 (-1024 -1024 -88 ) (-1024 -1024 -984 ) (-1024 -2048 -984 ) (-1024 -2048 -88 ) 
4 91 103 (-1024 -2048 0 ) (-1024 -2048 1696 ) (-2048 -2048 1696 ) (-2048 -2048 0 ) 
4 91 97 (-2048 -2048 0 ) (-2048 -2048 1696 ) (-2048 -1024 1696 ) (-2048 -1024 0 ) 
4 91 92 (-1024 -1024 0 ) (-1024 -2048 0 ) (-2048 -2048 0 ) (-2048 -1024 0 ) 
4 92 104 (-1024 -2048 -88 ) (-1024 -2048 0 ) (-2048 -2048 0 ) (-2048 -2048 -88 ) 
4 92 98 (-2048 -2048 -88 ) (-2048 -2048 0 ) (-2048 -1024 0 ) (-2048 -1024 -88 ) 
4 92 93 (-1024 -2048 -88 ) (-2048 -2048 -88 ) (-2048 -1024 -88 ) (-1024 -1024 -88 ) 
4 93 105 (-1024 -2048 -984 ) (-1024 -2048 -88 ) (-2048 -2048 -88 ) (-2048 -2048 -984 ) 
4 93 99 (-2048 -2048 -984 ) (-2048 -2048 -88 ) (-2048 -1024 -88 ) (-2048 -1024 -984 ) 
4 94 97 (-2048 -1024 0 ) (-2048 -1024 1696 ) (-2744 -1024 1696 ) (-2744 -1024 0 ) 
4 94 95 (-2048 -1024 0 ) (-2744 -1024 0 ) (-2744 0 0 ) (-2048 0 0 ) 
4 95 98 (-2048 -1024 -88 ) (-2048 -1024 0 ) (-2744 -1024 0 ) (-2744 -1024 -88 ) 
4 95 96 (-2744 -1024 -88 ) (-2744 0 -88 ) (-2048 0 -88 ) (-2048 -1024 -88 ) 
4 96 99 (-2048 -1024 -984 ) (-2048 -1024 -88 ) (-2744 -1024 -88 ) (-2744 -1024 -984 ) 
4 97 106 (-2048 -2048 0 ) (-2048 -2048 1696 ) (-2744 -2048 1696 ) (-2744 -2048 0 ) 
4 97 98 (-2744 -1024 0 ) (-2048 -1024 0 ) (-2048 -2048 0 ) (-2744 -2048 0 ) 
4 98 107 (-2048 -2048 -88 ) (-2048 -2048 0 ) (-2744 -2048 0 ) (-2744 -2048 -88 ) 
4 98 99 (-2048 -2048 -88 ) (-2744 -2048 -88 ) (-2744 -1024 -88 ) (-2048 -1024 -88 ) 
4 99 108 (-2048 -2048 -984 ) (-2048 -2048 -88 ) (-2744 -2048 -88 ) (-2744 -2048 -984 ) 
4 100 103 (-1024 -2048 1696 ) (-1024 -2048 0 ) (-1024 -2472 0 ) (-1024 -2472 1696 ) 
4 100 101 (-1024 -2472 0 ) (-1024 -2048 0 ) (0 -2048 0 ) (0 -2472 0 ) 
4 101 104 (-1024 -2048 0 ) (-1024 -2048 -88 ) (-1024 -2472 -88 ) (-1024 -2472 0 ) 
4 101 102 (0 -2472 -88 ) (-1024 -2472 -88 ) (-1024 -2048 -88 ) (0 -2048 -88 ) 
4 102 105 (-1024 -2048 -88 ) (-1024 -2048 -984 ) (-1024 -2472 -984 ) (-1024 -2472 -88 ) 
4 103 106 (-2048 -2048 1696 ) (-2048 -2048 0 ) (-2048 -2472 0 ) (-2048 -2472 1696 ) 
4 103 104 (-2048 -2048 0 ) (-1024 -2048 0 ) (-1024 -2472 0 ) (-2048 -2472 0 ) 
4 104 107 (-2048 -2048 0 ) (-2048 -2048 -88 ) (-2048 -2472 -88 ) (-2048 -2472 0 ) 
4 104 105 (-1024 -2472 -88 ) (-2048 -2472 -88 ) (-2048 -2048 -88 ) (-1024 -2048 -88 ) 
4 105 108 (-2048 -2048 -88 ) (-2048 -2048 -984 ) (-2048 -2472 -984 ) (-2048 -2472 -88 ) 
4 106 107 (-2744 -2472 0 ) (-2744 -2048 0 ) (-2048 -2048 0 ) (-2048 -2472 0 ) 
4 107 108 (-2048 -2472 -88 ) (-2744 -2472 -88 ) (-2744 -2048 -88 ) (-2048 -2048 -88 ) 
