PRT1
20
30
4 0 5 (0 432 272 ) (0 720 272 ) (0 720 256 ) (0 432 256 ) 
4 0 1 (0 432 256 ) (0 720 256 ) (208 720 256 ) (208 432 256 ) 
4 1 6 (0 384 0 ) (0 384 256 ) (0 768 256 ) (0 768 0 ) 
8 1 2 (0 384 180 ) (0 384 0 ) (56 384 0 ) (80 384 12 ) (80 384 96 ) (76 384 132 ) (64 384 160 ) (36 384 176 ) 
4 2 7 (0 128 0 ) (0 128 180 ) (0 384 180 ) (0 384 0 ) 
8 2 4 (0 128 180 ) (0 128 0 ) (56 128 0 ) (80 128 12 ) (80 128 96 ) (76 128 132 ) (64 128 160 ) (36 128 176 ) 
4 3 10 (208 0 272 ) (0 0 272 ) (0 0 256 ) (208 0 256 ) 
4 3 8 (0 0 256 ) (0 0 272 ) (0 80 272 ) (0 80 256 ) 
4 3 4 (208 0 256 ) (0 0 256 ) (0 80 256 ) (208 80 256 ) 
4 4 11 (256 0 0 ) (256 0 256 ) (0 0 256 ) (0 0 0 ) 
4 4 9 (0 0 0 ) (0 0 256 ) (0 128 256 ) (0 128 0 ) 
4 5 6 (0 720 256 ) (0 432 256 ) (-208 432 256 ) (-208 720 256 ) 
8 6 7 (0 384 0 ) (0 384 180 ) (-36 384 176 ) (-64 384 160 ) (-76 384 132 ) (-80 384 96 ) (-80 384 12 ) (-48 384 0 ) 
8 7 9 (0 128 0 ) (0 128 180 ) (-36 128 176 ) (-64 128 160 ) (-76 128 132 ) (-80 128 96 ) (-80 128 12 ) (-48 128 0 ) 
4 8 15 (0 0 256 ) (0 0 272 ) (-208 0 272 ) (-208 0 256 ) 
4 8 9 (0 80 256 ) (0 0 256 ) (-208 0 256 ) (-208 80 256 ) 
4 9 16 (0 0 0 ) (0 0 256 ) (-256 0 256 ) (-256 0 0 ) 
4 10 15 (0 0 272 ) (0 0 256 ) (0 -208 256 ) (0 -208 272 ) 
4 10 11 (0 -208 256 ) (0 0 256 ) (208 0 256 ) (208 -208 256 ) 
4 11 16 (0 0 256 ) (0 0 0 ) (0 -256 0 ) (0 -256 256 ) 
8 11 12 (0 -256 180 ) (0 -256 0 ) (56 -256 0 ) (80 -256 12 ) (80 -256 96 ) (76 -256 132 ) (64 -256 160 ) (36 -256 176 ) 
4 12 17 (0 -512 0 ) (0 -512 180 ) (0 -256 180 ) (0 -256 0 ) 
8 12 14 (80 -512 96 ) (76 -512 132 ) (64 -512 160 ) (36 -512 176 ) (0 -512 180 ) (0 -512 0 ) (56 -512 0 ) (80 -512 12 ) 
4 13 18 (0 -848 272 ) (0 -560 272 ) (0 -560 256 ) (0 -848 256 ) 
4 13 14 (0 -848 256 ) (0 -560 256 ) (208 -560 256 ) (208 -848 256 ) 
4 14 19 (0 -896 256 ) (0 -512 256 ) (0 -512 0 ) (0 -896 0 ) 
4 15 16 (-208 -208 256 ) (-208 0 256 ) (0 0 256 ) (0 -208 256 ) 
8 16 17 (0 -256 0 ) (0 -256 180 ) (-36 -256 176 ) (-64 -256 160 ) (-76 -256 132 ) (-80 -256 96 ) (-80 -256 12 ) (-48 -256 0 ) 
8 17 19 (0 -512 0 ) (0 -512 180 ) (-36 -512 176 ) (-64 -512 160 ) (-76 -512 132 ) (-80 -512 96 ) (-80 -512 12 ) (-48 -512 0 ) 
4 18 19 (-208 -560 256 ) (0 -560 256 ) (0 -848 256 ) (-208 -848 256 ) 
