


materialPath: D:\SteamLibrary\steamapps\common\GarrysMod\garrysmod\materials
Loading c:\users\linventif\documents\github\maps\other\merde.vmf
fixing up env_cubemap materials on brush sides...
0...1...2...3...4...5...6...7...8...9...100...1...2...3...4...5...6...7...8...9...10Processing areas...done (0)
Building Faces...done (0)
FixTjuncs...
PruneNodes...
WriteBSP...
done (0)
writing c:\users\linventif\documents\github\maps\other\merde.prt...Building visibility clusters...
done (0)
Creating default LDR cubemaps for env_cubemap using skybox materials:
   skybox/sky_day01_01*.vmt
 ! Run buildcubemaps in the engine to get the correct cube maps.
*** Error: Skybox vtf files for skybox/sky_day01_01 weren't compiled with the same size texture and/or same flags!
Can't load skybox file skybox/sky_day01_01 to build the default cubemap!
Finding displacement neighbors...
Finding lightmap sample positions...
Displacement Alpha : 0...1...2...3...4...5...6...7...8...9...10
Building Physics collision data...
done (0) (2902 bytes)
Placing detail props : 0...1...2...3...4...5...6...7...8...9...10
Compacting texture/material tables...
Reduced 16 texinfos to 6
Reduced 4 texdatas to 4 (82 bytes to 82)
Writing c:\users\linventif\documents\github\maps\other\merde.bsp
0 seconds elapsed



24 threads
reading c:\users\linventif\documents\github\maps\other\merde.bsp
reading c:\users\linventif\documents\github\maps\other\merde.prt
   4 portalclusters
   4 numportals
0...1...2...3...4...5...6...7...8...9...100...1...2...3...4...5...6...7...8...9...10Optimized: 0 visible clusters (0.00%)
Total clusters visible: 16
Average clusters visible: 4
Building PAS...
Average clusters audible: 4
visdatasize:44  compressed from 64
writing c:\users\linventif\documents\github\maps\other\merde.bsp
0 seconds elapsed



[Reading texlights from 'lights.rad']
[45 texlights parsed from 'lights.rad']

Loading c:\users\linventif\documents\github\maps\other\merde.bsp
PREP OK
53 faces
121656 square feet [17518592.00 square inches]
0 Displacements
0 Square Feet [0.00 Square Inches]
53 patches before subdivision
3115 patches after subdivision
0 direct lights
0...1...2...3...4...5...6...7...8...9...100...1...2...3...4...5...6...7...8...9...10transfers 39352, max 151
transfer lists:   0.3 megs
0...1...2...3...4...5...6...7...8...9...10	Bounce #1 added RGB(0, 0, 0)
Build Patch/Sample Hash Table(s).....Done<0.0008 sec>
0...1...2...3...4...5...6...7...8...9...10FinalLightFace Done
0 of 0 (0% of) surface lights went in leaf ambient cubes.
0...1...2...3...4...5...6...7...8...9...10Writing leaf ambient...done
Ready to Finish

Object names       Objects/Maxobjs  Memory / Maxmem  Fullness 
------------       ---------------  ---------------  -------- 
models                   2/4096           96/196608   ( 0.0%) 
brushes                  7/16384          84/196608   ( 0.0%) 
brushsides              42/163840        336/1310720  ( 0.0%) 
planes                  70/65536        1400/1310720  ( 0.1%) 
vertexes                67/65536         804/786432   ( 0.1%) 
nodes                   29/65536         928/2097152  ( 0.0%) 
texinfos                 6/12288         432/884736   ( 0.0%) 
texdata                  4/2048          128/65536    ( 0.2%) 
dispinfos                0/0               0/0        ( 0.0%) 
disp_verts               0/0               0/0        ( 0.0%) 
disp_tris                0/0               0/0        ( 0.0%) 
disp_lmsamples           0/0               0/0        ( 0.0%) 
faces                   53/65536        2968/3670016  ( 0.1%) 
hdr faces                0/65536           0/3670016  ( 0.0%) 
origfaces               11/65536         616/3670016  ( 0.0%) 
leaves                  32/65536        1024/2097152  ( 0.0%) 
leaffaces               53/65536         106/131072   ( 0.1%) 
leafbrushes             17/65536          34/131072   ( 0.0%) 
areas                    2/1024           16/8192     ( 0.2%) 
surfedges              272/512000       1088/2048000  ( 0.1%) 
edges                  141/256000        564/1024000  ( 0.1%) 
LDR worldlights          0/8192            0/720896   ( 0.0%) 
HDR worldlights          0/8192            0/720896   ( 0.0%) 
leafwaterdata            0/32768           0/393216   ( 0.0%) 
waterstrips              0/32768           0/327680   ( 0.0%) 
waterverts               0/65536           0/786432   ( 0.0%) 
waterindices             0/65536           0/131072   ( 0.0%) 
cubemapsamples           0/1024            0/16384    ( 0.0%) 
overlays                 0/1024            0/360448   ( 0.0%) 
LDR lightdata         [variable]       86744/0        ( 0.0%) 
HDR lightdata         [variable]           0/0        ( 0.0%) 
visdata               [variable]          44/16777216 ( 0.0%) 
entdata               [variable]         789/393216   ( 0.2%) 
LDR ambient table       32/65536         128/262144   ( 0.0%) 
HDR ambient table       32/65536         128/262144   ( 0.0%) 
LDR leaf ambient        10/65536         280/1835008  ( 0.0%) 
HDR leaf ambient        32/65536         896/1835008  ( 0.0%) 
occluders                0/0               0/0        ( 0.0%) 
occluder polygons        0/0               0/0        ( 0.0%) 
occluder vert ind        0/0               0/0        ( 0.0%) 
detail props          [variable]           1/12       ( 8.3%) 
static props          [variable]           1/12       ( 8.3%) 
pakfile               [variable]       24866/0        ( 0.0%) 
physics               [variable]        2902/4194304  ( 0.1%) 
physics terrain       [variable]           2/1048576  ( 0.0%) 

Level flags = 0

Total triangle count: 122
Writing c:\users\linventif\documents\github\maps\other\merde.bsp
0 seconds elapsed



[Reading texlights from 'lights.rad']
[45 texlights parsed from 'lights.rad']

Loading c:\users\linventif\documents\github\maps\other\merde.bsp
PREP OK
53 faces
121656 square feet [17518592.00 square inches]
0 Displacements
0 Square Feet [0.00 Square Inches]
53 patches before subdivision
3115 patches after subdivision
0 direct lights
0...1...2...3...4...5...6...7...8...9...100...1...2...3...4...5...6...7...8...9...10transfers 39352, max 151
transfer lists:   0.3 megs
0...1...2...3...4...5...6...7...8...9...10	Bounce #1 added RGB(0, 0, 0)
Build Patch/Sample Hash Table(s).....Done<0.0009 sec>
0...1...2...3...4...5...6...7...8...9...10FinalLightFace Done
0 of 0 (0% of) surface lights went in leaf ambient cubes.
0...1...2...3...4...5...6...7...8...9...10Writing leaf ambient...done
Ready to Finish

Object names       Objects/Maxobjs  Memory / Maxmem  Fullness 
------------       ---------------  ---------------  -------- 
models                   2/4096           96/196608   ( 0.0%) 
brushes                  7/16384          84/196608   ( 0.0%) 
brushsides              42/163840        336/1310720  ( 0.0%) 
planes                  70/65536        1400/1310720  ( 0.1%) 
vertexes                67/65536         804/786432   ( 0.1%) 
nodes                   29/65536         928/2097152  ( 0.0%) 
texinfos                 6/12288         432/884736   ( 0.0%) 
texdata                  4/2048          128/65536    ( 0.2%) 
dispinfos                0/0               0/0        ( 0.0%) 
disp_verts               0/0               0/0        ( 0.0%) 
disp_tris                0/0               0/0        ( 0.0%) 
disp_lmsamples           0/0               0/0        ( 0.0%) 
faces                   53/65536        2968/3670016  ( 0.1%) 
hdr faces               53/65536        2968/3670016  ( 0.1%) 
origfaces               11/65536         616/3670016  ( 0.0%) 
leaves                  32/65536        1024/2097152  ( 0.0%) 
leaffaces               53/65536         106/131072   ( 0.1%) 
leafbrushes             17/65536          34/131072   ( 0.0%) 
areas                    2/1024           16/8192     ( 0.2%) 
surfedges              272/512000       1088/2048000  ( 0.1%) 
edges                  141/256000        564/1024000  ( 0.1%) 
LDR worldlights          0/8192            0/720896   ( 0.0%) 
HDR worldlights          0/8192            0/720896   ( 0.0%) 
leafwaterdata            0/32768           0/393216   ( 0.0%) 
waterstrips              0/32768           0/327680   ( 0.0%) 
waterverts               0/65536           0/786432   ( 0.0%) 
waterindices             0/65536           0/131072   ( 0.0%) 
cubemapsamples           0/1024            0/16384    ( 0.0%) 
overlays                 0/1024            0/360448   ( 0.0%) 
LDR lightdata         [variable]       86744/0        ( 0.0%) 
HDR lightdata         [variable]       86744/0        ( 0.0%) 
visdata               [variable]          44/16777216 ( 0.0%) 
entdata               [variable]         789/393216   ( 0.2%) 
LDR ambient table       32/65536         128/262144   ( 0.0%) 
HDR ambient table       32/65536         128/262144   ( 0.0%) 
LDR leaf ambient        10/65536         280/1835008  ( 0.0%) 
HDR leaf ambient        10/65536         280/1835008  ( 0.0%) 
occluders                0/0               0/0        ( 0.0%) 
occluder polygons        0/0               0/0        ( 0.0%) 
occluder vert ind        0/0               0/0        ( 0.0%) 
detail props          [variable]           1/12       ( 8.3%) 
static props          [variable]           1/12       ( 8.3%) 
pakfile               [variable]       24866/0        ( 0.0%) 
physics               [variable]        2902/4194304  ( 0.1%) 
physics terrain       [variable]           2/1048576  ( 0.0%) 

Level flags = 0

Total triangle count: 122
Writing c:\users\linventif\documents\github\maps\other\merde.bsp
0 seconds elapsed
