


materialPath: C:\Program Files (x86)\Steam\steamapps\common\GarrysMod\garrysmod\materials
Loading c:\users\linventif\documents\github\linventif-maps\other\sky_camera.vmf
fixing up env_cubemap materials on brush sides...
0...1...2...3...4...5...6...7...8...9...100...1...2...3...4...5...6...7...8...9...10Processing areas...done (0)
Building Faces...done (0)
FixTjuncs...
PruneNodes...
WriteBSP...
done (0)
writing c:\users\linventif\documents\github\linventif-maps\other\sky_camera.prt...Building visibility clusters...
done (0)
Creating default LDR cubemaps for env_cubemap using skybox materials:
   skybox/sky_day01_01*.vmt
 ! Run buildcubemaps in the engine to get the correct cube maps.
Creating default HDR cubemaps for env_cubemap using skybox materials:
   skybox/sky_day01_01*.vmt
 ! Run buildcubemaps in the engine to get the correct cube maps.
Finding displacement neighbors...
Finding lightmap sample positions...
Displacement Alpha : 0...1...2...3...4...5...6...7...8...9...10
Building Physics collision data...
done (0) (4445 bytes)
Placing detail props : 0...1...2...3...4...5...6...7...8...9...10
Compacting texture/material tables...
Reduced 20 texinfos to 3
Reduced 3 texdatas to 3 (62 bytes to 62)
Writing c:\users\linventif\documents\github\linventif-maps\other\sky_camera.bsp
0 seconds elapsed



24 threads
reading c:\users\linventif\documents\github\linventif-maps\other\sky_camera.bsp
reading c:\users\linventif\documents\github\linventif-maps\other\sky_camera.prt
   1 portalclusters
   0 numportals
0...1...2...3...4...5...6...7...8...9...10Optimized: 0 visible clusters (0.00%)
Total clusters visible: 1
Average clusters visible: 1
Building PAS...
Average clusters audible: 1
visdatasize:14  compressed from 16
writing c:\users\linventif\documents\github\linventif-maps\other\sky_camera.bsp
0 seconds elapsed



[Reading texlights from 'lights.rad']
[45 texlights parsed from 'lights.rad']

Loading c:\users\linventif\documents\github\linventif-maps\other\sky_camera.bsp
PREP OK
39 faces
45511 square feet [6553600.00 square inches]
24 Displacements
12040 Square Feet [1733863.88 Square Inches]
39 patches before subdivision
759 patches after subdivision
0 direct lights
0...1...2...3...4...5...6...7...8...9...100...1...2...3...4...5...6...7...8...9...10transfers 8606, max 83
transfer lists:   0.1 megs
0...1...2...3...4...5...6...7...8...9...10	Bounce #1 added RGB(0, 0, 0)
Build Patch/Sample Hash Table(s).....Done<0.0003 sec>
0...1...2...3...4...5...6...7...8...9...10FinalLightFace Done
0 of 0 (0% of) surface lights went in leaf ambient cubes.
0...1...2...3...4...5...6...7...8...9...10Writing leaf ambient...done
Ready to Finish

Object names       Objects/Maxobjs  Memory / Maxmem  Fullness 
------------       ---------------  ---------------  -------- 
models                   1/4096           48/196608   ( 0.0%) 
brushes                 12/16384         144/196608   ( 0.1%) 
brushsides              72/163840        576/1310720  ( 0.0%) 
planes                  80/65536        1600/1310720  ( 0.1%) 
vertexes                55/65536         660/786432   ( 0.1%) 
nodes                   24/65536         768/2097152  ( 0.0%) 
texinfos                 3/12288         216/884736   ( 0.0%) 
texdata                  3/2048           96/65536    ( 0.1%) 
dispinfos               24/0            4224/0        ( 0.0%) 
disp_verts            1944/0           38880/0        ( 0.0%) 
disp_tris             3072/0            6144/0        ( 0.0%) 
disp_lmsamples       31104/0           31104/0        ( 0.0%) 
faces                   39/65536        2184/3670016  ( 0.1%) 
hdr faces                0/65536           0/3670016  ( 0.0%) 
origfaces               30/65536        1680/3670016  ( 0.0%) 
leaves                  26/65536         832/2097152  ( 0.0%) 
leaffaces               16/65536          32/131072   ( 0.0%) 
leafbrushes             21/65536          42/131072   ( 0.0%) 
areas                    2/1024           16/8192     ( 0.2%) 
surfedges              278/512000       1112/2048000  ( 0.1%) 
edges                  164/256000        656/1024000  ( 0.1%) 
LDR worldlights          0/8192            0/720896   ( 0.0%) 
HDR worldlights          0/8192            0/720896   ( 0.0%) 
leafwaterdata            0/32768           0/393216   ( 0.0%) 
waterstrips              1/32768          10/327680   ( 0.0%) 
waterverts               0/65536           0/786432   ( 0.0%) 
waterindices            12/65536          24/131072   ( 0.0%) 
cubemapsamples           0/1024            0/16384    ( 0.0%) 
overlays                 0/1024            0/360448   ( 0.0%) 
LDR lightdata         [variable]       31200/0        ( 0.0%) 
HDR lightdata         [variable]           0/0        ( 0.0%) 
visdata               [variable]          14/16777216 ( 0.0%) 
entdata               [variable]         558/393216   ( 0.1%) 
LDR ambient table       26/65536         104/262144   ( 0.0%) 
HDR ambient table       26/65536         104/262144   ( 0.0%) 
LDR leaf ambient         4/65536         112/1835008  ( 0.0%) 
HDR leaf ambient        26/65536         728/1835008  ( 0.0%) 
occluders                0/0               0/0        ( 0.0%) 
occluder polygons        0/0               0/0        ( 0.0%) 
occluder vert ind        0/0               0/0        ( 0.0%) 
detail props          [variable]           1/12       ( 8.3%) 
static props          [variable]           1/12       ( 8.3%) 
pakfile               [variable]      105671/0        ( 0.0%) 
physics               [variable]        4445/4194304  ( 0.1%) 
physics terrain       [variable]       14840/1048576  ( 1.4%) 

Level flags = 0

Total triangle count: 80
Writing c:\users\linventif\documents\github\linventif-maps\other\sky_camera.bsp
0 seconds elapsed



materialPath: C:\Program Files (x86)\Steam\steamapps\common\GarrysMod\garrysmod\materials
Loading c:\users\linventif\documents\github\linventif-maps\other\sky_camera.vmf
fixing up env_cubemap materials on brush sides...
0...1...2...3...4...5...6...7...8...9...100...1...2...3...4...5...6...7...8...9...10Processing areas...done (0)
Building Faces...done (0)
FixTjuncs...
PruneNodes...
WriteBSP...
done (0)
writing c:\users\linventif\documents\github\linventif-maps\other\sky_camera.prt...Building visibility clusters...
done (0)
Creating default LDR cubemaps for env_cubemap using skybox materials:
   skybox/sky_day01_01*.vmt
 ! Run buildcubemaps in the engine to get the correct cube maps.
Creating default HDR cubemaps for env_cubemap using skybox materials:
   skybox/sky_day01_01*.vmt
 ! Run buildcubemaps in the engine to get the correct cube maps.
Finding displacement neighbors...
Finding lightmap sample positions...
Displacement Alpha : 0...1...2...3...4...5...6...7...8...9...10
Building Physics collision data...
done (0) (4445 bytes)
Placing detail props : 0...1...2...3...4...5...6...7...8...9...10
Compacting texture/material tables...
Reduced 20 texinfos to 3
Reduced 3 texdatas to 3 (62 bytes to 62)
Writing c:\users\linventif\documents\github\linventif-maps\other\sky_camera.bsp
0 seconds elapsed



24 threads
reading c:\users\linventif\documents\github\linventif-maps\other\sky_camera.bsp
reading c:\users\linventif\documents\github\linventif-maps\other\sky_camera.prt
   5 portalclusters
   4 numportals
0...1...2...3...4...5...6...7...8...9...10Optimized: 0 visible clusters (0.00%)
Total clusters visible: 17
Average clusters visible: 3
Building PAS...
Average clusters audible: 3
visdatasize:54  compressed from 80
writing c:\users\linventif\documents\github\linventif-maps\other\sky_camera.bsp
0 seconds elapsed



[Reading texlights from 'lights.rad']
[45 texlights parsed from 'lights.rad']

Loading c:\users\linventif\documents\github\linventif-maps\other\sky_camera.bsp
PREP OK
55 faces
47331 square feet [6815744.00 square inches]
24 Displacements
12040 Square Feet [1733863.88 Square Inches]
55 patches before subdivision
895 patches after subdivision
2 direct lights
0...1...2...3...4...5...6...7...8...9...100...1...2...3...4...5...6...7...8...9...10transfers 9178, max 83
transfer lists:   0.1 megs
0...1...2...3...4...5...6...7...8...9...10	Bounce #1 added RGB(143, 139, 139)
0...1...2...3...4...5...6...7...8...9...10	Bounce #2 added RGB(1, 1, 1)
Build Patch/Sample Hash Table(s).....Done<0.0003 sec>
0...1...2...3...4...5...6...7...8...9...10FinalLightFace Done
0 of 0 (0% of) surface lights went in leaf ambient cubes.
0...1...2...3...4...5...6...7...8...9...10Writing leaf ambient...done
Ready to Finish

Object names       Objects/Maxobjs  Memory / Maxmem  Fullness 
------------       ---------------  ---------------  -------- 
models                   1/4096           48/196608   ( 0.0%) 
brushes                 12/16384         144/196608   ( 0.1%) 
brushsides              72/163840        576/1310720  ( 0.0%) 
planes                  80/65536        1600/1310720  ( 0.1%) 
vertexes                73/65536         876/786432   ( 0.1%) 
nodes                   49/65536        1568/2097152  ( 0.1%) 
texinfos                 3/12288         216/884736   ( 0.0%) 
texdata                  3/2048           96/65536    ( 0.1%) 
dispinfos               24/0            4224/0        ( 0.0%) 
disp_verts            1944/0           38880/0        ( 0.0%) 
disp_tris             3072/0            6144/0        ( 0.0%) 
disp_lmsamples       31104/0           31104/0        ( 0.0%) 
faces                   55/65536        3080/3670016  ( 0.1%) 
hdr faces                0/65536           0/3670016  ( 0.0%) 
origfaces               36/65536        2016/3670016  ( 0.1%) 
leaves                  51/65536        1632/2097152  ( 0.1%) 
leaffaces               32/65536          64/131072   ( 0.0%) 
leafbrushes             32/65536          64/131072   ( 0.0%) 
areas                    3/1024           24/8192     ( 0.3%) 
surfedges              366/512000       1464/2048000  ( 0.1%) 
edges                  208/256000        832/1024000  ( 0.1%) 
LDR worldlights          2/8192          176/720896   ( 0.0%) 
HDR worldlights          0/8192            0/720896   ( 0.0%) 
leafwaterdata            0/32768           0/393216   ( 0.0%) 
waterstrips              1/32768          10/327680   ( 0.0%) 
waterverts               0/65536           0/786432   ( 0.0%) 
waterindices            12/65536          24/131072   ( 0.0%) 
cubemapsamples           0/1024            0/16384    ( 0.0%) 
overlays                 0/1024            0/360448   ( 0.0%) 
LDR lightdata         [variable]       32512/0        ( 0.0%) 
HDR lightdata         [variable]           0/0        ( 0.0%) 
visdata               [variable]          54/16777216 ( 0.0%) 
entdata               [variable]         793/393216   ( 0.2%) 
LDR ambient table       51/65536         204/262144   ( 0.1%) 
HDR ambient table       51/65536         204/262144   ( 0.1%) 
LDR leaf ambient       128/65536        3584/1835008  ( 0.2%) 
HDR leaf ambient        51/65536        1428/1835008  ( 0.1%) 
occluders                0/0               0/0        ( 0.0%) 
occluder polygons        0/0               0/0        ( 0.0%) 
occluder vert ind        0/0               0/0        ( 0.0%) 
detail props          [variable]           1/12       ( 8.3%) 
static props          [variable]           1/12       ( 8.3%) 
pakfile               [variable]      105671/0        ( 0.0%) 
physics               [variable]        4445/4194304  ( 0.1%) 
physics terrain       [variable]       14840/1048576  ( 1.4%) 

Level flags = 0

Total triangle count: 112
Writing c:\users\linventif\documents\github\linventif-maps\other\sky_camera.bsp
0 seconds elapsed



materialPath: C:\Program Files (x86)\Steam\steamapps\common\GarrysMod\garrysmod\materials
Loading c:\users\linventif\documents\github\linventif-maps\other\sky_camera.vmf
fixing up env_cubemap materials on brush sides...
0...1...2...3...4...5...6...7...8...9...100...1...2...3...4...5...6...7...8...9...10Processing areas...done (0)
Building Faces...done (0)
FixTjuncs...
PruneNodes...
WriteBSP...
done (0)
writing c:\users\linventif\documents\github\linventif-maps\other\sky_camera.prt...Building visibility clusters...
done (0)
Creating default LDR cubemaps for env_cubemap using skybox materials:
   skybox/sky_day01_01*.vmt
 ! Run buildcubemaps in the engine to get the correct cube maps.
Creating default HDR cubemaps for env_cubemap using skybox materials:
   skybox/sky_day01_01*.vmt
 ! Run buildcubemaps in the engine to get the correct cube maps.
Finding displacement neighbors...
Finding lightmap sample positions...
Displacement Alpha : 0...1...2...3...4...5...6...7...8...9...10
Building Physics collision data...
done (0) (4445 bytes)
Placing detail props : 0...1...2...3...4...5...6...7...8...9...10
Compacting texture/material tables...
Reduced 20 texinfos to 3
Reduced 3 texdatas to 3 (62 bytes to 62)
Writing c:\users\linventif\documents\github\linventif-maps\other\sky_camera.bsp
0 seconds elapsed



24 threads
reading c:\users\linventif\documents\github\linventif-maps\other\sky_camera.bsp
reading c:\users\linventif\documents\github\linventif-maps\other\sky_camera.prt
   5 portalclusters
   4 numportals
0...1...2...3...4...5...6...7...8...9...10Optimized: 0 visible clusters (0.00%)
Total clusters visible: 17
Average clusters visible: 3
Building PAS...
Average clusters audible: 3
visdatasize:54  compressed from 80
writing c:\users\linventif\documents\github\linventif-maps\other\sky_camera.bsp
0 seconds elapsed



[Reading texlights from 'lights.rad']
[45 texlights parsed from 'lights.rad']

Loading c:\users\linventif\documents\github\linventif-maps\other\sky_camera.bsp
PREP OK
55 faces
47331 square feet [6815744.00 square inches]
24 Displacements
3696 Square Feet [532343.38 Square Inches]
55 patches before subdivision
333 patches after subdivision
2 direct lights
0...1...2...3...4...5...6...7...8...9...100...1...2...3...4...5...6...7...8...9...10transfers 2075, max 48
transfer lists:   0.0 megs
0...1...2...3...4...5...6...7...8...9...10	Bounce #1 added RGB(70, 69, 69)
0...1...2...3...4...5...6...7...8...9...10	Bounce #2 added RGB(1, 1, 1)
Build Patch/Sample Hash Table(s).....Done<0.0001 sec>
0...1...2...3...4...5...6...7...8...9...10FinalLightFace Done
0 of 0 (0% of) surface lights went in leaf ambient cubes.
0...1...2...3...4...5...6...7...8...9...10Writing leaf ambient...done
Ready to Finish

Object names       Objects/Maxobjs  Memory / Maxmem  Fullness 
------------       ---------------  ---------------  -------- 
models                   1/4096           48/196608   ( 0.0%) 
brushes                 12/16384         144/196608   ( 0.1%) 
brushsides              72/163840        576/1310720  ( 0.0%) 
planes                  94/65536        1880/1310720  ( 0.1%) 
vertexes                73/65536         876/786432   ( 0.1%) 
nodes                   49/65536        1568/2097152  ( 0.1%) 
texinfos                 3/12288         216/884736   ( 0.0%) 
texdata                  3/2048           96/65536    ( 0.1%) 
dispinfos               24/0            4224/0        ( 0.0%) 
disp_verts            1944/0           38880/0        ( 0.0%) 
disp_tris             3072/0            6144/0        ( 0.0%) 
disp_lmsamples        9600/0            9600/0        ( 0.0%) 
faces                   55/65536        3080/3670016  ( 0.1%) 
hdr faces                0/65536           0/3670016  ( 0.0%) 
origfaces               36/65536        2016/3670016  ( 0.1%) 
leaves                  51/65536        1632/2097152  ( 0.1%) 
leaffaces               32/65536          64/131072   ( 0.0%) 
leafbrushes             32/65536          64/131072   ( 0.0%) 
areas                    3/1024           24/8192     ( 0.3%) 
surfedges              366/512000       1464/2048000  ( 0.1%) 
edges                  208/256000        832/1024000  ( 0.1%) 
LDR worldlights          2/8192          176/720896   ( 0.0%) 
HDR worldlights          0/8192            0/720896   ( 0.0%) 
leafwaterdata            0/32768           0/393216   ( 0.0%) 
waterstrips              1/32768          10/327680   ( 0.0%) 
waterverts               0/65536           0/786432   ( 0.0%) 
waterindices            12/65536          24/131072   ( 0.0%) 
cubemapsamples           0/1024            0/16384    ( 0.0%) 
overlays                 0/1024            0/360448   ( 0.0%) 
LDR lightdata         [variable]       11008/0        ( 0.0%) 
HDR lightdata         [variable]           0/0        ( 0.0%) 
visdata               [variable]          54/16777216 ( 0.0%) 
entdata               [variable]         793/393216   ( 0.2%) 
LDR ambient table       51/65536         204/262144   ( 0.1%) 
HDR ambient table       51/65536         204/262144   ( 0.1%) 
LDR leaf ambient       127/65536        3556/1835008  ( 0.2%) 
HDR leaf ambient        51/65536        1428/1835008  ( 0.1%) 
occluders                0/0               0/0        ( 0.0%) 
occluder polygons        0/0               0/0        ( 0.0%) 
occluder vert ind        0/0               0/0        ( 0.0%) 
detail props          [variable]           1/12       ( 8.3%) 
static props          [variable]           1/12       ( 8.3%) 
pakfile               [variable]      105671/0        ( 0.0%) 
physics               [variable]        4445/4194304  ( 0.1%) 
physics terrain       [variable]       14854/1048576  ( 1.4%) 

Level flags = 0

Total triangle count: 112
Writing c:\users\linventif\documents\github\linventif-maps\other\sky_camera.bsp
0 seconds elapsed



materialPath: C:\Program Files (x86)\Steam\steamapps\common\GarrysMod\garrysmod\materials
Loading c:\users\linventif\documents\github\linventif-maps\other\sky_camera.vmf
fixing up env_cubemap materials on brush sides...
0...1...2...3...4...5...6...7...8...9...100...1...2...3...4...5...6...7...8...9...10Processing areas...done (0)
Building Faces...done (0)
FixTjuncs...
PruneNodes...
WriteBSP...
done (0)
writing c:\users\linventif\documents\github\linventif-maps\other\sky_camera.prt...Building visibility clusters...
done (0)
Creating default LDR cubemaps for env_cubemap using skybox materials:
   skybox/sky_day01_01*.vmt
 ! Run buildcubemaps in the engine to get the correct cube maps.
Creating default HDR cubemaps for env_cubemap using skybox materials:
   skybox/sky_day01_01*.vmt
 ! Run buildcubemaps in the engine to get the correct cube maps.
Finding displacement neighbors...
Finding lightmap sample positions...
Displacement Alpha : 0...1...2...3...4...5...6...7...8...9...10
Building Physics collision data...
done (0) (4445 bytes)
Placing detail props : 0...1...2...3...4...5...6...7...8...9...10
Compacting texture/material tables...
Reduced 20 texinfos to 3
Reduced 3 texdatas to 3 (62 bytes to 62)
Writing c:\users\linventif\documents\github\linventif-maps\other\sky_camera.bsp
0 seconds elapsed



24 threads
reading c:\users\linventif\documents\github\linventif-maps\other\sky_camera.bsp
reading c:\users\linventif\documents\github\linventif-maps\other\sky_camera.prt
   5 portalclusters
   4 numportals
0...1...2...3...4...5...6...7...8...9...10Optimized: 0 visible clusters (0.00%)
Total clusters visible: 17
Average clusters visible: 3
Building PAS...
Average clusters audible: 3
visdatasize:54  compressed from 80
writing c:\users\linventif\documents\github\linventif-maps\other\sky_camera.bsp
0 seconds elapsed



[Reading texlights from 'lights.rad']
[45 texlights parsed from 'lights.rad']

Loading c:\users\linventif\documents\github\linventif-maps\other\sky_camera.bsp
PREP OK
55 faces
47331 square feet [6815744.00 square inches]
24 Displacements
972 Square Feet [139985.31 Square Inches]
55 patches before subdivision
175 patches after subdivision
2 direct lights
0...1...2...3...4...5...6...7...8...9...100...1...2...3...4...5...6...7...8...9...10transfers 808, max 48
transfer lists:   0.0 megs
0...1...2...3...4...5...6...7...8...9...10	Bounce #1 added RGB(26, 25, 25)
0...1...2...3...4...5...6...7...8...9...10	Bounce #2 added RGB(1, 1, 1)
Build Patch/Sample Hash Table(s).....Done<0.0001 sec>
0...1...2...3...4...5...6...7...8...9...10FinalLightFace Done
0 of 0 (0% of) surface lights went in leaf ambient cubes.
0...1...2...3...4...5...6...7...8...9...10Writing leaf ambient...done
Ready to Finish

Object names       Objects/Maxobjs  Memory / Maxmem  Fullness 
------------       ---------------  ---------------  -------- 
models                   1/4096           48/196608   ( 0.0%) 
brushes                 12/16384         144/196608   ( 0.1%) 
brushsides              72/163840        576/1310720  ( 0.0%) 
planes                  94/65536        1880/1310720  ( 0.1%) 
vertexes                73/65536         876/786432   ( 0.1%) 
nodes                   49/65536        1568/2097152  ( 0.1%) 
texinfos                 3/12288         216/884736   ( 0.0%) 
texdata                  3/2048           96/65536    ( 0.1%) 
dispinfos               24/0            4224/0        ( 0.0%) 
disp_verts            1944/0           38880/0        ( 0.0%) 
disp_tris             3072/0            6144/0        ( 0.0%) 
disp_lmsamples        3456/0            3456/0        ( 0.0%) 
faces                   55/65536        3080/3670016  ( 0.1%) 
hdr faces                0/65536           0/3670016  ( 0.0%) 
origfaces               36/65536        2016/3670016  ( 0.1%) 
leaves                  51/65536        1632/2097152  ( 0.1%) 
leaffaces               32/65536          64/131072   ( 0.0%) 
leafbrushes             32/65536          64/131072   ( 0.0%) 
areas                    3/1024           24/8192     ( 0.3%) 
surfedges              366/512000       1464/2048000  ( 0.1%) 
edges                  208/256000        832/1024000  ( 0.1%) 
LDR worldlights          2/8192          176/720896   ( 0.0%) 
HDR worldlights          0/8192            0/720896   ( 0.0%) 
leafwaterdata            0/32768           0/393216   ( 0.0%) 
waterstrips              1/32768          10/327680   ( 0.0%) 
waterverts               0/65536           0/786432   ( 0.0%) 
waterindices            12/65536          24/131072   ( 0.0%) 
cubemapsamples           0/1024            0/16384    ( 0.0%) 
overlays                 0/1024            0/360448   ( 0.0%) 
LDR lightdata         [variable]        4864/0        ( 0.0%) 
HDR lightdata         [variable]           0/0        ( 0.0%) 
visdata               [variable]          54/16777216 ( 0.0%) 
entdata               [variable]         793/393216   ( 0.2%) 
LDR ambient table       51/65536         204/262144   ( 0.1%) 
HDR ambient table       51/65536         204/262144   ( 0.1%) 
LDR leaf ambient       105/65536        2940/1835008  ( 0.2%) 
HDR leaf ambient        51/65536        1428/1835008  ( 0.1%) 
occluders                0/0               0/0        ( 0.0%) 
occluder polygons        0/0               0/0        ( 0.0%) 
occluder vert ind        0/0               0/0        ( 0.0%) 
detail props          [variable]           1/12       ( 8.3%) 
static props          [variable]           1/12       ( 8.3%) 
pakfile               [variable]      105671/0        ( 0.0%) 
physics               [variable]        4445/4194304  ( 0.1%) 
physics terrain       [variable]       12866/1048576  ( 1.2%) 

Level flags = 0

Total triangle count: 112
Writing c:\users\linventif\documents\github\linventif-maps\other\sky_camera.bsp
0 seconds elapsed



materialPath: C:\Program Files (x86)\Steam\steamapps\common\GarrysMod\garrysmod\materials
Loading c:\users\linventif\documents\github\linventif-maps\other\sky_camera.vmf
fixing up env_cubemap materials on brush sides...
0...1...2...3...4...5...6...7...8...9...100...1...2...3...4...5...6...7...8...9...10Processing areas...done (0)
Building Faces...done (0)
FixTjuncs...
PruneNodes...
WriteBSP...
done (0)
writing c:\users\linventif\documents\github\linventif-maps\other\sky_camera.prt...Building visibility clusters...
done (0)
Creating default LDR cubemaps for env_cubemap using skybox materials:
   skybox/sky_day01_01*.vmt
 ! Run buildcubemaps in the engine to get the correct cube maps.
Creating default HDR cubemaps for env_cubemap using skybox materials:
   skybox/sky_day01_01*.vmt
 ! Run buildcubemaps in the engine to get the correct cube maps.
Finding displacement neighbors...
Finding lightmap sample positions...
Displacement Alpha : 0...1...2...3...4...5...6...7...8...9...10
Building Physics collision data...
WARNING: Map using power 4 displacements, terrain physics cannot be compressed, map will need additional memory and CPU.
done (0) (523019 bytes)
Placing detail props : 0...1...2...3...4...5...6...7...8...9...10
Compacting texture/material tables...
Reduced 20 texinfos to 3
Reduced 3 texdatas to 3 (62 bytes to 62)
Writing c:\users\linventif\documents\github\linventif-maps\other\sky_camera.bsp
0 seconds elapsed



24 threads
reading c:\users\linventif\documents\github\linventif-maps\other\sky_camera.bsp
reading c:\users\linventif\documents\github\linventif-maps\other\sky_camera.prt
   5 portalclusters
   4 numportals
0...1...2...3...4...5...6...7...8...9...10Optimized: 0 visible clusters (0.00%)
Total clusters visible: 17
Average clusters visible: 3
Building PAS...
Average clusters audible: 3
visdatasize:54  compressed from 80
writing c:\users\linventif\documents\github\linventif-maps\other\sky_camera.bsp
0 seconds elapsed



[Reading texlights from 'lights.rad']
[45 texlights parsed from 'lights.rad']

Loading c:\users\linventif\documents\github\linventif-maps\other\sky_camera.bsp
PREP OK
40 faces
47331 square feet [6815744.00 square inches]
9 Displacements
4254 Square Feet [612612.13 Square Inches]
40 patches before subdivision
430 patches after subdivision
2 direct lights
0...1...2...3...4...5...6...7...8...9...100...1...2...3...4...5...6...7...8...9...10transfers 2276, max 48
transfer lists:   0.0 megs
0...1...2...3...4...5...6...7...8...9...10	Bounce #1 added RGB(16, 15, 15)
0...1...2...3...4...5...6...7...8...9...10	Bounce #2 added RGB(0, 0, 0)
Build Patch/Sample Hash Table(s).....Done<0.0001 sec>
0...1...2...3...4...5...6...7...8...9...10FinalLightFace Done
0 of 0 (0% of) surface lights went in leaf ambient cubes.
0...1...2...3...4...5...6...7...8...9...10Writing leaf ambient...done
Ready to Finish

Object names       Objects/Maxobjs  Memory / Maxmem  Fullness 
------------       ---------------  ---------------  -------- 
models                   1/4096           48/196608   ( 0.0%) 
brushes                 12/16384         144/196608   ( 0.1%) 
brushsides              72/163840        576/1310720  ( 0.0%) 
planes                  80/65536        1600/1310720  ( 0.1%) 
vertexes                53/65536         636/786432   ( 0.1%) 
nodes                   49/65536        1568/2097152  ( 0.1%) 
texinfos                 3/12288         216/884736   ( 0.0%) 
texdata                  3/2048           96/65536    ( 0.1%) 
dispinfos                9/0            1584/0        ( 0.0%) 
disp_verts            2601/0           52020/0        ( 0.0%) 
disp_tris             4608/0            9216/0        ( 0.0%) 
disp_lmsamples       13122/0           13122/0        ( 0.0%) 
faces                   40/65536        2240/3670016  ( 0.1%) 
hdr faces                0/65536           0/3670016  ( 0.0%) 
origfaces               21/65536        1176/3670016  ( 0.0%) 
leaves                  51/65536        1632/2097152  ( 0.1%) 
leaffaces               32/65536          64/131072   ( 0.0%) 
leafbrushes             32/65536          64/131072   ( 0.0%) 
areas                    3/1024           24/8192     ( 0.3%) 
surfedges              246/512000        984/2048000  ( 0.0%) 
edges                  136/256000        544/1024000  ( 0.1%) 
LDR worldlights          2/8192          176/720896   ( 0.0%) 
HDR worldlights          0/8192            0/720896   ( 0.0%) 
leafwaterdata            0/32768           0/393216   ( 0.0%) 
waterstrips              1/32768          10/327680   ( 0.0%) 
waterverts               0/65536           0/786432   ( 0.0%) 
waterindices            12/65536          24/131072   ( 0.0%) 
cubemapsamples           0/1024            0/16384    ( 0.0%) 
overlays                 0/1024            0/360448   ( 0.0%) 
LDR lightdata         [variable]       13012/0        ( 0.0%) 
HDR lightdata         [variable]           0/0        ( 0.0%) 
visdata               [variable]          54/16777216 ( 0.0%) 
entdata               [variable]         793/393216   ( 0.2%) 
LDR ambient table       51/65536         204/262144   ( 0.1%) 
HDR ambient table       51/65536         204/262144   ( 0.1%) 
LDR leaf ambient       127/65536        3556/1835008  ( 0.2%) 
HDR leaf ambient        51/65536        1428/1835008  ( 0.1%) 
occluders                0/0               0/0        ( 0.0%) 
occluder polygons        0/0               0/0        ( 0.0%) 
occluder vert ind        0/0               0/0        ( 0.0%) 
detail props          [variable]           1/12       ( 8.3%) 
static props          [variable]           1/12       ( 8.3%) 
pakfile               [variable]      105671/0        ( 0.0%) 
physics               [variable]      523019/4194304  (12.5%) 
physics terrain       [variable]           0/1048576  ( 0.0%) 

Level flags = 0

Total triangle count: 82
Writing c:\users\linventif\documents\github\linventif-maps\other\sky_camera.bsp
0 seconds elapsed



materialPath: C:\Program Files (x86)\Steam\steamapps\common\GarrysMod\garrysmod\materials
Loading c:\users\linventif\documents\github\linventif-maps\other\sky_camera.vmf
fixing up env_cubemap materials on brush sides...
0...1...2...3...4...5...6...7...8...9...100...1...2...3...4...5...6...7...8...9...10Processing areas...done (0)
Building Faces...done (0)
FixTjuncs...
PruneNodes...
WriteBSP...
done (0)
writing c:\users\linventif\documents\github\linventif-maps\other\sky_camera.prt...Building visibility clusters...
done (0)
Creating default LDR cubemaps for env_cubemap using skybox materials:
   skybox/sky_day01_01*.vmt
 ! Run buildcubemaps in the engine to get the correct cube maps.
Creating default HDR cubemaps for env_cubemap using skybox materials:
   skybox/sky_day01_01*.vmt
 ! Run buildcubemaps in the engine to get the correct cube maps.
Finding displacement neighbors...
Finding lightmap sample positions...
Displacement Alpha : 0...1...2...3...4...5...6...7...8...9...10
Building Physics collision data...
WARNING: Map using power 4 displacements, terrain physics cannot be compressed, map will need additional memory and CPU.
done (0) (523019 bytes)
Placing detail props : 0...1...2...3...4...5...6...7...8...9...10
Compacting texture/material tables...
Reduced 20 texinfos to 3
Reduced 3 texdatas to 3 (62 bytes to 62)
Writing c:\users\linventif\documents\github\linventif-maps\other\sky_camera.bsp
0 seconds elapsed



24 threads
reading c:\users\linventif\documents\github\linventif-maps\other\sky_camera.bsp
reading c:\users\linventif\documents\github\linventif-maps\other\sky_camera.prt
   5 portalclusters
   4 numportals
0...1...2...3...4...5...6...7...8...9...10Optimized: 0 visible clusters (0.00%)
Total clusters visible: 17
Average clusters visible: 3
Building PAS...
Average clusters audible: 3
visdatasize:54  compressed from 80
writing c:\users\linventif\documents\github\linventif-maps\other\sky_camera.bsp
0 seconds elapsed



[Reading texlights from 'lights.rad']
[45 texlights parsed from 'lights.rad']

Loading c:\users\linventif\documents\github\linventif-maps\other\sky_camera.bsp
PREP OK
40 faces
47331 square feet [6815744.00 square inches]
9 Displacements
4222 Square Feet [608092.06 Square Inches]
40 patches before subdivision
430 patches after subdivision
2 direct lights
0...1...2...3...4...5...6...7...8...9...100...1...2...3...4...5...6...7...8...9...10transfers 3069, max 48
transfer lists:   0.0 megs
0...1...2...3...4...5...6...7...8...9...10	Bounce #1 added RGB(14, 14, 14)
0...1...2...3...4...5...6...7...8...9...10	Bounce #2 added RGB(0, 0, 0)
Build Patch/Sample Hash Table(s).....Done<0.0001 sec>
0...1...2...3...4...5...6...7...8...9...10FinalLightFace Done
0 of 0 (0% of) surface lights went in leaf ambient cubes.
0...1...2...3...4...5...6...7...8...9...10Writing leaf ambient...done
Ready to Finish

Object names       Objects/Maxobjs  Memory / Maxmem  Fullness 
------------       ---------------  ---------------  -------- 
models                   1/4096           48/196608   ( 0.0%) 
brushes                 12/16384         144/196608   ( 0.1%) 
brushsides              72/163840        576/1310720  ( 0.0%) 
planes                  80/65536        1600/1310720  ( 0.1%) 
vertexes                53/65536         636/786432   ( 0.1%) 
nodes                   49/65536        1568/2097152  ( 0.1%) 
texinfos                 3/12288         216/884736   ( 0.0%) 
texdata                  3/2048           96/65536    ( 0.1%) 
dispinfos                9/0            1584/0        ( 0.0%) 
disp_verts            2601/0           52020/0        ( 0.0%) 
disp_tris             4608/0            9216/0        ( 0.0%) 
disp_lmsamples       13122/0           13122/0        ( 0.0%) 
faces                   40/65536        2240/3670016  ( 0.1%) 
hdr faces                0/65536           0/3670016  ( 0.0%) 
origfaces               21/65536        1176/3670016  ( 0.0%) 
leaves                  51/65536        1632/2097152  ( 0.1%) 
leaffaces               32/65536          64/131072   ( 0.0%) 
leafbrushes             32/65536          64/131072   ( 0.0%) 
areas                    3/1024           24/8192     ( 0.3%) 
surfedges              246/512000        984/2048000  ( 0.0%) 
edges                  136/256000        544/1024000  ( 0.1%) 
LDR worldlights          2/8192          176/720896   ( 0.0%) 
HDR worldlights          0/8192            0/720896   ( 0.0%) 
leafwaterdata            0/32768           0/393216   ( 0.0%) 
waterstrips              1/32768          10/327680   ( 0.0%) 
waterverts               0/65536           0/786432   ( 0.0%) 
waterindices            12/65536          24/131072   ( 0.0%) 
cubemapsamples           0/1024            0/16384    ( 0.0%) 
overlays                 0/1024            0/360448   ( 0.0%) 
LDR lightdata         [variable]       13012/0        ( 0.0%) 
HDR lightdata         [variable]           0/0        ( 0.0%) 
visdata               [variable]          54/16777216 ( 0.0%) 
entdata               [variable]         793/393216   ( 0.2%) 
LDR ambient table       51/65536         204/262144   ( 0.1%) 
HDR ambient table       51/65536         204/262144   ( 0.1%) 
LDR leaf ambient       126/65536        3528/1835008  ( 0.2%) 
HDR leaf ambient        51/65536        1428/1835008  ( 0.1%) 
occluders                0/0               0/0        ( 0.0%) 
occluder polygons        0/0               0/0        ( 0.0%) 
occluder vert ind        0/0               0/0        ( 0.0%) 
detail props          [variable]           1/12       ( 8.3%) 
static props          [variable]           1/12       ( 8.3%) 
pakfile               [variable]      105671/0        ( 0.0%) 
physics               [variable]      523019/4194304  (12.5%) 
physics terrain       [variable]           0/1048576  ( 0.0%) 

Level flags = 0

Total triangle count: 82
Writing c:\users\linventif\documents\github\linventif-maps\other\sky_camera.bsp
0 seconds elapsed



materialPath: C:\Program Files (x86)\Steam\steamapps\common\GarrysMod\garrysmod\materials
Loading c:\users\linventif\documents\github\linventif-maps\other\sky_camera.vmf
fixing up env_cubemap materials on brush sides...
0...1...2...3...4...5...6...7...8...9...100...1...2...3...4...5...6...7...8...9...10Processing areas...done (0)
Building Faces...done (0)
FixTjuncs...
PruneNodes...
WriteBSP...
done (0)
writing c:\users\linventif\documents\github\linventif-maps\other\sky_camera.prt...Building visibility clusters...
done (0)
Creating default LDR cubemaps for env_cubemap using skybox materials:
   skybox/sky_day01_01*.vmt
 ! Run buildcubemaps in the engine to get the correct cube maps.
Creating default HDR cubemaps for env_cubemap using skybox materials:
   skybox/sky_day01_01*.vmt
 ! Run buildcubemaps in the engine to get the correct cube maps.
Finding displacement neighbors...
Finding lightmap sample positions...
Displacement Alpha : 0...1...2...3...4...5...6...7...8...9...10
Building Physics collision data...
WARNING: Map using power 4 displacements, terrain physics cannot be compressed, map will need additional memory and CPU.
done (0) (523019 bytes)
Placing detail props : 0...1...2...3...4...5...6...7...8...9...10
Compacting texture/material tables...
Reduced 21 texinfos to 4
Reduced 3 texdatas to 3 (62 bytes to 62)
Writing c:\users\linventif\documents\github\linventif-maps\other\sky_camera.bsp
0 seconds elapsed



24 threads
reading c:\users\linventif\documents\github\linventif-maps\other\sky_camera.bsp
reading c:\users\linventif\documents\github\linventif-maps\other\sky_camera.prt
   5 portalclusters
   4 numportals
0...1...2...3...4...5...6...7...8...9...10Optimized: 0 visible clusters (0.00%)
Total clusters visible: 17
Average clusters visible: 3
Building PAS...
Average clusters audible: 3
visdatasize:54  compressed from 80
writing c:\users\linventif\documents\github\linventif-maps\other\sky_camera.bsp
0 seconds elapsed



[Reading texlights from 'lights.rad']
[45 texlights parsed from 'lights.rad']

Loading c:\users\linventif\documents\github\linventif-maps\other\sky_camera.bsp
PREP OK
40 faces
47331 square feet [6815744.00 square inches]
9 Displacements
4222 Square Feet [608092.06 Square Inches]
40 patches before subdivision
430 patches after subdivision
2 direct lights
0...1...2...3...4...5...6...7...8...9...100...1...2...3...4...5...6...7...8...9...10transfers 3069, max 48
transfer lists:   0.0 megs
0...1...2...3...4...5...6...7...8...9...10	Bounce #1 added RGB(14, 14, 14)
0...1...2...3...4...5...6...7...8...9...10	Bounce #2 added RGB(0, 0, 0)
Build Patch/Sample Hash Table(s).....Done<0.0001 sec>
0...1...2...3...4...5...6...7...8...9...10FinalLightFace Done
0 of 0 (0% of) surface lights went in leaf ambient cubes.
0...1...2...3...4...5...6...7...8...9...10Writing leaf ambient...done
Ready to Finish

Object names       Objects/Maxobjs  Memory / Maxmem  Fullness 
------------       ---------------  ---------------  -------- 
models                   1/4096           48/196608   ( 0.0%) 
brushes                 12/16384         144/196608   ( 0.1%) 
brushsides              72/163840        576/1310720  ( 0.0%) 
planes                  80/65536        1600/1310720  ( 0.1%) 
vertexes                53/65536         636/786432   ( 0.1%) 
nodes                   49/65536        1568/2097152  ( 0.1%) 
texinfos                 4/12288         288/884736   ( 0.0%) 
texdata                  3/2048           96/65536    ( 0.1%) 
dispinfos                9/0            1584/0        ( 0.0%) 
disp_verts            2601/0           52020/0        ( 0.0%) 
disp_tris             4608/0            9216/0        ( 0.0%) 
disp_lmsamples       13122/0           13122/0        ( 0.0%) 
faces                   40/65536        2240/3670016  ( 0.1%) 
hdr faces                0/65536           0/3670016  ( 0.0%) 
origfaces               21/65536        1176/3670016  ( 0.0%) 
leaves                  51/65536        1632/2097152  ( 0.1%) 
leaffaces               32/65536          64/131072   ( 0.0%) 
leafbrushes             32/65536          64/131072   ( 0.0%) 
areas                    3/1024           24/8192     ( 0.3%) 
surfedges              246/512000        984/2048000  ( 0.0%) 
edges                  136/256000        544/1024000  ( 0.1%) 
LDR worldlights          2/8192          176/720896   ( 0.0%) 
HDR worldlights          0/8192            0/720896   ( 0.0%) 
leafwaterdata            0/32768           0/393216   ( 0.0%) 
waterstrips              1/32768          10/327680   ( 0.0%) 
waterverts               0/65536           0/786432   ( 0.0%) 
waterindices            12/65536          24/131072   ( 0.0%) 
cubemapsamples           0/1024            0/16384    ( 0.0%) 
overlays                 0/1024            0/360448   ( 0.0%) 
LDR lightdata         [variable]       13012/0        ( 0.0%) 
HDR lightdata         [variable]           0/0        ( 0.0%) 
visdata               [variable]          54/16777216 ( 0.0%) 
entdata               [variable]         793/393216   ( 0.2%) 
LDR ambient table       51/65536         204/262144   ( 0.1%) 
HDR ambient table       51/65536         204/262144   ( 0.1%) 
LDR leaf ambient       126/65536        3528/1835008  ( 0.2%) 
HDR leaf ambient        51/65536        1428/1835008  ( 0.1%) 
occluders                0/0               0/0        ( 0.0%) 
occluder polygons        0/0               0/0        ( 0.0%) 
occluder vert ind        0/0               0/0        ( 0.0%) 
detail props          [variable]           1/12       ( 8.3%) 
static props          [variable]           1/12       ( 8.3%) 
pakfile               [variable]      105671/0        ( 0.0%) 
physics               [variable]      523019/4194304  (12.5%) 
physics terrain       [variable]           0/1048576  ( 0.0%) 

Level flags = 0

Total triangle count: 82
Writing c:\users\linventif\documents\github\linventif-maps\other\sky_camera.bsp
0 seconds elapsed



materialPath: C:\Program Files (x86)\Steam\steamapps\common\GarrysMod\garrysmod\materials
Loading c:\users\linventif\documents\github\linventif-maps\other\sky_camera.vmf
fixing up env_cubemap materials on brush sides...
0...1...2...3...4...5...6...7...8...9...100...1...2...3...4...5...6...7...8...9...10Processing areas...done (0)
Building Faces...done (0)
FixTjuncs...
PruneNodes...
WriteBSP...
done (0)
writing c:\users\linventif\documents\github\linventif-maps\other\sky_camera.prt...Building visibility clusters...
done (0)
Creating default LDR cubemaps for env_cubemap using skybox materials:
   skybox/sky_day01_01*.vmt
 ! Run buildcubemaps in the engine to get the correct cube maps.
Creating default HDR cubemaps for env_cubemap using skybox materials:
   skybox/sky_day01_01*.vmt
 ! Run buildcubemaps in the engine to get the correct cube maps.
Finding displacement neighbors...
Finding lightmap sample positions...
Displacement Alpha : 0...1...2...3...4...5...6...7...8...9...10
Building Physics collision data...
WARNING: Map using power 4 displacements, terrain physics cannot be compressed, map will need additional memory and CPU.
done (0) (523019 bytes)
Placing detail props : 0...1...2...3...4...5...6...7...8...9...10
Compacting texture/material tables...
Reduced 21 texinfos to 4
Reduced 3 texdatas to 3 (62 bytes to 62)
Writing c:\users\linventif\documents\github\linventif-maps\other\sky_camera.bsp
0 seconds elapsed



24 threads
reading c:\users\linventif\documents\github\linventif-maps\other\sky_camera.bsp
reading c:\users\linventif\documents\github\linventif-maps\other\sky_camera.prt
   5 portalclusters
   4 numportals
0...1...2...3...4...5...6...7...8...9...10Optimized: 0 visible clusters (0.00%)
Total clusters visible: 17
Average clusters visible: 3
Building PAS...
Average clusters audible: 3
visdatasize:54  compressed from 80
writing c:\users\linventif\documents\github\linventif-maps\other\sky_camera.bsp
0 seconds elapsed



[Reading texlights from 'lights.rad']
[45 texlights parsed from 'lights.rad']

Loading c:\users\linventif\documents\github\linventif-maps\other\sky_camera.bsp
PREP OK
40 faces
47331 square feet [6815744.00 square inches]
9 Displacements
4222 Square Feet [608092.06 Square Inches]
40 patches before subdivision
430 patches after subdivision
2 direct lights
0...1...2...3...4...5...6...7...8...9...100...1...2...3...4...5...6...7...8...9...10transfers 3069, max 48
transfer lists:   0.0 megs
0...1...2...3...4...5...6...7...8...9...10	Bounce #1 added RGB(14, 14, 14)
0...1...2...3...4...5...6...7...8...9...10	Bounce #2 added RGB(0, 0, 0)
Build Patch/Sample Hash Table(s).....Done<0.0001 sec>
0...1...2...3...4...5...6...7...8...9...10FinalLightFace Done
0 of 0 (0% of) surface lights went in leaf ambient cubes.
0...1...2...3...4...5...6...7...8...9...10Writing leaf ambient...done
Ready to Finish

Object names       Objects/Maxobjs  Memory / Maxmem  Fullness 
------------       ---------------  ---------------  -------- 
models                   1/4096           48/196608   ( 0.0%) 
brushes                 12/16384         144/196608   ( 0.1%) 
brushsides              72/163840        576/1310720  ( 0.0%) 
planes                  80/65536        1600/1310720  ( 0.1%) 
vertexes                53/65536         636/786432   ( 0.1%) 
nodes                   49/65536        1568/2097152  ( 0.1%) 
texinfos                 4/12288         288/884736   ( 0.0%) 
texdata                  3/2048           96/65536    ( 0.1%) 
dispinfos                9/0            1584/0        ( 0.0%) 
disp_verts            2601/0           52020/0        ( 0.0%) 
disp_tris             4608/0            9216/0        ( 0.0%) 
disp_lmsamples       13122/0           13122/0        ( 0.0%) 
faces                   40/65536        2240/3670016  ( 0.1%) 
hdr faces                0/65536           0/3670016  ( 0.0%) 
origfaces               21/65536        1176/3670016  ( 0.0%) 
leaves                  51/65536        1632/2097152  ( 0.1%) 
leaffaces               32/65536          64/131072   ( 0.0%) 
leafbrushes             32/65536          64/131072   ( 0.0%) 
areas                    3/1024           24/8192     ( 0.3%) 
surfedges              246/512000        984/2048000  ( 0.0%) 
edges                  136/256000        544/1024000  ( 0.1%) 
LDR worldlights          2/8192          176/720896   ( 0.0%) 
HDR worldlights          0/8192            0/720896   ( 0.0%) 
leafwaterdata            0/32768           0/393216   ( 0.0%) 
waterstrips              1/32768          10/327680   ( 0.0%) 
waterverts               0/65536           0/786432   ( 0.0%) 
waterindices            12/65536          24/131072   ( 0.0%) 
cubemapsamples           0/1024            0/16384    ( 0.0%) 
overlays                 0/1024            0/360448   ( 0.0%) 
LDR lightdata         [variable]       13012/0        ( 0.0%) 
HDR lightdata         [variable]           0/0        ( 0.0%) 
visdata               [variable]          54/16777216 ( 0.0%) 
entdata               [variable]         793/393216   ( 0.2%) 
LDR ambient table       51/65536         204/262144   ( 0.1%) 
HDR ambient table       51/65536         204/262144   ( 0.1%) 
LDR leaf ambient       126/65536        3528/1835008  ( 0.2%) 
HDR leaf ambient        51/65536        1428/1835008  ( 0.1%) 
occluders                0/0               0/0        ( 0.0%) 
occluder polygons        0/0               0/0        ( 0.0%) 
occluder vert ind        0/0               0/0        ( 0.0%) 
detail props          [variable]           1/12       ( 8.3%) 
static props          [variable]           1/12       ( 8.3%) 
pakfile               [variable]      105671/0        ( 0.0%) 
physics               [variable]      523019/4194304  (12.5%) 
physics terrain       [variable]           0/1048576  ( 0.0%) 

Level flags = 0

Total triangle count: 82
Writing c:\users\linventif\documents\github\linventif-maps\other\sky_camera.bsp
0 seconds elapsed



materialPath: C:\Program Files (x86)\Steam\steamapps\common\GarrysMod\garrysmod\materials
Loading c:\users\linventif\documents\github\linventif-maps\other\sky_camera.vmf
fixing up env_cubemap materials on brush sides...
0...1...2...3...4...5...6...7...8...9...100...1...2...3...4...5...6...7...8...9...10Processing areas...done (0)
Building Faces...done (0)
FixTjuncs...
PruneNodes...
WriteBSP...
done (0)
writing c:\users\linventif\documents\github\linventif-maps\other\sky_camera.prt...Building visibility clusters...
done (0)
Creating default LDR cubemaps for env_cubemap using skybox materials:
   skybox/sky_day01_01*.vmt
 ! Run buildcubemaps in the engine to get the correct cube maps.
Creating default HDR cubemaps for env_cubemap using skybox materials:
   skybox/sky_day01_01*.vmt
 ! Run buildcubemaps in the engine to get the correct cube maps.
Finding displacement neighbors...
Finding lightmap sample positions...
Displacement Alpha : 0...1...2...3...4...5...6...7...8...9...10
Building Physics collision data...
WARNING: Map using power 4 displacements, terrain physics cannot be compressed, map will need additional memory and CPU.
done (0) (523019 bytes)
Placing detail props : 0...1...2...3...4...5...6...7...8...9...10
Compacting texture/material tables...
Reduced 21 texinfos to 4
Reduced 3 texdatas to 3 (62 bytes to 62)
Writing c:\users\linventif\documents\github\linventif-maps\other\sky_camera.bsp
0 seconds elapsed



24 threads
reading c:\users\linventif\documents\github\linventif-maps\other\sky_camera.bsp
reading c:\users\linventif\documents\github\linventif-maps\other\sky_camera.prt
   5 portalclusters
   4 numportals
0...1...2...3...4...5...6...7...8...9...10Optimized: 0 visible clusters (0.00%)
Total clusters visible: 17
Average clusters visible: 3
Building PAS...
Average clusters audible: 3
visdatasize:54  compressed from 80
writing c:\users\linventif\documents\github\linventif-maps\other\sky_camera.bsp
0 seconds elapsed



[Reading texlights from 'lights.rad']
[45 texlights parsed from 'lights.rad']

Loading c:\users\linventif\documents\github\linventif-maps\other\sky_camera.bsp
PREP OK
40 faces
47331 square feet [6815744.00 square inches]
9 Displacements
4222 Square Feet [608092.06 Square Inches]
40 patches before subdivision
430 patches after subdivision
2 direct lights
0...1...2...3...4...5...6...7...8...9...100...1...2...3...4...5...6...7...8...9...10transfers 3069, max 48
transfer lists:   0.0 megs
0...1...2...3...4...5...6...7...8...9...10	Bounce #1 added RGB(14, 14, 14)
0...1...2...3...4...5...6...7...8...9...10	Bounce #2 added RGB(0, 0, 0)
Build Patch/Sample Hash Table(s).....Done<0.0001 sec>
0...1...2...3...4...5...6...7...8...9...10FinalLightFace Done
0 of 0 (0% of) surface lights went in leaf ambient cubes.
0...1...2...3...4...5...6...7...8...9...10Writing leaf ambient...done
Ready to Finish

Object names       Objects/Maxobjs  Memory / Maxmem  Fullness 
------------       ---------------  ---------------  -------- 
models                   1/4096           48/196608   ( 0.0%) 
brushes                 12/16384         144/196608   ( 0.1%) 
brushsides              72/163840        576/1310720  ( 0.0%) 
planes                  80/65536        1600/1310720  ( 0.1%) 
vertexes                53/65536         636/786432   ( 0.1%) 
nodes                   49/65536        1568/2097152  ( 0.1%) 
texinfos                 4/12288         288/884736   ( 0.0%) 
texdata                  3/2048           96/65536    ( 0.1%) 
dispinfos                9/0            1584/0        ( 0.0%) 
disp_verts            2601/0           52020/0        ( 0.0%) 
disp_tris             4608/0            9216/0        ( 0.0%) 
disp_lmsamples       13122/0           13122/0        ( 0.0%) 
faces                   40/65536        2240/3670016  ( 0.1%) 
hdr faces                0/65536           0/3670016  ( 0.0%) 
origfaces               21/65536        1176/3670016  ( 0.0%) 
leaves                  51/65536        1632/2097152  ( 0.1%) 
leaffaces               32/65536          64/131072   ( 0.0%) 
leafbrushes             32/65536          64/131072   ( 0.0%) 
areas                    3/1024           24/8192     ( 0.3%) 
surfedges              246/512000        984/2048000  ( 0.0%) 
edges                  136/256000        544/1024000  ( 0.1%) 
LDR worldlights          2/8192          176/720896   ( 0.0%) 
HDR worldlights          0/8192            0/720896   ( 0.0%) 
leafwaterdata            0/32768           0/393216   ( 0.0%) 
waterstrips              1/32768          10/327680   ( 0.0%) 
waterverts               0/65536           0/786432   ( 0.0%) 
waterindices            12/65536          24/131072   ( 0.0%) 
cubemapsamples           0/1024            0/16384    ( 0.0%) 
overlays                 0/1024            0/360448   ( 0.0%) 
LDR lightdata         [variable]       13012/0        ( 0.0%) 
HDR lightdata         [variable]           0/0        ( 0.0%) 
visdata               [variable]          54/16777216 ( 0.0%) 
entdata               [variable]         793/393216   ( 0.2%) 
LDR ambient table       51/65536         204/262144   ( 0.1%) 
HDR ambient table       51/65536         204/262144   ( 0.1%) 
LDR leaf ambient       126/65536        3528/1835008  ( 0.2%) 
HDR leaf ambient        51/65536        1428/1835008  ( 0.1%) 
occluders                0/0               0/0        ( 0.0%) 
occluder polygons        0/0               0/0        ( 0.0%) 
occluder vert ind        0/0               0/0        ( 0.0%) 
detail props          [variable]           1/12       ( 8.3%) 
static props          [variable]           1/12       ( 8.3%) 
pakfile               [variable]      105671/0        ( 0.0%) 
physics               [variable]      523019/4194304  (12.5%) 
physics terrain       [variable]           0/1048576  ( 0.0%) 

Level flags = 0

Total triangle count: 82
Writing c:\users\linventif\documents\github\linventif-maps\other\sky_camera.bsp
0 seconds elapsed



materialPath: C:\Program Files (x86)\Steam\steamapps\common\GarrysMod\garrysmod\materials
Loading c:\users\linventif\documents\github\linventif-maps\other\sky_camera.vmf
fixing up env_cubemap materials on brush sides...
0...1...2...3...4...5...6...7...8...9...100...1...2...3...4...5...6...7...8...9...10Processing areas...done (0)
Building Faces...done (0)
FixTjuncs...
PruneNodes...
WriteBSP...
done (0)
writing c:\users\linventif\documents\github\linventif-maps\other\sky_camera.prt...Building visibility clusters...
done (0)
Creating default LDR cubemaps for env_cubemap using skybox materials:
   skybox/sky_day01_01*.vmt
 ! Run buildcubemaps in the engine to get the correct cube maps.
Creating default HDR cubemaps for env_cubemap using skybox materials:
   skybox/sky_day01_01*.vmt
 ! Run buildcubemaps in the engine to get the correct cube maps.
Finding displacement neighbors...
Finding lightmap sample positions...
Displacement Alpha : 0...1...2...3...4...5...6...7...8...9...10
Building Physics collision data...
WARNING: Map using power 4 displacements, terrain physics cannot be compressed, map will need additional memory and CPU.
done (0) (523019 bytes)
Placing detail props : 0...1...2...3...4...5...6...7...8...9...10
Compacting texture/material tables...
Reduced 21 texinfos to 4
Reduced 3 texdatas to 3 (62 bytes to 62)
Writing c:\users\linventif\documents\github\linventif-maps\other\sky_camera.bsp
0 seconds elapsed



24 threads
reading c:\users\linventif\documents\github\linventif-maps\other\sky_camera.bsp
reading c:\users\linventif\documents\github\linventif-maps\other\sky_camera.prt
   5 portalclusters
   4 numportals
0...1...2...3...4...5...6...7...8...9...10Optimized: 0 visible clusters (0.00%)
Total clusters visible: 17
Average clusters visible: 3
Building PAS...
Average clusters audible: 3
visdatasize:54  compressed from 80
writing c:\users\linventif\documents\github\linventif-maps\other\sky_camera.bsp
0 seconds elapsed



[Reading texlights from 'lights.rad']
[45 texlights parsed from 'lights.rad']

Loading c:\users\linventif\documents\github\linventif-maps\other\sky_camera.bsp
PREP OK
40 faces
47331 square feet [6815744.00 square inches]
9 Displacements
4222 Square Feet [608092.06 Square Inches]
40 patches before subdivision
430 patches after subdivision
2 direct lights
0...1...2...3...4...5...6...7...8...9...100...1...2...3...4...5...6...7...8...9...10transfers 3069, max 48
transfer lists:   0.0 megs
0...1...2...3...4...5...6...7...8...9...10	Bounce #1 added RGB(14, 14, 14)
0...1...2...3...4...5...6...7...8...9...10	Bounce #2 added RGB(0, 0, 0)
Build Patch/Sample Hash Table(s).....Done<0.0001 sec>
0...1...2...3...4...5...6...7...8...9...10FinalLightFace Done
0 of 0 (0% of) surface lights went in leaf ambient cubes.
0...1...2...3...4...5...6...7...8...9...10Writing leaf ambient...done
Ready to Finish

Object names       Objects/Maxobjs  Memory / Maxmem  Fullness 
------------       ---------------  ---------------  -------- 
models                   1/4096           48/196608   ( 0.0%) 
brushes                 12/16384         144/196608   ( 0.1%) 
brushsides              72/163840        576/1310720  ( 0.0%) 
planes                  80/65536        1600/1310720  ( 0.1%) 
vertexes                53/65536         636/786432   ( 0.1%) 
nodes                   49/65536        1568/2097152  ( 0.1%) 
texinfos                 4/12288         288/884736   ( 0.0%) 
texdata                  3/2048           96/65536    ( 0.1%) 
dispinfos                9/0            1584/0        ( 0.0%) 
disp_verts            2601/0           52020/0        ( 0.0%) 
disp_tris             4608/0            9216/0        ( 0.0%) 
disp_lmsamples       13122/0           13122/0        ( 0.0%) 
faces                   40/65536        2240/3670016  ( 0.1%) 
hdr faces                0/65536           0/3670016  ( 0.0%) 
origfaces               21/65536        1176/3670016  ( 0.0%) 
leaves                  51/65536        1632/2097152  ( 0.1%) 
leaffaces               32/65536          64/131072   ( 0.0%) 
leafbrushes             32/65536          64/131072   ( 0.0%) 
areas                    3/1024           24/8192     ( 0.3%) 
surfedges              246/512000        984/2048000  ( 0.0%) 
edges                  136/256000        544/1024000  ( 0.1%) 
LDR worldlights          2/8192          176/720896   ( 0.0%) 
HDR worldlights          0/8192            0/720896   ( 0.0%) 
leafwaterdata            0/32768           0/393216   ( 0.0%) 
waterstrips              1/32768          10/327680   ( 0.0%) 
waterverts               0/65536           0/786432   ( 0.0%) 
waterindices            12/65536          24/131072   ( 0.0%) 
cubemapsamples           0/1024            0/16384    ( 0.0%) 
overlays                 0/1024            0/360448   ( 0.0%) 
LDR lightdata         [variable]       13012/0        ( 0.0%) 
HDR lightdata         [variable]           0/0        ( 0.0%) 
visdata               [variable]          54/16777216 ( 0.0%) 
entdata               [variable]         793/393216   ( 0.2%) 
LDR ambient table       51/65536         204/262144   ( 0.1%) 
HDR ambient table       51/65536         204/262144   ( 0.1%) 
LDR leaf ambient       126/65536        3528/1835008  ( 0.2%) 
HDR leaf ambient        51/65536        1428/1835008  ( 0.1%) 
occluders                0/0               0/0        ( 0.0%) 
occluder polygons        0/0               0/0        ( 0.0%) 
occluder vert ind        0/0               0/0        ( 0.0%) 
detail props          [variable]           1/12       ( 8.3%) 
static props          [variable]           1/12       ( 8.3%) 
pakfile               [variable]      105671/0        ( 0.0%) 
physics               [variable]      523019/4194304  (12.5%) 
physics terrain       [variable]           0/1048576  ( 0.0%) 

Level flags = 0

Total triangle count: 82
Writing c:\users\linventif\documents\github\linventif-maps\other\sky_camera.bsp
0 seconds elapsed



materialPath: C:\Program Files (x86)\Steam\steamapps\common\GarrysMod\garrysmod\materials
Loading c:\users\linventif\documents\github\linventif-maps\other\sky_camera.vmf
fixing up env_cubemap materials on brush sides...
0...1...2...3...4...5...6...7...8...9...100...1...2...3...4...5...6...7...8...9...10Processing areas...done (0)
Building Faces...done (0)
FixTjuncs...
PruneNodes...
WriteBSP...
done (0)
writing c:\users\linventif\documents\github\linventif-maps\other\sky_camera.prt...Building visibility clusters...
done (0)
Creating default LDR cubemaps for env_cubemap using skybox materials:
   skybox/sky_day01_01*.vmt
 ! Run buildcubemaps in the engine to get the correct cube maps.
Creating default HDR cubemaps for env_cubemap using skybox materials:
   skybox/sky_day01_01*.vmt
 ! Run buildcubemaps in the engine to get the correct cube maps.
Finding displacement neighbors...
Finding lightmap sample positions...
Displacement Alpha : 0...1...2...3...4...5...6...7...8...9...10
Building Physics collision data...
WARNING: Map using power 4 displacements, terrain physics cannot be compressed, map will need additional memory and CPU.
done (0) (523019 bytes)
Placing detail props : 0...1...2...3...4...5...6...7...8...9...10
Compacting texture/material tables...
Reduced 21 texinfos to 4
Reduced 3 texdatas to 3 (62 bytes to 62)
Writing c:\users\linventif\documents\github\linventif-maps\other\sky_camera.bsp
0 seconds elapsed



24 threads
reading c:\users\linventif\documents\github\linventif-maps\other\sky_camera.bsp
reading c:\users\linventif\documents\github\linventif-maps\other\sky_camera.prt
   5 portalclusters
   4 numportals
0...1...2...3...4...5...6...7...8...9...10Optimized: 0 visible clusters (0.00%)
Total clusters visible: 17
Average clusters visible: 3
Building PAS...
Average clusters audible: 3
visdatasize:54  compressed from 80
writing c:\users\linventif\documents\github\linventif-maps\other\sky_camera.bsp
0 seconds elapsed



[Reading texlights from 'lights.rad']
[45 texlights parsed from 'lights.rad']

Loading c:\users\linventif\documents\github\linventif-maps\other\sky_camera.bsp
PREP OK
40 faces
47331 square feet [6815744.00 square inches]
9 Displacements
4222 Square Feet [608092.06 Square Inches]
40 patches before subdivision
430 patches after subdivision
2 direct lights
0...1...2...3...4...5...6...7...8...9...100...1...2...3...4...5...6...7...8...9...10transfers 3069, max 48
transfer lists:   0.0 megs
0...1...2...3...4...5...6...7...8...9...10	Bounce #1 added RGB(14, 14, 14)
0...1...2...3...4...5...6...7...8...9...10	Bounce #2 added RGB(0, 0, 0)
Build Patch/Sample Hash Table(s).....Done<0.0001 sec>
0...1...2...3...4...5...6...7...8...9...10FinalLightFace Done
0 of 0 (0% of) surface lights went in leaf ambient cubes.
0...1...2...3...4...5...6...7...8...9...10Writing leaf ambient...done
Ready to Finish

Object names       Objects/Maxobjs  Memory / Maxmem  Fullness 
------------       ---------------  ---------------  -------- 
models                   1/4096           48/196608   ( 0.0%) 
brushes                 12/16384         144/196608   ( 0.1%) 
brushsides              72/163840        576/1310720  ( 0.0%) 
planes                  80/65536        1600/1310720  ( 0.1%) 
vertexes                53/65536         636/786432   ( 0.1%) 
nodes                   49/65536        1568/2097152  ( 0.1%) 
texinfos                 4/12288         288/884736   ( 0.0%) 
texdata                  3/2048           96/65536    ( 0.1%) 
dispinfos                9/0            1584/0        ( 0.0%) 
disp_verts            2601/0           52020/0        ( 0.0%) 
disp_tris             4608/0            9216/0        ( 0.0%) 
disp_lmsamples       13122/0           13122/0        ( 0.0%) 
faces                   40/65536        2240/3670016  ( 0.1%) 
hdr faces                0/65536           0/3670016  ( 0.0%) 
origfaces               21/65536        1176/3670016  ( 0.0%) 
leaves                  51/65536        1632/2097152  ( 0.1%) 
leaffaces               32/65536          64/131072   ( 0.0%) 
leafbrushes             32/65536          64/131072   ( 0.0%) 
areas                    3/1024           24/8192     ( 0.3%) 
surfedges              246/512000        984/2048000  ( 0.0%) 
edges                  136/256000        544/1024000  ( 0.1%) 
LDR worldlights          2/8192          176/720896   ( 0.0%) 
HDR worldlights          0/8192            0/720896   ( 0.0%) 
leafwaterdata            0/32768           0/393216   ( 0.0%) 
waterstrips              1/32768          10/327680   ( 0.0%) 
waterverts               0/65536           0/786432   ( 0.0%) 
waterindices            12/65536          24/131072   ( 0.0%) 
cubemapsamples           0/1024            0/16384    ( 0.0%) 
overlays                 0/1024            0/360448   ( 0.0%) 
LDR lightdata         [variable]       13012/0        ( 0.0%) 
HDR lightdata         [variable]           0/0        ( 0.0%) 
visdata               [variable]          54/16777216 ( 0.0%) 
entdata               [variable]         794/393216   ( 0.2%) 
LDR ambient table       51/65536         204/262144   ( 0.1%) 
HDR ambient table       51/65536         204/262144   ( 0.1%) 
LDR leaf ambient       126/65536        3528/1835008  ( 0.2%) 
HDR leaf ambient        51/65536        1428/1835008  ( 0.1%) 
occluders                0/0               0/0        ( 0.0%) 
occluder polygons        0/0               0/0        ( 0.0%) 
occluder vert ind        0/0               0/0        ( 0.0%) 
detail props          [variable]           1/12       ( 8.3%) 
static props          [variable]           1/12       ( 8.3%) 
pakfile               [variable]      105671/0        ( 0.0%) 
physics               [variable]      523019/4194304  (12.5%) 
physics terrain       [variable]           0/1048576  ( 0.0%) 

Level flags = 0

Total triangle count: 82
Writing c:\users\linventif\documents\github\linventif-maps\other\sky_camera.bsp
0 seconds elapsed



materialPath: C:\Program Files (x86)\Steam\steamapps\common\GarrysMod\garrysmod\materials
Loading c:\users\linventif\documents\github\linventif-maps\other\sky_camera.vmf
fixing up env_cubemap materials on brush sides...
0...1...2...3...4...5...6...7...8...9...100...1...2...3...4...5...6...7...8...9...10Processing areas...done (0)
Building Faces...done (0)
FixTjuncs...
PruneNodes...
WriteBSP...
done (0)
writing c:\users\linventif\documents\github\linventif-maps\other\sky_camera.prt...Building visibility clusters...
done (0)
Creating default LDR cubemaps for env_cubemap using skybox materials:
   skybox/sky_day01_01*.vmt
 ! Run buildcubemaps in the engine to get the correct cube maps.
Creating default HDR cubemaps for env_cubemap using skybox materials:
   skybox/sky_day01_01*.vmt
 ! Run buildcubemaps in the engine to get the correct cube maps.
Finding displacement neighbors...
Finding lightmap sample positions...
Displacement Alpha : 0...1...2...3...4...5...6...7...8...9...10
Building Physics collision data...
WARNING: Map using power 4 displacements, terrain physics cannot be compressed, map will need additional memory and CPU.
done (0) (523015 bytes)
Placing detail props : 0...1...2...3...4...5...6...7...8...9...10
Compacting texture/material tables...
Reduced 21 texinfos to 4
Reduced 3 texdatas to 3 (70 bytes to 70)
Writing c:\users\linventif\documents\github\linventif-maps\other\sky_camera.bsp
0 seconds elapsed



24 threads
reading c:\users\linventif\documents\github\linventif-maps\other\sky_camera.bsp
reading c:\users\linventif\documents\github\linventif-maps\other\sky_camera.prt
   5 portalclusters
   4 numportals
0...1...2...3...4...5...6...7...8...9...10Optimized: 0 visible clusters (0.00%)
Total clusters visible: 17
Average clusters visible: 3
Building PAS...
Average clusters audible: 3
visdatasize:54  compressed from 80
writing c:\users\linventif\documents\github\linventif-maps\other\sky_camera.bsp
0 seconds elapsed



[Reading texlights from 'lights.rad']
[45 texlights parsed from 'lights.rad']

Loading c:\users\linventif\documents\github\linventif-maps\other\sky_camera.bsp
PREP OK
40 faces
47331 square feet [6815744.00 square inches]
9 Displacements
4222 Square Feet [608092.06 Square Inches]
40 patches before subdivision
430 patches after subdivision
2 direct lights
0...1...2...3...4...5...6...7...8...9...100...1...2...3...4...5...6...7...8...9...10transfers 3069, max 48
transfer lists:   0.0 megs
0...1...2...3...4...5...6...7...8...9...10	Bounce #1 added RGB(71, 58, 33)
0...1...2...3...4...5...6...7...8...9...10	Bounce #2 added RGB(1, 0, 0)
Build Patch/Sample Hash Table(s).....Done<0.0002 sec>
0...1...2...3...4...5...6...7...8...9...10FinalLightFace Done
0 of 0 (0% of) surface lights went in leaf ambient cubes.
0...1...2...3...4...5...6...7...8...9...10Writing leaf ambient...done
Ready to Finish

Object names       Objects/Maxobjs  Memory / Maxmem  Fullness 
------------       ---------------  ---------------  -------- 
models                   1/4096           48/196608   ( 0.0%) 
brushes                 12/16384         144/196608   ( 0.1%) 
brushsides              72/163840        576/1310720  ( 0.0%) 
planes                  80/65536        1600/1310720  ( 0.1%) 
vertexes                53/65536         636/786432   ( 0.1%) 
nodes                   49/65536        1568/2097152  ( 0.1%) 
texinfos                 4/12288         288/884736   ( 0.0%) 
texdata                  3/2048           96/65536    ( 0.1%) 
dispinfos                9/0            1584/0        ( 0.0%) 
disp_verts            2601/0           52020/0        ( 0.0%) 
disp_tris             4608/0            9216/0        ( 0.0%) 
disp_lmsamples       13122/0           13122/0        ( 0.0%) 
faces                   40/65536        2240/3670016  ( 0.1%) 
hdr faces                0/65536           0/3670016  ( 0.0%) 
origfaces               21/65536        1176/3670016  ( 0.0%) 
leaves                  51/65536        1632/2097152  ( 0.1%) 
leaffaces               32/65536          64/131072   ( 0.0%) 
leafbrushes             32/65536          64/131072   ( 0.0%) 
areas                    3/1024           24/8192     ( 0.3%) 
surfedges              246/512000        984/2048000  ( 0.0%) 
edges                  136/256000        544/1024000  ( 0.1%) 
LDR worldlights          2/8192          176/720896   ( 0.0%) 
HDR worldlights          0/8192            0/720896   ( 0.0%) 
leafwaterdata            0/32768           0/393216   ( 0.0%) 
waterstrips              1/32768          10/327680   ( 0.0%) 
waterverts               0/65536           0/786432   ( 0.0%) 
waterindices            12/65536          24/131072   ( 0.0%) 
cubemapsamples           0/1024            0/16384    ( 0.0%) 
overlays                 0/1024            0/360448   ( 0.0%) 
LDR lightdata         [variable]       13012/0        ( 0.0%) 
HDR lightdata         [variable]           0/0        ( 0.0%) 
visdata               [variable]          54/16777216 ( 0.0%) 
entdata               [variable]         794/393216   ( 0.2%) 
LDR ambient table       51/65536         204/262144   ( 0.1%) 
HDR ambient table       51/65536         204/262144   ( 0.1%) 
LDR leaf ambient       126/65536        3528/1835008  ( 0.2%) 
HDR leaf ambient        51/65536        1428/1835008  ( 0.1%) 
occluders                0/0               0/0        ( 0.0%) 
occluder polygons        0/0               0/0        ( 0.0%) 
occluder vert ind        0/0               0/0        ( 0.0%) 
detail props          [variable]           1/12       ( 8.3%) 
static props          [variable]           1/12       ( 8.3%) 
pakfile               [variable]      105671/0        ( 0.0%) 
physics               [variable]      523015/4194304  (12.5%) 
physics terrain       [variable]           0/1048576  ( 0.0%) 

Level flags = 0

Total triangle count: 82
Writing c:\users\linventif\documents\github\linventif-maps\other\sky_camera.bsp
0 seconds elapsed



materialPath: C:\Program Files (x86)\Steam\steamapps\common\GarrysMod\garrysmod\materials
Loading c:\users\linventif\documents\github\linventif-maps\other\sky_camera.vmf
fixing up env_cubemap materials on brush sides...
0...1...2...3...4...5...6...7...8...9...100...1...2...3...4...5...6...7...8...9...10Processing areas...done (0)
Building Faces...done (0)
FixTjuncs...
PruneNodes...
WriteBSP...
done (0)
writing c:\users\linventif\documents\github\linventif-maps\other\sky_camera.prt...Building visibility clusters...
done (0)
Creating default LDR cubemaps for env_cubemap using skybox materials:
   skybox/sky_day01_01*.vmt
 ! Run buildcubemaps in the engine to get the correct cube maps.
Creating default HDR cubemaps for env_cubemap using skybox materials:
   skybox/sky_day01_01*.vmt
 ! Run buildcubemaps in the engine to get the correct cube maps.
Finding displacement neighbors...
Finding lightmap sample positions...
Displacement Alpha : 0...1...2...3...4...5...6...7...8...9...10
Building Physics collision data...
WARNING: Map using power 4 displacements, terrain physics cannot be compressed, map will need additional memory and CPU.
done (0) (523047 bytes)
Placing detail props : 0...1...2...3...4...5...6...7...8...9...10
Compacting texture/material tables...
Reduced 24 texinfos to 4
Reduced 3 texdatas to 3 (70 bytes to 70)
Writing c:\users\linventif\documents\github\linventif-maps\other\sky_camera.bsp
0 seconds elapsed



24 threads
reading c:\users\linventif\documents\github\linventif-maps\other\sky_camera.bsp
reading c:\users\linventif\documents\github\linventif-maps\other\sky_camera.prt
   2 portalclusters
   0 numportals
0...1...2...3...4...5...6...7...8...9...10Optimized: 0 visible clusters (0.00%)
Total clusters visible: 2
Average clusters visible: 1
Building PAS...
Average clusters audible: 1
visdatasize:24  compressed from 32
writing c:\users\linventif\documents\github\linventif-maps\other\sky_camera.bsp
0 seconds elapsed



[Reading texlights from 'lights.rad']
[45 texlights parsed from 'lights.rad']

Loading c:\users\linventif\documents\github\linventif-maps\other\sky_camera.bsp
PREP OK
30 faces
47331 square feet [6815744.00 square inches]
9 Displacements
4222 Square Feet [608092.06 Square Inches]
30 patches before subdivision
426 patches after subdivision
2 direct lights
0...1...2...3...4...5...6...7...8...9...100...1...2...3...4...5...6...7...8...9...10transfers 2761, max 60
transfer lists:   0.0 megs
0...1...2...3...4...5...6...7...8...9...10	Bounce #1 added RGB(71, 58, 33)
0...1...2...3...4...5...6...7...8...9...10	Bounce #2 added RGB(1, 0, 0)
Build Patch/Sample Hash Table(s).....Done<0.0001 sec>
0...1...2...3...4...5...6...7...8...9...10FinalLightFace Done
0 of 0 (0% of) surface lights went in leaf ambient cubes.
0...1...2...3...4...5...6...7...8...9...10Writing leaf ambient...done
Ready to Finish

Object names       Objects/Maxobjs  Memory / Maxmem  Fullness 
------------       ---------------  ---------------  -------- 
models                   1/4096           48/196608   ( 0.0%) 
brushes                 12/16384         144/196608   ( 0.1%) 
brushsides              72/163840        576/1310720  ( 0.0%) 
planes                  86/65536        1720/1310720  ( 0.1%) 
vertexes                43/65536         516/786432   ( 0.1%) 
nodes                   34/65536        1088/2097152  ( 0.1%) 
texinfos                 4/12288         288/884736   ( 0.0%) 
texdata                  3/2048           96/65536    ( 0.1%) 
dispinfos                9/0            1584/0        ( 0.0%) 
disp_verts            2601/0           52020/0        ( 0.0%) 
disp_tris             4608/0            9216/0        ( 0.0%) 
disp_lmsamples       13122/0           13122/0        ( 0.0%) 
faces                   30/65536        1680/3670016  ( 0.0%) 
hdr faces                0/65536           0/3670016  ( 0.0%) 
origfaces               21/65536        1176/3670016  ( 0.0%) 
leaves                  36/65536        1152/2097152  ( 0.1%) 
leaffaces               22/65536          44/131072   ( 0.0%) 
leafbrushes             21/65536          42/131072   ( 0.0%) 
areas                    3/1024           24/8192     ( 0.3%) 
surfedges              206/512000        824/2048000  ( 0.0%) 
edges                  116/256000        464/1024000  ( 0.0%) 
LDR worldlights          2/8192          176/720896   ( 0.0%) 
HDR worldlights          0/8192            0/720896   ( 0.0%) 
leafwaterdata            0/32768           0/393216   ( 0.0%) 
waterstrips              1/32768          10/327680   ( 0.0%) 
waterverts               0/65536           0/786432   ( 0.0%) 
waterindices            12/65536          24/131072   ( 0.0%) 
cubemapsamples           0/1024            0/16384    ( 0.0%) 
overlays                 0/1024            0/360448   ( 0.0%) 
LDR lightdata         [variable]       12860/0        ( 0.0%) 
HDR lightdata         [variable]           0/0        ( 0.0%) 
visdata               [variable]          24/16777216 ( 0.0%) 
entdata               [variable]         798/393216   ( 0.2%) 
LDR ambient table       36/65536         144/262144   ( 0.1%) 
HDR ambient table       36/65536         144/262144   ( 0.1%) 
LDR leaf ambient        78/65536        2184/1835008  ( 0.1%) 
HDR leaf ambient        36/65536        1008/1835008  ( 0.1%) 
occluders                0/0               0/0        ( 0.0%) 
occluder polygons        0/0               0/0        ( 0.0%) 
occluder vert ind        0/0               0/0        ( 0.0%) 
detail props          [variable]           1/12       ( 8.3%) 
static props          [variable]           1/12       ( 8.3%) 
pakfile               [variable]      105671/0        ( 0.0%) 
physics               [variable]      523047/4194304  (12.5%) 
physics terrain       [variable]           0/1048576  ( 0.0%) 

Level flags = 0

Total triangle count: 62
Writing c:\users\linventif\documents\github\linventif-maps\other\sky_camera.bsp
0 seconds elapsed
