


materialPath: D:\SteamLibrary\steamapps\common\GarrysMod\garrysmod\materials
Loading c:\users\linventif\documents\github\linventif-maps\little maps\simple maps\vmf\linv_simple_maps.vmf
fixing up env_cubemap materials on brush sides...
0...1...2...3...4...5...6...7...8...9...100...1...2...3...4...5...6...7...8...9...10Processing areas...done (0)
Building Faces...done (0)
FixTjuncs...
PruneNodes...
WriteBSP...
done (0)
writing c:\users\linventif\documents\github\linventif-maps\little maps\simple maps\vmf\linv_simple_maps.prt...Building visibility clusters...
done (0)
Creating default LDR cubemaps for env_cubemap using skybox materials:
   skybox/sky_day01_01*.vmt
 ! Run buildcubemaps in the engine to get the correct cube maps.
Creating default HDR cubemaps for env_cubemap using skybox materials:
   skybox/sky_day01_01*.vmt
 ! Run buildcubemaps in the engine to get the correct cube maps.
Finding displacement neighbors...
Finding lightmap sample positions...
Displacement Alpha : 0...1...2...3...4...5...6...7...8...9...10
Building Physics collision data...
WARNING: Map using power 4 displacements, terrain physics cannot be compressed, map will need additional memory and CPU.
done (1) (1389267 bytes)
Placing detail props : 0...1...2...3...4...5...6...7...8...9...10
Compacting texture/material tables...
Reduced 56 texinfos to 13
Reduced 8 texdatas to 8 (198 bytes to 198)
Writing c:\users\linventif\documents\github\linventif-maps\little maps\simple maps\vmf\linv_simple_maps.bsp
1 second elapsed



24 threads
reading c:\users\linventif\documents\github\linventif-maps\little maps\simple maps\vmf\linv_simple_maps.bsp
reading c:\users\linventif\documents\github\linventif-maps\little maps\simple maps\vmf\linv_simple_maps.prt
1329 portalclusters
2608 numportals
0...1...2...3...4...5...6...7...8...9...100


materialPath: D:\SteamLibrary\steamapps\common\GarrysMod\garrysmod\materials
Loading C:\Users\Linventif\Documents\GitHub\Linventif-Maps\Little Maps\Simple Maps\VMF\linv_simple_maps.vmf
fixing up env_cubemap materials on brush sides...
0...1...2...3...4...5...6...7...8...9...100...1...2...3...4...5...6...7...8...9...10Processing areas...done (0)
Building Faces...done (0)
FixTjuncs...
PruneNodes...
WriteBSP...
done (0)
writing C:\Users\Linventif\Documents\GitHub\Linventif-Maps\Little Maps\Simple Maps\VMF\linv_simple_maps.prt...Building visibility clusters...
done (0)
Creating default LDR cubemaps for env_cubemap using skybox materials:
   skybox/sky_day01_01*.vmt
 ! Run buildcubemaps in the engine to get the correct cube maps.
Creating default HDR cubemaps for env_cubemap using skybox materials:
   skybox/sky_day01_01*.vmt
 ! Run buildcubemaps in the engine to get the correct cube maps.
Finding displacement neighbors...
Finding lightmap sample positions...
Displacement Alpha : 0...1...2...3...4...5...6...7...8...9...10
Building Physics collision data...
WARNING: Map using power 4 displacements, terrain physics cannot be compressed, map will need additional memory and CPU.
done (1) (1389267 bytes)
Placing detail props : 0...1...2...3...4...5...6...7...8...9...10
Compacting texture/material tables...
Reduced 56 texinfos to 13
Reduced 8 texdatas to 8 (198 bytes to 198)
Writing C:\Users\Linventif\Documents\GitHub\Linventif-Maps\Little Maps\Simple Maps\VMF\linv_simple_maps.bsp
1 second elapsed



[Reading texlights from 'lights.rad']
[45 texlights parsed from 'lights.rad']

Loading c:\users\linventif\documents\github\linventif-maps\little maps\simple maps\vmf\linv_simple_maps.bsp
PREP OK
No vis information, direct lighting only.
11832 faces
27524266 square feet [3963494400.00 square inches]
24 Displacements
660656 Square Feet [95134584.00 Square Inches]
0 direct lights
0...1...2...3...4...5...6...7...8...9...10Build Patch/Sample Hash Table(s).....Done<0.3811 sec>
0...1...2...3...4...5...6...7...8...9...10FinalLightFace Done
0 of 0 (0% of) surface lights went in leaf ambient cubes.
0