


materialPath: C:\Program Files (x86)\Steam\steamapps\common\GarrysMod\garrysmod\materials
Loading C:\Users\linventif\Documents\GitHub\maps\LinFord\VMF\gas_station.vmf
Material not found!: VTEXTURES/YELLOWCURB_711
fixing up env_cubemap materials on brush sides...
0...1...2...3...4...5...6...7...8...9...100...1...2...3...4...5...6...7...8...9...10Processing areas...done (0)
Building Faces...done (0)
FixTjuncs...
PruneNodes...
WriteBSP...
done (0)
writing C:\Users\linventif\Documents\GitHub\maps\LinFord\VMF\gas_station.prt...
Building visibility clusters...
done (0)
Creating default LDR cubemaps for env_cubemap using skybox materials:
   skybox/sky_day01_01*.vmt
 ! Run buildcubemaps in the engine to get the correct cube maps.
*** Error: Skybox vtf files for skybox/sky_day01_01 weren't compiled with the same size texture and/or same flags!
Can't load skybox file skybox/sky_day01_01 to build the default cubemap!
Finding displacement neighbors...
Finding lightmap sample positions...
Displacement Alpha : 0...1...2...3...4...5...6...7...8...9...10
Building Physics collision data...
done (0) (12425 bytes)
Placing detail props : 0...1...2...3...4...5...6...7...8...9...10
Compacting texture/material tables...
Reduced 174 texinfos to 51
Reduced 10 texdatas to 10 (296 bytes to 296)
Writing C:\Users\linventif\Documents\GitHub\maps\LinFord\VMF\gas_station.bsp
0 seconds elapsed



24 threads
reading c:\users\linventif\documents\github\maps\linford\vmf\gas_station.bsp
reading c:\users\linventif\documents\github\maps\linford\vmf\gas_station.prt
   4 portalclusters
   4 numportals
0...1...2...3...4...5...6...7...8...9...100...1...2...3...4...5...6...7...8...9...10Optimized: 0 visible clusters (0.00%)
Total clusters visible: 16
Average clusters visible: 4
Building PAS...
Average clusters audible: 4
visdatasize:44  compressed from 64
writing c:\users\linventif\documents\github\maps\linford\vmf\gas_station.bsp
0 seconds elapsed



[Reading texlights from 'lights.rad']
[45 texlights parsed from 'lights.rad']

Loading c:\users\linventif\documents\github\maps\linford\vmf\gas_station.bsp
PREP OK
176 faces
125740 square feet [18106560.00 square inches]
0 Displacements
0 Square Feet [0.00 Square Inches]
176 patches before subdivision
3240 patches after subdivision
1 direct lights
0...1...2...3...4...5...6...7...8...9...100...1...2...3...4...5...6...7...8...9...10transfers 77989, max 225
transfer lists:   0.6 megs
0...1...2...3...4...5...6...7...8...9...10	Bounce #1 added RGB(410, 400, 400)
0...1...2...3...4...5...6...7...8...9...10	Bounce #2 added RGB(0, 0, 0)
Build Patch/Sample Hash Table(s).....Done<0.0008 sec>
0...1...2...3...4...5...6...7...8...9...10FinalLightFace Done
0 of 0 (0% of) surface lights went in leaf ambient cubes.
0...1...2...3...4...5...6...7...8...9...10Writing leaf ambient...done
Ready to Finish

Object names       Objects/Maxobjs  Memory / Maxmem  Fullness 
------------       ---------------  ---------------  -------- 
models                   2/4096           96/196608   ( 0.0%) 
brushes                 31/16384         372/196608   ( 0.2%) 
brushsides             222/163840       1776/1310720  ( 0.1%) 
planes                 214/65536        4280/1310720  ( 0.3%) 
vertexes               248/65536        2976/786432   ( 0.4%) 
nodes                  134/65536        4288/2097152  ( 0.2%) 
texinfos                51/16384        3672/1179648  ( 0.3%) 
texdata                 10/8192          320/262144   ( 0.1%) 
dispinfos                0/0               0/0        ( 0.0%) 
disp_verts               0/0               0/0        ( 0.0%) 
disp_tris                0/0               0/0        ( 0.0%) 
disp_lmsamples           0/0               0/0        ( 0.0%) 
faces                  176/65536        9856/3670016  ( 0.3%) 
hdr faces                0/65536           0/3670016  ( 0.0%) 
origfaces               94/65536        5264/3670016  ( 0.1%) 
leaves                 137/65536        4384/2097152  ( 0.2%) 
leaffaces              207/65536         414/131072   ( 0.3%) 
leafbrushes             62/65536         124/131072   ( 0.1%) 
areas                    2/1024           16/8192     ( 0.2%) 
surfedges             1178/512000       4712/2048000  ( 0.2%) 
edges                  665/256000       2660/1024000  ( 0.3%) 
LDR worldlights          1/8192           88/720896   ( 0.0%) 
HDR worldlights          0/8192            0/720896   ( 0.0%) 
leafwaterdata            0/32768           0/393216   ( 0.0%) 
waterstrips              0/32768           0/327680   ( 0.0%) 
waterverts               0/65536           0/786432   ( 0.0%) 
waterindices             0/65536           0/131072   ( 0.0%) 
cubemapsamples           0/1024            0/16384    ( 0.0%) 
overlays                 0/8192            0/2883584  ( 0.0%) 
LDR lightdata         [variable]       96728/0        ( 0.0%) 
HDR lightdata         [variable]           0/0        ( 0.0%) 
visdata               [variable]          44/16777216 ( 0.0%) 
entdata               [variable]        1043/393216   ( 0.3%) 
LDR ambient table      137/65536         548/262144   ( 0.2%) 
HDR ambient table      137/65536         548/262144   ( 0.2%) 
LDR leaf ambient       521/65536       14588/1835008  ( 0.8%) 
HDR leaf ambient       137/65536        3836/1835008  ( 0.2%) 
occluders                0/0               0/0        ( 0.0%) 
occluder polygons        0/0               0/0        ( 0.0%) 
occluder vert ind        0/0               0/0        ( 0.0%) 
detail props          [variable]           1/12       ( 8.3%) 
static props          [variable]           1/12       ( 8.3%) 
pakfile               [variable]       24878/0        ( 0.0%) 
physics               [variable]       12425/4194304  ( 0.3%) 
physics terrain       [variable]           2/1048576  ( 0.0%) 

Level flags = 0

Total triangle count: 450
Writing c:\users\linventif\documents\github\maps\linford\vmf\gas_station.bsp
0 seconds elapsed



materialPath: C:\Program Files (x86)\Steam\steamapps\common\GarrysMod\garrysmod\materials
Loading C:\Users\linventif\Documents\GitHub\maps\LinFord\VMF\gas_station.vmf
fixing up env_cubemap materials on brush sides...
0...1...2...3...4...5...6...7...8...9...100...1...2...3...4...5...6...7...8...9...10Processing areas...done (0)
Building Faces...done (0)
FixTjuncs...
PruneNodes...
WriteBSP...
done (0)
writing C:\Users\linventif\Documents\GitHub\maps\LinFord\VMF\gas_station.prt...
Building visibility clusters...
done (0)
Creating default LDR cubemaps for env_cubemap using skybox materials:
   skybox/sky_day01_01*.vmt
 ! Run buildcubemaps in the engine to get the correct cube maps.
*** Error: Skybox vtf files for skybox/sky_day01_01 weren't compiled with the same size texture and/or same flags!
Can't load skybox file skybox/sky_day01_01 to build the default cubemap!
Finding displacement neighbors...
Finding lightmap sample positions...
Displacement Alpha : 0...1...2...3...4...5...6...7...8...9...10
Building Physics collision data...
done (0) (2317 bytes)
Placing detail props : 0...1...2...3...4...5...6...7...8...9...10
Compacting texture/material tables...
Reduced 7 texinfos to 3
Reduced 3 texdatas to 3 (62 bytes to 62)
Writing C:\Users\linventif\Documents\GitHub\maps\LinFord\VMF\gas_station.bsp
0 seconds elapsed



24 threads
reading c:\users\linventif\documents\github\maps\linford\vmf\gas_station.bsp
reading c:\users\linventif\documents\github\maps\linford\vmf\gas_station.prt
   4 portalclusters
   4 numportals
0...1...2...3...4...5...6...7...8...9...100...1...2...3...4...5...6...7...8...9...10Optimized: 0 visible clusters (0.00%)
Total clusters visible: 16
Average clusters visible: 4
Building PAS...
Average clusters audible: 4
visdatasize:44  compressed from 64
writing c:\users\linventif\documents\github\maps\linford\vmf\gas_station.bsp
0 seconds elapsed



[Reading texlights from 'lights.rad']
[45 texlights parsed from 'lights.rad']

Loading c:\users\linventif\documents\github\maps\linford\vmf\gas_station.bsp
PREP OK
28 faces
119921 square feet [17268736.00 square inches]
0 Displacements
0 Square Feet [0.00 Square Inches]
28 patches before subdivision
2044 patches after subdivision
2 direct lights
0...1...2...3...4...5...6...7...8...9...100...1...2...3...4...5...6...7...8...9...10transfers 681, max 66
transfer lists:   0.0 megs
0...1...2...3...4...5...6...7...8...9...10	Bounce #1 added RGB(0, 0, 0)
Build Patch/Sample Hash Table(s).....Done<0.0006 sec>
0...1...2...3...4...5...6...7...8...9...10FinalLightFace Done
0 of 0 (0% of) surface lights went in leaf ambient cubes.
0...1...2...3...4...5...6...7...8...9...10Writing leaf ambient...done
Ready to Finish

Object names       Objects/Maxobjs  Memory / Maxmem  Fullness 
------------       ---------------  ---------------  -------- 
models                   1/4096           48/196608   ( 0.0%) 
brushes                  6/16384          72/196608   ( 0.0%) 
brushsides              36/163840        288/1310720  ( 0.0%) 
planes                  36/65536         720/1310720  ( 0.1%) 
vertexes                51/65536         612/786432   ( 0.1%) 
nodes                   25/65536         800/2097152  ( 0.0%) 
texinfos                 3/16384         216/1179648  ( 0.0%) 
texdata                  3/8192           96/262144   ( 0.0%) 
dispinfos                0/0               0/0        ( 0.0%) 
disp_verts               0/0               0/0        ( 0.0%) 
disp_tris                0/0               0/0        ( 0.0%) 
disp_lmsamples           0/0               0/0        ( 0.0%) 
faces                   28/65536        1568/3670016  ( 0.0%) 
hdr faces                0/65536           0/3670016  ( 0.0%) 
origfaces                6/65536         336/3670016  ( 0.0%) 
leaves                  27/65536         864/2097152  ( 0.0%) 
leaffaces               28/65536          56/131072   ( 0.0%) 
leafbrushes             16/65536          32/131072   ( 0.0%) 
areas                    2/1024           16/8192     ( 0.2%) 
surfedges              144/512000        576/2048000  ( 0.0%) 
edges                   85/256000        340/1024000  ( 0.0%) 
LDR worldlights          2/8192          176/720896   ( 0.0%) 
HDR worldlights          0/8192            0/720896   ( 0.0%) 
leafwaterdata            0/32768           0/393216   ( 0.0%) 
waterstrips              0/32768           0/327680   ( 0.0%) 
waterverts               0/65536           0/786432   ( 0.0%) 
waterindices             0/65536           0/131072   ( 0.0%) 
cubemapsamples           0/1024            0/16384    ( 0.0%) 
overlays                 0/8192            0/2883584  ( 0.0%) 
LDR lightdata         [variable]       66628/0        ( 0.0%) 
HDR lightdata         [variable]           0/0        ( 0.0%) 
visdata               [variable]          44/16777216 ( 0.0%) 
entdata               [variable]        2749/393216   ( 0.7%) 
LDR ambient table       27/65536         108/262144   ( 0.0%) 
HDR ambient table       27/65536         108/262144   ( 0.0%) 
LDR leaf ambient        64/65536        1792/1835008  ( 0.1%) 
HDR leaf ambient        27/65536         756/1835008  ( 0.0%) 
occluders                0/0               0/0        ( 0.0%) 
occluder polygons        0/0               0/0        ( 0.0%) 
occluder vert ind        0/0               0/0        ( 0.0%) 
detail props          [variable]           1/12       ( 8.3%) 
static props          [variable]           1/216      ( 0.5%) 
pakfile               [variable]       24878/0        ( 0.0%) 
physics               [variable]        2317/4194304  ( 0.1%) 
physics terrain       [variable]           2/1048576  ( 0.0%) 

Level flags = 0

Total triangle count: 64
Writing c:\users\linventif\documents\github\maps\linford\vmf\gas_station.bsp
0 seconds elapsed
