PRT1
12
31
4 0 1 (-768 1032 0 ) (-256 1032 0 ) (-256 1032 132 ) (-768 1032 132 ) 
4 1 11 (-256 1024 0 ) (-256 1024 16 ) (-768 1024 16 ) (-768 1024 0 ) 
4 1 4 (-256 1024 16 ) (-256 1024 124 ) (-768 1024 124 ) (-768 1024 16 ) 
4 1 3 (-256 1024 124 ) (-256 1024 136 ) (-768 1024 136 ) (-768 1024 124 ) 
4 2 11 (0 1024 16 ) (0 1024 0 ) (0 0 0 ) (0 0 16 ) 
4 2 4 (0 1024 124 ) (0 1024 16 ) (0 0 16 ) (0 0 124 ) 
4 2 3 (0 1024 576 ) (0 1024 124 ) (0 0 124 ) (0 0 576 ) 
4 3 8 (-958 336 124 ) (-958 176 124 ) (-962 176 124 ) (-962 336 124 ) 
4 3 9 (-958 80 124 ) (-958 0 124 ) (-962 0 124 ) (-962 80 124 ) 
4 3 6 (-958 848 124 ) (-958 688 124 ) (-962 688 124 ) (-962 848 124 ) 
4 3 7 (-958 592 124 ) (-958 432 124 ) (-962 432 124 ) (-962 592 124 ) 
4 3 5 (-962 1024 124 ) (-958 1024 124 ) (-958 944 124 ) (-962 944 124 ) 
4 3 4 (-958 1024 124 ) (0 1024 124 ) (0 0 124 ) (-958 0 124 ) 
4 3 10 (-1024 0 124 ) (-1024 1024 124 ) (-962 1024 124 ) (-962 0 124 ) 
4 4 11 (0 0 16 ) (-958 0 16 ) (-958 1024 16 ) (0 1024 16 ) 
4 4 8 (-958 336 16 ) (-958 176 16 ) (-958 176 124 ) (-958 336 124 ) 
4 4 9 (-958 80 16 ) (-958 0 16 ) (-958 0 124 ) (-958 80 124 ) 
4 4 6 (-958 848 16 ) (-958 688 16 ) (-958 688 124 ) (-958 848 124 ) 
4 4 7 (-958 592 16 ) (-958 432 16 ) (-958 432 124 ) (-958 592 124 ) 
4 4 5 (-958 1024 16 ) (-958 944 16 ) (-958 944 124 ) (-958 1024 124 ) 
4 5 11 (-962 944 16 ) (-962 1024 16 ) (-958 1024 16 ) (-958 944 16 ) 
4 5 10 (-962 1024 16 ) (-962 944 16 ) (-962 944 124 ) (-962 1024 124 ) 
4 6 11 (-962 688 16 ) (-962 848 16 ) (-958 848 16 ) (-958 688 16 ) 
4 6 10 (-962 848 16 ) (-962 688 16 ) (-962 688 124 ) (-962 848 124 ) 
4 7 11 (-962 432 16 ) (-962 592 16 ) (-958 592 16 ) (-958 432 16 ) 
4 7 10 (-962 592 16 ) (-962 432 16 ) (-962 432 124 ) (-962 592 124 ) 
4 8 11 (-962 176 16 ) (-962 336 16 ) (-958 336 16 ) (-958 176 16 ) 
4 8 10 (-962 336 16 ) (-962 176 16 ) (-962 176 124 ) (-962 336 124 ) 
4 9 11 (-958 0 16 ) (-962 0 16 ) (-962 80 16 ) (-958 80 16 ) 
4 9 10 (-962 80 16 ) (-962 0 16 ) (-962 0 124 ) (-962 80 124 ) 
4 10 11 (-962 0 16 ) (-1024 0 16 ) (-1024 1024 16 ) (-962 1024 16 ) 
