


materialPath: D:\SteamLibrary\steamapps\common\GarrysMod\garrysmod\materials
Loading c:\users\linventif\documents\github\linventif-maps\linford\vmf\rp_linford.vmf
Can't find surfaceprop sheetrock for material PLASTER/CEILING_POPCORN02, using default
ConVarRef mat_reduceparticles doesn't point to an existing ConVar
Patching WVT material: maps/rp_linford/pichot/grass/pichotgrass_wvt_patch
fixing up env_cubemap materials on brush sides...
env_cubemap pointing at deleted brushside near (40, 10120, 585)
0...1...2...3...4...5...6...7...8...9...100...1...2...3...4...5...6...7...8...9...10Processing areas...done (0)
Building Faces...done (0)
Chop Details...done (0)
Find Visible Detail Sides...
Merged 2338 detail faces...done (0)
Merging details...done (0)
FixTjuncs...
PruneNodes...
WriteBSP...
done (1)
writing c:\users\linventif\documents\github\linventif-maps\linford\vmf\rp_linford.prt...Building visibility clusters...
done (0)
Creating default LDR cubemaps for env_cubemap using skybox materials:
   skybox/sky_day01_01*.vmt
 ! Run buildcubemaps in the engine to get the correct cube maps.
Creating default HDR cubemaps for env_cubemap using skybox materials:
   skybox/sky_day01_01*.vmt
 ! Run buildcubemaps in the engine to get the correct cube maps.
Finding displacement neighbors...
Finding lightmap sample positions...
Displacement Alpha : 0...1...2...3...4...5...6...7...8...9...10
Building Physics collision data...
done (1) (1339010 bytes)
WARNING! model "models/props_foliage/mall_bush02.mdl" has mismatching model version (49, expected 48)! Expect problems.
WARNING! model "models/props_c17/handrail04_corner.mdl" has mismatching model version (49, expected 48)! Expect problems.
WARNING! model "models/props_buildings/watertower_001a.mdl" has mismatching model version (49, expected 48)! Expect problems.
WARNING! model "models/props_foliage/maple_001_l.mdl" has mismatching model version (49, expected 48)! Expect problems.
WARNING! model "models/props_foliage/mall_tree_large01.mdl" has mismatching model version (49, expected 48)! Expect problems.
WARNING! model "models/props_c17/gasmeter001a.mdl" has mismatching model version (49, expected 48)! Expect problems.
WARNING! model "models/props_interiors/lights_florescent01a.mdl" has mismatching model version (49, expected 48)! Expect problems.
WARNING! model "models/props_lab/freightelevatorbutton.mdl" has mismatching model version (49, expected 48)! Expect problems.
WARNING! model "models/props_c17/substation_transformer01a.mdl" has mismatching model version (49, expected 48)! Expect problems.
WARNING! model "models/props_wasteland/exterior_fence002b.mdl" has mismatching model version (49, expected 48)! Expect problems.
WARNING! model "models/props_zoo/rock02d.mdl" has mismatching model version (49, expected 48)! Expect problems.
WARNING! model "models/props_lighting/airportlight01.mdl" has mismatching model version (49, expected 48)! Expect problems.
WARNING! model "models/themask/sbmp/env_objects/trash/sm_dumpster_01.mdl" has mismatching model version (49, expected 48)! Expect problems.
WARNING! model "models/props_wasteland/exterior_fence002e.mdl" has mismatching model version (49, expected 48)! Expect problems.
WARNING! model "models/props_electric/control_panel_003.mdl" has mismatching model version (49, expected 48)! Expect problems.
WARNING! model "models/props_electric/control_panel_004.mdl" has mismatching model version (49, expected 48)! Expect problems.
Error! To use model "models/props_industrial/lift_button.mdl"
      with prop_static, it must be compiled with $staticprop!
Error loading studio model STATIC "models/props_industrial/lift_button.mdl"!
Placing detail props : 0...1...2...3...4...5...6...7...8...9...10
Compacting texture/material tables...
Reduced 9066 texinfos to 4760
Reduced 612 texdatas to 503 (25310 bytes to 21608)
Writing c:\users\linventif\documents\github\linventif-maps\linford\vmf\rp_linford.bsp
7 seconds elapsed



24 threads
reading c:\users\linventif\documents\github\linventif-maps\linford\vmf\rp_linford.bsp
reading c:\users\linventif\documents\github\linventif-maps\linford\vmf\rp_linford.prt
3168 portalclusters
9341 numportals
0...1...2...3...4...5...6...7...8...9...10Optimized: 39899 visible clusters (3.66%)
Total clusters visible: 1090321
Average clusters visible: 344
Building PAS...
Average clusters audible: 985
visdatasize:892638  compressed from 2534400
writing c:\users\linventif\documents\github\linventif-maps\linford\vmf\rp_linford.bsp
0 seconds elapsed



[Reading texlights from 'lights.rad']
[45 texlights parsed from 'lights.rad']

Loading c:\users\linventif\documents\github\linventif-maps\linford\vmf\rp_linford.bsp
PREP OK
Warning! Invalid model version "models/props_foliage/mall_bush02.mdl"
Warning! Invalid model version "models/props_c17/handrail04_corner.mdl"
Warning! Invalid model version "models/props_buildings/watertower_001a.mdl"
Warning! Invalid model version "models/props_foliage/maple_001_l.mdl"
Warning! Invalid model version "models/props_foliage/mall_tree_large01.mdl"
Warning! Invalid model version "models/props_c17/gasmeter001a.mdl"
Warning! Invalid model version "models/props_interiors/lights_florescent01a.mdl"
Warning! Invalid model version "models/props_lab/freightelevatorbutton.mdl"
Warning! Invalid model version "models/props_c17/substation_transformer01a.mdl"
Warning! Invalid model version "models/props_wasteland/exterior_fence002b.mdl"
Warning! Invalid model version "models/props_zoo/rock02d.mdl"
Warning! Invalid model version "models/props_lighting/airportlight01.mdl"
Warning! Invalid model version "models/themask/sbmp/env_objects/trash/sm_dumpster_01.mdl"
Warning! Invalid model version "models/props_wasteland/exterior_fence002e.mdl"
Warning! Invalid model version "models/props_electric/control_panel_003.mdl"
Warning! Invalid model version "models/props_electric/control_panel_004.mdl"
27134 faces
9 degenerate faces
22983016 square feet [3309554176.00 square inches]
690 Displacements
2503375 Square Feet [360486080.00 Square Inches]
27125 patches before subdivision
1334119 patches after subdivision
434 direct lights
0...1...2...3...4...5...6...7...8...9...100


materialPath: D:\SteamLibrary\steamapps\common\GarrysMod\garrysmod\materials
Loading c:\users\linventif\documents\github\linventif-maps\linford\vmf\rp_linford.vmf
ConVarRef mat_reduceparticles doesn't point to an existing ConVar
fixing up env_cubemap materials on brush sides...
0...1...2...3...4...5...6...7...8...9...100...1...2...3...4...5...6...7...8...9...10Processing areas...done (0)
Building Faces...done (0)
Chop Details...done (0)
Find Visible Detail Sides...done (0)
Merging details...done (0)
FixTjuncs...
PruneNodes...
WriteBSP...
done (0)
writing c:\users\linventif\documents\github\linventif-maps\linford\vmf\rp_linford.prt...Building visibility clusters...
done (0)
Creating default LDR cubemaps for env_cubemap using skybox materials:
   skybox/sky_day01_01*.vmt
 ! Run buildcubemaps in the engine to get the correct cube maps.
Creating default HDR cubemaps for env_cubemap using skybox materials:
   skybox/sky_day01_01*.vmt
 ! Run buildcubemaps in the engine to get the correct cube maps.
Finding displacement neighbors...
Finding lightmap sample positions...
Displacement Alpha : 0...1...2...3...4...5...6...7...8...9...10
Building Physics collision data...
done (0) (30696 bytes)
Placing detail props : 0...1...2...3...4...5...6...7...8...9...10
Compacting texture/material tables...
Reduced 110 texinfos to 74
Reduced 9 texdatas to 9 (256 bytes to 256)
Writing c:\users\linventif\documents\github\linventif-maps\linford\vmf\rp_linford.bsp
0 seconds elapsed



24 threads
reading c:\users\linventif\documents\github\linventif-maps\linford\vmf\rp_linford.bsp
reading c:\users\linventif\documents\github\linventif-maps\linford\vmf\rp_linford.prt
  19 portalclusters
  36 numportals
0...1...2...3...4...5...6...7...8...9...10Optimized: 0 visible clusters (0.00%)
Total clusters visible: 153
Average clusters visible: 8
Building PAS...
Average clusters audible: 15
visdatasize:276  compressed from 304
writing c:\users\linventif\documents\github\linventif-maps\linford\vmf\rp_linford.bsp
0 seconds elapsed



[Reading texlights from 'lights.rad']
[45 texlights parsed from 'lights.rad']

Loading c:\users\linventif\documents\github\linventif-maps\linford\vmf\rp_linford.bsp
PREP OK
352 faces
45272 square feet [6519232.00 square inches]
0 Displacements
0 Square Feet [0.00 Square Inches]
352 patches before subdivision
5344 patches after subdivision
8 direct lights
0...1...2...3...4...5...6...7...8...9...100...1...2...3...4...5...6...7...8...9...10transfers 799011, max 399
transfer lists:   6.1 megs
0...1...2...3...4...5...6...7...8...9...10	Bounce #1 added RGB(19803, 12931, 8467)
0...1...2...3...4...5...6...7...8...9...10	Bounce #2 added RGB(1667, 712, 282)
Build Patch/Sample Hash Table(s).....Done<0.0010 sec>
0...1...2...3...4...5...6...7...8...9...10FinalLightFace Done
0 of 0 (0% of) surface lights went in leaf ambient cubes.
0...1...2...3...4...5...6...7...8...9...10Writing leaf ambient...done
Ready to Finish

Object names       Objects/Maxobjs  Memory / Maxmem  Fullness 
------------       ---------------  ---------------  -------- 
models                   5/4096          240/196608   ( 0.1%) 
brushes                 82/16384         984/196608   ( 0.5%) 
brushsides             615/163840       4920/1310720  ( 0.4%) 
planes                 332/65536        6640/1310720  ( 0.5%) 
vertexes               412/65536        4944/786432   ( 0.6%) 
nodes                  105/65536        3360/2097152  ( 0.2%) 
texinfos                74/12288        5328/884736   ( 0.6%) 
texdata                  9/2048          288/65536    ( 0.4%) 
dispinfos                0/0               0/0        ( 0.0%) 
disp_verts               0/0               0/0        ( 0.0%) 
disp_tris                0/0               0/0        ( 0.0%) 
disp_lmsamples           0/0               0/0        ( 0.0%) 
faces                  352/65536       19712/3670016  ( 0.5%) 
hdr faces                0/65536           0/3670016  ( 0.0%) 
origfaces              280/65536       15680/3670016  ( 0.4%) 
leaves                 111/65536        3552/2097152  ( 0.2%) 
leaffaces              374/65536         748/131072   ( 0.6%) 
leafbrushes            123/65536         246/131072   ( 0.2%) 
areas                    3/1024           24/8192     ( 0.3%) 
surfedges             2582/512000      10328/2048000  ( 0.5%) 
edges                 1332/256000       5328/1024000  ( 0.5%) 
LDR worldlights          8/8192          704/720896   ( 0.1%) 
HDR worldlights          0/8192            0/720896   ( 0.0%) 
leafwaterdata            0/32768           0/393216   ( 0.0%) 
waterstrips              4/32768          40/327680   ( 0.0%) 
waterverts               0/65536           0/786432   ( 0.0%) 
waterindices            48/65536          96/131072   ( 0.1%) 
cubemapsamples           0/1024            0/16384    ( 0.0%) 
overlays                 0/1024            0/360448   ( 0.0%) 
LDR lightdata         [variable]      324420/0        ( 0.0%) 
HDR lightdata         [variable]           0/0        ( 0.0%) 
visdata               [variable]         276/16777216 ( 0.0%) 
entdata               [variable]       14542/393216   ( 3.7%) 
LDR ambient table      111/65536         444/262144   ( 0.2%) 
HDR ambient table      111/65536         444/262144   ( 0.2%) 
LDR leaf ambient        88/65536        2464/1835008  ( 0.1%) 
HDR leaf ambient       111/65536        3108/1835008  ( 0.2%) 
occluders                0/0               0/0        ( 0.0%) 
occluder polygons        0/0               0/0        ( 0.0%) 
occluder vert ind        0/0               0/0        ( 0.0%) 
detail props          [variable]           1/12       ( 8.3%) 
static props          [variable]           1/206      ( 0.5%) 
pakfile               [variable]      105671/0        ( 0.0%) 
physics               [variable]       30696/4194304  ( 0.7%) 
physics terrain       [variable]           2/1048576  ( 0.0%) 

Level flags = 0

Total triangle count: 758
Writing c:\users\linventif\documents\github\linventif-maps\linford\vmf\rp_linford.bsp
0 seconds elapsed



materialPath: D:\SteamLibrary\steamapps\common\GarrysMod\garrysmod\materials
Loading c:\users\linventif\documents\github\linventif-maps\linford\vmf\rp_linford.vmf
ConVarRef mat_reduceparticles doesn't point to an existing ConVar
fixing up env_cubemap materials on brush sides...
0...1...2...3...4...5...6...7...8...9...100...1...2...3...4...5...6...7...8...9...10Processing areas...done (0)
Building Faces...done (0)
Chop Details...done (0)
Find Visible Detail Sides...done (0)
Merging details...done (0)
FixTjuncs...
PruneNodes...
WriteBSP...
done (0)
writing c:\users\linventif\documents\github\linventif-maps\linford\vmf\rp_linford.prt...Building visibility clusters...
done (0)
Creating default LDR cubemaps for env_cubemap using skybox materials:
   skybox/sky_day01_01*.vmt
 ! Run buildcubemaps in the engine to get the correct cube maps.
Creating default HDR cubemaps for env_cubemap using skybox materials:
   skybox/sky_day01_01*.vmt
 ! Run buildcubemaps in the engine to get the correct cube maps.
Finding displacement neighbors...
Finding lightmap sample positions...
Displacement Alpha : 0...1...2...3...4...5...6...7...8...9...10
Building Physics collision data...
done (0) (28600 bytes)
Placing detail props : 0...1...2...3...4...5...6...7...8...9...10
Compacting texture/material tables...
Reduced 98 texinfos to 69
Reduced 9 texdatas to 9 (256 bytes to 256)
Writing c:\users\linventif\documents\github\linventif-maps\linford\vmf\rp_linford.bsp
0 seconds elapsed



24 threads
reading c:\users\linventif\documents\github\linventif-maps\linford\vmf\rp_linford.bsp
reading c:\users\linventif\documents\github\linventif-maps\linford\vmf\rp_linford.prt
  17 portalclusters
  35 numportals
0...1...2...3...4...5...6...7...8...9...10Optimized: 0 visible clusters (0.00%)
Total clusters visible: 149
Average clusters visible: 8
Building PAS...
Average clusters audible: 17
visdatasize:245  compressed from 272
writing c:\users\linventif\documents\github\linventif-maps\linford\vmf\rp_linford.bsp
0 seconds elapsed



[Reading texlights from 'lights.rad']
[45 texlights parsed from 'lights.rad']

Loading c:\users\linventif\documents\github\linventif-maps\linford\vmf\rp_linford.bsp
PREP OK
338 faces
43981 square feet [6333376.00 square inches]
0 Displacements
0 Square Feet [0.00 Square Inches]
338 patches before subdivision
5098 patches after subdivision
6 direct lights
0...1...2...3...4...5...6...7...8...9...100...1...2...3...4...5...6...7...8...9...10transfers 769405, max 394
transfer lists:   5.9 megs
0...1...2...3...4...5...6...7...8...9...10	Bounce #1 added RGB(19475, 12713, 8319)
0...1...2...3...4...5...6...7...8...9...10	Bounce #2 added RGB(1634, 698, 276)
Build Patch/Sample Hash Table(s).....Done<0.0010 sec>
0...1...2...3...4...5...6...7...8...9...10FinalLightFace Done
0 of 0 (0% of) surface lights went in leaf ambient cubes.
0...1...2...3...4...5...6...7...8...9...10Writing leaf ambient...done
Ready to Finish

Object names       Objects/Maxobjs  Memory / Maxmem  Fullness 
------------       ---------------  ---------------  -------- 
models                   5/4096          240/196608   ( 0.1%) 
brushes                 76/16384         912/196608   ( 0.5%) 
brushsides             579/163840       4632/1310720  ( 0.4%) 
planes                 300/65536        6000/1310720  ( 0.5%) 
vertexes               398/65536        4776/786432   ( 0.6%) 
nodes                   86/65536        2752/2097152  ( 0.1%) 
texinfos                69/12288        4968/884736   ( 0.6%) 
texdata                  9/2048          288/65536    ( 0.4%) 
dispinfos                0/0               0/0        ( 0.0%) 
disp_verts               0/0               0/0        ( 0.0%) 
disp_tris                0/0               0/0        ( 0.0%) 
disp_lmsamples           0/0               0/0        ( 0.0%) 
faces                  338/65536       18928/3670016  ( 0.5%) 
hdr faces                0/65536           0/3670016  ( 0.0%) 
origfaces              274/65536       15344/3670016  ( 0.4%) 
leaves                  92/65536        2944/2097152  ( 0.1%) 
leaffaces              380/65536         760/131072   ( 0.6%) 
leafbrushes            111/65536         222/131072   ( 0.2%) 
areas                    2/1024           16/8192     ( 0.2%) 
surfedges             2506/512000      10024/2048000  ( 0.5%) 
edges                 1294/256000       5176/1024000  ( 0.5%) 
LDR worldlights          6/8192          528/720896   ( 0.1%) 
HDR worldlights          0/8192            0/720896   ( 0.0%) 
leafwaterdata            0/32768           0/393216   ( 0.0%) 
waterstrips              4/32768          40/327680   ( 0.0%) 
waterverts               0/65536           0/786432   ( 0.0%) 
waterindices            48/65536          96/131072   ( 0.1%) 
cubemapsamples           0/1024            0/16384    ( 0.0%) 
overlays                 0/1024            0/360448   ( 0.0%) 
LDR lightdata         [variable]      319312/0        ( 0.0%) 
HDR lightdata         [variable]           0/0        ( 0.0%) 
visdata               [variable]         245/16777216 ( 0.0%) 
entdata               [variable]       12206/393216   ( 3.1%) 
LDR ambient table       92/65536         368/262144   ( 0.1%) 
HDR ambient table       92/65536         368/262144   ( 0.1%) 
LDR leaf ambient        86/65536        2408/1835008  ( 0.1%) 
HDR leaf ambient        92/65536        2576/1835008  ( 0.1%) 
occluders                0/0               0/0        ( 0.0%) 
occluder polygons        0/0               0/0        ( 0.0%) 
occluder vert ind        0/0               0/0        ( 0.0%) 
detail props          [variable]           1/12       ( 8.3%) 
static props          [variable]           1/12       ( 8.3%) 
pakfile               [variable]      105671/0        ( 0.0%) 
physics               [variable]       28600/4194304  ( 0.7%) 
physics terrain       [variable]           2/1048576  ( 0.0%) 

Level flags = 0

Total triangle count: 734
Writing c:\users\linventif\documents\github\linventif-maps\linford\vmf\rp_linford.bsp
0 seconds elapsed



materialPath: D:\SteamLibrary\steamapps\common\GarrysMod\garrysmod\materials
Loading c:\users\linventif\documents\github\linventif-maps\linford\vmf\rp_linford.vmf
ConVarRef mat_reduceparticles doesn't point to an existing ConVar
fixing up env_cubemap materials on brush sides...
0...1...2...3...4...5...6...7...8...9...100...1...2...3...4...5...6...7...8...9...10Processing areas...done (0)
Building Faces...done (0)
Chop Details...done (0)
Find Visible Detail Sides...done (0)
Merging details...done (0)
FixTjuncs...
PruneNodes...
WriteBSP...
done (0)
writing c:\users\linventif\documents\github\linventif-maps\linford\vmf\rp_linford.prt...Building visibility clusters...
done (0)
Creating default LDR cubemaps for env_cubemap using skybox materials:
   skybox/sky_day01_01*.vmt
 ! Run buildcubemaps in the engine to get the correct cube maps.
Creating default HDR cubemaps for env_cubemap using skybox materials:
   skybox/sky_day01_01*.vmt
 ! Run buildcubemaps in the engine to get the correct cube maps.
Finding displacement neighbors...
Finding lightmap sample positions...
Displacement Alpha : 0...1...2...3...4...5...6...7...8...9...10
Building Physics collision data...
done (0) (28600 bytes)
Placing detail props : 0...1...2...3...4...5...6...7...8...9...10
Compacting texture/material tables...
Reduced 98 texinfos to 69
Reduced 9 texdatas to 9 (256 bytes to 256)
Writing c:\users\linventif\documents\github\linventif-maps\linford\vmf\rp_linford.bsp
0 seconds elapsed



24 threads
reading c:\users\linventif\documents\github\linventif-maps\linford\vmf\rp_linford.bsp
reading c:\users\linventif\documents\github\linventif-maps\linford\vmf\rp_linford.prt
   3 portalclusters
   2 numportals
0...1...2...3...4...5...6...7...8...9...10Optimized: 0 visible clusters (0.00%)
Total clusters visible: 9
Average clusters visible: 3
Building PAS...
Average clusters audible: 3
visdatasize:34  compressed from 48
writing c:\users\linventif\documents\github\linventif-maps\linford\vmf\rp_linford.bsp
0 seconds elapsed



[Reading texlights from 'lights.rad']
[45 texlights parsed from 'lights.rad']

Loading c:\users\linventif\documents\github\linventif-maps\linford\vmf\rp_linford.bsp
PREP OK
324 faces
43981 square feet [6333376.00 square inches]
0 Displacements
0 Square Feet [0.00 Square Inches]
324 patches before subdivision
5280 patches after subdivision
6 direct lights
0...1...2...3...4...5...6...7...8...9...100...1...2...3...4...5...6...7...8...9...10transfers 791178, max 382
transfer lists:   6.0 megs
0...1...2...3...4...5...6...7...8...9...10	Bounce #1 added RGB(20043, 13075, 8540)
0...1...2...3...4...5...6...7...8...9...10	Bounce #2 added RGB(1681, 718, 284)
Build Patch/Sample Hash Table(s).....Done<0.0010 sec>
0...1...2...3...4...5...6...7...8...9...10FinalLightFace Done
0 of 0 (0% of) surface lights went in leaf ambient cubes.
0...1...2...3...4...5...6...7...8...9...10Writing leaf ambient...done
Ready to Finish

Object names       Objects/Maxobjs  Memory / Maxmem  Fullness 
------------       ---------------  ---------------  -------- 
models                   5/4096          240/196608   ( 0.1%) 
brushes                 76/16384         912/196608   ( 0.5%) 
brushsides             579/163840       4632/1310720  ( 0.4%) 
planes                 300/65536        6000/1310720  ( 0.5%) 
vertexes               370/65536        4440/786432   ( 0.6%) 
nodes                   39/65536        1248/2097152  ( 0.1%) 
texinfos                69/12288        4968/884736   ( 0.6%) 
texdata                  9/2048          288/65536    ( 0.4%) 
dispinfos                0/0               0/0        ( 0.0%) 
disp_verts               0/0               0/0        ( 0.0%) 
disp_tris                0/0               0/0        ( 0.0%) 
disp_lmsamples           0/0               0/0        ( 0.0%) 
faces                  324/65536       18144/3670016  ( 0.5%) 
hdr faces                0/65536           0/3670016  ( 0.0%) 
origfaces              274/65536       15344/3670016  ( 0.4%) 
leaves                  45/65536        1440/2097152  ( 0.1%) 
leaffaces              342/65536         684/131072   ( 0.5%) 
leafbrushes             81/65536         162/131072   ( 0.1%) 
areas                    2/1024           16/8192     ( 0.2%) 
surfedges             2422/512000       9688/2048000  ( 0.5%) 
edges                 1252/256000       5008/1024000  ( 0.5%) 
LDR worldlights          6/8192          528/720896   ( 0.1%) 
HDR worldlights          0/8192            0/720896   ( 0.0%) 
leafwaterdata            0/32768           0/393216   ( 0.0%) 
waterstrips              0/32768           0/327680   ( 0.0%) 
waterverts               0/65536           0/786432   ( 0.0%) 
waterindices             0/65536           0/131072   ( 0.0%) 
cubemapsamples           0/1024            0/16384    ( 0.0%) 
overlays                 0/1024            0/360448   ( 0.0%) 
LDR lightdata         [variable]      310040/0        ( 0.0%) 
HDR lightdata         [variable]           0/0        ( 0.0%) 
visdata               [variable]          34/16777216 ( 0.0%) 
entdata               [variable]       12206/393216   ( 3.1%) 
LDR ambient table       45/65536         180/262144   ( 0.1%) 
HDR ambient table       45/65536         180/262144   ( 0.1%) 
LDR leaf ambient        72/65536        2016/1835008  ( 0.1%) 
HDR leaf ambient        45/65536        1260/1835008  ( 0.1%) 
occluders                0/0               0/0        ( 0.0%) 
occluder polygons        0/0               0/0        ( 0.0%) 
occluder vert ind        0/0               0/0        ( 0.0%) 
detail props          [variable]           1/12       ( 8.3%) 
static props          [variable]           1/12       ( 8.3%) 
pakfile               [variable]      105671/0        ( 0.0%) 
physics               [variable]       28600/4194304  ( 0.7%) 
physics terrain       [variable]           2/1048576  ( 0.0%) 

Level flags = 0

Total triangle count: 678
Writing c:\users\linventif\documents\github\linventif-maps\linford\vmf\rp_linford.bsp
0 seconds elapsed



materialPath: D:\SteamLibrary\steamapps\common\GarrysMod\garrysmod\materials
Loading c:\users\linventif\documents\github\linventif-maps\linford\vmf\rp_linford.vmf
fixing up env_cubemap materials on brush sides...
0...1...2...3...4...5...6...7...8...9...100...1...2...3...4...5...6...7...8...9...10Processing areas...done (0)
Building Faces...done (0)
FixTjuncs...
PruneNodes...
WriteBSP...
done (0)
writing c:\users\linventif\documents\github\linventif-maps\linford\vmf\rp_linford.prt...Building visibility clusters...
done (0)
Creating default LDR cubemaps for env_cubemap using skybox materials:
   skybox/sky_day01_01*.vmt
 ! Run buildcubemaps in the engine to get the correct cube maps.
Creating default HDR cubemaps for env_cubemap using skybox materials:
   skybox/sky_day01_01*.vmt
 ! Run buildcubemaps in the engine to get the correct cube maps.
Finding displacement neighbors...
Finding lightmap sample positions...
Displacement Alpha : 0...1...2...3...4...5...6...7...8...9...10
Building Physics collision data...
done (0) (2318 bytes)
Placing detail props : 0...1...2...3...4...5...6...7...8...9...10
Compacting texture/material tables...
Reduced 22 texinfos to 7
Reduced 4 texdatas to 4 (141 bytes to 141)
Writing c:\users\linventif\documents\github\linventif-maps\linford\vmf\rp_linford.bsp
0 seconds elapsed



24 threads
reading c:\users\linventif\documents\github\linventif-maps\linford\vmf\rp_linford.bsp
reading c:\users\linventif\documents\github\linventif-maps\linford\vmf\rp_linford.prt
   3 portalclusters
   2 numportals
0...1...2...3...4...5...6...7...8...9...10Optimized: 0 visible clusters (0.00%)
Total clusters visible: 9
Average clusters visible: 3
Building PAS...
Average clusters audible: 3
visdatasize:34  compressed from 48
writing c:\users\linventif\documents\github\linventif-maps\linford\vmf\rp_linford.bsp
0 seconds elapsed



[Reading texlights from 'lights.rad']
[45 texlights parsed from 'lights.rad']

Loading c:\users\linventif\documents\github\linventif-maps\linford\vmf\rp_linford.bsp
PREP OK
56 faces
40903 square feet [5890048.00 square inches]
0 Displacements
0 Square Feet [0.00 Square Inches]
56 patches before subdivision
3636 patches after subdivision
6 direct lights
0...1...2...3...4...5...6...7...8...9...100...1...2...3...4...5...6...7...8...9...10transfers 415763, max 263
transfer lists:   3.2 megs
0...1...2...3...4...5...6...7...8...9...10	Bounce #1 added RGB(14841, 9646, 6323)
0...1...2...3...4...5...6...7...8...9...10	Bounce #2 added RGB(1267, 519, 193)
Build Patch/Sample Hash Table(s).....Done<0.0009 sec>
0...1...2...3...4...5...6...7...8...9...10FinalLightFace Done
0 of 0 (0% of) surface lights went in leaf ambient cubes.
0...1...2...3...4...5...6...7...8...9...10Writing leaf ambient...done
Ready to Finish

Object names       Objects/Maxobjs  Memory / Maxmem  Fullness 
------------       ---------------  ---------------  -------- 
models                   1/4096           48/196608   ( 0.0%) 
brushes                  6/16384          72/196608   ( 0.0%) 
brushsides              36/163840        288/1310720  ( 0.0%) 
planes                  40/65536         800/1310720  ( 0.1%) 
vertexes                74/65536         888/786432   ( 0.1%) 
nodes                   15/65536         480/2097152  ( 0.0%) 
texinfos                 7/12288         504/884736   ( 0.1%) 
texdata                  4/2048          128/65536    ( 0.2%) 
dispinfos                0/0               0/0        ( 0.0%) 
disp_verts               0/0               0/0        ( 0.0%) 
disp_tris                0/0               0/0        ( 0.0%) 
disp_lmsamples           0/0               0/0        ( 0.0%) 
faces                   56/65536        3136/3670016  ( 0.1%) 
hdr faces                0/65536           0/3670016  ( 0.0%) 
origfaces                6/65536         336/3670016  ( 0.0%) 
leaves                  17/65536         544/2097152  ( 0.0%) 
leaffaces               74/65536         148/131072   ( 0.1%) 
leafbrushes             11/65536          22/131072   ( 0.0%) 
areas                    2/1024           16/8192     ( 0.2%) 
surfedges              278/512000       1112/2048000  ( 0.1%) 
edges                  140/256000        560/1024000  ( 0.1%) 
LDR worldlights          6/8192          528/720896   ( 0.1%) 
HDR worldlights          0/8192            0/720896   ( 0.0%) 
leafwaterdata            0/32768           0/393216   ( 0.0%) 
waterstrips              0/32768           0/327680   ( 0.0%) 
waterverts               0/65536           0/786432   ( 0.0%) 
waterindices             0/65536           0/131072   ( 0.0%) 
cubemapsamples           0/1024            0/16384    ( 0.0%) 
overlays                 0/1024            0/360448   ( 0.0%) 
LDR lightdata         [variable]      282784/0        ( 0.0%) 
HDR lightdata         [variable]           0/0        ( 0.0%) 
visdata               [variable]          34/16777216 ( 0.0%) 
entdata               [variable]        6530/393216   ( 1.7%) 
LDR ambient table       17/65536          68/262144   ( 0.0%) 
HDR ambient table       17/65536          68/262144   ( 0.0%) 
LDR leaf ambient        48/65536        1344/1835008  ( 0.1%) 
HDR leaf ambient        17/65536         476/1835008  ( 0.0%) 
occluders                0/0               0/0        ( 0.0%) 
occluder polygons        0/0               0/0        ( 0.0%) 
occluder vert ind        0/0               0/0        ( 0.0%) 
detail props          [variable]           1/12       ( 8.3%) 
static props          [variable]           1/12       ( 8.3%) 
pakfile               [variable]      105671/0        ( 0.0%) 
physics               [variable]        2318/4194304  ( 0.1%) 
physics terrain       [variable]           2/1048576  ( 0.0%) 

Level flags = 0

Total triangle count: 142
Writing c:\users\linventif\documents\github\linventif-maps\linford\vmf\rp_linford.bsp
0 seconds elapsed



materialPath: D:\SteamLibrary\steamapps\common\GarrysMod\garrysmod\materials
Loading c:\users\linventif\documents\github\linventif-maps\linford\vmf\rp_linford.vmf
fixing up env_cubemap materials on brush sides...
0...1...2...3...4...5...6...7...8...9...100...1...2...3...4...5...6...7...8...9...10Processing areas...done (0)
Building Faces...done (0)
FixTjuncs...
PruneNodes...
WriteBSP...
done (0)
writing c:\users\linventif\documents\github\linventif-maps\linford\vmf\rp_linford.prt...Building visibility clusters...
done (0)
Creating default LDR cubemaps for env_cubemap using skybox materials:
   skybox/sky_day01_01*.vmt
 ! Run buildcubemaps in the engine to get the correct cube maps.
Creating default HDR cubemaps for env_cubemap using skybox materials:
   skybox/sky_day01_01*.vmt
 ! Run buildcubemaps in the engine to get the correct cube maps.
Finding displacement neighbors...
Finding lightmap sample positions...
Displacement Alpha : 0...1...2...3...4...5...6...7...8...9...10
Building Physics collision data...
done (0) (2279 bytes)
Placing detail props : 0...1...2...3...4...5...6...7...8...9...10
Compacting texture/material tables...
Reduced 3 texinfos to 3
Reduced 1 texdatas to 1 (27 bytes to 27)
Writing c:\users\linventif\documents\github\linventif-maps\linford\vmf\rp_linford.bsp
1 second elapsed



24 threads
reading c:\users\linventif\documents\github\linventif-maps\linford\vmf\rp_linford.bsp
reading c:\users\linventif\documents\github\linventif-maps\linford\vmf\rp_linford.prt
   4 portalclusters
   4 numportals
0...1...2...3...4...5...6...7...8...9...10Optimized: 0 visible clusters (0.00%)
Total clusters visible: 16
Average clusters visible: 4
Building PAS...
Average clusters audible: 4
visdatasize:44  compressed from 64
writing c:\users\linventif\documents\github\linventif-maps\linford\vmf\rp_linford.bsp
0 seconds elapsed



[Reading texlights from 'lights.rad']
[45 texlights parsed from 'lights.rad']

Loading c:\users\linventif\documents\github\linventif-maps\linford\vmf\rp_linford.bsp
PREP OK
22 faces
14066 square feet [2025600.00 square inches]
0 Displacements
0 Square Feet [0.00 Square Inches]
22 patches before subdivision
1722 patches after subdivision
0 direct lights
0...1...2...3...4...5...6...7...8...9...100...1...2...3...4...5...6...7...8...9...10transfers 167584, max 224
transfer lists:   1.3 megs
0...1...2...3...4...5...6...7...8...9...10	Bounce #1 added RGB(0, 0, 0)
Build Patch/Sample Hash Table(s).....Done<0.0003 sec>
0...1...2...3...4...5...6...7...8...9...10FinalLightFace Done
0 of 0 (0% of) surface lights went in leaf ambient cubes.
0...1...2...3...4...5...6...7...8...9...10Writing leaf ambient...done
Ready to Finish

Object names       Objects/Maxobjs  Memory / Maxmem  Fullness 
------------       ---------------  ---------------  -------- 
models                   1/4096           48/196608   ( 0.0%) 
brushes                  6/16384          72/196608   ( 0.0%) 
brushsides              36/163840        288/1310720  ( 0.0%) 
planes                  40/65536         800/1310720  ( 0.1%) 
vertexes                41/65536         492/786432   ( 0.1%) 
nodes                   27/65536         864/2097152  ( 0.0%) 
texinfos                 3/12288         216/884736   ( 0.0%) 
texdata                  1/2048           32/65536    ( 0.0%) 
dispinfos                0/0               0/0        ( 0.0%) 
disp_verts               0/0               0/0        ( 0.0%) 
disp_tris                0/0               0/0        ( 0.0%) 
disp_lmsamples           0/0               0/0        ( 0.0%) 
faces                   22/65536        1232/3670016  ( 0.0%) 
hdr faces                0/65536           0/3670016  ( 0.0%) 
origfaces                6/65536         336/3670016  ( 0.0%) 
leaves                  29/65536         928/2097152  ( 0.0%) 
leaffaces               22/65536          44/131072   ( 0.0%) 
leafbrushes             16/65536          32/131072   ( 0.0%) 
areas                    2/1024           16/8192     ( 0.2%) 
surfedges              112/512000        448/2048000  ( 0.0%) 
edges                   69/256000        276/1024000  ( 0.0%) 
LDR worldlights          0/8192            0/720896   ( 0.0%) 
HDR worldlights          0/8192            0/720896   ( 0.0%) 
leafwaterdata            0/32768           0/393216   ( 0.0%) 
waterstrips              0/32768           0/327680   ( 0.0%) 
waterverts               0/65536           0/786432   ( 0.0%) 
waterindices             0/65536           0/131072   ( 0.0%) 
cubemapsamples           0/1024            0/16384    ( 0.0%) 
overlays                 0/1024            0/360448   ( 0.0%) 
LDR lightdata         [variable]       36456/0        ( 0.0%) 
HDR lightdata         [variable]           0/0        ( 0.0%) 
visdata               [variable]          44/16777216 ( 0.0%) 
entdata               [variable]         350/393216   ( 0.1%) 
LDR ambient table       29/65536         116/262144   ( 0.0%) 
HDR ambient table       29/65536         116/262144   ( 0.0%) 
LDR leaf ambient         4/65536         112/1835008  ( 0.0%) 
HDR leaf ambient        29/65536         812/1835008  ( 0.0%) 
occluders                0/0               0/0        ( 0.0%) 
occluder polygons        0/0               0/0        ( 0.0%) 
occluder vert ind        0/0               0/0        ( 0.0%) 
detail props          [variable]           1/12       ( 8.3%) 
static props          [variable]           1/12       ( 8.3%) 
pakfile               [variable]      105671/0        ( 0.0%) 
physics               [variable]        2279/4194304  ( 0.1%) 
physics terrain       [variable]           2/1048576  ( 0.0%) 

Level flags = 0

Total triangle count: 44
Writing c:\users\linventif\documents\github\linventif-maps\linford\vmf\rp_linford.bsp
0 seconds elapsed



materialPath: D:\SteamLibrary\steamapps\common\GarrysMod\garrysmod\materials
Loading c:\users\linventif\documents\github\linventif-maps\linford\vmf\rp_linford.vmf
ConVarRef mat_reduceparticles doesn't point to an existing ConVar
fixing up env_cubemap materials on brush sides...
0...1...2...3...4...5...6...7...8...9...100...1...2...3...4...5...6...7...8...9...10Processing areas...done (0)
Building Faces...done (0)
Chop Details...done (0)
Find Visible Detail Sides...done (0)
Merging details...done (0)
FixTjuncs...
PruneNodes...
WriteBSP...
done (0)
writing c:\users\linventif\documents\github\linventif-maps\linford\vmf\rp_linford.prt...Building visibility clusters...
done (0)
Creating default LDR cubemaps for env_cubemap using skybox materials:
   skybox/sky_day01_01*.vmt
 ! Run buildcubemaps in the engine to get the correct cube maps.
Creating default HDR cubemaps for env_cubemap using skybox materials:
   skybox/sky_day01_01*.vmt
 ! Run buildcubemaps in the engine to get the correct cube maps.
Finding displacement neighbors...
Finding lightmap sample positions...
Displacement Alpha : 0...1...2...3...4...5...6...7...8...9...10
Building Physics collision data...
done (0) (30696 bytes)
Placing detail props : 0...1...2...3...4...5...6...7...8...9...10
Compacting texture/material tables...
Reduced 110 texinfos to 74
Reduced 9 texdatas to 9 (256 bytes to 256)
Writing c:\users\linventif\documents\github\linventif-maps\linford\vmf\rp_linford.bsp
1 second elapsed



24 threads
reading c:\users\linventif\documents\github\linventif-maps\linford\vmf\rp_linford.bsp
reading c:\users\linventif\documents\github\linventif-maps\linford\vmf\rp_linford.prt
   5 portalclusters
   3 numportals
0...1...2...3...4...5...6...7...8...9...10Optimized: 0 visible clusters (0.00%)
Total clusters visible: 13
Average clusters visible: 2
Building PAS...
Average clusters audible: 2
visdatasize:54  compressed from 80
writing c:\users\linventif\documents\github\linventif-maps\linford\vmf\rp_linford.bsp
0 seconds elapsed



[Reading texlights from 'lights.rad']
[45 texlights parsed from 'lights.rad']

Loading c:\users\linventif\documents\github\linventif-maps\linford\vmf\rp_linford.bsp
PREP OK
338 faces
45272 square feet [6519232.00 square inches]
0 Displacements
0 Square Feet [0.00 Square Inches]
338 patches before subdivision
5526 patches after subdivision
8 direct lights
0...1...2...3...4...5...6...7...8...9...100...1...2...3...4...5...6...7...8...9...10transfers 820732, max 386
transfer lists:   6.3 megs
0...1...2...3...4...5...6...7...8...9...10	Bounce #1 added RGB(20371, 13293, 8688)
0...1...2...3...4...5...6...7...8...9...10	Bounce #2 added RGB(1713, 732, 290)
Build Patch/Sample Hash Table(s).....Done<0.0010 sec>
0...1...2...3...4...5...6...7...8...9...10FinalLightFace Done
0 of 0 (0% of) surface lights went in leaf ambient cubes.
0...1...2...3...4...5...6...7...8...9...10Writing leaf ambient...done
Ready to Finish

Object names       Objects/Maxobjs  Memory / Maxmem  Fullness 
------------       ---------------  ---------------  -------- 
models                   5/4096          240/196608   ( 0.1%) 
brushes                 82/16384         984/196608   ( 0.5%) 
brushsides             615/163840       4920/1310720  ( 0.4%) 
planes                 332/65536        6640/1310720  ( 0.5%) 
vertexes               384/65536        4608/786432   ( 0.6%) 
nodes                   58/65536        1856/2097152  ( 0.1%) 
texinfos                74/12288        5328/884736   ( 0.6%) 
texdata                  9/2048          288/65536    ( 0.4%) 
dispinfos                0/0               0/0        ( 0.0%) 
disp_verts               0/0               0/0        ( 0.0%) 
disp_tris                0/0               0/0        ( 0.0%) 
disp_lmsamples           0/0               0/0        ( 0.0%) 
faces                  338/65536       18928/3670016  ( 0.5%) 
hdr faces                0/65536           0/3670016  ( 0.0%) 
origfaces              280/65536       15680/3670016  ( 0.4%) 
leaves                  64/65536        2048/2097152  ( 0.1%) 
leaffaces              344/65536         688/131072   ( 0.5%) 
leafbrushes             93/65536         186/131072   ( 0.1%) 
areas                    3/1024           24/8192     ( 0.3%) 
surfedges             2498/512000       9992/2048000  ( 0.5%) 
edges                 1290/256000       5160/1024000  ( 0.5%) 
LDR worldlights          8/8192          704/720896   ( 0.1%) 
HDR worldlights          0/8192            0/720896   ( 0.0%) 
leafwaterdata            0/32768           0/393216   ( 0.0%) 
waterstrips              0/32768           0/327680   ( 0.0%) 
waterverts               0/65536           0/786432   ( 0.0%) 
waterindices             0/65536           0/131072   ( 0.0%) 
cubemapsamples           0/1024            0/16384    ( 0.0%) 
overlays                 0/1024            0/360448   ( 0.0%) 
LDR lightdata         [variable]      315148/0        ( 0.0%) 
HDR lightdata         [variable]           0/0        ( 0.0%) 
visdata               [variable]          54/16777216 ( 0.0%) 
entdata               [variable]       14542/393216   ( 3.7%) 
LDR ambient table       64/65536         256/262144   ( 0.1%) 
HDR ambient table       64/65536         256/262144   ( 0.1%) 
LDR leaf ambient        74/65536        2072/1835008  ( 0.1%) 
HDR leaf ambient        64/65536        1792/1835008  ( 0.1%) 
occluders                0/0               0/0        ( 0.0%) 
occluder polygons        0/0               0/0        ( 0.0%) 
occluder vert ind        0/0               0/0        ( 0.0%) 
detail props          [variable]           1/12       ( 8.3%) 
static props          [variable]           1/206      ( 0.5%) 
pakfile               [variable]      105671/0        ( 0.0%) 
physics               [variable]       30696/4194304  ( 0.7%) 
physics terrain       [variable]           2/1048576  ( 0.0%) 

Level flags = 0

Total triangle count: 702
Writing c:\users\linventif\documents\github\linventif-maps\linford\vmf\rp_linford.bsp
0 seconds elapsed



materialPath: D:\SteamLibrary\steamapps\common\GarrysMod\garrysmod\materials
Loading c:\users\linventif\documents\github\linventif-maps\linford\vmf\rp_linford.vmf
ConVarRef mat_reduceparticles doesn't point to an existing ConVar
fixing up env_cubemap materials on brush sides...
0...1...2...3...4...5...6...7...8...9...100...1...2...3...4...5...6...7...8...9...10Processing areas...done (0)
Building Faces...done (0)
Chop Details...done (0)
Find Visible Detail Sides...done (0)
Merging details...done (0)
FixTjuncs...
PruneNodes...
WriteBSP...
done (0)
writing c:\users\linventif\documents\github\linventif-maps\linford\vmf\rp_linford.prt...Building visibility clusters...
done (0)
Creating default LDR cubemaps for env_cubemap using skybox materials:
   skybox/sky_day01_01*.vmt
 ! Run buildcubemaps in the engine to get the correct cube maps.
Creating default HDR cubemaps for env_cubemap using skybox materials:
   skybox/sky_day01_01*.vmt
 ! Run buildcubemaps in the engine to get the correct cube maps.
Finding displacement neighbors...
Finding lightmap sample positions...
Displacement Alpha : 0...1...2...3...4...5...6...7...8...9...10
Building Physics collision data...
done (0) (76473 bytes)
WARNING! model "models/props_electric/control_panel_003.mdl" has mismatching model version (49, expected 48)! Expect problems.
WARNING! model "models/props_electric/control_panel_004.mdl" has mismatching model version (49, expected 48)! Expect problems.
Error! To use model "models/props_industrial/lift_button.mdl"
      with prop_static, it must be compiled with $staticprop!
Error loading studio model STATIC "models/props_industrial/lift_button.mdl"!
Placing detail props : 0...1...2...3...4...5...6...7...8...9...10
Compacting texture/material tables...
Reduced 285 texinfos to 186
Reduced 25 texdatas to 24 (691 bytes to 655)
Writing c:\users\linventif\documents\github\linventif-maps\linford\vmf\rp_linford.bsp
1 second elapsed



24 threads
reading c:\users\linventif\documents\github\linventif-maps\linford\vmf\rp_linford.bsp
reading c:\users\linventif\documents\github\linventif-maps\linford\vmf\rp_linford.prt
 124 portalclusters
 260 numportals
0...1...2...3...4...5...6...7...8...9...10Optimized: 4 visible clusters (0.14%)
Total clusters visible: 2848
Average clusters visible: 22
Building PAS...
Average clusters audible: 23
visdatasize:2748  compressed from 3968
writing c:\users\linventif\documents\github\linventif-maps\linford\vmf\rp_linford.bsp
0 seconds elapsed



[Reading texlights from 'lights.rad']
[45 texlights parsed from 'lights.rad']

Loading c:\users\linventif\documents\github\linventif-maps\linford\vmf\rp_linford.bsp
PREP OK
Warning! Invalid model version "models/props_electric/control_panel_003.mdl"
Warning! Invalid model version "models/props_electric/control_panel_004.mdl"
1026 faces
566584 square feet [81588176.00 square inches]
20 Displacements
58571 Square Feet [8434300.00 Square Inches]
1026 patches before subdivision
53556 patches after subdivision
28 direct lights
0...1...2...3...4...5...6...7...8...9...100...1...2...3...4...5...6...7...8...9...10transfers 5082982, max 379
transfer lists:  38.8 megs
0...1...2...3...4...5...6...7...8...9...10	Bounce #1 added RGB(116222, 104737, 62342)
0...1...2...3...4...5...6...7...8...9...10	Bounce #2 added RGB(20519, 17851, 11087)
Build Patch/Sample Hash Table(s).....Done<0.0131 sec>
0...1...2...3...4...5...6...7...8...9...10FinalLightFace Done
0 of 0 (0% of) surface lights went in leaf ambient cubes.
0...1...2...3...4...5...6...7...8...9...10Writing leaf ambient...done
Ready to Finish

Object names       Objects/Maxobjs  Memory / Maxmem  Fullness 
------------       ---------------  ---------------  -------- 
models                   5/4096          240/196608   ( 0.1%) 
brushes                220/16384        2640/196608   ( 1.3%) 
brushsides            1531/163840      12248/1310720  ( 0.9%) 
planes                 596/65536       11920/1310720  ( 0.9%) 
vertexes              1346/65536       16152/786432   ( 2.1%) 
nodes                  386/65536       12352/2097152  ( 0.6%) 
texinfos               186/12288       13392/884736   ( 1.5%) 
texdata                 24/2048          768/65536    ( 1.2%) 
dispinfos               20/0            3520/0        ( 0.0%) 
disp_verts            1620/0           32400/0        ( 0.0%) 
disp_tris             2560/0            5120/0        ( 0.0%) 
disp_lmsamples      232320/0          232320/0        ( 0.0%) 
faces                 1026/65536       57456/3670016  ( 1.6%) 
hdr faces                0/65536           0/3670016  ( 0.0%) 
origfaces              459/65536       25704/3670016  ( 0.7%) 
leaves                 392/65536       12544/2097152  ( 0.6%) 
leaffaces             1234/65536        2468/131072   ( 1.9%) 
leafbrushes            452/65536         904/131072   ( 0.7%) 
areas                    9/1024           72/8192     ( 0.9%) 
surfedges             6190/512000      24760/2048000  ( 1.2%) 
edges                 3397/256000      13588/1024000  ( 1.3%) 
LDR worldlights         28/8192         2464/720896   ( 0.3%) 
HDR worldlights          0/8192            0/720896   ( 0.0%) 
leafwaterdata            2/32768          24/393216   ( 0.0%) 
waterstrips             13/32768         130/327680   ( 0.0%) 
waterverts               0/65536           0/786432   ( 0.0%) 
waterindices           195/65536         390/131072   ( 0.3%) 
cubemapsamples           0/1024            0/16384    ( 0.0%) 
overlays                 0/1024            0/360448   ( 0.0%) 
LDR lightdata         [variable]     2304044/0        ( 0.0%) 
HDR lightdata         [variable]           0/0        ( 0.0%) 
visdata               [variable]        2748/16777216 ( 0.0%) 
entdata               [variable]       27075/393216   ( 6.9%) 
LDR ambient table      392/65536        1568/262144   ( 0.6%) 
HDR ambient table      392/65536        1568/262144   ( 0.6%) 
LDR leaf ambient      1666/65536       46648/1835008  ( 2.5%) 
HDR leaf ambient       392/65536       10976/1835008  ( 0.6%) 
occluders                0/0               0/0        ( 0.0%) 
occluder polygons        0/0               0/0        ( 0.0%) 
occluder vert ind        0/0               0/0        ( 0.0%) 
detail props          [variable]           1/12       ( 8.3%) 
static props          [variable]           1/5668     ( 0.0%) 
pakfile               [variable]      105942/0        ( 0.0%) 
physics               [variable]       76473/4194304  ( 1.8%) 
physics terrain       [variable]       14362/1048576  ( 1.4%) 

Level flags = 0

Total triangle count: 2294
Writing c:\users\linventif\documents\github\linventif-maps\linford\vmf\rp_linford.bsp
1 second elapsed



materialPath: D:\SteamLibrary\steamapps\common\GarrysMod\garrysmod\materials
Loading c:\users\linventif\documents\github\linventif-maps\linford\vmf\rp_linford.vmf
Can't find surfaceprop sheetrock for material PLASTER/CEILING_POPCORN02, using default
ConVarRef mat_reduceparticles doesn't point to an existing ConVar
Patching WVT material: maps/rp_linford/pichot/grass/pichotgrass_wvt_patch
fixing up env_cubemap materials on brush sides...
env_cubemap pointing at deleted brushside near (40, 10120, 585)
0...1...2...3...4...5...6...7...8...9...100...1...2...3...4...5...6...7...8...9...10Processing areas...done (0)
Building Faces...done (0)
Chop Details...done (0)
Find Visible Detail Sides...
Merged 2372 detail faces...done (0)
Merging details...done (0)
FixTjuncs...
PruneNodes...
WriteBSP...
done (1)
writing c:\users\linventif\documents\github\linventif-maps\linford\vmf\rp_linford.prt...Building visibility clusters...
done (0)
Creating default LDR cubemaps for env_cubemap using skybox materials:
   skybox/sky_day01_01*.vmt
 ! Run buildcubemaps in the engine to get the correct cube maps.
Creating default HDR cubemaps for env_cubemap using skybox materials:
   skybox/sky_day01_01*.vmt
 ! Run buildcubemaps in the engine to get the correct cube maps.
Finding displacement neighbors...
Finding lightmap sample positions...
Displacement Alpha : 0...1...2...3...4...5...6...7...8...9...10
Building Physics collision data...
done (1) (1397620 bytes)
WARNING! model "models/props_foliage/mall_bush02.mdl" has mismatching model version (49, expected 48)! Expect problems.
WARNING! model "models/props_c17/handrail04_corner.mdl" has mismatching model version (49, expected 48)! Expect problems.
WARNING! model "models/props_buildings/watertower_001a.mdl" has mismatching model version (49, expected 48)! Expect problems.
WARNING! model "models/props_foliage/maple_001_l.mdl" has mismatching model version (49, expected 48)! Expect problems.
WARNING! model "models/props_foliage/mall_tree_large01.mdl" has mismatching model version (49, expected 48)! Expect problems.
WARNING! model "models/props_c17/gasmeter001a.mdl" has mismatching model version (49, expected 48)! Expect problems.
WARNING! model "models/props_interiors/lights_florescent01a.mdl" has mismatching model version (49, expected 48)! Expect problems.
WARNING! model "models/props_lab/freightelevatorbutton.mdl" has mismatching model version (49, expected 48)! Expect problems.
WARNING! model "models/props_c17/substation_transformer01a.mdl" has mismatching model version (49, expected 48)! Expect problems.
WARNING! model "models/props_wasteland/exterior_fence002b.mdl" has mismatching model version (49, expected 48)! Expect problems.
WARNING! model "models/props_zoo/rock02d.mdl" has mismatching model version (49, expected 48)! Expect problems.
WARNING! model "models/props_lighting/airportlight01.mdl" has mismatching model version (49, expected 48)! Expect problems.
WARNING! model "models/themask/sbmp/env_objects/trash/sm_dumpster_01.mdl" has mismatching model version (49, expected 48)! Expect problems.
WARNING! model "models/props_wasteland/exterior_fence002e.mdl" has mismatching model version (49, expected 48)! Expect problems.
WARNING! model "models/props_electric/control_panel_003.mdl" has mismatching model version (49, expected 48)! Expect problems.
WARNING! model "models/props_electric/control_panel_004.mdl" has mismatching model version (49, expected 48)! Expect problems.
Error! To use model "models/props_industrial/lift_button.mdl"
      with prop_static, it must be compiled with $staticprop!
Error loading studio model STATIC "models/props_industrial/lift_button.mdl"!
Placing detail props : 0...1...2...3...4...5...6...7...8...9...10
Compacting texture/material tables...
Reduced 9348 texinfos to 4874
Reduced 646 texdatas to 522 (26869 bytes to 22492)
Writing c:\users\linventif\documents\github\linventif-maps\linford\vmf\rp_linford.bsp
9 seconds elapsed



24 threads
reading c:\users\linventif\documents\github\linventif-maps\linford\vmf\rp_linford.bsp
reading c:\users\linventif\documents\github\linventif-maps\linford\vmf\rp_linford.prt
3333 portalclusters
10013 numportals
0...1...2...3...4...5...6...7...8...9...10Optimized: 41057 visible clusters (3.26%)
Total clusters visible: 1259960
Average clusters visible: 378
Building PAS...
Average clusters audible: 1112
visdatasize:1015238  compressed from 2826384
writing c:\users\linventif\documents\github\linventif-maps\linford\vmf\rp_linford.bsp
0 seconds elapsed



[Reading texlights from 'lights.rad']
[45 texlights parsed from 'lights.rad']

Loading c:\users\linventif\documents\github\linventif-maps\linford\vmf\rp_linford.bsp
PREP OK
Warning! Invalid model version "models/props_foliage/mall_bush02.mdl"
Warning! Invalid model version "models/props_c17/handrail04_corner.mdl"
Warning! Invalid model version "models/props_buildings/watertower_001a.mdl"
Warning! Invalid model version "models/props_foliage/maple_001_l.mdl"
Warning! Invalid model version "models/props_foliage/mall_tree_large01.mdl"
Warning! Invalid model version "models/props_c17/gasmeter001a.mdl"
Warning! Invalid model version "models/props_interiors/lights_florescent01a.mdl"
Warning! Invalid model version "models/props_lab/freightelevatorbutton.mdl"
Warning! Invalid model version "models/props_c17/substation_transformer01a.mdl"
Warning! Invalid model version "models/props_wasteland/exterior_fence002b.mdl"
Warning! Invalid model version "models/props_zoo/rock02d.mdl"
Warning! Invalid model version "models/props_lighting/airportlight01.mdl"
Warning! Invalid model version "models/themask/sbmp/env_objects/trash/sm_dumpster_01.mdl"
Warning! Invalid model version "models/props_wasteland/exterior_fence002e.mdl"
Warning! Invalid model version "models/props_electric/control_panel_003.mdl"
Warning! Invalid model version "models/props_electric/control_panel_004.mdl"
27876 faces
9 degenerate faces
23088218 square feet [3324703232.00 square inches]
690 Displacements
2503375 Square Feet [360486080.00 Square Inches]
27867 patches before subdivision
1347373 patches after subdivision
light has _fifty_percent_distance of 993.000000 but _zero_percent_distance of 650.000000
440 direct lights
0...1...2...3...4...5...6...7...8...9...100