PRT1
423
1142
4 0 10 (5520 4096 0 ) (5520 4096 1312 ) (5120 4096 1312 ) (5120 4096 0 ) 
4 0 7 (5264 4096 1816 ) (5120 4096 1816 ) (5120 4096 1312 ) (5264 4096 1312 ) 
4 0 5 (5296 4096 1816 ) (5264 4096 1816 ) (5264 4096 1312 ) (5296 4096 1312 ) 
4 0 4 (5520 4096 1312 ) (5520 4096 1816 ) (5296 4096 1816 ) (5296 4096 1312 ) 
4 0 3 (5520 4096 1816 ) (5520 4096 2304 ) (5120 4096 2304 ) (5120 4096 1816 ) 
4 0 1 (5120 4096 0 ) (5120 4096 2304 ) (5120 4160 2304 ) (5120 4160 0 ) 
4 1 17 (5120 4096 0 ) (5120 4096 1816 ) (4096 4096 1816 ) (4096 4096 0 ) 
4 1 16 (5120 4096 1816 ) (5120 4096 2304 ) (4096 4096 2304 ) (4096 4096 1816 ) 
4 1 2 (4096 4096 0 ) (4096 4096 2304 ) (4096 4160 2304 ) (4096 4160 0 ) 
4 2 28 (3072 4096 0 ) (3072 4096 2304 ) (3072 4160 2304 ) (3072 4160 0 ) 
4 2 22 (4096 4096 0 ) (4096 4096 1816 ) (3072 4096 1816 ) (3072 4096 0 ) 
4 2 21 (4096 4096 1816 ) (4096 4096 2304 ) (3072 4096 2304 ) (3072 4096 1816 ) 
4 3 16 (5120 4096 2304 ) (5120 4096 1816 ) (5120 3072 1816 ) (5120 3072 2304 ) 
4 3 12 (5296 3072 2304 ) (5264 3072 2304 ) (5264 3072 1816 ) (5296 3072 1816 ) 
4 3 11 (5520 3072 1816 ) (5520 3072 2304 ) (5296 3072 2304 ) (5296 3072 1816 ) 
4 3 14 (5264 3072 2304 ) (5120 3072 2304 ) (5120 3072 1816 ) (5264 3072 1816 ) 
4 3 8 (5264 3936 1816 ) (5264 3904 1816 ) (5120 3904 1816 ) (5120 3936 1816 ) 
4 3 7 (5120 4096 1816 ) (5264 4096 1816 ) (5264 3936 1816 ) (5120 3936 1816 ) 
4 3 9 (5264 3904 1816 ) (5264 3072 1816 ) (5120 3072 1816 ) (5120 3904 1816 ) 
4 3 6 (5296 3904 1816 ) (5296 3072 1816 ) (5264 3072 1816 ) (5264 3904 1816 ) 
4 3 5 (5264 4096 1816 ) (5296 4096 1816 ) (5296 3904 1816 ) (5264 3904 1816 ) 
4 3 4 (5296 4096 1816 ) (5520 4096 1816 ) (5520 3072 1816 ) (5296 3072 1816 ) 
4 4 11 (5520 3072 1312 ) (5520 3072 1816 ) (5296 3072 1816 ) (5296 3072 1312 ) 
4 4 10 (5296 4096 1312 ) (5520 4096 1312 ) (5520 3072 1312 ) (5296 3072 1312 ) 
4 4 6 (5296 3904 1312 ) (5296 3072 1312 ) (5296 3072 1816 ) (5296 3904 1816 ) 
4 4 5 (5296 4096 1312 ) (5296 3904 1312 ) (5296 3904 1816 ) (5296 4096 1816 ) 
4 5 10 (5264 4096 1312 ) (5296 4096 1312 ) (5296 3904 1312 ) (5264 3904 1312 ) 
4 5 8 (5264 3936 1312 ) (5264 3904 1312 ) (5264 3904 1816 ) (5264 3936 1816 ) 
4 5 7 (5264 4096 1312 ) (5264 3936 1312 ) (5264 3936 1816 ) (5264 4096 1816 ) 
4 5 6 (5264 3904 1816 ) (5264 3904 1312 ) (5296 3904 1312 ) (5296 3904 1816 ) 
4 6 13 (5296 3072 1816 ) (5264 3072 1816 ) (5264 3072 1312 ) (5296 3072 1312 ) 
4 6 10 (5296 3904 1312 ) (5296 3072 1312 ) (5264 3072 1312 ) (5264 3904 1312 ) 
4 6 9 (5264 3904 1312 ) (5264 3072 1312 ) (5264 3072 1816 ) (5264 3904 1816 ) 
4 7 17 (5120 4096 1816 ) (5120 4096 1312 ) (5120 3936 1312 ) (5120 3936 1816 ) 
4 7 10 (5120 3936 1312 ) (5120 4096 1312 ) (5264 4096 1312 ) (5264 3936 1312 ) 
4 7 8 (5120 3936 1312 ) (5264 3936 1312 ) (5264 3936 1816 ) (5120 3936 1816 ) 
4 8 18 (5120 3936 1312 ) (5120 3904 1312 ) (5120 3904 1816 ) (5120 3936 1816 ) 
4 8 10 (5120 3904 1312 ) (5120 3936 1312 ) (5264 3936 1312 ) (5264 3904 1312 ) 
4 8 9 (5120 3904 1312 ) (5264 3904 1312 ) (5264 3904 1816 ) (5120 3904 1816 ) 
4 9 20 (5120 3904 1312 ) (5120 3072 1312 ) (5120 3072 1816 ) (5120 3904 1816 ) 
4 9 14 (5264 3072 1816 ) (5120 3072 1816 ) (5120 3072 1312 ) (5264 3072 1312 ) 
4 9 10 (5120 3072 1312 ) (5120 3904 1312 ) (5264 3904 1312 ) (5264 3072 1312 ) 
4 10 19 (5120 3936 0 ) (5120 3904 0 ) (5120 3904 1312 ) (5120 3936 1312 ) 
4 10 17 (5120 4096 1312 ) (5120 4096 0 ) (5120 3936 0 ) (5120 3936 1312 ) 
4 10 20 (5120 3904 0 ) (5120 3072 0 ) (5120 3072 1312 ) (5120 3904 1312 ) 
4 10 15 (5520 3072 0 ) (5520 3072 1312 ) (5120 3072 1312 ) (5120 3072 0 ) 
4 11 56 (5520 2048 1312 ) (5520 2048 2304 ) (5296 2048 2304 ) (5296 2048 1312 ) 
4 11 15 (5296 3072 1312 ) (5520 3072 1312 ) (5520 2048 1312 ) (5296 2048 1312 ) 
4 11 13 (5296 3072 1312 ) (5296 2048 1312 ) (5296 2048 1816 ) (5296 3072 1816 ) 
4 11 12 (5296 2048 1816 ) (5296 2048 2304 ) (5296 3072 2304 ) (5296 3072 1816 ) 
4 12 57 (5296 2048 2304 ) (5264 2048 2304 ) (5264 2048 1816 ) (5296 2048 1816 ) 
4 12 14 (5264 2048 1816 ) (5264 2048 2304 ) (5264 3072 2304 ) (5264 3072 1816 ) 
4 12 13 (5264 2048 1816 ) (5264 3072 1816 ) (5296 3072 1816 ) (5296 2048 1816 ) 
4 13 58 (5264 2048 1816 ) (5264 2048 1312 ) (5296 2048 1312 ) (5296 2048 1816 ) 
4 13 15 (5264 3072 1312 ) (5296 3072 1312 ) (5296 2048 1312 ) (5264 2048 1312 ) 
4 13 14 (5264 3072 1312 ) (5264 2048 1312 ) (5264 2048 1816 ) (5264 3072 1816 ) 
4 14 59 (5264 2048 2304 ) (5120 2048 2304 ) (5120 2048 1312 ) (5264 2048 1312 ) 
4 14 26 (5120 2048 1312 ) (5120 2048 2304 ) (5120 3072 2304 ) (5120 3072 1312 ) 
4 14 15 (5120 2048 1312 ) (5120 3072 1312 ) (5264 3072 1312 ) (5264 2048 1312 ) 
4 15 60 (5520 2048 0 ) (5520 2048 1312 ) (5120 2048 1312 ) (5120 2048 0 ) 
4 15 26 (5120 2048 0 ) (5120 2048 1312 ) (5120 3072 1312 ) (5120 3072 0 ) 
4 16 26 (5120 3072 1816 ) (5120 3072 2304 ) (4096 3072 2304 ) (4096 3072 1816 ) 
4 16 21 (4096 4096 2304 ) (4096 4096 1816 ) (4096 3072 1816 ) (4096 3072 2304 ) 
4 16 18 (4096 3904 1816 ) (4096 3936 1816 ) (5120 3936 1816 ) (5120 3904 1816 ) 
4 16 17 (4096 3936 1816 ) (4096 4096 1816 ) (5120 4096 1816 ) (5120 3936 1816 ) 
4 16 20 (4096 3072 1816 ) (4096 3904 1816 ) (5120 3904 1816 ) (5120 3072 1816 ) 
4 17 22 (4096 4096 1816 ) (4096 4096 0 ) (4096 3936 0 ) (4096 3936 1816 ) 
4 17 19 (4096 3936 0 ) (5120 3936 0 ) (5120 3936 1312 ) (4096 3936 1312 ) 
4 17 18 (5120 3936 1312 ) (5120 3936 1816 ) (4096 3936 1816 ) (4096 3936 1312 ) 
4 18 23 (4096 3904 1312 ) (4096 3904 1816 ) (4096 3936 1816 ) (4096 3936 1312 ) 
4 18 20 (5120 3904 1312 ) (5120 3904 1816 ) (4096 3904 1816 ) (4096 3904 1312 ) 
4 18 19 (5120 3904 1312 ) (4096 3904 1312 ) (4096 3936 1312 ) (5120 3936 1312 ) 
4 19 24 (4096 3936 0 ) (4096 3904 0 ) (4096 3904 1312 ) (4096 3936 1312 ) 
4 19 20 (4096 3904 0 ) (5120 3904 0 ) (5120 3904 1312 ) (4096 3904 1312 ) 
4 20 26 (5120 3072 0 ) (5120 3072 1816 ) (4096 3072 1816 ) (4096 3072 0 ) 
4 20 25 (4096 3904 0 ) (4096 3072 0 ) (4096 3072 1816 ) (4096 3904 1816 ) 
4 21 32 (3072 3072 1816 ) (3072 3072 2304 ) (3072 4096 2304 ) (3072 4096 1816 ) 
4 21 27 (4096 3072 1816 ) (4096 3072 2304 ) (3072 3072 2304 ) (3072 3072 1816 ) 
4 21 23 (3072 3904 1816 ) (3072 3936 1816 ) (4096 3936 1816 ) (4096 3904 1816 ) 
4 21 22 (3072 3936 1816 ) (3072 4096 1816 ) (4096 4096 1816 ) (4096 3936 1816 ) 
4 21 25 (4096 3072 1816 ) (3072 3072 1816 ) (3072 3904 1816 ) (4096 3904 1816 ) 
4 22 33 (3072 3936 1816 ) (3072 4096 1816 ) (3072 4096 0 ) (3072 3936 0 ) 
4 22 24 (3072 3936 0 ) (4096 3936 0 ) (4096 3936 1312 ) (3072 3936 1312 ) 
4 22 23 (4096 3936 1312 ) (4096 3936 1816 ) (3072 3936 1816 ) (3072 3936 1312 ) 
4 23 34 (3072 3904 1816 ) (3072 3936 1816 ) (3072 3936 1312 ) (3072 3904 1312 ) 
4 23 25 (4096 3904 1312 ) (4096 3904 1816 ) (3072 3904 1816 ) (3072 3904 1312 ) 
4 23 24 (4096 3904 1312 ) (3072 3904 1312 ) (3072 3936 1312 ) (4096 3936 1312 ) 
4 24 35 (3072 3936 1312 ) (3072 3936 0 ) (3072 3904 0 ) (3072 3904 1312 ) 
4 24 25 (3072 3904 0 ) (4096 3904 0 ) (4096 3904 1312 ) (3072 3904 1312 ) 
4 25 36 (3072 3072 0 ) (3072 3072 1816 ) (3072 3904 1816 ) (3072 3904 0 ) 
4 25 27 (4096 3072 0 ) (4096 3072 1816 ) (3072 3072 1816 ) (3072 3072 0 ) 
4 26 66 (5120 2048 0 ) (5120 2048 2304 ) (4096 2048 2304 ) (4096 2048 0 ) 
4 26 27 (4096 3072 2304 ) (4096 3072 0 ) (4096 2048 0 ) (4096 2048 2304 ) 
4 27 67 (4096 2048 0 ) (4096 2048 2304 ) (3072 2048 2304 ) (3072 2048 0 ) 
4 27 42 (3072 2048 0 ) (3072 2048 2304 ) (3072 3072 2304 ) (3072 3072 0 ) 
4 28 33 (3072 4096 0 ) (3072 4096 1816 ) (2048 4096 1816 ) (2048 4096 0 ) 
4 28 32 (3072 4096 1816 ) (3072 4096 2304 ) (2048 4096 2304 ) (2048 4096 1816 ) 
4 28 29 (2048 4096 0 ) (2048 4096 2304 ) (2048 4160 2304 ) (2048 4160 0 ) 
4 29 38 (2048 4096 0 ) (2048 4096 1816 ) (1024 4096 1816 ) (1024 4096 0 ) 
4 29 37 (2048 4096 1816 ) (2048 4096 2304 ) (1024 4096 2304 ) (1024 4096 1816 ) 
4 29 30 (1024 4096 0 ) (1024 4096 2304 ) (1024 4160 2304 ) (1024 4160 0 ) 
4 30 45 (1024 4096 0 ) (1024 4096 1816 ) (0 4096 1816 ) (0 4096 0 ) 
4 30 44 (1024 4096 1816 ) (1024 4096 2304 ) (0 4096 2304 ) (0 4096 1816 ) 
4 30 31 (0 4096 0 ) (0 4096 2304 ) (0 4160 2304 ) (0 4160 0 ) 
4 31 205 (-1024 4096 0 ) (-1024 4096 2304 ) (-1024 4160 2304 ) (-1024 4160 0 ) 
4 31 50 (-1024 4096 1816 ) (-1024 4096 0 ) (0 4096 0 ) (0 4096 1816 ) 
4 31 49 (-1024 4096 2304 ) (-1024 4096 1816 ) (0 4096 1816 ) (0 4096 2304 ) 
4 32 42 (3072 3072 1816 ) (3072 3072 2304 ) (2048 3072 2304 ) (2048 3072 1816 ) 
4 32 37 (2048 4096 2304 ) (2048 4096 1816 ) (2048 3072 1816 ) (2048 3072 2304 ) 
4 32 34 (2048 3904 1816 ) (2048 3936 1816 ) (3072 3936 1816 ) (3072 3904 1816 ) 
4 32 33 (2048 3936 1816 ) (2048 4096 1816 ) (3072 4096 1816 ) (3072 3936 1816 ) 
4 32 36 (2048 3072 1816 ) (2048 3904 1816 ) (3072 3904 1816 ) (3072 3072 1816 ) 
4 33 38 (2048 4096 1816 ) (2048 4096 0 ) (2048 3936 0 ) (2048 3936 1816 ) 
4 33 35 (2048 3936 0 ) (3072 3936 0 ) (3072 3936 1312 ) (2048 3936 1312 ) 
4 33 34 (3072 3936 1312 ) (3072 3936 1816 ) (2048 3936 1816 ) (2048 3936 1312 ) 
4 34 39 (2048 3904 1312 ) (2048 3904 1816 ) (2048 3936 1816 ) (2048 3936 1312 ) 
4 34 36 (3072 3904 1312 ) (3072 3904 1816 ) (2048 3904 1816 ) (2048 3904 1312 ) 
4 34 35 (3072 3904 1312 ) (2048 3904 1312 ) (2048 3936 1312 ) (3072 3936 1312 ) 
4 35 40 (2048 3936 0 ) (2048 3904 0 ) (2048 3904 1312 ) (2048 3936 1312 ) 
4 35 36 (2048 3904 0 ) (3072 3904 0 ) (3072 3904 1312 ) (2048 3904 1312 ) 
4 36 42 (3072 3072 0 ) (3072 3072 1816 ) (2048 3072 1816 ) (2048 3072 0 ) 
4 36 41 (2048 3904 0 ) (2048 3072 0 ) (2048 3072 1816 ) (2048 3904 1816 ) 
4 37 44 (1024 4096 2304 ) (1024 4096 1816 ) (1024 3072 1816 ) (1024 3072 2304 ) 
4 37 43 (2048 3072 1816 ) (2048 3072 2304 ) (1024 3072 2304 ) (1024 3072 1816 ) 
4 37 39 (1024 3904 1816 ) (1024 3936 1816 ) (2048 3936 1816 ) (2048 3904 1816 ) 
4 37 38 (1024 3936 1816 ) (1024 4096 1816 ) (2048 4096 1816 ) (2048 3936 1816 ) 
4 37 41 (2048 3072 1816 ) (1024 3072 1816 ) (1024 3904 1816 ) (2048 3904 1816 ) 
4 38 45 (1024 4096 1816 ) (1024 4096 0 ) (1024 3936 0 ) (1024 3936 1816 ) 
4 38 40 (1024 3936 0 ) (2048 3936 0 ) (2048 3936 1312 ) (1024 3936 1312 ) 
4 38 39 (2048 3936 1312 ) (2048 3936 1816 ) (1024 3936 1816 ) (1024 3936 1312 ) 
4 39 46 (1024 3904 1312 ) (1024 3904 1816 ) (1024 3936 1816 ) (1024 3936 1312 ) 
4 39 41 (2048 3904 1312 ) (2048 3904 1816 ) (1024 3904 1816 ) (1024 3904 1312 ) 
4 39 40 (2048 3904 1312 ) (1024 3904 1312 ) (1024 3936 1312 ) (2048 3936 1312 ) 
4 40 47 (1024 3936 0 ) (1024 3904 0 ) (1024 3904 1312 ) (1024 3936 1312 ) 
4 40 41 (1024 3904 0 ) (2048 3904 0 ) (2048 3904 1312 ) (1024 3904 1312 ) 
4 41 48 (1024 3904 0 ) (1024 3072 0 ) (1024 3072 1816 ) (1024 3904 1816 ) 
4 41 43 (2048 3072 0 ) (2048 3072 1816 ) (1024 3072 1816 ) (1024 3072 0 ) 
4 42 84 (3072 2048 0 ) (3072 2048 2304 ) (2048 2048 2304 ) (2048 2048 0 ) 
4 42 43 (2048 3072 2304 ) (2048 3072 0 ) (2048 2048 0 ) (2048 2048 2304 ) 
4 43 85 (2048 2048 0 ) (2048 2048 2304 ) (1024 2048 2304 ) (1024 2048 0 ) 
4 43 54 (1024 2048 0 ) (1024 2048 2304 ) (1024 3072 2304 ) (1024 3072 0 ) 
4 44 54 (1024 3072 1816 ) (1024 3072 2304 ) (0 3072 2304 ) (0 3072 1816 ) 
4 44 49 (0 4096 2304 ) (0 4096 1816 ) (0 3072 1816 ) (0 3072 2304 ) 
4 44 46 (0 3904 1816 ) (0 3936 1816 ) (1024 3936 1816 ) (1024 3904 1816 ) 
4 44 45 (0 3936 1816 ) (0 4096 1816 ) (1024 4096 1816 ) (1024 3936 1816 ) 
4 44 48 (0 3072 1816 ) (0 3904 1816 ) (1024 3904 1816 ) (1024 3072 1816 ) 
4 45 50 (0 4096 1816 ) (0 4096 0 ) (0 3936 0 ) (0 3936 1816 ) 
4 45 47 (0 3936 0 ) (1024 3936 0 ) (1024 3936 1312 ) (0 3936 1312 ) 
4 45 46 (1024 3936 1312 ) (1024 3936 1816 ) (0 3936 1816 ) (0 3936 1312 ) 
4 46 51 (0 3904 1312 ) (0 3904 1816 ) (0 3936 1816 ) (0 3936 1312 ) 
4 46 48 (1024 3904 1312 ) (1024 3904 1816 ) (0 3904 1816 ) (0 3904 1312 ) 
4 46 47 (1024 3904 1312 ) (0 3904 1312 ) (0 3936 1312 ) (1024 3936 1312 ) 
4 47 52 (0 3936 0 ) (0 3904 0 ) (0 3904 1312 ) (0 3936 1312 ) 
4 47 48 (0 3904 0 ) (1024 3904 0 ) (1024 3904 1312 ) (0 3904 1312 ) 
4 48 54 (1024 3072 0 ) (1024 3072 1816 ) (0 3072 1816 ) (0 3072 0 ) 
4 48 53 (0 3904 0 ) (0 3072 0 ) (0 3072 1816 ) (0 3904 1816 ) 
4 49 209 (-1024 3072 1816 ) (-1024 3072 2304 ) (-1024 4096 2304 ) (-1024 4096 1816 ) 
4 49 55 (-1024 3072 2304 ) (-1024 3072 1816 ) (0 3072 1816 ) (0 3072 2304 ) 
4 49 51 (-1024 3904 1816 ) (-1024 3936 1816 ) (0 3936 1816 ) (0 3904 1816 ) 
4 49 50 (-1024 3936 1816 ) (-1024 4096 1816 ) (0 4096 1816 ) (0 3936 1816 ) 
4 49 53 (0 3072 1816 ) (-1024 3072 1816 ) (-1024 3904 1816 ) (0 3904 1816 ) 
4 50 210 (-1024 3936 1816 ) (-1024 4096 1816 ) (-1024 4096 0 ) (-1024 3936 0 ) 
4 50 52 (-1024 3936 0 ) (0 3936 0 ) (0 3936 1312 ) (-1024 3936 1312 ) 
4 50 51 (0 3936 1312 ) (0 3936 1816 ) (-1024 3936 1816 ) (-1024 3936 1312 ) 
4 51 211 (-1024 3904 1816 ) (-1024 3936 1816 ) (-1024 3936 1312 ) (-1024 3904 1312 ) 
4 51 53 (0 3904 1312 ) (0 3904 1816 ) (-1024 3904 1816 ) (-1024 3904 1312 ) 
4 51 52 (0 3904 1312 ) (-1024 3904 1312 ) (-1024 3936 1312 ) (0 3936 1312 ) 
4 52 212 (-1024 3936 1312 ) (-1024 3936 0 ) (-1024 3904 0 ) (-1024 3904 1312 ) 
4 52 53 (-1024 3904 0 ) (0 3904 0 ) (0 3904 1312 ) (-1024 3904 1312 ) 
4 53 213 (-1024 3072 0 ) (-1024 3072 1816 ) (-1024 3904 1816 ) (-1024 3904 0 ) 
4 53 55 (-1024 3072 1816 ) (-1024 3072 0 ) (0 3072 0 ) (0 3072 1816 ) 
4 54 88 (1024 2048 0 ) (1024 2048 2304 ) (0 2048 2304 ) (0 2048 0 ) 
4 54 55 (0 3072 2304 ) (0 3072 0 ) (0 2048 0 ) (0 2048 2304 ) 
4 55 219 (-1024 2048 0 ) (-1024 2048 2304 ) (-1024 3072 2304 ) (-1024 3072 0 ) 
4 55 89 (-1024 2048 2304 ) (-1024 2048 0 ) (0 2048 0 ) (0 2048 2304 ) 
4 56 61 (5520 1024 1312 ) (5520 1024 2304 ) (5296 1024 2304 ) (5296 1024 1312 ) 
4 56 60 (5296 2048 1312 ) (5520 2048 1312 ) (5520 1024 1312 ) (5296 1024 1312 ) 
4 56 58 (5296 2048 1312 ) (5296 1024 1312 ) (5296 1024 1816 ) (5296 2048 1816 ) 
4 56 57 (5296 1024 1816 ) (5296 1024 2304 ) (5296 2048 2304 ) (5296 2048 1816 ) 
4 57 62 (5296 1024 2304 ) (5264 1024 2304 ) (5264 1024 1816 ) (5296 1024 1816 ) 
4 57 59 (5264 1024 1816 ) (5264 1024 2304 ) (5264 2048 2304 ) (5264 2048 1816 ) 
4 57 58 (5264 1024 1816 ) (5264 2048 1816 ) (5296 2048 1816 ) (5296 1024 1816 ) 
4 58 63 (5264 1024 1816 ) (5264 1024 1312 ) (5296 1024 1312 ) (5296 1024 1816 ) 
4 58 60 (5264 2048 1312 ) (5296 2048 1312 ) (5296 1024 1312 ) (5264 1024 1312 ) 
4 58 59 (5264 2048 1312 ) (5264 1024 1312 ) (5264 1024 1816 ) (5264 2048 1816 ) 
4 59 66 (5120 2048 2304 ) (5120 2048 1312 ) (5120 1024 1312 ) (5120 1024 2304 ) 
4 59 64 (5264 1024 2304 ) (5120 1024 2304 ) (5120 1024 1312 ) (5264 1024 1312 ) 
4 59 60 (5120 1024 1312 ) (5120 2048 1312 ) (5264 2048 1312 ) (5264 1024 1312 ) 
4 60 66 (5120 2048 1312 ) (5120 2048 0 ) (5120 1024 0 ) (5120 1024 1312 ) 
4 60 65 (5520 1024 0 ) (5520 1024 1312 ) (5120 1024 1312 ) (5120 1024 0 ) 
4 61 70 (5520 0 1312 ) (5520 0 2304 ) (5296 0 2304 ) (5296 0 1312 ) 
4 61 65 (5296 1024 1312 ) (5520 1024 1312 ) (5520 0 1312 ) (5296 0 1312 ) 
4 61 63 (5296 1024 1312 ) (5296 0 1312 ) (5296 0 1816 ) (5296 1024 1816 ) 
4 61 62 (5296 0 1816 ) (5296 0 2304 ) (5296 1024 2304 ) (5296 1024 1816 ) 
4 62 71 (5296 0 2304 ) (5264 0 2304 ) (5264 0 1816 ) (5296 0 1816 ) 
4 62 64 (5264 0 1816 ) (5264 0 2304 ) (5264 1024 2304 ) (5264 1024 1816 ) 
4 62 63 (5264 0 1816 ) (5264 1024 1816 ) (5296 1024 1816 ) (5296 0 1816 ) 
4 63 72 (5264 0 1816 ) (5264 0 1312 ) (5296 0 1312 ) (5296 0 1816 ) 
4 63 65 (5264 1024 1312 ) (5296 1024 1312 ) (5296 0 1312 ) (5264 0 1312 ) 
4 63 64 (5264 1024 1312 ) (5264 0 1312 ) (5264 0 1816 ) (5264 1024 1816 ) 
4 64 73 (5264 0 2304 ) (5120 0 2304 ) (5120 0 1312 ) (5264 0 1312 ) 
4 64 68 (5120 0 1312 ) (5120 0 2304 ) (5120 1024 2304 ) (5120 1024 1312 ) 
4 64 65 (5120 0 1312 ) (5120 1024 1312 ) (5264 1024 1312 ) (5264 0 1312 ) 
4 65 74 (5520 0 0 ) (5520 0 1312 ) (5120 0 1312 ) (5120 0 0 ) 
4 65 68 (5120 0 0 ) (5120 0 1312 ) (5120 1024 1312 ) (5120 1024 0 ) 
4 66 68 (5120 1024 0 ) (5120 1024 2304 ) (4096 1024 2304 ) (4096 1024 0 ) 
4 66 67 (4096 2048 2304 ) (4096 2048 0 ) (4096 1024 0 ) (4096 1024 2304 ) 
4 67 84 (3072 2048 2304 ) (3072 2048 0 ) (3072 1024 0 ) (3072 1024 2304 ) 
4 67 69 (4096 1024 0 ) (4096 1024 2304 ) (3072 1024 2304 ) (3072 1024 0 ) 
4 68 80 (5120 0 0 ) (5120 0 2304 ) (4096 0 2304 ) (4096 0 0 ) 
4 68 69 (4096 1024 2304 ) (4096 1024 0 ) (4096 0 0 ) (4096 0 2304 ) 
4 69 86 (3072 0 0 ) (3072 0 2304 ) (3072 1024 2304 ) (3072 1024 0 ) 
4 69 81 (4096 0 0 ) (4096 0 2304 ) (3072 0 2304 ) (3072 0 0 ) 
4 70 75 (5520 -1024 1312 ) (5520 -1024 2304 ) (5296 -1024 2304 ) (5296 -1024 1312 ) 
4 70 74 (5296 0 1312 ) (5520 0 1312 ) (5520 -1024 1312 ) (5296 -1024 1312 ) 
4 70 72 (5296 0 1312 ) (5296 -1024 1312 ) (5296 -1024 1816 ) (5296 0 1816 ) 
4 70 71 (5296 -1024 1816 ) (5296 -1024 2304 ) (5296 0 2304 ) (5296 0 1816 ) 
4 71 76 (5296 -1024 2304 ) (5264 -1024 2304 ) (5264 -1024 1816 ) (5296 -1024 1816 ) 
4 71 73 (5264 -1024 1816 ) (5264 -1024 2304 ) (5264 0 2304 ) (5264 0 1816 ) 
4 71 72 (5264 -1024 1816 ) (5264 0 1816 ) (5296 0 1816 ) (5296 -1024 1816 ) 
4 72 77 (5264 -1024 1816 ) (5264 -1024 1312 ) (5296 -1024 1312 ) (5296 -1024 1816 ) 
4 72 74 (5264 0 1312 ) (5296 0 1312 ) (5296 -1024 1312 ) (5264 -1024 1312 ) 
4 72 73 (5264 0 1312 ) (5264 -1024 1312 ) (5264 -1024 1816 ) (5264 0 1816 ) 
4 73 80 (5120 0 2304 ) (5120 0 1312 ) (5120 -1024 1312 ) (5120 -1024 2304 ) 
4 73 78 (5264 -1024 2304 ) (5120 -1024 2304 ) (5120 -1024 1312 ) (5264 -1024 1312 ) 
4 73 74 (5120 -1024 1312 ) (5120 0 1312 ) (5264 0 1312 ) (5264 -1024 1312 ) 
4 74 80 (5120 0 1312 ) (5120 0 0 ) (5120 -1024 0 ) (5120 -1024 1312 ) 
4 74 79 (5520 -1024 0 ) (5520 -1024 1312 ) (5120 -1024 1312 ) (5120 -1024 0 ) 
4 75 102 (5520 -2048 1312 ) (5520 -2048 2304 ) (5296 -2048 2304 ) (5296 -2048 1312 ) 
4 75 79 (5296 -1024 1312 ) (5520 -1024 1312 ) (5520 -2048 1312 ) (5296 -2048 1312 ) 
4 75 77 (5296 -1024 1312 ) (5296 -2048 1312 ) (5296 -2048 1816 ) (5296 -1024 1816 ) 
4 75 76 (5296 -2048 1816 ) (5296 -2048 2304 ) (5296 -1024 2304 ) (5296 -1024 1816 ) 
4 76 103 (5296 -2048 2304 ) (5264 -2048 2304 ) (5264 -2048 1816 ) (5296 -2048 1816 ) 
4 76 78 (5264 -2048 1816 ) (5264 -2048 2304 ) (5264 -1024 2304 ) (5264 -1024 1816 ) 
4 76 77 (5264 -2048 1816 ) (5264 -1024 1816 ) (5296 -1024 1816 ) (5296 -2048 1816 ) 
4 77 104 (5264 -2048 1816 ) (5264 -2048 1312 ) (5296 -2048 1312 ) (5296 -2048 1816 ) 
4 77 79 (5264 -1024 1312 ) (5296 -1024 1312 ) (5296 -2048 1312 ) (5264 -2048 1312 ) 
4 77 78 (5264 -1024 1312 ) (5264 -2048 1312 ) (5264 -2048 1816 ) (5264 -1024 1816 ) 
4 78 105 (5264 -2048 2304 ) (5120 -2048 2304 ) (5120 -2048 1312 ) (5264 -2048 1312 ) 
4 78 82 (5120 -2048 1312 ) (5120 -2048 2304 ) (5120 -1024 2304 ) (5120 -1024 1312 ) 
4 78 79 (5120 -2048 1312 ) (5120 -1024 1312 ) (5264 -1024 1312 ) (5264 -2048 1312 ) 
4 79 106 (5520 -2048 0 ) (5520 -2048 1312 ) (5120 -2048 1312 ) (5120 -2048 0 ) 
4 79 82 (5120 -2048 0 ) (5120 -2048 1312 ) (5120 -1024 1312 ) (5120 -1024 0 ) 
4 80 82 (5120 -1024 0 ) (5120 -1024 2304 ) (4096 -1024 2304 ) (4096 -1024 0 ) 
4 80 81 (4096 0 2304 ) (4096 0 0 ) (4096 -1024 0 ) (4096 -1024 2304 ) 
4 81 92 (3072 -1024 0 ) (3072 -1024 2304 ) (3072 0 2304 ) (3072 0 0 ) 
4 81 83 (4096 -1024 0 ) (4096 -1024 2304 ) (3072 -1024 2304 ) (3072 -1024 0 ) 
4 82 112 (5120 -2048 0 ) (5120 -2048 2304 ) (4096 -2048 2304 ) (4096 -2048 0 ) 
4 82 83 (4096 -1024 2304 ) (4096 -1024 0 ) (4096 -2048 0 ) (4096 -2048 2304 ) 
4 83 113 (4096 -2048 0 ) (4096 -2048 2304 ) (3072 -2048 2304 ) (3072 -2048 0 ) 
4 83 94 (3072 -2048 0 ) (3072 -2048 2304 ) (3072 -1024 2304 ) (3072 -1024 0 ) 
4 84 86 (3072 1024 0 ) (3072 1024 2304 ) (2048 1024 2304 ) (2048 1024 0 ) 
4 84 85 (2048 2048 2304 ) (2048 2048 0 ) (2048 1024 0 ) (2048 1024 2304 ) 
4 85 88 (1024 2048 2304 ) (1024 2048 0 ) (1024 1024 0 ) (1024 1024 2304 ) 
4 85 87 (2048 1024 0 ) (2048 1024 2304 ) (1024 1024 2304 ) (1024 1024 0 ) 
4 86 92 (3072 0 0 ) (3072 0 2304 ) (2048 0 2304 ) (2048 0 0 ) 
4 86 87 (2048 1024 2304 ) (2048 1024 0 ) (2048 0 0 ) (2048 0 2304 ) 
4 87 93 (2048 0 0 ) (2048 0 2304 ) (1024 0 2304 ) (1024 0 0 ) 
4 87 90 (1024 0 0 ) (1024 0 2304 ) (1024 1024 2304 ) (1024 1024 0 ) 
4 88 90 (1024 1024 0 ) (1024 1024 2304 ) (0 1024 2304 ) (0 1024 0 ) 
4 88 89 (0 2048 2304 ) (0 2048 0 ) (0 1024 0 ) (0 1024 2304 ) 
4 89 233 (-1024 1024 0 ) (-1024 1024 2304 ) (-1024 2048 2304 ) (-1024 2048 0 ) 
4 89 91 (-1024 1024 2304 ) (-1024 1024 0 ) (0 1024 0 ) (0 1024 2304 ) 
4 90 97 (1024 0 0 ) (1024 0 2304 ) (0 0 2304 ) (0 0 0 ) 
4 90 91 (0 1024 2304 ) (0 1024 0 ) (0 0 0 ) (0 0 2304 ) 
4 91 235 (-1024 0 0 ) (-1024 0 2304 ) (-1024 1024 2304 ) (-1024 1024 0 ) 
4 91 98 (-1024 0 2304 ) (-1024 0 0 ) (0 0 0 ) (0 0 2304 ) 
4 92 94 (3072 -1024 0 ) (3072 -1024 2304 ) (2048 -1024 2304 ) (2048 -1024 0 ) 
4 92 93 (2048 0 2304 ) (2048 0 0 ) (2048 -1024 0 ) (2048 -1024 2304 ) 
4 93 97 (1024 0 2304 ) (1024 0 0 ) (1024 -1024 0 ) (1024 -1024 2304 ) 
4 93 96 (2048 -1024 0 ) (2048 -1024 2304 ) (1024 -1024 2304 ) (1024 -1024 0 ) 
4 94 130 (3072 -2048 0 ) (3072 -2048 2304 ) (2048 -2048 2304 ) (2048 -2048 0 ) 
4 94 96 (2048 -1024 2304 ) (2048 -1024 0 ) (2048 -2048 0 ) (2048 -2048 2304 ) 
4 95 99 (1024 -1688 5048 ) (1024 -1512 5048 ) (1024 -1512 4872 ) (1024 -1688 4872 ) 
4 96 131 (2048 -2048 0 ) (2048 -2048 2304 ) (1024 -2048 2304 ) (1024 -2048 0 ) 
4 96 100 (1024 -2048 0 ) (1024 -2048 2304 ) (1024 -1024 2304 ) (1024 -1024 0 ) 
4 97 100 (1024 -1024 0 ) (1024 -1024 2304 ) (0 -1024 2304 ) (0 -1024 0 ) 
4 97 98 (0 0 2304 ) (0 0 0 ) (0 -1024 0 ) (0 -1024 2304 ) 
4 98 241 (-1024 -1024 0 ) (-1024 -1024 2304 ) (-1024 0 2304 ) (-1024 0 0 ) 
4 98 101 (-1024 -1024 2304 ) (-1024 -1024 0 ) (0 -1024 0 ) (0 -1024 2304 ) 
4 100 134 (1024 -2048 0 ) (1024 -2048 2304 ) (0 -2048 2304 ) (0 -2048 0 ) 
4 100 101 (0 -1024 2304 ) (0 -1024 0 ) (0 -2048 0 ) (0 -2048 2304 ) 
4 101 243 (-1024 -2048 0 ) (-1024 -2048 2304 ) (-1024 -1024 2304 ) (-1024 -1024 0 ) 
4 101 135 (0 -2048 0 ) (0 -2048 2304 ) (-1024 -2048 2304 ) (-1024 -2048 0 ) 
4 102 107 (5520 -3072 1312 ) (5520 -3072 2304 ) (5296 -3072 2304 ) (5296 -3072 1312 ) 
4 102 106 (5296 -2048 1312 ) (5520 -2048 1312 ) (5520 -3072 1312 ) (5296 -3072 1312 ) 
4 102 104 (5296 -2048 1312 ) (5296 -3072 1312 ) (5296 -3072 1816 ) (5296 -2048 1816 ) 
4 102 103 (5296 -3072 1816 ) (5296 -3072 2304 ) (5296 -2048 2304 ) (5296 -2048 1816 ) 
4 103 108 (5296 -3072 2304 ) (5264 -3072 2304 ) (5264 -3072 1816 ) (5296 -3072 1816 ) 
4 103 105 (5264 -3072 1816 ) (5264 -3072 2304 ) (5264 -2048 2304 ) (5264 -2048 1816 ) 
4 103 104 (5264 -3072 1816 ) (5264 -2048 1816 ) (5296 -2048 1816 ) (5296 -3072 1816 ) 
4 104 109 (5264 -3072 1816 ) (5264 -3072 1312 ) (5296 -3072 1312 ) (5296 -3072 1816 ) 
4 104 106 (5264 -2048 1312 ) (5296 -2048 1312 ) (5296 -3072 1312 ) (5264 -3072 1312 ) 
4 104 105 (5264 -2048 1312 ) (5264 -3072 1312 ) (5264 -3072 1816 ) (5264 -2048 1816 ) 
4 105 112 (5120 -3072 1312 ) (5120 -3072 2304 ) (5120 -2048 2304 ) (5120 -2048 1312 ) 
4 105 110 (5264 -3072 2304 ) (5120 -3072 2304 ) (5120 -3072 1312 ) (5264 -3072 1312 ) 
4 105 106 (5120 -3072 1312 ) (5120 -2048 1312 ) (5264 -2048 1312 ) (5264 -3072 1312 ) 
4 106 112 (5120 -3072 0 ) (5120 -3072 1312 ) (5120 -2048 1312 ) (5120 -2048 0 ) 
4 106 111 (5520 -3072 0 ) (5520 -3072 1312 ) (5120 -3072 1312 ) (5120 -3072 0 ) 
4 107 116 (5520 -4096 1312 ) (5520 -4096 2304 ) (5296 -4096 2304 ) (5296 -4096 1312 ) 
4 107 111 (5296 -3072 1312 ) (5520 -3072 1312 ) (5520 -4096 1312 ) (5296 -4096 1312 ) 
4 107 109 (5296 -3072 1312 ) (5296 -4096 1312 ) (5296 -4096 1816 ) (5296 -3072 1816 ) 
4 107 108 (5296 -4096 1816 ) (5296 -4096 2304 ) (5296 -3072 2304 ) (5296 -3072 1816 ) 
4 108 117 (5296 -4096 2304 ) (5264 -4096 2304 ) (5264 -4096 1816 ) (5296 -4096 1816 ) 
4 108 110 (5264 -4096 1816 ) (5264 -4096 2304 ) (5264 -3072 2304 ) (5264 -3072 1816 ) 
4 108 109 (5264 -4096 1816 ) (5264 -3072 1816 ) (5296 -3072 1816 ) (5296 -4096 1816 ) 
4 109 118 (5264 -4096 1816 ) (5264 -4096 1312 ) (5296 -4096 1312 ) (5296 -4096 1816 ) 
4 109 111 (5264 -3072 1312 ) (5296 -3072 1312 ) (5296 -4096 1312 ) (5264 -4096 1312 ) 
4 109 110 (5264 -3072 1312 ) (5264 -4096 1312 ) (5264 -4096 1816 ) (5264 -3072 1816 ) 
4 110 119 (5264 -4096 2304 ) (5120 -4096 2304 ) (5120 -4096 1312 ) (5264 -4096 1312 ) 
4 110 114 (5120 -4096 1312 ) (5120 -4096 2304 ) (5120 -3072 2304 ) (5120 -3072 1312 ) 
4 110 111 (5120 -4096 1312 ) (5120 -3072 1312 ) (5264 -3072 1312 ) (5264 -4096 1312 ) 
4 111 120 (5520 -4096 0 ) (5520 -4096 1312 ) (5120 -4096 1312 ) (5120 -4096 0 ) 
4 111 114 (5120 -4096 0 ) (5120 -4096 1312 ) (5120 -3072 1312 ) (5120 -3072 0 ) 
4 112 114 (5120 -3072 0 ) (5120 -3072 2304 ) (4096 -3072 2304 ) (4096 -3072 0 ) 
4 112 113 (4096 -3072 0 ) (4096 -3072 2304 ) (4096 -2048 2304 ) (4096 -2048 0 ) 
4 113 130 (3072 -3072 0 ) (3072 -3072 2304 ) (3072 -2048 2304 ) (3072 -2048 0 ) 
4 113 115 (4096 -3072 0 ) (4096 -3072 2304 ) (3072 -3072 2304 ) (3072 -3072 0 ) 
4 114 126 (5120 -4096 0 ) (5120 -4096 2304 ) (4096 -4096 2304 ) (4096 -4096 0 ) 
4 114 115 (4096 -3072 2304 ) (4096 -3072 0 ) (4096 -4096 0 ) (4096 -4096 2304 ) 
4 115 132 (3072 -4096 0 ) (3072 -4096 2304 ) (3072 -3072 2304 ) (3072 -3072 0 ) 
4 115 127 (4096 -4096 0 ) (4096 -4096 2304 ) (3072 -4096 2304 ) (3072 -4096 0 ) 
4 116 121 (5520 -5120 1312 ) (5520 -5120 2304 ) (5296 -5120 2304 ) (5296 -5120 1312 ) 
4 116 120 (5296 -4096 1312 ) (5520 -4096 1312 ) (5520 -5120 1312 ) (5296 -5120 1312 ) 
4 116 118 (5296 -4096 1312 ) (5296 -5120 1312 ) (5296 -5120 1816 ) (5296 -4096 1816 ) 
4 116 117 (5296 -5120 1816 ) (5296 -5120 2304 ) (5296 -4096 2304 ) (5296 -4096 1816 ) 
4 117 122 (5296 -5120 2304 ) (5264 -5120 2304 ) (5264 -5120 1816 ) (5296 -5120 1816 ) 
4 117 119 (5264 -5120 1816 ) (5264 -5120 2304 ) (5264 -4096 2304 ) (5264 -4096 1816 ) 
4 117 118 (5264 -5120 1816 ) (5264 -4096 1816 ) (5296 -4096 1816 ) (5296 -5120 1816 ) 
4 118 123 (5264 -5120 1816 ) (5264 -5120 1312 ) (5296 -5120 1312 ) (5296 -5120 1816 ) 
4 118 120 (5264 -4096 1312 ) (5296 -4096 1312 ) (5296 -5120 1312 ) (5264 -5120 1312 ) 
4 118 119 (5264 -4096 1312 ) (5264 -5120 1312 ) (5264 -5120 1816 ) (5264 -4096 1816 ) 
4 119 126 (5120 -4096 2304 ) (5120 -4096 1312 ) (5120 -5120 1312 ) (5120 -5120 2304 ) 
4 119 124 (5264 -5120 2304 ) (5120 -5120 2304 ) (5120 -5120 1312 ) (5264 -5120 1312 ) 
4 119 120 (5120 -5120 1312 ) (5120 -4096 1312 ) (5264 -4096 1312 ) (5264 -5120 1312 ) 
4 120 126 (5120 -4096 1312 ) (5120 -4096 0 ) (5120 -5120 0 ) (5120 -5120 1312 ) 
4 120 125 (5520 -5120 0 ) (5520 -5120 1312 ) (5120 -5120 1312 ) (5120 -5120 0 ) 
4 121 157 (5520 -6144 1312 ) (5520 -6144 2304 ) (5296 -6144 2304 ) (5296 -6144 1312 ) 
4 121 125 (5296 -5120 1312 ) (5520 -5120 1312 ) (5520 -6144 1312 ) (5296 -6144 1312 ) 
4 121 123 (5296 -5120 1312 ) (5296 -6144 1312 ) (5296 -6144 1816 ) (5296 -5120 1816 ) 
4 121 122 (5296 -6144 1816 ) (5296 -6144 2304 ) (5296 -5120 2304 ) (5296 -5120 1816 ) 
4 122 158 (5296 -6144 2304 ) (5264 -6144 2304 ) (5264 -6144 1816 ) (5296 -6144 1816 ) 
4 122 124 (5264 -6144 1816 ) (5264 -6144 2304 ) (5264 -5120 2304 ) (5264 -5120 1816 ) 
4 122 123 (5264 -6144 1816 ) (5264 -5120 1816 ) (5296 -5120 1816 ) (5296 -6144 1816 ) 
4 123 159 (5264 -6144 1816 ) (5264 -6144 1312 ) (5296 -6144 1312 ) (5296 -6144 1816 ) 
4 123 125 (5264 -5120 1312 ) (5296 -5120 1312 ) (5296 -6144 1312 ) (5264 -6144 1312 ) 
4 123 124 (5264 -5120 1312 ) (5264 -6144 1312 ) (5264 -6144 1816 ) (5264 -5120 1816 ) 
4 124 160 (5264 -6144 2304 ) (5120 -6144 2304 ) (5120 -6144 1312 ) (5264 -6144 1312 ) 
4 124 128 (5120 -6144 1312 ) (5120 -6144 2304 ) (5120 -5120 2304 ) (5120 -5120 1312 ) 
4 124 125 (5120 -6144 1312 ) (5120 -5120 1312 ) (5264 -5120 1312 ) (5264 -6144 1312 ) 
4 125 161 (5520 -6144 0 ) (5520 -6144 1312 ) (5120 -6144 1312 ) (5120 -6144 0 ) 
4 125 128 (5120 -6144 0 ) (5120 -6144 1312 ) (5120 -5120 1312 ) (5120 -5120 0 ) 
4 126 128 (5120 -5120 0 ) (5120 -5120 2304 ) (4096 -5120 2304 ) (4096 -5120 0 ) 
4 126 127 (4096 -4096 2304 ) (4096 -4096 0 ) (4096 -5120 0 ) (4096 -5120 2304 ) 
4 127 138 (3072 -5120 0 ) (3072 -5120 2304 ) (3072 -4096 2304 ) (3072 -4096 0 ) 
4 127 129 (4096 -5120 0 ) (4096 -5120 2304 ) (3072 -5120 2304 ) (3072 -5120 0 ) 
4 128 168 (5120 -6144 0 ) (5120 -6144 2304 ) (4096 -6144 2304 ) (4096 -6144 0 ) 
4 128 129 (4096 -5120 2304 ) (4096 -5120 0 ) (4096 -6144 0 ) (4096 -6144 2304 ) 
4 129 169 (4096 -6144 0 ) (4096 -6144 2304 ) (3072 -6144 2304 ) (3072 -6144 0 ) 
4 129 140 (3072 -6144 0 ) (3072 -6144 2304 ) (3072 -5120 2304 ) (3072 -5120 0 ) 
4 130 132 (3072 -3072 0 ) (3072 -3072 2304 ) (2048 -3072 2304 ) (2048 -3072 0 ) 
4 130 131 (2048 -3072 0 ) (2048 -3072 2304 ) (2048 -2048 2304 ) (2048 -2048 0 ) 
4 131 134 (1024 -3072 0 ) (1024 -3072 2304 ) (1024 -2048 2304 ) (1024 -2048 0 ) 
4 131 133 (2048 -3072 0 ) (2048 -3072 2304 ) (1024 -3072 2304 ) (1024 -3072 0 ) 
4 132 138 (3072 -4096 0 ) (3072 -4096 2304 ) (2048 -4096 2304 ) (2048 -4096 0 ) 
4 132 133 (2048 -3072 2304 ) (2048 -3072 0 ) (2048 -4096 0 ) (2048 -4096 2304 ) 
4 133 139 (2048 -4096 0 ) (2048 -4096 2304 ) (1024 -4096 2304 ) (1024 -4096 0 ) 
4 133 136 (1024 -4096 0 ) (1024 -4096 2304 ) (1024 -3072 2304 ) (1024 -3072 0 ) 
4 134 136 (1024 -3072 0 ) (1024 -3072 2304 ) (0 -3072 2304 ) (0 -3072 0 ) 
4 134 135 (0 -3072 0 ) (0 -3072 2304 ) (0 -2048 2304 ) (0 -2048 0 ) 
4 135 316 (-1024 -3072 0 ) (-1024 -3072 2304 ) (-1024 -2048 2304 ) (-1024 -2048 0 ) 
4 135 137 (-1024 -3072 2304 ) (-1024 -3072 0 ) (0 -3072 0 ) (0 -3072 2304 ) 
4 136 146 (1024 -4096 0 ) (1024 -4096 2304 ) (0 -4096 2304 ) (0 -4096 0 ) 
4 136 137 (0 -3072 2304 ) (0 -3072 0 ) (0 -4096 0 ) (0 -4096 2304 ) 
4 137 318 (-1024 -4096 0 ) (-1024 -4096 2304 ) (-1024 -3072 2304 ) (-1024 -3072 0 ) 
4 137 147 (-1024 -4096 2304 ) (-1024 -4096 0 ) (0 -4096 0 ) (0 -4096 2304 ) 
4 138 140 (3072 -5120 0 ) (3072 -5120 2304 ) (2048 -5120 2304 ) (2048 -5120 0 ) 
4 138 139 (2048 -4096 2304 ) (2048 -4096 0 ) (2048 -5120 0 ) (2048 -5120 2304 ) 
4 139 146 (1024 -4096 2304 ) (1024 -4096 0 ) (1024 -5120 0 ) (1024 -5120 2304 ) 
4 139 145 (2048 -5120 0 ) (2048 -5120 512 ) (1024 -5120 512 ) (1024 -5120 0 ) 
4 139 141 (2048 -5120 512 ) (2048 -5120 2304 ) (1024 -5120 2304 ) (1024 -5120 512 ) 
4 140 181 (3072 -6144 0 ) (3072 -6144 2304 ) (2048 -6144 2304 ) (2048 -6144 0 ) 
4 140 145 (2048 -5120 512 ) (2048 -5120 0 ) (2048 -6144 0 ) (2048 -6144 512 ) 
4 140 143 (2048 -6064 512 ) (2048 -6080 512 ) (2048 -6080 520 ) (2048 -6064 520 ) 
4 140 142 (2048 -6080 520 ) (2048 -6080 2304 ) (2048 -6064 2304 ) (2048 -6064 520 ) 
4 140 141 (2048 -5120 2304 ) (2048 -5120 512 ) (2048 -6064 512 ) (2048 -6064 2304 ) 
4 140 144 (2048 -6080 512 ) (2048 -6144 512 ) (2048 -6144 2304 ) (2048 -6080 2304 ) 
4 141 148 (1024 -6064 2304 ) (1024 -5120 2304 ) (1024 -5120 512 ) (1024 -6064 512 ) 
4 141 145 (2048 -5120 512 ) (2048 -6064 512 ) (1024 -6064 512 ) (1024 -5120 512 ) 
4 141 143 (1104 -6064 512 ) (2048 -6064 512 ) (2048 -6064 520 ) (1104 -6064 520 ) 
4 141 142 (2048 -6064 520 ) (2048 -6064 2304 ) (1024 -6064 2304 ) (1024 -6064 520 ) 
4 142 149 (1024 -6080 2304 ) (1024 -6064 2304 ) (1024 -6064 520 ) (1024 -6080 520 ) 
4 142 143 (2048 -6080 520 ) (1120 -6080 520 ) (1104 -6064 520 ) (2048 -6064 520 ) 
4 142 144 (2048 -6080 520 ) (2048 -6080 2304 ) (1024 -6080 2304 ) (1024 -6080 520 ) 
4 143 145 (2048 -6064 512 ) (2048 -6080 512 ) (1120 -6080 512 ) (1104 -6064 512 ) 
4 143 144 (1120 -6080 512 ) (2048 -6080 512 ) (2048 -6080 520 ) (1120 -6080 520 ) 
4 144 182 (2048 -6144 512 ) (2048 -6144 2304 ) (1024 -6144 2304 ) (1024 -6144 512 ) 
4 144 150 (1024 -6144 512 ) (1024 -6144 2304 ) (1024 -6080 2304 ) (1024 -6080 512 ) 
4 144 145 (2048 -6080 512 ) (2048 -6144 512 ) (1024 -6144 512 ) (1024 -6080 512 ) 
4 145 182 (2048 -6144 0 ) (2048 -6144 512 ) (1024 -6144 512 ) (1024 -6144 0 ) 
4 145 151 (1024 -6144 0 ) (1024 -6144 512 ) (1024 -5120 512 ) (1024 -5120 0 ) 
4 146 151 (1024 -5120 0 ) (1024 -5120 512 ) (0 -5120 512 ) (0 -5120 0 ) 
4 146 148 (1024 -5120 512 ) (1024 -5120 2304 ) (0 -5120 2304 ) (0 -5120 512 ) 
4 146 147 (0 -4096 2304 ) (0 -4096 0 ) (0 -5120 0 ) (0 -5120 2304 ) 
4 147 324 (-1024 -5120 0 ) (-1024 -5120 2304 ) (-1024 -4096 2304 ) (-1024 -4096 0 ) 
4 147 156 (-1024 -5120 512 ) (-1024 -5120 0 ) (0 -5120 0 ) (0 -5120 512 ) 
4 147 152 (-1024 -5120 2304 ) (-1024 -5120 512 ) (0 -5120 512 ) (0 -5120 2304 ) 
4 148 152 (0 -5120 2304 ) (0 -5120 512 ) (0 -6064 512 ) (0 -6064 2304 ) 
4 148 151 (0 -5120 512 ) (1024 -5120 512 ) (1024 -6064 512 ) (0 -6064 512 ) 
4 148 149 (1024 -6064 520 ) (1024 -6064 2304 ) (0 -6064 2304 ) (0 -6064 520 ) 
4 149 153 (0 -6080 520 ) (0 -6080 2304 ) (0 -6064 2304 ) (0 -6064 520 ) 
4 149 150 (1024 -6080 520 ) (1024 -6080 2304 ) (0 -6080 2304 ) (0 -6080 520 ) 
4 150 191 (1024 -6144 512 ) (1024 -6144 2304 ) (0 -6144 2304 ) (0 -6144 512 ) 
4 150 155 (0 -6080 512 ) (0 -6144 512 ) (0 -6144 2304 ) (0 -6080 2304 ) 
4 150 151 (1024 -6080 512 ) (1024 -6144 512 ) (0 -6144 512 ) (0 -6080 512 ) 
4 151 191 (1024 -6144 0 ) (1024 -6144 512 ) (0 -6144 512 ) (0 -6144 0 ) 
4 151 156 (0 -5120 512 ) (0 -5120 0 ) (0 -6144 0 ) (0 -6144 512 ) 
4 152 326 (-1024 -6064 2304 ) (-1024 -5120 2304 ) (-1024 -5120 512 ) (-1024 -6064 512 ) 
4 152 156 (0 -5120 512 ) (0 -6064 512 ) (-1024 -6064 512 ) (-1024 -5120 512 ) 
4 152 154 (-1024 -6064 512 ) (-264 -6064 512 ) (-264 -6064 520 ) (-1024 -6064 520 ) 
4 152 153 (0 -6064 520 ) (0 -6064 2304 ) (-1024 -6064 2304 ) (-1024 -6064 520 ) 
4 153 326 (-1024 -6080 2304 ) (-1024 -6064 2304 ) (-1024 -6064 520 ) (-1024 -6080 520 ) 
4 153 154 (-248 -6080 520 ) (-1024 -6080 520 ) (-1024 -6064 520 ) (-264 -6064 520 ) 
4 153 155 (0 -6080 520 ) (0 -6080 2304 ) (-1024 -6080 2304 ) (-1024 -6080 520 ) 
4 154 326 (-1024 -6064 520 ) (-1024 -6064 512 ) (-1024 -6080 512 ) (-1024 -6080 520 ) 
4 154 156 (-248 -6080 512 ) (-1024 -6080 512 ) (-1024 -6064 512 ) (-264 -6064 512 ) 
4 154 155 (-1024 -6080 512 ) (-248 -6080 512 ) (-248 -6080 520 ) (-1024 -6080 520 ) 
4 155 326 (-1024 -6144 512 ) (-1024 -6144 2304 ) (-1024 -6080 2304 ) (-1024 -6080 512 ) 
4 155 192 (-1024 -6144 2304 ) (-1024 -6144 512 ) (0 -6144 512 ) (0 -6144 2304 ) 
4 155 156 (0 -6080 512 ) (0 -6144 512 ) (-1024 -6144 512 ) (-1024 -6080 512 ) 
4 156 326 (-1024 -6144 0 ) (-1024 -6144 512 ) (-1024 -5120 512 ) (-1024 -5120 0 ) 
4 156 192 (-1024 -6144 512 ) (-1024 -6144 0 ) (0 -6144 0 ) (0 -6144 512 ) 
4 157 163 (5520 -7168 1312 ) (5520 -7168 1816 ) (5296 -7168 1816 ) (5296 -7168 1312 ) 
4 157 162 (5520 -7168 1816 ) (5520 -7168 2304 ) (5296 -7168 2304 ) (5296 -7168 1816 ) 
4 157 161 (5296 -6144 1312 ) (5520 -6144 1312 ) (5520 -7168 1312 ) (5296 -7168 1312 ) 
4 157 159 (5296 -6144 1312 ) (5296 -7168 1312 ) (5296 -7168 1816 ) (5296 -6144 1816 ) 
4 157 158 (5296 -7168 1816 ) (5296 -7168 2304 ) (5296 -6144 2304 ) (5296 -6144 1816 ) 
4 158 162 (5296 -7168 2304 ) (5264 -7168 2304 ) (5264 -7168 1816 ) (5296 -7168 1816 ) 
4 158 160 (5264 -7168 1816 ) (5264 -7168 2304 ) (5264 -6144 2304 ) (5264 -6144 1816 ) 
4 158 159 (5264 -7168 1816 ) (5264 -6144 1816 ) (5296 -6144 1816 ) (5296 -7168 1816 ) 
4 159 164 (5264 -7168 1816 ) (5264 -7168 1312 ) (5296 -7168 1312 ) (5296 -7168 1816 ) 
4 159 161 (5264 -6144 1312 ) (5296 -6144 1312 ) (5296 -7168 1312 ) (5264 -7168 1312 ) 
4 159 160 (5264 -6144 1312 ) (5264 -7168 1312 ) (5264 -7168 1816 ) (5264 -6144 1816 ) 
4 160 168 (5120 -6144 2304 ) (5120 -6144 1312 ) (5120 -7168 1312 ) (5120 -7168 2304 ) 
4 160 165 (5120 -7168 1816 ) (5120 -7168 1312 ) (5264 -7168 1312 ) (5264 -7168 1816 ) 
4 160 162 (5264 -7168 2304 ) (5120 -7168 2304 ) (5120 -7168 1816 ) (5264 -7168 1816 ) 
4 160 161 (5120 -7168 1312 ) (5120 -6144 1312 ) (5264 -6144 1312 ) (5264 -7168 1312 ) 
4 161 168 (5120 -6144 1312 ) (5120 -6144 0 ) (5120 -7168 0 ) (5120 -7168 1312 ) 
4 161 167 (5520 -7168 0 ) (5520 -7168 1312 ) (5120 -7168 1312 ) (5120 -7168 0 ) 
4 162 178 (5520 -8192 1816 ) (5520 -8192 2304 ) (5120 -8192 2304 ) (5120 -8192 1816 ) 
4 162 170 (5120 -8192 1816 ) (5120 -8192 2304 ) (5120 -7168 2304 ) (5120 -7168 1816 ) 
4 162 166 (5264 -8192 1816 ) (5120 -8192 1816 ) (5120 -8160 1816 ) (5264 -8160 1816 ) 
4 162 165 (5120 -8160 1816 ) (5120 -7168 1816 ) (5264 -7168 1816 ) (5264 -8160 1816 ) 
4 162 164 (5296 -8192 1816 ) (5264 -8192 1816 ) (5264 -7168 1816 ) (5296 -7168 1816 ) 
4 162 163 (5520 -7168 1816 ) (5520 -8192 1816 ) (5296 -8192 1816 ) (5296 -7168 1816 ) 
4 163 178 (5520 -8192 1312 ) (5520 -8192 1816 ) (5296 -8192 1816 ) (5296 -8192 1312 ) 
4 163 167 (5296 -7168 1312 ) (5520 -7168 1312 ) (5520 -8192 1312 ) (5296 -8192 1312 ) 
4 163 164 (5296 -7168 1312 ) (5296 -8192 1312 ) (5296 -8192 1816 ) (5296 -7168 1816 ) 
4 164 178 (5296 -8192 1816 ) (5264 -8192 1816 ) (5264 -8192 1312 ) (5296 -8192 1312 ) 
4 164 167 (5264 -7168 1312 ) (5296 -7168 1312 ) (5296 -8192 1312 ) (5264 -8192 1312 ) 
4 164 166 (5264 -8160 1312 ) (5264 -8192 1312 ) (5264 -8192 1816 ) (5264 -8160 1816 ) 
4 164 165 (5264 -7168 1312 ) (5264 -8160 1312 ) (5264 -8160 1816 ) (5264 -7168 1816 ) 
4 165 171 (5120 -8160 1816 ) (5120 -7168 1816 ) (5120 -7168 1312 ) (5120 -8160 1312 ) 
4 165 167 (5120 -8160 1312 ) (5120 -7168 1312 ) (5264 -7168 1312 ) (5264 -8160 1312 ) 
4 165 166 (5120 -8160 1312 ) (5264 -8160 1312 ) (5264 -8160 1816 ) (5120 -8160 1816 ) 
4 166 178 (5264 -8192 1816 ) (5120 -8192 1816 ) (5120 -8192 1312 ) (5264 -8192 1312 ) 
4 166 172 (5120 -8192 1312 ) (5120 -8192 1816 ) (5120 -8160 1816 ) (5120 -8160 1312 ) 
4 166 167 (5120 -8192 1312 ) (5120 -8160 1312 ) (5264 -8160 1312 ) (5264 -8192 1312 ) 
4 167 178 (5520 -8192 0 ) (5520 -8192 1312 ) (5120 -8192 1312 ) (5120 -8192 0 ) 
4 167 173 (5120 -8192 0 ) (5120 -8192 1312 ) (5120 -8160 1312 ) (5120 -8160 0 ) 
4 167 171 (5120 -8160 1312 ) (5120 -7168 1312 ) (5120 -7168 0 ) (5120 -8160 0 ) 
4 168 171 (5120 -7168 0 ) (5120 -7168 1816 ) (4096 -7168 1816 ) (4096 -7168 0 ) 
4 168 170 (5120 -7168 1816 ) (5120 -7168 2304 ) (4096 -7168 2304 ) (4096 -7168 1816 ) 
4 168 169 (4096 -6144 2304 ) (4096 -6144 0 ) (4096 -7168 0 ) (4096 -7168 2304 ) 
4 169 181 (3072 -6144 2304 ) (3072 -6144 0 ) (3072 -7168 0 ) (3072 -7168 2304 ) 
4 169 175 (4096 -7168 0 ) (4096 -7168 1816 ) (3072 -7168 1816 ) (3072 -7168 0 ) 
4 169 174 (4096 -7168 1816 ) (4096 -7168 2304 ) (3072 -7168 2304 ) (3072 -7168 1816 ) 
4 170 179 (5120 -8192 1816 ) (5120 -8192 2304 ) (4096 -8192 2304 ) (4096 -8192 1816 ) 
4 170 174 (4096 -7168 2304 ) (4096 -7168 1816 ) (4096 -8192 1816 ) (4096 -8192 2304 ) 
4 170 172 (5120 -8192 1816 ) (4096 -8192 1816 ) (4096 -8160 1816 ) (5120 -8160 1816 ) 
4 170 171 (4096 -8160 1816 ) (4096 -7168 1816 ) (5120 -7168 1816 ) (5120 -8160 1816 ) 
4 171 175 (4096 -7168 1816 ) (4096 -7168 0 ) (4096 -8160 0 ) (4096 -8160 1816 ) 
4 171 173 (4096 -8160 0 ) (5120 -8160 0 ) (5120 -8160 1312 ) (4096 -8160 1312 ) 
4 171 172 (5120 -8160 1312 ) (5120 -8160 1816 ) (4096 -8160 1816 ) (4096 -8160 1312 ) 
4 172 179 (5120 -8192 1312 ) (5120 -8192 1816 ) (4096 -8192 1816 ) (4096 -8192 1312 ) 
4 172 176 (4096 -8192 1312 ) (4096 -8192 1816 ) (4096 -8160 1816 ) (4096 -8160 1312 ) 
4 172 173 (5120 -8192 1312 ) (4096 -8192 1312 ) (4096 -8160 1312 ) (5120 -8160 1312 ) 
4 173 179 (5120 -8192 0 ) (5120 -8192 1312 ) (4096 -8192 1312 ) (4096 -8192 0 ) 
4 173 177 (4096 -8160 0 ) (4096 -8192 0 ) (4096 -8192 1312 ) (4096 -8160 1312 ) 
4 174 183 (3072 -8192 1816 ) (3072 -8192 2304 ) (3072 -7168 2304 ) (3072 -7168 1816 ) 
4 174 180 (4096 -8192 1816 ) (4096 -8192 2304 ) (3072 -8192 2304 ) (3072 -8192 1816 ) 
4 174 176 (4096 -8192 1816 ) (3072 -8192 1816 ) (3072 -8160 1816 ) (4096 -8160 1816 ) 
4 174 175 (3072 -8160 1816 ) (3072 -7168 1816 ) (4096 -7168 1816 ) (4096 -8160 1816 ) 
4 175 184 (3072 -8160 1816 ) (3072 -7168 1816 ) (3072 -7168 0 ) (3072 -8160 0 ) 
4 175 177 (3072 -8160 0 ) (4096 -8160 0 ) (4096 -8160 1312 ) (3072 -8160 1312 ) 
4 175 176 (4096 -8160 1312 ) (4096 -8160 1816 ) (3072 -8160 1816 ) (3072 -8160 1312 ) 
4 176 185 (3072 -8192 1312 ) (3072 -8192 1816 ) (3072 -8160 1816 ) (3072 -8160 1312 ) 
4 176 180 (4096 -8192 1312 ) (4096 -8192 1816 ) (3072 -8192 1816 ) (3072 -8192 1312 ) 
4 176 177 (4096 -8192 1312 ) (3072 -8192 1312 ) (3072 -8160 1312 ) (4096 -8160 1312 ) 
4 177 186 (3072 -8192 0 ) (3072 -8192 1312 ) (3072 -8160 1312 ) (3072 -8160 0 ) 
4 177 180 (4096 -8192 0 ) (4096 -8192 1312 ) (3072 -8192 1312 ) (3072 -8192 0 ) 
4 178 179 (5120 -8192 2304 ) (5120 -8192 0 ) (5120 -8480 0 ) (5120 -8480 2304 ) 
4 179 180 (4096 -8192 2304 ) (4096 -8192 0 ) (4096 -8480 0 ) (4096 -8480 2304 ) 
4 180 201 (3072 -8480 0 ) (3072 -8480 2304 ) (3072 -8192 2304 ) (3072 -8192 0 ) 
4 181 184 (3072 -7168 0 ) (3072 -7168 1816 ) (2048 -7168 1816 ) (2048 -7168 0 ) 
4 181 183 (3072 -7168 1816 ) (3072 -7168 2304 ) (2048 -7168 2304 ) (2048 -7168 1816 ) 
4 181 182 (2048 -6144 2304 ) (2048 -6144 0 ) (2048 -7168 0 ) (2048 -7168 2304 ) 
4 182 191 (1024 -6144 2304 ) (1024 -6144 0 ) (1024 -7168 0 ) (1024 -7168 2304 ) 
4 182 188 (2048 -7168 0 ) (2048 -7168 1816 ) (1024 -7168 1816 ) (1024 -7168 0 ) 
4 182 187 (2048 -7168 1816 ) (2048 -7168 2304 ) (1024 -7168 2304 ) (1024 -7168 1816 ) 
4 183 201 (3072 -8192 1816 ) (3072 -8192 2304 ) (2048 -8192 2304 ) (2048 -8192 1816 ) 
4 183 187 (2048 -7168 2304 ) (2048 -7168 1816 ) (2048 -8192 1816 ) (2048 -8192 2304 ) 
4 183 185 (2048 -8192 1816 ) (2048 -8160 1816 ) (3072 -8160 1816 ) (3072 -8192 1816 ) 
4 183 184 (2048 -8160 1816 ) (2048 -7168 1816 ) (3072 -7168 1816 ) (3072 -8160 1816 ) 
4 184 188 (2048 -7168 1816 ) (2048 -7168 0 ) (2048 -8160 0 ) (2048 -8160 1816 ) 
4 184 186 (2048 -8160 0 ) (3072 -8160 0 ) (3072 -8160 1312 ) (2048 -8160 1312 ) 
4 184 185 (3072 -8160 1312 ) (3072 -8160 1816 ) (2048 -8160 1816 ) (2048 -8160 1312 ) 
4 185 201 (3072 -8192 1312 ) (3072 -8192 1816 ) (2048 -8192 1816 ) (2048 -8192 1312 ) 
4 185 189 (2048 -8192 1312 ) (2048 -8192 1816 ) (2048 -8160 1816 ) (2048 -8160 1312 ) 
4 185 186 (2048 -8192 1312 ) (2048 -8160 1312 ) (3072 -8160 1312 ) (3072 -8192 1312 ) 
4 186 201 (3072 -8192 0 ) (3072 -8192 1312 ) (2048 -8192 1312 ) (2048 -8192 0 ) 
4 186 190 (2048 -8160 0 ) (2048 -8192 0 ) (2048 -8192 1312 ) (2048 -8160 1312 ) 
4 187 202 (2048 -8192 1816 ) (2048 -8192 2304 ) (1024 -8192 2304 ) (1024 -8192 1816 ) 
4 187 193 (1024 -8192 1816 ) (1024 -8192 2304 ) (1024 -7168 2304 ) (1024 -7168 1816 ) 
4 187 189 (2048 -8192 1816 ) (1024 -8192 1816 ) (1024 -8160 1816 ) (2048 -8160 1816 ) 
4 187 188 (1024 -8160 1816 ) (1024 -7168 1816 ) (2048 -7168 1816 ) (2048 -8160 1816 ) 
4 188 194 (1024 -8160 1816 ) (1024 -7168 1816 ) (1024 -7168 0 ) (1024 -8160 0 ) 
4 188 190 (1024 -8160 0 ) (2048 -8160 0 ) (2048 -8160 1312 ) (1024 -8160 1312 ) 
4 188 189 (2048 -8160 1312 ) (2048 -8160 1816 ) (1024 -8160 1816 ) (1024 -8160 1312 ) 
4 189 202 (2048 -8192 1312 ) (2048 -8192 1816 ) (1024 -8192 1816 ) (1024 -8192 1312 ) 
4 189 195 (1024 -8192 1312 ) (1024 -8192 1816 ) (1024 -8160 1816 ) (1024 -8160 1312 ) 
4 189 190 (2048 -8192 1312 ) (1024 -8192 1312 ) (1024 -8160 1312 ) (2048 -8160 1312 ) 
4 190 202 (2048 -8192 0 ) (2048 -8192 1312 ) (1024 -8192 1312 ) (1024 -8192 0 ) 
4 190 196 (1024 -8192 0 ) (1024 -8192 1312 ) (1024 -8160 1312 ) (1024 -8160 0 ) 
4 191 194 (1024 -7168 0 ) (1024 -7168 1816 ) (0 -7168 1816 ) (0 -7168 0 ) 
4 191 193 (1024 -7168 1816 ) (1024 -7168 2304 ) (0 -7168 2304 ) (0 -7168 1816 ) 
4 191 192 (0 -6144 2304 ) (0 -6144 0 ) (0 -7168 0 ) (0 -7168 2304 ) 
4 192 332 (-1024 -7168 0 ) (-1024 -7168 2304 ) (-1024 -6144 2304 ) (-1024 -6144 0 ) 
4 192 198 (-1024 -7168 1816 ) (-1024 -7168 0 ) (0 -7168 0 ) (0 -7168 1816 ) 
4 192 197 (-1024 -7168 2304 ) (-1024 -7168 1816 ) (0 -7168 1816 ) (0 -7168 2304 ) 
4 193 203 (1024 -8192 1816 ) (1024 -8192 2304 ) (0 -8192 2304 ) (0 -8192 1816 ) 
4 193 197 (0 -7168 2304 ) (0 -7168 1816 ) (0 -8192 1816 ) (0 -8192 2304 ) 
4 193 195 (1024 -8192 1816 ) (0 -8192 1816 ) (0 -8160 1816 ) (1024 -8160 1816 ) 
4 193 194 (0 -8160 1816 ) (0 -7168 1816 ) (1024 -7168 1816 ) (1024 -8160 1816 ) 
4 194 198 (0 -7168 1816 ) (0 -7168 0 ) (0 -8160 0 ) (0 -8160 1816 ) 
4 194 196 (0 -8160 0 ) (1024 -8160 0 ) (1024 -8160 1312 ) (0 -8160 1312 ) 
4 194 195 (1024 -8160 1312 ) (1024 -8160 1816 ) (0 -8160 1816 ) (0 -8160 1312 ) 
4 195 203 (1024 -8192 1312 ) (1024 -8192 1816 ) (0 -8192 1816 ) (0 -8192 1312 ) 
4 195 199 (0 -8192 1312 ) (0 -8192 1816 ) (0 -8160 1816 ) (0 -8160 1312 ) 
4 195 196 (1024 -8192 1312 ) (0 -8192 1312 ) (0 -8160 1312 ) (1024 -8160 1312 ) 
4 196 203 (1024 -8192 0 ) (1024 -8192 1312 ) (0 -8192 1312 ) (0 -8192 0 ) 
4 196 200 (0 -8160 0 ) (0 -8192 0 ) (0 -8192 1312 ) (0 -8160 1312 ) 
4 197 334 (-1024 -8192 1816 ) (-1024 -8192 2304 ) (-1024 -7168 2304 ) (-1024 -7168 1816 ) 
4 197 204 (-1024 -8192 2304 ) (-1024 -8192 1816 ) (0 -8192 1816 ) (0 -8192 2304 ) 
4 197 199 (0 -8192 1816 ) (-1024 -8192 1816 ) (-1024 -8160 1816 ) (0 -8160 1816 ) 
4 197 198 (-1024 -8160 1816 ) (-1024 -7168 1816 ) (0 -7168 1816 ) (0 -8160 1816 ) 
4 198 335 (-1024 -8160 1816 ) (-1024 -7168 1816 ) (-1024 -7168 0 ) (-1024 -8160 0 ) 
4 198 200 (-1024 -8160 0 ) (0 -8160 0 ) (0 -8160 1312 ) (-1024 -8160 1312 ) 
4 198 199 (0 -8160 1312 ) (0 -8160 1816 ) (-1024 -8160 1816 ) (-1024 -8160 1312 ) 
4 199 336 (-1024 -8192 1312 ) (-1024 -8192 1816 ) (-1024 -8160 1816 ) (-1024 -8160 1312 ) 
4 199 204 (-1024 -8192 1816 ) (-1024 -8192 1312 ) (0 -8192 1312 ) (0 -8192 1816 ) 
4 199 200 (0 -8192 1312 ) (-1024 -8192 1312 ) (-1024 -8160 1312 ) (0 -8160 1312 ) 
4 200 337 (-1024 -8192 0 ) (-1024 -8192 1312 ) (-1024 -8160 1312 ) (-1024 -8160 0 ) 
4 200 204 (-1024 -8192 1312 ) (-1024 -8192 0 ) (0 -8192 0 ) (0 -8192 1312 ) 
4 201 202 (2048 -8192 2304 ) (2048 -8192 0 ) (2048 -8480 0 ) (2048 -8480 2304 ) 
4 202 203 (1024 -8192 2304 ) (1024 -8192 0 ) (1024 -8480 0 ) (1024 -8480 2304 ) 
4 203 204 (0 -8192 2304 ) (0 -8192 0 ) (0 -8480 0 ) (0 -8480 2304 ) 
4 204 352 (-1024 -8480 0 ) (-1024 -8480 2304 ) (-1024 -8192 2304 ) (-1024 -8192 0 ) 
4 205 210 (-1024 4096 0 ) (-1024 4096 1816 ) (-2048 4096 1816 ) (-2048 4096 0 ) 
4 205 209 (-1024 4096 1816 ) (-1024 4096 2304 ) (-2048 4096 2304 ) (-2048 4096 1816 ) 
4 205 206 (-2048 4096 0 ) (-2048 4096 2304 ) (-2048 4160 2304 ) (-2048 4160 0 ) 
4 206 215 (-2048 4096 0 ) (-2048 4096 1816 ) (-3072 4096 1816 ) (-3072 4096 0 ) 
4 206 214 (-2048 4096 1816 ) (-2048 4096 2304 ) (-3072 4096 2304 ) (-3072 4096 1816 ) 
4 206 207 (-3072 4096 0 ) (-3072 4096 2304 ) (-3072 4160 2304 ) (-3072 4160 0 ) 
4 207 222 (-3072 4096 0 ) (-3072 4096 1816 ) (-4096 4096 1816 ) (-4096 4096 0 ) 
4 207 221 (-3072 4096 1816 ) (-3072 4096 2304 ) (-4096 4096 2304 ) (-4096 4096 1816 ) 
4 207 208 (-4096 4096 0 ) (-4096 4096 2304 ) (-4096 4160 2304 ) (-4096 4160 0 ) 
4 208 249 (-5120 4096 0 ) (-5120 4096 2304 ) (-5120 4160 2304 ) (-5120 4160 0 ) 
4 208 227 (-5120 4096 1816 ) (-5120 4096 0 ) (-4096 4096 0 ) (-4096 4096 1816 ) 
4 208 226 (-5120 4096 2304 ) (-5120 4096 1816 ) (-4096 4096 1816 ) (-4096 4096 2304 ) 
4 209 219 (-1024 3072 1816 ) (-1024 3072 2304 ) (-2048 3072 2304 ) (-2048 3072 1816 ) 
4 209 214 (-2048 4096 2304 ) (-2048 4096 1816 ) (-2048 3072 1816 ) (-2048 3072 2304 ) 
4 209 211 (-2048 3904 1816 ) (-2048 3936 1816 ) (-1024 3936 1816 ) (-1024 3904 1816 ) 
4 209 210 (-2048 3936 1816 ) (-2048 4096 1816 ) (-1024 4096 1816 ) (-1024 3936 1816 ) 
4 209 213 (-2048 3072 1816 ) (-2048 3904 1816 ) (-1024 3904 1816 ) (-1024 3072 1816 ) 
4 210 215 (-2048 4096 1816 ) (-2048 4096 0 ) (-2048 3936 0 ) (-2048 3936 1816 ) 
4 210 212 (-2048 3936 0 ) (-1024 3936 0 ) (-1024 3936 1312 ) (-2048 3936 1312 ) 
4 210 211 (-1024 3936 1312 ) (-1024 3936 1816 ) (-2048 3936 1816 ) (-2048 3936 1312 ) 
4 211 216 (-2048 3904 1312 ) (-2048 3904 1816 ) (-2048 3936 1816 ) (-2048 3936 1312 ) 
4 211 213 (-1024 3904 1312 ) (-1024 3904 1816 ) (-2048 3904 1816 ) (-2048 3904 1312 ) 
4 211 212 (-1024 3904 1312 ) (-2048 3904 1312 ) (-2048 3936 1312 ) (-1024 3936 1312 ) 
4 212 217 (-2048 3936 0 ) (-2048 3904 0 ) (-2048 3904 1312 ) (-2048 3936 1312 ) 
4 212 213 (-2048 3904 0 ) (-1024 3904 0 ) (-1024 3904 1312 ) (-2048 3904 1312 ) 
4 213 219 (-1024 3072 0 ) (-1024 3072 1816 ) (-2048 3072 1816 ) (-2048 3072 0 ) 
4 213 218 (-2048 3904 0 ) (-2048 3072 0 ) (-2048 3072 1816 ) (-2048 3904 1816 ) 
4 214 221 (-3072 4096 2304 ) (-3072 4096 1816 ) (-3072 3072 1816 ) (-3072 3072 2304 ) 
4 214 220 (-2048 3072 1816 ) (-2048 3072 2304 ) (-3072 3072 2304 ) (-3072 3072 1816 ) 
4 214 216 (-3072 3904 1816 ) (-3072 3936 1816 ) (-2048 3936 1816 ) (-2048 3904 1816 ) 
4 214 215 (-3072 3936 1816 ) (-3072 4096 1816 ) (-2048 4096 1816 ) (-2048 3936 1816 ) 
4 214 218 (-2048 3072 1816 ) (-3072 3072 1816 ) (-3072 3904 1816 ) (-2048 3904 1816 ) 
4 215 222 (-3072 4096 1816 ) (-3072 4096 0 ) (-3072 3936 0 ) (-3072 3936 1816 ) 
4 215 217 (-3072 3936 0 ) (-2048 3936 0 ) (-2048 3936 1312 ) (-3072 3936 1312 ) 
4 215 216 (-2048 3936 1312 ) (-2048 3936 1816 ) (-3072 3936 1816 ) (-3072 3936 1312 ) 
4 216 223 (-3072 3904 1312 ) (-3072 3904 1816 ) (-3072 3936 1816 ) (-3072 3936 1312 ) 
4 216 218 (-2048 3904 1312 ) (-2048 3904 1816 ) (-3072 3904 1816 ) (-3072 3904 1312 ) 
4 216 217 (-2048 3904 1312 ) (-3072 3904 1312 ) (-3072 3936 1312 ) (-2048 3936 1312 ) 
4 217 224 (-3072 3936 0 ) (-3072 3904 0 ) (-3072 3904 1312 ) (-3072 3936 1312 ) 
4 217 218 (-3072 3904 0 ) (-2048 3904 0 ) (-2048 3904 1312 ) (-3072 3904 1312 ) 
4 218 225 (-3072 3904 0 ) (-3072 3072 0 ) (-3072 3072 1816 ) (-3072 3904 1816 ) 
4 218 220 (-2048 3072 0 ) (-2048 3072 1816 ) (-3072 3072 1816 ) (-3072 3072 0 ) 
4 219 233 (-1024 2048 0 ) (-1024 2048 2304 ) (-2048 2048 2304 ) (-2048 2048 0 ) 
4 219 220 (-2048 3072 2304 ) (-2048 3072 0 ) (-2048 2048 0 ) (-2048 2048 2304 ) 
4 220 234 (-2048 2048 0 ) (-2048 2048 2304 ) (-3072 2048 2304 ) (-3072 2048 0 ) 
4 220 231 (-3072 2048 0 ) (-3072 2048 2304 ) (-3072 3072 2304 ) (-3072 3072 0 ) 
4 221 231 (-3072 3072 1816 ) (-3072 3072 2304 ) (-4096 3072 2304 ) (-4096 3072 1816 ) 
4 221 226 (-4096 4096 2304 ) (-4096 4096 1816 ) (-4096 3072 1816 ) (-4096 3072 2304 ) 
4 221 223 (-4096 3904 1816 ) (-4096 3936 1816 ) (-3072 3936 1816 ) (-3072 3904 1816 ) 
4 221 222 (-4096 3936 1816 ) (-4096 4096 1816 ) (-3072 4096 1816 ) (-3072 3936 1816 ) 
4 221 225 (-4096 3072 1816 ) (-4096 3904 1816 ) (-3072 3904 1816 ) (-3072 3072 1816 ) 
4 222 227 (-4096 4096 1816 ) (-4096 4096 0 ) (-4096 3936 0 ) (-4096 3936 1816 ) 
4 222 224 (-4096 3936 0 ) (-3072 3936 0 ) (-3072 3936 1312 ) (-4096 3936 1312 ) 
4 222 223 (-3072 3936 1312 ) (-3072 3936 1816 ) (-4096 3936 1816 ) (-4096 3936 1312 ) 
4 223 228 (-4096 3904 1312 ) (-4096 3904 1816 ) (-4096 3936 1816 ) (-4096 3936 1312 ) 
4 223 225 (-3072 3904 1312 ) (-3072 3904 1816 ) (-4096 3904 1816 ) (-4096 3904 1312 ) 
4 223 224 (-3072 3904 1312 ) (-4096 3904 1312 ) (-4096 3936 1312 ) (-3072 3936 1312 ) 
4 224 229 (-4096 3936 0 ) (-4096 3904 0 ) (-4096 3904 1312 ) (-4096 3936 1312 ) 
4 224 225 (-4096 3904 0 ) (-3072 3904 0 ) (-3072 3904 1312 ) (-4096 3904 1312 ) 
4 225 231 (-3072 3072 0 ) (-3072 3072 1816 ) (-4096 3072 1816 ) (-4096 3072 0 ) 
4 225 230 (-4096 3904 0 ) (-4096 3072 0 ) (-4096 3072 1816 ) (-4096 3904 1816 ) 
4 226 251 (-5120 3072 1816 ) (-5120 3072 2304 ) (-5120 4096 2304 ) (-5120 4096 1816 ) 
4 226 232 (-5120 3072 2304 ) (-5120 3072 1816 ) (-4096 3072 1816 ) (-4096 3072 2304 ) 
4 226 228 (-5120 3904 1816 ) (-5120 3936 1816 ) (-4096 3936 1816 ) (-4096 3904 1816 ) 
4 226 227 (-5120 3936 1816 ) (-5120 4096 1816 ) (-4096 4096 1816 ) (-4096 3936 1816 ) 
4 226 230 (-4096 3072 1816 ) (-5120 3072 1816 ) (-5120 3904 1816 ) (-4096 3904 1816 ) 
4 227 252 (-5120 3936 1816 ) (-5120 4096 1816 ) (-5120 4096 0 ) (-5120 3936 0 ) 
4 227 229 (-5120 3936 0 ) (-4096 3936 0 ) (-4096 3936 1312 ) (-5120 3936 1312 ) 
4 227 228 (-4096 3936 1312 ) (-4096 3936 1816 ) (-5120 3936 1816 ) (-5120 3936 1312 ) 
4 228 253 (-5120 3904 1816 ) (-5120 3936 1816 ) (-5120 3936 1312 ) (-5120 3904 1312 ) 
4 228 230 (-4096 3904 1312 ) (-4096 3904 1816 ) (-5120 3904 1816 ) (-5120 3904 1312 ) 
4 228 229 (-4096 3904 1312 ) (-5120 3904 1312 ) (-5120 3936 1312 ) (-4096 3936 1312 ) 
4 229 254 (-5120 3936 1312 ) (-5120 3936 0 ) (-5120 3904 0 ) (-5120 3904 1312 ) 
4 229 230 (-5120 3904 0 ) (-4096 3904 0 ) (-4096 3904 1312 ) (-5120 3904 1312 ) 
4 230 255 (-5120 3072 0 ) (-5120 3072 1816 ) (-5120 3904 1816 ) (-5120 3904 0 ) 
4 230 232 (-5120 3072 1816 ) (-5120 3072 0 ) (-4096 3072 0 ) (-4096 3072 1816 ) 
4 231 237 (-3072 2048 0 ) (-3072 2048 2304 ) (-4096 2048 2304 ) (-4096 2048 0 ) 
4 231 232 (-4096 3072 2304 ) (-4096 3072 0 ) (-4096 2048 0 ) (-4096 2048 2304 ) 
4 232 261 (-5120 2048 0 ) (-5120 2048 2304 ) (-5120 3072 2304 ) (-5120 3072 0 ) 
4 232 238 (-4096 2048 0 ) (-4096 2048 2304 ) (-5120 2048 2304 ) (-5120 2048 0 ) 
4 233 235 (-1024 1024 0 ) (-1024 1024 2304 ) (-2048 1024 2304 ) (-2048 1024 0 ) 
4 233 234 (-2048 1024 0 ) (-2048 1024 2304 ) (-2048 2048 2304 ) (-2048 2048 0 ) 
4 234 237 (-3072 1024 0 ) (-3072 1024 2304 ) (-3072 2048 2304 ) (-3072 2048 0 ) 
4 234 236 (-2048 1024 0 ) (-2048 1024 2304 ) (-3072 1024 2304 ) (-3072 1024 0 ) 
4 235 241 (-1024 0 0 ) (-1024 0 2304 ) (-2048 0 2304 ) (-2048 0 0 ) 
4 235 236 (-2048 1024 2304 ) (-2048 1024 0 ) (-2048 0 0 ) (-2048 0 2304 ) 
4 236 242 (-2048 0 0 ) (-2048 0 2304 ) (-3072 0 2304 ) (-3072 0 0 ) 
4 236 239 (-3072 0 0 ) (-3072 0 2304 ) (-3072 1024 2304 ) (-3072 1024 0 ) 
4 237 239 (-3072 1024 0 ) (-3072 1024 2304 ) (-4096 1024 2304 ) (-4096 1024 0 ) 
4 237 238 (-4096 1024 0 ) (-4096 1024 2304 ) (-4096 2048 2304 ) (-4096 2048 0 ) 
4 238 284 (-5120 1024 0 ) (-5120 1024 2304 ) (-5120 2048 2304 ) (-5120 2048 0 ) 
4 238 240 (-5120 1024 2304 ) (-5120 1024 0 ) (-4096 1024 0 ) (-4096 1024 2304 ) 
4 239 245 (-3072 0 0 ) (-3072 0 2304 ) (-4096 0 2304 ) (-4096 0 0 ) 
4 239 240 (-4096 1024 2304 ) (-4096 1024 0 ) (-4096 0 0 ) (-4096 0 2304 ) 
4 240 286 (-5120 0 0 ) (-5120 0 2304 ) (-5120 1024 2304 ) (-5120 1024 0 ) 
4 240 246 (-5120 0 2304 ) (-5120 0 0 ) (-4096 0 0 ) (-4096 0 2304 ) 
4 241 243 (-1024 -1024 0 ) (-1024 -1024 2304 ) (-2048 -1024 2304 ) (-2048 -1024 0 ) 
4 241 242 (-2048 0 2304 ) (-2048 0 0 ) (-2048 -1024 0 ) (-2048 -1024 2304 ) 
4 242 245 (-3072 0 2304 ) (-3072 0 0 ) (-3072 -1024 0 ) (-3072 -1024 2304 ) 
4 242 244 (-2048 -1024 0 ) (-2048 -1024 2304 ) (-3072 -1024 2304 ) (-3072 -1024 0 ) 
4 243 316 (-1024 -2048 0 ) (-1024 -2048 2304 ) (-2048 -2048 2304 ) (-2048 -2048 0 ) 
4 243 244 (-2048 -1024 2304 ) (-2048 -1024 0 ) (-2048 -2048 0 ) (-2048 -2048 2304 ) 
4 244 317 (-2048 -2048 0 ) (-2048 -2048 2304 ) (-3072 -2048 2304 ) (-3072 -2048 0 ) 
4 244 247 (-3072 -2048 0 ) (-3072 -2048 2304 ) (-3072 -1024 2304 ) (-3072 -1024 0 ) 
4 245 247 (-3072 -1024 0 ) (-3072 -1024 2304 ) (-4096 -1024 2304 ) (-4096 -1024 0 ) 
4 245 246 (-4096 0 2304 ) (-4096 0 0 ) (-4096 -1024 0 ) (-4096 -1024 2304 ) 
4 246 288 (-5120 -1024 0 ) (-5120 -1024 2304 ) (-5120 0 2304 ) (-5120 0 0 ) 
4 246 248 (-5120 -1024 2304 ) (-5120 -1024 0 ) (-4096 -1024 0 ) (-4096 -1024 2304 ) 
4 247 320 (-3072 -2048 0 ) (-3072 -2048 2304 ) (-4096 -2048 2304 ) (-4096 -2048 0 ) 
4 247 248 (-4096 -1024 2304 ) (-4096 -1024 0 ) (-4096 -2048 0 ) (-4096 -2048 2304 ) 
4 248 321 (-4096 -2048 0 ) (-4096 -2048 2304 ) (-5120 -2048 2304 ) (-5120 -2048 0 ) 
4 248 290 (-5120 -2048 0 ) (-5120 -2048 2304 ) (-5120 -1024 2304 ) (-5120 -1024 0 ) 
4 249 252 (-5120 4096 0 ) (-5120 4096 1816 ) (-6144 4096 1816 ) (-6144 4096 0 ) 
4 249 251 (-5120 4096 1816 ) (-5120 4096 2304 ) (-6144 4096 2304 ) (-6144 4096 1816 ) 
4 249 250 (-6144 4096 0 ) (-6144 4096 2304 ) (-6144 4160 2304 ) (-6144 4160 0 ) 
4 250 263 (-7168 4096 0 ) (-7168 4096 2304 ) (-7168 4160 2304 ) (-7168 4160 0 ) 
4 250 257 (-6144 4096 0 ) (-6144 4096 1816 ) (-7168 4096 1816 ) (-7168 4096 0 ) 
4 250 256 (-6144 4096 1816 ) (-6144 4096 2304 ) (-7168 4096 2304 ) (-7168 4096 1816 ) 
4 251 261 (-5120 3072 1816 ) (-5120 3072 2304 ) (-6144 3072 2304 ) (-6144 3072 1816 ) 
4 251 256 (-6144 3072 1816 ) (-6144 3072 2304 ) (-6144 4096 2304 ) (-6144 4096 1816 ) 
4 251 253 (-6144 3904 1816 ) (-6144 3936 1816 ) (-5120 3936 1816 ) (-5120 3904 1816 ) 
4 251 252 (-6144 3936 1816 ) (-6144 4096 1816 ) (-5120 4096 1816 ) (-5120 3936 1816 ) 
4 251 255 (-6144 3072 1816 ) (-6144 3904 1816 ) (-5120 3904 1816 ) (-5120 3072 1816 ) 
4 252 257 (-6144 3936 1816 ) (-6144 4096 1816 ) (-6144 4096 0 ) (-6144 3936 0 ) 
4 252 254 (-6144 3936 0 ) (-5120 3936 0 ) (-5120 3936 1312 ) (-6144 3936 1312 ) 
4 252 253 (-5120 3936 1312 ) (-5120 3936 1816 ) (-6144 3936 1816 ) (-6144 3936 1312 ) 
4 253 258 (-6144 3904 1816 ) (-6144 3936 1816 ) (-6144 3936 1312 ) (-6144 3904 1312 ) 
4 253 255 (-5120 3904 1312 ) (-5120 3904 1816 ) (-6144 3904 1816 ) (-6144 3904 1312 ) 
4 253 254 (-5120 3904 1312 ) (-6144 3904 1312 ) (-6144 3936 1312 ) (-5120 3936 1312 ) 
4 254 259 (-6144 3936 1312 ) (-6144 3936 0 ) (-6144 3904 0 ) (-6144 3904 1312 ) 
4 254 255 (-6144 3904 0 ) (-5120 3904 0 ) (-5120 3904 1312 ) (-6144 3904 1312 ) 
4 255 261 (-5120 3072 0 ) (-5120 3072 1816 ) (-6144 3072 1816 ) (-6144 3072 0 ) 
4 255 260 (-6144 3072 0 ) (-6144 3072 1816 ) (-6144 3904 1816 ) (-6144 3904 0 ) 
4 256 265 (-7168 3072 1816 ) (-7168 3072 2304 ) (-7168 4096 2304 ) (-7168 4096 1816 ) 
4 256 262 (-7168 3072 2304 ) (-7168 3072 1816 ) (-6144 3072 1816 ) (-6144 3072 2304 ) 
4 256 258 (-7168 3904 1816 ) (-7168 3936 1816 ) (-6144 3936 1816 ) (-6144 3904 1816 ) 
4 256 257 (-7168 3936 1816 ) (-7168 4096 1816 ) (-6144 4096 1816 ) (-6144 3936 1816 ) 
4 256 260 (-6144 3072 1816 ) (-7168 3072 1816 ) (-7168 3904 1816 ) (-6144 3904 1816 ) 
4 257 266 (-7168 3936 1816 ) (-7168 4096 1816 ) (-7168 4096 0 ) (-7168 3936 0 ) 
4 257 259 (-7168 3936 0 ) (-6144 3936 0 ) (-6144 3936 1312 ) (-7168 3936 1312 ) 
4 257 258 (-6144 3936 1312 ) (-6144 3936 1816 ) (-7168 3936 1816 ) (-7168 3936 1312 ) 
4 258 267 (-7168 3904 1816 ) (-7168 3936 1816 ) (-7168 3936 1312 ) (-7168 3904 1312 ) 
4 258 260 (-6144 3904 1312 ) (-6144 3904 1816 ) (-7168 3904 1816 ) (-7168 3904 1312 ) 
4 258 259 (-6144 3904 1312 ) (-7168 3904 1312 ) (-7168 3936 1312 ) (-6144 3936 1312 ) 
4 259 268 (-7168 3936 1312 ) (-7168 3936 0 ) (-7168 3904 0 ) (-7168 3904 1312 ) 
4 259 260 (-7168 3904 0 ) (-6144 3904 0 ) (-6144 3904 1312 ) (-7168 3904 1312 ) 
4 260 269 (-7168 3072 0 ) (-7168 3072 1816 ) (-7168 3904 1816 ) (-7168 3904 0 ) 
4 260 262 (-7168 3072 1816 ) (-7168 3072 0 ) (-6144 3072 0 ) (-6144 3072 1816 ) 
4 261 284 (-5120 2048 0 ) (-5120 2048 2304 ) (-6144 2048 2304 ) (-6144 2048 0 ) 
4 261 262 (-6144 3072 2304 ) (-6144 3072 0 ) (-6144 2048 0 ) (-6144 2048 2304 ) 
4 262 285 (-6144 2048 0 ) (-6144 2048 2304 ) (-7168 2048 2304 ) (-7168 2048 0 ) 
4 262 270 (-7168 2048 0 ) (-7168 2048 2304 ) (-7168 3072 2304 ) (-7168 3072 0 ) 
4 263 266 (-7168 4096 0 ) (-7168 4096 1816 ) (-8192 4096 1816 ) (-8192 4096 0 ) 
4 263 265 (-7168 4096 1816 ) (-7168 4096 2304 ) (-8192 4096 2304 ) (-8192 4096 1816 ) 
4 263 264 (-8192 4096 0 ) (-8192 4096 2304 ) (-8192 4160 2304 ) (-8192 4160 0 ) 
4 264 278 (-8192 4096 0 ) (-8192 4096 1312 ) (-9024 4096 1312 ) (-9024 4096 0 ) 
4 264 275 (-8736 4096 1816 ) (-8768 4096 1816 ) (-8768 4096 1312 ) (-8736 4096 1312 ) 
4 264 277 (-8768 4096 1816 ) (-9024 4096 1816 ) (-9024 4096 1312 ) (-8768 4096 1312 ) 
4 264 272 (-8192 4096 1312 ) (-8192 4096 1816 ) (-8736 4096 1816 ) (-8736 4096 1312 ) 
4 264 271 (-8192 4096 1816 ) (-8192 4096 2304 ) (-9024 4096 2304 ) (-9024 4096 1816 ) 
4 265 271 (-8192 4096 2304 ) (-8192 4096 1816 ) (-8192 3072 1816 ) (-8192 3072 2304 ) 
4 265 270 (-7168 3072 1816 ) (-7168 3072 2304 ) (-8192 3072 2304 ) (-8192 3072 1816 ) 
4 265 267 (-8192 3904 1816 ) (-8192 3936 1816 ) (-7168 3936 1816 ) (-7168 3904 1816 ) 
4 265 266 (-8192 3936 1816 ) (-8192 4096 1816 ) (-7168 4096 1816 ) (-7168 3936 1816 ) 
4 265 269 (-7168 3072 1816 ) (-8192 3072 1816 ) (-8192 3904 1816 ) (-7168 3904 1816 ) 
4 266 278 (-8192 4096 1312 ) (-8192 4096 0 ) (-8192 3936 0 ) (-8192 3936 1312 ) 
4 266 272 (-8192 4096 1816 ) (-8192 4096 1312 ) (-8192 3936 1312 ) (-8192 3936 1816 ) 
4 266 268 (-8192 3936 0 ) (-7168 3936 0 ) (-7168 3936 1312 ) (-8192 3936 1312 ) 
4 266 267 (-7168 3936 1312 ) (-7168 3936 1816 ) (-8192 3936 1816 ) (-8192 3936 1312 ) 
4 267 273 (-8192 3904 1312 ) (-8192 3904 1816 ) (-8192 3936 1816 ) (-8192 3936 1312 ) 
4 267 269 (-7168 3904 1312 ) (-7168 3904 1816 ) (-8192 3904 1816 ) (-8192 3904 1312 ) 
4 267 268 (-7168 3904 1312 ) (-8192 3904 1312 ) (-8192 3936 1312 ) (-7168 3936 1312 ) 
4 268 278 (-8192 3936 0 ) (-8192 3904 0 ) (-8192 3904 1312 ) (-8192 3936 1312 ) 
4 268 269 (-8192 3904 0 ) (-7168 3904 0 ) (-7168 3904 1312 ) (-8192 3904 1312 ) 
4 269 278 (-8192 3904 0 ) (-8192 3072 0 ) (-8192 3072 1312 ) (-8192 3904 1312 ) 
4 269 274 (-8192 3072 1312 ) (-8192 3072 1816 ) (-8192 3904 1816 ) (-8192 3904 1312 ) 
4 269 270 (-7168 3072 0 ) (-7168 3072 1816 ) (-8192 3072 1816 ) (-8192 3072 0 ) 
4 270 292 (-7168 2048 0 ) (-7168 2048 2304 ) (-8192 2048 2304 ) (-8192 2048 0 ) 
4 270 283 (-8192 2048 0 ) (-8192 2048 1312 ) (-8192 3072 1312 ) (-8192 3072 0 ) 
4 270 279 (-8192 2048 1312 ) (-8192 2048 2304 ) (-8192 3072 2304 ) (-8192 3072 1312 ) 
4 271 280 (-8736 3072 2304 ) (-8768 3072 2304 ) (-8768 3072 1816 ) (-8736 3072 1816 ) 
4 271 279 (-8192 3072 1816 ) (-8192 3072 2304 ) (-8736 3072 2304 ) (-8736 3072 1816 ) 
4 271 282 (-8768 3072 2304 ) (-9024 3072 2304 ) (-9024 3072 1816 ) (-8768 3072 1816 ) 
4 271 276 (-8736 3072 1816 ) (-8768 3072 1816 ) (-8768 3904 1816 ) (-8736 3904 1816 ) 
4 271 275 (-8768 3904 1816 ) (-8768 4096 1816 ) (-8736 4096 1816 ) (-8736 3904 1816 ) 
4 271 277 (-8768 3072 1816 ) (-9024 3072 1816 ) (-9024 4096 1816 ) (-8768 4096 1816 ) 
4 271 273 (-8736 3904 1816 ) (-8736 3936 1816 ) (-8192 3936 1816 ) (-8192 3904 1816 ) 
4 271 272 (-8736 3936 1816 ) (-8736 4096 1816 ) (-8192 4096 1816 ) (-8192 3936 1816 ) 
4 271 274 (-8192 3072 1816 ) (-8736 3072 1816 ) (-8736 3904 1816 ) (-8192 3904 1816 ) 
4 272 278 (-8736 4096 1312 ) (-8192 4096 1312 ) (-8192 3936 1312 ) (-8736 3936 1312 ) 
4 272 275 (-8736 4096 1312 ) (-8736 3936 1312 ) (-8736 3936 1816 ) (-8736 4096 1816 ) 
4 272 273 (-8736 3936 1816 ) (-8736 3936 1312 ) (-8192 3936 1312 ) (-8192 3936 1816 ) 
4 273 278 (-8192 3936 1312 ) (-8192 3904 1312 ) (-8736 3904 1312 ) (-8736 3936 1312 ) 
4 273 275 (-8736 3936 1312 ) (-8736 3904 1312 ) (-8736 3904 1816 ) (-8736 3936 1816 ) 
4 273 274 (-8736 3904 1816 ) (-8736 3904 1312 ) (-8192 3904 1312 ) (-8192 3904 1816 ) 
4 274 279 (-8192 3072 1312 ) (-8192 3072 1816 ) (-8736 3072 1816 ) (-8736 3072 1312 ) 
4 274 278 (-8192 3904 1312 ) (-8192 3072 1312 ) (-8736 3072 1312 ) (-8736 3904 1312 ) 
4 274 276 (-8736 3904 1312 ) (-8736 3072 1312 ) (-8736 3072 1816 ) (-8736 3904 1816 ) 
4 275 278 (-8768 4096 1312 ) (-8736 4096 1312 ) (-8736 3904 1312 ) (-8768 3904 1312 ) 
4 275 277 (-8768 4096 1312 ) (-8768 3904 1312 ) (-8768 3904 1816 ) (-8768 4096 1816 ) 
4 275 276 (-8768 3904 1816 ) (-8768 3904 1312 ) (-8736 3904 1312 ) (-8736 3904 1816 ) 
4 276 281 (-8736 3072 1816 ) (-8768 3072 1816 ) (-8768 3072 1312 ) (-8736 3072 1312 ) 
4 276 278 (-8736 3904 1312 ) (-8736 3072 1312 ) (-8768 3072 1312 ) (-8768 3904 1312 ) 
4 276 277 (-8768 3904 1312 ) (-8768 3072 1312 ) (-8768 3072 1816 ) (-8768 3904 1816 ) 
4 277 282 (-8768 3072 1816 ) (-9024 3072 1816 ) (-9024 3072 1312 ) (-8768 3072 1312 ) 
4 277 278 (-9024 3072 1312 ) (-9024 4096 1312 ) (-8768 4096 1312 ) (-8768 3072 1312 ) 
4 278 283 (-8192 3072 0 ) (-8192 3072 1312 ) (-9024 3072 1312 ) (-9024 3072 0 ) 
4 279 294 (-8192 2048 1312 ) (-8192 2048 2304 ) (-8736 2048 2304 ) (-8736 2048 1312 ) 
4 279 283 (-8192 2048 1312 ) (-8736 2048 1312 ) (-8736 3072 1312 ) (-8192 3072 1312 ) 
4 279 281 (-8736 3072 1312 ) (-8736 2048 1312 ) (-8736 2048 1816 ) (-8736 3072 1816 ) 
4 279 280 (-8736 2048 1816 ) (-8736 2048 2304 ) (-8736 3072 2304 ) (-8736 3072 1816 ) 
4 280 295 (-8736 2048 2304 ) (-8768 2048 2304 ) (-8768 2048 1816 ) (-8736 2048 1816 ) 
4 280 282 (-8768 2048 1816 ) (-8768 2048 2304 ) (-8768 3072 2304 ) (-8768 3072 1816 ) 
4 280 281 (-8768 2048 1816 ) (-8768 3072 1816 ) (-8736 3072 1816 ) (-8736 2048 1816 ) 
4 281 296 (-8768 2048 1816 ) (-8768 2048 1312 ) (-8736 2048 1312 ) (-8736 2048 1816 ) 
4 281 283 (-8736 2048 1312 ) (-8768 2048 1312 ) (-8768 3072 1312 ) (-8736 3072 1312 ) 
4 281 282 (-8768 3072 1312 ) (-8768 2048 1312 ) (-8768 2048 1816 ) (-8768 3072 1816 ) 
4 282 297 (-8768 2048 2304 ) (-9024 2048 2304 ) (-9024 2048 1312 ) (-8768 2048 1312 ) 
4 282 283 (-8768 2048 1312 ) (-9024 2048 1312 ) (-9024 3072 1312 ) (-8768 3072 1312 ) 
4 283 298 (-8192 2048 0 ) (-8192 2048 1312 ) (-9024 2048 1312 ) (-9024 2048 0 ) 
4 284 286 (-5120 1024 0 ) (-5120 1024 2304 ) (-6144 1024 2304 ) (-6144 1024 0 ) 
4 284 285 (-6144 1024 0 ) (-6144 1024 2304 ) (-6144 2048 2304 ) (-6144 2048 0 ) 
4 285 292 (-7168 2048 2304 ) (-7168 2048 0 ) (-7168 1024 0 ) (-7168 1024 2304 ) 
4 285 287 (-7168 1024 2304 ) (-7168 1024 0 ) (-6144 1024 0 ) (-6144 1024 2304 ) 
4 286 288 (-5120 0 0 ) (-5120 0 2304 ) (-6144 0 2304 ) (-6144 0 0 ) 
4 286 287 (-6144 1024 2304 ) (-6144 1024 0 ) (-6144 0 0 ) (-6144 0 2304 ) 
4 287 293 (-7168 0 0 ) (-7168 0 2304 ) (-7168 1024 2304 ) (-7168 1024 0 ) 
4 287 289 (-6144 0 0 ) (-6144 0 2304 ) (-7168 0 2304 ) (-7168 0 0 ) 
4 288 290 (-5120 -1024 0 ) (-5120 -1024 2304 ) (-6144 -1024 2304 ) (-6144 -1024 0 ) 
4 288 289 (-6144 -1024 0 ) (-6144 -1024 2304 ) (-6144 0 2304 ) (-6144 0 0 ) 
4 289 304 (-7168 -1024 0 ) (-7168 -1024 2304 ) (-7168 0 2304 ) (-7168 0 0 ) 
4 289 291 (-7168 -1024 2304 ) (-7168 -1024 0 ) (-6144 -1024 0 ) (-6144 -1024 2304 ) 
4 290 356 (-5120 -2048 0 ) (-5120 -2048 2304 ) (-6144 -2048 2304 ) (-6144 -2048 0 ) 
4 290 291 (-6144 -1024 2304 ) (-6144 -1024 0 ) (-6144 -2048 0 ) (-6144 -2048 2304 ) 
4 291 357 (-6144 -2048 0 ) (-6144 -2048 2304 ) (-7168 -2048 2304 ) (-7168 -2048 0 ) 
4 291 305 (-7168 -2048 0 ) (-7168 -2048 2304 ) (-7168 -1024 2304 ) (-7168 -1024 0 ) 
4 292 298 (-8192 2048 1312 ) (-8192 2048 0 ) (-8192 1024 0 ) (-8192 1024 1312 ) 
4 292 294 (-8192 2048 2304 ) (-8192 2048 1312 ) (-8192 1024 1312 ) (-8192 1024 2304 ) 
4 292 293 (-7168 1024 0 ) (-7168 1024 2304 ) (-8192 1024 2304 ) (-8192 1024 0 ) 
4 293 304 (-7168 0 0 ) (-7168 0 2304 ) (-8192 0 2304 ) (-8192 0 0 ) 
4 293 303 (-8192 0 0 ) (-8192 0 1312 ) (-8192 1024 1312 ) (-8192 1024 0 ) 
4 293 299 (-8192 0 1312 ) (-8192 0 2304 ) (-8192 1024 2304 ) (-8192 1024 1312 ) 
4 294 299 (-8192 1024 1312 ) (-8192 1024 2304 ) (-8736 1024 2304 ) (-8736 1024 1312 ) 
4 294 298 (-8736 2048 1312 ) (-8192 2048 1312 ) (-8192 1024 1312 ) (-8736 1024 1312 ) 
4 294 296 (-8736 2048 1312 ) (-8736 1024 1312 ) (-8736 1024 1816 ) (-8736 2048 1816 ) 
4 294 295 (-8736 1024 1816 ) (-8736 1024 2304 ) (-8736 2048 2304 ) (-8736 2048 1816 ) 
4 295 300 (-8736 1024 2304 ) (-8768 1024 2304 ) (-8768 1024 1816 ) (-8736 1024 1816 ) 
4 295 297 (-8768 1024 1816 ) (-8768 1024 2304 ) (-8768 2048 2304 ) (-8768 2048 1816 ) 
4 295 296 (-8768 1024 1816 ) (-8768 2048 1816 ) (-8736 2048 1816 ) (-8736 1024 1816 ) 
4 296 301 (-8768 1024 1816 ) (-8768 1024 1312 ) (-8736 1024 1312 ) (-8736 1024 1816 ) 
4 296 298 (-8768 2048 1312 ) (-8736 2048 1312 ) (-8736 1024 1312 ) (-8768 1024 1312 ) 
4 296 297 (-8768 2048 1312 ) (-8768 1024 1312 ) (-8768 1024 1816 ) (-8768 2048 1816 ) 
4 297 302 (-8768 1024 2304 ) (-9024 1024 2304 ) (-9024 1024 1312 ) (-8768 1024 1312 ) 
4 297 298 (-9024 1024 1312 ) (-9024 2048 1312 ) (-8768 2048 1312 ) (-8768 1024 1312 ) 
4 298 303 (-8192 1024 0 ) (-8192 1024 1312 ) (-9024 1024 1312 ) (-9024 1024 0 ) 
4 299 306 (-8192 0 1312 ) (-8192 0 2304 ) (-8736 0 2304 ) (-8736 0 1312 ) 
4 299 303 (-8192 0 1312 ) (-8736 0 1312 ) (-8736 1024 1312 ) (-8192 1024 1312 ) 
4 299 301 (-8736 1024 1312 ) (-8736 0 1312 ) (-8736 0 1816 ) (-8736 1024 1816 ) 
4 299 300 (-8736 0 1816 ) (-8736 0 2304 ) (-8736 1024 2304 ) (-8736 1024 1816 ) 
4 300 307 (-8736 0 2304 ) (-8768 0 2304 ) (-8768 0 1816 ) (-8736 0 1816 ) 
4 300 302 (-8768 0 1816 ) (-8768 0 2304 ) (-8768 1024 2304 ) (-8768 1024 1816 ) 
4 300 301 (-8768 0 1816 ) (-8768 1024 1816 ) (-8736 1024 1816 ) (-8736 0 1816 ) 
4 301 308 (-8768 0 1816 ) (-8768 0 1312 ) (-8736 0 1312 ) (-8736 0 1816 ) 
4 301 303 (-8736 0 1312 ) (-8768 0 1312 ) (-8768 1024 1312 ) (-8736 1024 1312 ) 
4 301 302 (-8768 1024 1312 ) (-8768 0 1312 ) (-8768 0 1816 ) (-8768 1024 1816 ) 
4 302 309 (-8768 0 2304 ) (-9024 0 2304 ) (-9024 0 1312 ) (-8768 0 1312 ) 
4 302 303 (-8768 0 1312 ) (-9024 0 1312 ) (-9024 1024 1312 ) (-8768 1024 1312 ) 
4 303 310 (-8192 0 0 ) (-8192 0 1312 ) (-9024 0 1312 ) (-9024 0 0 ) 
4 304 310 (-8192 0 1312 ) (-8192 0 0 ) (-8192 -1024 0 ) (-8192 -1024 1312 ) 
4 304 306 (-8192 0 2304 ) (-8192 0 1312 ) (-8192 -1024 1312 ) (-8192 -1024 2304 ) 
4 304 305 (-7168 -1024 0 ) (-7168 -1024 2304 ) (-8192 -1024 2304 ) (-8192 -1024 0 ) 
4 305 364 (-7168 -2048 0 ) (-7168 -2048 2304 ) (-8192 -2048 2304 ) (-8192 -2048 0 ) 
4 305 315 (-8192 -2048 0 ) (-8192 -2048 1312 ) (-8192 -1024 1312 ) (-8192 -1024 0 ) 
4 305 311 (-8192 -2048 1312 ) (-8192 -2048 2304 ) (-8192 -1024 2304 ) (-8192 -1024 1312 ) 
4 306 311 (-8192 -1024 1312 ) (-8192 -1024 2304 ) (-8736 -1024 2304 ) (-8736 -1024 1312 ) 
4 306 310 (-8736 0 1312 ) (-8192 0 1312 ) (-8192 -1024 1312 ) (-8736 -1024 1312 ) 
4 306 308 (-8736 0 1312 ) (-8736 -1024 1312 ) (-8736 -1024 1816 ) (-8736 0 1816 ) 
4 306 307 (-8736 -1024 1816 ) (-8736 -1024 2304 ) (-8736 0 2304 ) (-8736 0 1816 ) 
4 307 312 (-8736 -1024 2304 ) (-8768 -1024 2304 ) (-8768 -1024 1816 ) (-8736 -1024 1816 ) 
4 307 309 (-8768 -1024 1816 ) (-8768 -1024 2304 ) (-8768 0 2304 ) (-8768 0 1816 ) 
4 307 308 (-8768 -1024 1816 ) (-8768 0 1816 ) (-8736 0 1816 ) (-8736 -1024 1816 ) 
4 308 313 (-8768 -1024 1816 ) (-8768 -1024 1312 ) (-8736 -1024 1312 ) (-8736 -1024 1816 ) 
4 308 310 (-8768 0 1312 ) (-8736 0 1312 ) (-8736 -1024 1312 ) (-8768 -1024 1312 ) 
4 308 309 (-8768 0 1312 ) (-8768 -1024 1312 ) (-8768 -1024 1816 ) (-8768 0 1816 ) 
4 309 314 (-8768 -1024 2304 ) (-9024 -1024 2304 ) (-9024 -1024 1312 ) (-8768 -1024 1312 ) 
4 309 310 (-9024 -1024 1312 ) (-9024 0 1312 ) (-8768 0 1312 ) (-8768 -1024 1312 ) 
4 310 315 (-8192 -1024 0 ) (-8192 -1024 1312 ) (-9024 -1024 1312 ) (-9024 -1024 0 ) 
4 311 366 (-8192 -2048 1312 ) (-8192 -2048 2304 ) (-8736 -2048 2304 ) (-8736 -2048 1312 ) 
4 311 315 (-8192 -2048 1312 ) (-8736 -2048 1312 ) (-8736 -1024 1312 ) (-8192 -1024 1312 ) 
4 311 313 (-8736 -1024 1312 ) (-8736 -2048 1312 ) (-8736 -2048 1816 ) (-8736 -1024 1816 ) 
4 311 312 (-8736 -2048 1816 ) (-8736 -2048 2304 ) (-8736 -1024 2304 ) (-8736 -1024 1816 ) 
4 312 367 (-8736 -2048 2304 ) (-8768 -2048 2304 ) (-8768 -2048 1816 ) (-8736 -2048 1816 ) 
4 312 314 (-8768 -2048 1816 ) (-8768 -2048 2304 ) (-8768 -1024 2304 ) (-8768 -1024 1816 ) 
4 312 313 (-8768 -2048 1816 ) (-8768 -1024 1816 ) (-8736 -1024 1816 ) (-8736 -2048 1816 ) 
4 313 368 (-8768 -2048 1816 ) (-8768 -2048 1312 ) (-8736 -2048 1312 ) (-8736 -2048 1816 ) 
4 313 315 (-8736 -2048 1312 ) (-8768 -2048 1312 ) (-8768 -1024 1312 ) (-8736 -1024 1312 ) 
4 313 314 (-8768 -1024 1312 ) (-8768 -2048 1312 ) (-8768 -2048 1816 ) (-8768 -1024 1816 ) 
4 314 369 (-8768 -2048 2304 ) (-9024 -2048 2304 ) (-9024 -2048 1312 ) (-8768 -2048 1312 ) 
4 314 315 (-8768 -2048 1312 ) (-9024 -2048 1312 ) (-9024 -1024 1312 ) (-8768 -1024 1312 ) 
4 315 370 (-8192 -2048 0 ) (-8192 -2048 1312 ) (-9024 -2048 1312 ) (-9024 -2048 0 ) 
4 316 318 (-1024 -3072 0 ) (-1024 -3072 2304 ) (-2048 -3072 2304 ) (-2048 -3072 0 ) 
4 316 317 (-2048 -3072 0 ) (-2048 -3072 2304 ) (-2048 -2048 2304 ) (-2048 -2048 0 ) 
4 317 320 (-3072 -3072 0 ) (-3072 -3072 2304 ) (-3072 -2048 2304 ) (-3072 -2048 0 ) 
4 317 319 (-2048 -3072 0 ) (-2048 -3072 2304 ) (-3072 -3072 2304 ) (-3072 -3072 0 ) 
4 318 324 (-1024 -4096 0 ) (-1024 -4096 2304 ) (-2048 -4096 2304 ) (-2048 -4096 0 ) 
4 318 319 (-2048 -3072 2304 ) (-2048 -3072 0 ) (-2048 -4096 0 ) (-2048 -4096 2304 ) 
4 319 325 (-2048 -4096 0 ) (-2048 -4096 2304 ) (-3072 -4096 2304 ) (-3072 -4096 0 ) 
4 319 322 (-3072 -4096 0 ) (-3072 -4096 2304 ) (-3072 -3072 2304 ) (-3072 -3072 0 ) 
4 320 322 (-3072 -3072 0 ) (-3072 -3072 2304 ) (-4096 -3072 2304 ) (-4096 -3072 0 ) 
4 320 321 (-4096 -3072 0 ) (-4096 -3072 2304 ) (-4096 -2048 2304 ) (-4096 -2048 0 ) 
4 321 356 (-5120 -2048 2304 ) (-5120 -2048 0 ) (-5120 -3072 0 ) (-5120 -3072 2304 ) 
4 321 323 (-5120 -3072 2304 ) (-5120 -3072 0 ) (-4096 -3072 0 ) (-4096 -3072 2304 ) 
4 322 328 (-3072 -4096 0 ) (-3072 -4096 2304 ) (-4096 -4096 2304 ) (-4096 -4096 0 ) 
4 322 323 (-4096 -3072 2304 ) (-4096 -3072 0 ) (-4096 -4096 0 ) (-4096 -4096 2304 ) 
4 323 358 (-5120 -4096 0 ) (-5120 -4096 2304 ) (-5120 -3072 2304 ) (-5120 -3072 0 ) 
4 323 329 (-5120 -4096 2304 ) (-5120 -4096 0 ) (-4096 -4096 0 ) (-4096 -4096 2304 ) 
4 324 326 (-1024 -5120 0 ) (-1024 -5120 2304 ) (-2048 -5120 2304 ) (-2048 -5120 0 ) 
4 324 325 (-2048 -4096 2304 ) (-2048 -4096 0 ) (-2048 -5120 0 ) (-2048 -5120 2304 ) 
4 325 328 (-3072 -4096 2304 ) (-3072 -4096 0 ) (-3072 -5120 0 ) (-3072 -5120 2304 ) 
4 325 327 (-2048 -5120 0 ) (-2048 -5120 2304 ) (-3072 -5120 2304 ) (-3072 -5120 0 ) 
4 326 332 (-1024 -6144 0 ) (-1024 -6144 2304 ) (-2048 -6144 2304 ) (-2048 -6144 0 ) 
4 326 327 (-2048 -5120 2304 ) (-2048 -5120 0 ) (-2048 -6144 0 ) (-2048 -6144 2304 ) 
4 327 333 (-2048 -6144 0 ) (-2048 -6144 2304 ) (-3072 -6144 2304 ) (-3072 -6144 0 ) 
4 327 330 (-3072 -6144 0 ) (-3072 -6144 2304 ) (-3072 -5120 2304 ) (-3072 -5120 0 ) 
4 328 330 (-3072 -5120 0 ) (-3072 -5120 2304 ) (-4096 -5120 2304 ) (-4096 -5120 0 ) 
4 328 329 (-4096 -4096 2304 ) (-4096 -4096 0 ) (-4096 -5120 0 ) (-4096 -5120 2304 ) 
4 329 360 (-5120 -5120 0 ) (-5120 -5120 2304 ) (-5120 -4096 2304 ) (-5120 -4096 0 ) 
4 329 331 (-5120 -5120 2304 ) (-5120 -5120 0 ) (-4096 -5120 0 ) (-4096 -5120 2304 ) 
4 330 342 (-3072 -6144 0 ) (-3072 -6144 2304 ) (-4096 -6144 2304 ) (-4096 -6144 0 ) 
4 330 331 (-4096 -5120 2304 ) (-4096 -5120 0 ) (-4096 -6144 0 ) (-4096 -6144 2304 ) 
4 331 362 (-5120 -6144 0 ) (-5120 -6144 2304 ) (-5120 -5120 2304 ) (-5120 -5120 0 ) 
4 331 343 (-4096 -6144 0 ) (-4096 -6144 2304 ) (-5120 -6144 2304 ) (-5120 -6144 0 ) 
4 332 335 (-1024 -7168 0 ) (-1024 -7168 1816 ) (-2048 -7168 1816 ) (-2048 -7168 0 ) 
4 332 334 (-1024 -7168 1816 ) (-1024 -7168 2304 ) (-2048 -7168 2304 ) (-2048 -7168 1816 ) 
4 332 333 (-2048 -7168 0 ) (-2048 -7168 2304 ) (-2048 -6144 2304 ) (-2048 -6144 0 ) 
4 333 342 (-3072 -7168 0 ) (-3072 -7168 2304 ) (-3072 -6144 2304 ) (-3072 -6144 0 ) 
4 333 339 (-2048 -7168 0 ) (-2048 -7168 1816 ) (-3072 -7168 1816 ) (-3072 -7168 0 ) 
4 333 338 (-2048 -7168 1816 ) (-2048 -7168 2304 ) (-3072 -7168 2304 ) (-3072 -7168 1816 ) 
4 334 352 (-1024 -8192 1816 ) (-1024 -8192 2304 ) (-2048 -8192 2304 ) (-2048 -8192 1816 ) 
4 334 338 (-2048 -7168 2304 ) (-2048 -7168 1816 ) (-2048 -8192 1816 ) (-2048 -8192 2304 ) 
4 334 336 (-2048 -8192 1816 ) (-2048 -8160 1816 ) (-1024 -8160 1816 ) (-1024 -8192 1816 ) 
4 334 335 (-2048 -8160 1816 ) (-2048 -7168 1816 ) (-1024 -7168 1816 ) (-1024 -8160 1816 ) 
4 335 339 (-2048 -7168 1816 ) (-2048 -7168 0 ) (-2048 -8160 0 ) (-2048 -8160 1816 ) 
4 335 337 (-2048 -8160 0 ) (-1024 -8160 0 ) (-1024 -8160 1312 ) (-2048 -8160 1312 ) 
4 335 336 (-1024 -8160 1312 ) (-1024 -8160 1816 ) (-2048 -8160 1816 ) (-2048 -8160 1312 ) 
4 336 352 (-1024 -8192 1312 ) (-1024 -8192 1816 ) (-2048 -8192 1816 ) (-2048 -8192 1312 ) 
4 336 340 (-2048 -8192 1312 ) (-2048 -8192 1816 ) (-2048 -8160 1816 ) (-2048 -8160 1312 ) 
4 336 337 (-2048 -8192 1312 ) (-2048 -8160 1312 ) (-1024 -8160 1312 ) (-1024 -8192 1312 ) 
4 337 352 (-1024 -8192 0 ) (-1024 -8192 1312 ) (-2048 -8192 1312 ) (-2048 -8192 0 ) 
4 337 341 (-2048 -8160 0 ) (-2048 -8192 0 ) (-2048 -8192 1312 ) (-2048 -8160 1312 ) 
4 338 353 (-2048 -8192 1816 ) (-2048 -8192 2304 ) (-3072 -8192 2304 ) (-3072 -8192 1816 ) 
4 338 344 (-3072 -8192 1816 ) (-3072 -8192 2304 ) (-3072 -7168 2304 ) (-3072 -7168 1816 ) 
4 338 340 (-2048 -8192 1816 ) (-3072 -8192 1816 ) (-3072 -8160 1816 ) (-2048 -8160 1816 ) 
4 338 339 (-3072 -8160 1816 ) (-3072 -7168 1816 ) (-2048 -7168 1816 ) (-2048 -8160 1816 ) 
4 339 345 (-3072 -8160 1816 ) (-3072 -7168 1816 ) (-3072 -7168 0 ) (-3072 -8160 0 ) 
4 339 341 (-3072 -8160 0 ) (-2048 -8160 0 ) (-2048 -8160 1312 ) (-3072 -8160 1312 ) 
4 339 340 (-2048 -8160 1312 ) (-2048 -8160 1816 ) (-3072 -8160 1816 ) (-3072 -8160 1312 ) 
4 340 353 (-2048 -8192 1312 ) (-2048 -8192 1816 ) (-3072 -8192 1816 ) (-3072 -8192 1312 ) 
4 340 346 (-3072 -8192 1312 ) (-3072 -8192 1816 ) (-3072 -8160 1816 ) (-3072 -8160 1312 ) 
4 340 341 (-2048 -8192 1312 ) (-3072 -8192 1312 ) (-3072 -8160 1312 ) (-2048 -8160 1312 ) 
4 341 353 (-2048 -8192 0 ) (-2048 -8192 1312 ) (-3072 -8192 1312 ) (-3072 -8192 0 ) 
4 341 347 (-3072 -8192 0 ) (-3072 -8192 1312 ) (-3072 -8160 1312 ) (-3072 -8160 0 ) 
4 342 345 (-3072 -7168 0 ) (-3072 -7168 1816 ) (-4096 -7168 1816 ) (-4096 -7168 0 ) 
4 342 344 (-3072 -7168 1816 ) (-3072 -7168 2304 ) (-4096 -7168 2304 ) (-4096 -7168 1816 ) 
4 342 343 (-4096 -7168 0 ) (-4096 -7168 2304 ) (-4096 -6144 2304 ) (-4096 -6144 0 ) 
4 343 388 (-5120 -7168 0 ) (-5120 -7168 2304 ) (-5120 -6144 2304 ) (-5120 -6144 0 ) 
4 343 349 (-5120 -7168 1816 ) (-5120 -7168 0 ) (-4096 -7168 0 ) (-4096 -7168 1816 ) 
4 343 348 (-5120 -7168 2304 ) (-5120 -7168 1816 ) (-4096 -7168 1816 ) (-4096 -7168 2304 ) 
4 344 354 (-3072 -8192 1816 ) (-3072 -8192 2304 ) (-4096 -8192 2304 ) (-4096 -8192 1816 ) 
4 344 348 (-4096 -7168 2304 ) (-4096 -7168 1816 ) (-4096 -8192 1816 ) (-4096 -8192 2304 ) 
4 344 346 (-3072 -8192 1816 ) (-4096 -8192 1816 ) (-4096 -8160 1816 ) (-3072 -8160 1816 ) 
4 344 345 (-4096 -8160 1816 ) (-4096 -7168 1816 ) (-3072 -7168 1816 ) (-3072 -8160 1816 ) 
4 345 349 (-4096 -7168 1816 ) (-4096 -7168 0 ) (-4096 -8160 0 ) (-4096 -8160 1816 ) 
4 345 347 (-4096 -8160 0 ) (-3072 -8160 0 ) (-3072 -8160 1312 ) (-4096 -8160 1312 ) 
4 345 346 (-3072 -8160 1312 ) (-3072 -8160 1816 ) (-4096 -8160 1816 ) (-4096 -8160 1312 ) 
4 346 354 (-3072 -8192 1312 ) (-3072 -8192 1816 ) (-4096 -8192 1816 ) (-4096 -8192 1312 ) 
4 346 350 (-4096 -8192 1312 ) (-4096 -8192 1816 ) (-4096 -8160 1816 ) (-4096 -8160 1312 ) 
4 346 347 (-3072 -8192 1312 ) (-4096 -8192 1312 ) (-4096 -8160 1312 ) (-3072 -8160 1312 ) 
4 347 354 (-3072 -8192 0 ) (-3072 -8192 1312 ) (-4096 -8192 1312 ) (-4096 -8192 0 ) 
4 347 351 (-4096 -8160 0 ) (-4096 -8192 0 ) (-4096 -8192 1312 ) (-4096 -8160 1312 ) 
4 348 390 (-5120 -8192 1816 ) (-5120 -8192 2304 ) (-5120 -7168 2304 ) (-5120 -7168 1816 ) 
4 348 355 (-5120 -8192 2304 ) (-5120 -8192 1816 ) (-4096 -8192 1816 ) (-4096 -8192 2304 ) 
4 348 350 (-4096 -8192 1816 ) (-5120 -8192 1816 ) (-5120 -8160 1816 ) (-4096 -8160 1816 ) 
4 348 349 (-5120 -8160 1816 ) (-5120 -7168 1816 ) (-4096 -7168 1816 ) (-4096 -8160 1816 ) 
4 349 391 (-5120 -8160 1816 ) (-5120 -7168 1816 ) (-5120 -7168 0 ) (-5120 -8160 0 ) 
4 349 351 (-5120 -8160 0 ) (-4096 -8160 0 ) (-4096 -8160 1312 ) (-5120 -8160 1312 ) 
4 349 350 (-4096 -8160 1312 ) (-4096 -8160 1816 ) (-5120 -8160 1816 ) (-5120 -8160 1312 ) 
4 350 392 (-5120 -8192 1312 ) (-5120 -8192 1816 ) (-5120 -8160 1816 ) (-5120 -8160 1312 ) 
4 350 355 (-5120 -8192 1816 ) (-5120 -8192 1312 ) (-4096 -8192 1312 ) (-4096 -8192 1816 ) 
4 350 351 (-4096 -8192 1312 ) (-5120 -8192 1312 ) (-5120 -8160 1312 ) (-4096 -8160 1312 ) 
4 351 393 (-5120 -8192 0 ) (-5120 -8192 1312 ) (-5120 -8160 1312 ) (-5120 -8160 0 ) 
4 351 355 (-5120 -8192 1312 ) (-5120 -8192 0 ) (-4096 -8192 0 ) (-4096 -8192 1312 ) 
4 352 353 (-2048 -8192 2304 ) (-2048 -8192 0 ) (-2048 -8480 0 ) (-2048 -8480 2304 ) 
4 353 354 (-3072 -8192 2304 ) (-3072 -8192 0 ) (-3072 -8480 0 ) (-3072 -8480 2304 ) 
4 354 355 (-4096 -8192 2304 ) (-4096 -8192 0 ) (-4096 -8480 0 ) (-4096 -8480 2304 ) 
4 355 398 (-5120 -8480 0 ) (-5120 -8480 2304 ) (-5120 -8192 2304 ) (-5120 -8192 0 ) 
4 356 358 (-5120 -3072 0 ) (-5120 -3072 2304 ) (-6144 -3072 2304 ) (-6144 -3072 0 ) 
4 356 357 (-6144 -3072 0 ) (-6144 -3072 2304 ) (-6144 -2048 2304 ) (-6144 -2048 0 ) 
4 357 364 (-7168 -2048 2304 ) (-7168 -2048 0 ) (-7168 -3072 0 ) (-7168 -3072 2304 ) 
4 357 359 (-7168 -3072 2304 ) (-7168 -3072 0 ) (-6144 -3072 0 ) (-6144 -3072 2304 ) 
4 358 360 (-5120 -4096 0 ) (-5120 -4096 2304 ) (-6144 -4096 2304 ) (-6144 -4096 0 ) 
4 358 359 (-6144 -3072 2304 ) (-6144 -3072 0 ) (-6144 -4096 0 ) (-6144 -4096 2304 ) 
4 359 365 (-7168 -4096 0 ) (-7168 -4096 2304 ) (-7168 -3072 2304 ) (-7168 -3072 0 ) 
4 359 361 (-6144 -4096 0 ) (-6144 -4096 2304 ) (-7168 -4096 2304 ) (-7168 -4096 0 ) 
4 360 362 (-5120 -5120 0 ) (-5120 -5120 2304 ) (-6144 -5120 2304 ) (-6144 -5120 0 ) 
4 360 361 (-6144 -5120 0 ) (-6144 -5120 2304 ) (-6144 -4096 2304 ) (-6144 -4096 0 ) 
4 361 376 (-7168 -5120 0 ) (-7168 -5120 2304 ) (-7168 -4096 2304 ) (-7168 -4096 0 ) 
4 361 363 (-7168 -5120 2304 ) (-7168 -5120 0 ) (-6144 -5120 0 ) (-6144 -5120 2304 ) 
4 362 388 (-5120 -6144 0 ) (-5120 -6144 2304 ) (-6144 -6144 2304 ) (-6144 -6144 0 ) 
4 362 363 (-6144 -5120 2304 ) (-6144 -5120 0 ) (-6144 -6144 0 ) (-6144 -6144 2304 ) 
4 363 389 (-6144 -6144 0 ) (-6144 -6144 2304 ) (-7168 -6144 2304 ) (-7168 -6144 0 ) 
4 363 377 (-7168 -6144 0 ) (-7168 -6144 2304 ) (-7168 -5120 2304 ) (-7168 -5120 0 ) 
4 364 370 (-8192 -2048 1312 ) (-8192 -2048 0 ) (-8192 -3072 0 ) (-8192 -3072 1312 ) 
4 364 366 (-8192 -2048 2304 ) (-8192 -2048 1312 ) (-8192 -3072 1312 ) (-8192 -3072 2304 ) 
4 364 365 (-7168 -3072 0 ) (-7168 -3072 2304 ) (-8192 -3072 2304 ) (-8192 -3072 0 ) 
4 365 376 (-7168 -4096 0 ) (-7168 -4096 2304 ) (-8192 -4096 2304 ) (-8192 -4096 0 ) 
4 365 375 (-8192 -4096 0 ) (-8192 -4096 1312 ) (-8192 -3072 1312 ) (-8192 -3072 0 ) 
4 365 371 (-8192 -4096 1312 ) (-8192 -4096 2304 ) (-8192 -3072 2304 ) (-8192 -3072 1312 ) 
4 366 371 (-8192 -3072 1312 ) (-8192 -3072 2304 ) (-8736 -3072 2304 ) (-8736 -3072 1312 ) 
4 366 370 (-8736 -2048 1312 ) (-8192 -2048 1312 ) (-8192 -3072 1312 ) (-8736 -3072 1312 ) 
4 366 368 (-8736 -2048 1312 ) (-8736 -3072 1312 ) (-8736 -3072 1816 ) (-8736 -2048 1816 ) 
4 366 367 (-8736 -3072 1816 ) (-8736 -3072 2304 ) (-8736 -2048 2304 ) (-8736 -2048 1816 ) 
4 367 372 (-8736 -3072 2304 ) (-8768 -3072 2304 ) (-8768 -3072 1816 ) (-8736 -3072 1816 ) 
4 367 369 (-8768 -3072 1816 ) (-8768 -3072 2304 ) (-8768 -2048 2304 ) (-8768 -2048 1816 ) 
4 367 368 (-8768 -3072 1816 ) (-8768 -2048 1816 ) (-8736 -2048 1816 ) (-8736 -3072 1816 ) 
4 368 373 (-8768 -3072 1816 ) (-8768 -3072 1312 ) (-8736 -3072 1312 ) (-8736 -3072 1816 ) 
4 368 370 (-8768 -2048 1312 ) (-8736 -2048 1312 ) (-8736 -3072 1312 ) (-8768 -3072 1312 ) 
4 368 369 (-8768 -2048 1312 ) (-8768 -3072 1312 ) (-8768 -3072 1816 ) (-8768 -2048 1816 ) 
4 369 374 (-8768 -3072 2304 ) (-9024 -3072 2304 ) (-9024 -3072 1312 ) (-8768 -3072 1312 ) 
4 369 370 (-9024 -3072 1312 ) (-9024 -2048 1312 ) (-8768 -2048 1312 ) (-8768 -3072 1312 ) 
4 370 375 (-8192 -3072 0 ) (-8192 -3072 1312 ) (-9024 -3072 1312 ) (-9024 -3072 0 ) 
4 371 378 (-8192 -4096 1312 ) (-8192 -4096 2304 ) (-8736 -4096 2304 ) (-8736 -4096 1312 ) 
4 371 375 (-8192 -4096 1312 ) (-8736 -4096 1312 ) (-8736 -3072 1312 ) (-8192 -3072 1312 ) 
4 371 373 (-8736 -3072 1312 ) (-8736 -4096 1312 ) (-8736 -4096 1816 ) (-8736 -3072 1816 ) 
4 371 372 (-8736 -4096 1816 ) (-8736 -4096 2304 ) (-8736 -3072 2304 ) (-8736 -3072 1816 ) 
4 372 379 (-8736 -4096 2304 ) (-8768 -4096 2304 ) (-8768 -4096 1816 ) (-8736 -4096 1816 ) 
4 372 374 (-8768 -4096 1816 ) (-8768 -4096 2304 ) (-8768 -3072 2304 ) (-8768 -3072 1816 ) 
4 372 373 (-8768 -4096 1816 ) (-8768 -3072 1816 ) (-8736 -3072 1816 ) (-8736 -4096 1816 ) 
4 373 380 (-8768 -4096 1816 ) (-8768 -4096 1312 ) (-8736 -4096 1312 ) (-8736 -4096 1816 ) 
4 373 375 (-8736 -4096 1312 ) (-8768 -4096 1312 ) (-8768 -3072 1312 ) (-8736 -3072 1312 ) 
4 373 374 (-8768 -3072 1312 ) (-8768 -4096 1312 ) (-8768 -4096 1816 ) (-8768 -3072 1816 ) 
4 374 381 (-8768 -4096 2304 ) (-9024 -4096 2304 ) (-9024 -4096 1312 ) (-8768 -4096 1312 ) 
4 374 375 (-8768 -4096 1312 ) (-9024 -4096 1312 ) (-9024 -3072 1312 ) (-8768 -3072 1312 ) 
4 375 382 (-8192 -4096 0 ) (-8192 -4096 1312 ) (-9024 -4096 1312 ) (-9024 -4096 0 ) 
4 376 382 (-8192 -4096 1312 ) (-8192 -4096 0 ) (-8192 -5120 0 ) (-8192 -5120 1312 ) 
4 376 378 (-8192 -4096 2304 ) (-8192 -4096 1312 ) (-8192 -5120 1312 ) (-8192 -5120 2304 ) 
4 376 377 (-7168 -5120 0 ) (-7168 -5120 2304 ) (-8192 -5120 2304 ) (-8192 -5120 0 ) 
4 377 400 (-7168 -6144 0 ) (-7168 -6144 2304 ) (-8192 -6144 2304 ) (-8192 -6144 0 ) 
4 377 387 (-8192 -6144 0 ) (-8192 -6144 1312 ) (-8192 -5120 1312 ) (-8192 -5120 0 ) 
4 377 383 (-8192 -6144 1312 ) (-8192 -6144 2304 ) (-8192 -5120 2304 ) (-8192 -5120 1312 ) 
4 378 383 (-8192 -5120 1312 ) (-8192 -5120 2304 ) (-8736 -5120 2304 ) (-8736 -5120 1312 ) 
4 378 382 (-8736 -4096 1312 ) (-8192 -4096 1312 ) (-8192 -5120 1312 ) (-8736 -5120 1312 ) 
4 378 380 (-8736 -4096 1312 ) (-8736 -5120 1312 ) (-8736 -5120 1816 ) (-8736 -4096 1816 ) 
4 378 379 (-8736 -5120 1816 ) (-8736 -5120 2304 ) (-8736 -4096 2304 ) (-8736 -4096 1816 ) 
4 379 384 (-8736 -5120 2304 ) (-8768 -5120 2304 ) (-8768 -5120 1816 ) (-8736 -5120 1816 ) 
4 379 381 (-8768 -5120 1816 ) (-8768 -5120 2304 ) (-8768 -4096 2304 ) (-8768 -4096 1816 ) 
4 379 380 (-8768 -5120 1816 ) (-8768 -4096 1816 ) (-8736 -4096 1816 ) (-8736 -5120 1816 ) 
4 380 385 (-8768 -5120 1816 ) (-8768 -5120 1312 ) (-8736 -5120 1312 ) (-8736 -5120 1816 ) 
4 380 382 (-8768 -4096 1312 ) (-8736 -4096 1312 ) (-8736 -5120 1312 ) (-8768 -5120 1312 ) 
4 380 381 (-8768 -4096 1312 ) (-8768 -5120 1312 ) (-8768 -5120 1816 ) (-8768 -4096 1816 ) 
4 381 386 (-8768 -5120 2304 ) (-9024 -5120 2304 ) (-9024 -5120 1312 ) (-8768 -5120 1312 ) 
4 381 382 (-9024 -5120 1312 ) (-9024 -4096 1312 ) (-8768 -4096 1312 ) (-8768 -5120 1312 ) 
4 382 387 (-8192 -5120 0 ) (-8192 -5120 1312 ) (-9024 -5120 1312 ) (-9024 -5120 0 ) 
4 383 405 (-8192 -6144 1312 ) (-8192 -6144 2304 ) (-8736 -6144 2304 ) (-8736 -6144 1312 ) 
4 383 387 (-8192 -6144 1312 ) (-8736 -6144 1312 ) (-8736 -5120 1312 ) (-8192 -5120 1312 ) 
4 383 385 (-8736 -5120 1312 ) (-8736 -6144 1312 ) (-8736 -6144 1816 ) (-8736 -5120 1816 ) 
4 383 384 (-8736 -6144 1816 ) (-8736 -6144 2304 ) (-8736 -5120 2304 ) (-8736 -5120 1816 ) 
4 384 406 (-8736 -6144 2304 ) (-8768 -6144 2304 ) (-8768 -6144 1816 ) (-8736 -6144 1816 ) 
4 384 386 (-8768 -6144 1816 ) (-8768 -6144 2304 ) (-8768 -5120 2304 ) (-8768 -5120 1816 ) 
4 384 385 (-8768 -6144 1816 ) (-8768 -5120 1816 ) (-8736 -5120 1816 ) (-8736 -6144 1816 ) 
4 385 407 (-8768 -6144 1816 ) (-8768 -6144 1312 ) (-8736 -6144 1312 ) (-8736 -6144 1816 ) 
4 385 387 (-8736 -6144 1312 ) (-8768 -6144 1312 ) (-8768 -5120 1312 ) (-8736 -5120 1312 ) 
4 385 386 (-8768 -5120 1312 ) (-8768 -6144 1312 ) (-8768 -6144 1816 ) (-8768 -5120 1816 ) 
4 386 408 (-8768 -6144 2304 ) (-9024 -6144 2304 ) (-9024 -6144 1312 ) (-8768 -6144 1312 ) 
4 386 387 (-8768 -6144 1312 ) (-9024 -6144 1312 ) (-9024 -5120 1312 ) (-8768 -5120 1312 ) 
4 387 409 (-8192 -6144 0 ) (-8192 -6144 1312 ) (-9024 -6144 1312 ) (-9024 -6144 0 ) 
4 388 391 (-5120 -7168 0 ) (-5120 -7168 1816 ) (-6144 -7168 1816 ) (-6144 -7168 0 ) 
4 388 390 (-5120 -7168 1816 ) (-5120 -7168 2304 ) (-6144 -7168 2304 ) (-6144 -7168 1816 ) 
4 388 389 (-6144 -7168 0 ) (-6144 -7168 2304 ) (-6144 -6144 2304 ) (-6144 -6144 0 ) 
4 389 400 (-7168 -6144 2304 ) (-7168 -6144 0 ) (-7168 -7168 0 ) (-7168 -7168 2304 ) 
4 389 395 (-7168 -7168 1816 ) (-7168 -7168 0 ) (-6144 -7168 0 ) (-6144 -7168 1816 ) 
4 389 394 (-7168 -7168 2304 ) (-7168 -7168 1816 ) (-6144 -7168 1816 ) (-6144 -7168 2304 ) 
4 390 398 (-5120 -8192 1816 ) (-5120 -8192 2304 ) (-6144 -8192 2304 ) (-6144 -8192 1816 ) 
4 390 394 (-6144 -7168 2304 ) (-6144 -7168 1816 ) (-6144 -8192 1816 ) (-6144 -8192 2304 ) 
4 390 392 (-5120 -8192 1816 ) (-6144 -8192 1816 ) (-6144 -8160 1816 ) (-5120 -8160 1816 ) 
4 390 391 (-6144 -8160 1816 ) (-6144 -7168 1816 ) (-5120 -7168 1816 ) (-5120 -8160 1816 ) 
4 391 395 (-6144 -7168 1816 ) (-6144 -7168 0 ) (-6144 -8160 0 ) (-6144 -8160 1816 ) 
4 391 393 (-6144 -8160 0 ) (-5120 -8160 0 ) (-5120 -8160 1312 ) (-6144 -8160 1312 ) 
4 391 392 (-5120 -8160 1312 ) (-5120 -8160 1816 ) (-6144 -8160 1816 ) (-6144 -8160 1312 ) 
4 392 398 (-5120 -8192 1312 ) (-5120 -8192 1816 ) (-6144 -8192 1816 ) (-6144 -8192 1312 ) 
4 392 396 (-6144 -8192 1312 ) (-6144 -8192 1816 ) (-6144 -8160 1816 ) (-6144 -8160 1312 ) 
4 392 393 (-5120 -8192 1312 ) (-6144 -8192 1312 ) (-6144 -8160 1312 ) (-5120 -8160 1312 ) 
4 393 398 (-5120 -8192 0 ) (-5120 -8192 1312 ) (-6144 -8192 1312 ) (-6144 -8192 0 ) 
4 393 397 (-6144 -8160 0 ) (-6144 -8192 0 ) (-6144 -8192 1312 ) (-6144 -8160 1312 ) 
4 394 401 (-7168 -8192 1816 ) (-7168 -8192 2304 ) (-7168 -7168 2304 ) (-7168 -7168 1816 ) 
4 394 399 (-6144 -8192 1816 ) (-6144 -8192 2304 ) (-7168 -8192 2304 ) (-7168 -8192 1816 ) 
4 394 396 (-6144 -8192 1816 ) (-7168 -8192 1816 ) (-7168 -8160 1816 ) (-6144 -8160 1816 ) 
4 394 395 (-7168 -8160 1816 ) (-7168 -7168 1816 ) (-6144 -7168 1816 ) (-6144 -8160 1816 ) 
4 395 402 (-7168 -8160 1816 ) (-7168 -7168 1816 ) (-7168 -7168 0 ) (-7168 -8160 0 ) 
4 395 397 (-7168 -8160 0 ) (-6144 -8160 0 ) (-6144 -8160 1312 ) (-7168 -8160 1312 ) 
4 395 396 (-6144 -8160 1312 ) (-6144 -8160 1816 ) (-7168 -8160 1816 ) (-7168 -8160 1312 ) 
4 396 403 (-7168 -8192 1312 ) (-7168 -8192 1816 ) (-7168 -8160 1816 ) (-7168 -8160 1312 ) 
4 396 399 (-6144 -8192 1312 ) (-6144 -8192 1816 ) (-7168 -8192 1816 ) (-7168 -8192 1312 ) 
4 396 397 (-6144 -8192 1312 ) (-7168 -8192 1312 ) (-7168 -8160 1312 ) (-6144 -8160 1312 ) 
4 397 404 (-7168 -8192 0 ) (-7168 -8192 1312 ) (-7168 -8160 1312 ) (-7168 -8160 0 ) 
4 397 399 (-6144 -8192 0 ) (-6144 -8192 1312 ) (-7168 -8192 1312 ) (-7168 -8192 0 ) 
4 398 399 (-6144 -8480 0 ) (-6144 -8480 2304 ) (-6144 -8192 2304 ) (-6144 -8192 0 ) 
4 399 416 (-7168 -8480 0 ) (-7168 -8480 2304 ) (-7168 -8192 2304 ) (-7168 -8192 0 ) 
4 400 409 (-8192 -6144 1312 ) (-8192 -6144 0 ) (-8192 -7168 0 ) (-8192 -7168 1312 ) 
4 400 405 (-8192 -6144 2304 ) (-8192 -6144 1312 ) (-8192 -7168 1312 ) (-8192 -7168 2304 ) 
4 400 402 (-7168 -7168 0 ) (-7168 -7168 1816 ) (-8192 -7168 1816 ) (-8192 -7168 0 ) 
4 400 401 (-7168 -7168 1816 ) (-7168 -7168 2304 ) (-8192 -7168 2304 ) (-8192 -7168 1816 ) 
4 401 416 (-7168 -8192 1816 ) (-7168 -8192 2304 ) (-8192 -8192 2304 ) (-8192 -8192 1816 ) 
4 401 410 (-8192 -8192 1816 ) (-8192 -8192 2304 ) (-8192 -7168 2304 ) (-8192 -7168 1816 ) 
4 401 403 (-7168 -8192 1816 ) (-8192 -8192 1816 ) (-8192 -8160 1816 ) (-7168 -8160 1816 ) 
4 401 402 (-8192 -8160 1816 ) (-8192 -7168 1816 ) (-7168 -7168 1816 ) (-7168 -8160 1816 ) 
4 402 415 (-8192 -7168 1312 ) (-8192 -7168 0 ) (-8192 -8160 0 ) (-8192 -8160 1312 ) 
4 402 411 (-8192 -8160 1816 ) (-8192 -7168 1816 ) (-8192 -7168 1312 ) (-8192 -8160 1312 ) 
4 402 404 (-8192 -8160 0 ) (-7168 -8160 0 ) (-7168 -8160 1312 ) (-8192 -8160 1312 ) 
4 402 403 (-7168 -8160 1312 ) (-7168 -8160 1816 ) (-8192 -8160 1816 ) (-8192 -8160 1312 ) 
4 403 416 (-7168 -8192 1312 ) (-7168 -8192 1816 ) (-8192 -8192 1816 ) (-8192 -8192 1312 ) 
4 403 412 (-8192 -8192 1312 ) (-8192 -8192 1816 ) (-8192 -8160 1816 ) (-8192 -8160 1312 ) 
4 403 404 (-7168 -8192 1312 ) (-8192 -8192 1312 ) (-8192 -8160 1312 ) (-7168 -8160 1312 ) 
4 404 416 (-7168 -8192 0 ) (-7168 -8192 1312 ) (-8192 -8192 1312 ) (-8192 -8192 0 ) 
4 404 415 (-8192 -8192 0 ) (-8192 -8192 1312 ) (-8192 -8160 1312 ) (-8192 -8160 0 ) 
4 405 411 (-8192 -7168 1312 ) (-8192 -7168 1816 ) (-8736 -7168 1816 ) (-8736 -7168 1312 ) 
4 405 410 (-8192 -7168 1816 ) (-8192 -7168 2304 ) (-8736 -7168 2304 ) (-8736 -7168 1816 ) 
4 405 409 (-8736 -6144 1312 ) (-8192 -6144 1312 ) (-8192 -7168 1312 ) (-8736 -7168 1312 ) 
4 405 407 (-8736 -6144 1312 ) (-8736 -7168 1312 ) (-8736 -7168 1816 ) (-8736 -6144 1816 ) 
4 405 406 (-8736 -7168 1816 ) (-8736 -7168 2304 ) (-8736 -6144 2304 ) (-8736 -6144 1816 ) 
4 406 410 (-8736 -7168 2304 ) (-8768 -7168 2304 ) (-8768 -7168 1816 ) (-8736 -7168 1816 ) 
4 406 408 (-8768 -7168 1816 ) (-8768 -7168 2304 ) (-8768 -6144 2304 ) (-8768 -6144 1816 ) 
4 406 407 (-8768 -7168 1816 ) (-8768 -6144 1816 ) (-8736 -6144 1816 ) (-8736 -7168 1816 ) 
4 407 413 (-8768 -7168 1816 ) (-8768 -7168 1312 ) (-8736 -7168 1312 ) (-8736 -7168 1816 ) 
4 407 409 (-8768 -6144 1312 ) (-8736 -6144 1312 ) (-8736 -7168 1312 ) (-8768 -7168 1312 ) 
4 407 408 (-8768 -6144 1312 ) (-8768 -7168 1312 ) (-8768 -7168 1816 ) (-8768 -6144 1816 ) 
4 408 414 (-9024 -7168 1816 ) (-9024 -7168 1312 ) (-8768 -7168 1312 ) (-8768 -7168 1816 ) 
4 408 410 (-8768 -7168 2304 ) (-9024 -7168 2304 ) (-9024 -7168 1816 ) (-8768 -7168 1816 ) 
4 408 409 (-9024 -7168 1312 ) (-9024 -6144 1312 ) (-8768 -6144 1312 ) (-8768 -7168 1312 ) 
4 409 415 (-8192 -7168 0 ) (-8192 -7168 1312 ) (-9024 -7168 1312 ) (-9024 -7168 0 ) 
4 410 417 (-8192 -8192 1816 ) (-8192 -8192 2304 ) (-9024 -8192 2304 ) (-9024 -8192 1816 ) 
4 410 414 (-9024 -8192 1816 ) (-9024 -7168 1816 ) (-8768 -7168 1816 ) (-8768 -8192 1816 ) 
4 410 413 (-8768 -7168 1816 ) (-8736 -7168 1816 ) (-8736 -8192 1816 ) (-8768 -8192 1816 ) 
4 410 412 (-8192 -8160 1816 ) (-8192 -8192 1816 ) (-8736 -8192 1816 ) (-8736 -8160 1816 ) 
4 410 411 (-8736 -7168 1816 ) (-8192 -7168 1816 ) (-8192 -8160 1816 ) (-8736 -8160 1816 ) 
4 411 415 (-8736 -8160 1312 ) (-8736 -7168 1312 ) (-8192 -7168 1312 ) (-8192 -8160 1312 ) 
4 411 413 (-8736 -7168 1312 ) (-8736 -8160 1312 ) (-8736 -8160 1816 ) (-8736 -7168 1816 ) 
4 411 412 (-8736 -8160 1816 ) (-8736 -8160 1312 ) (-8192 -8160 1312 ) (-8192 -8160 1816 ) 
4 412 418 (-8192 -8192 1312 ) (-8192 -8192 1816 ) (-8736 -8192 1816 ) (-8736 -8192 1312 ) 
4 412 415 (-8192 -8192 1312 ) (-8736 -8192 1312 ) (-8736 -8160 1312 ) (-8192 -8160 1312 ) 
4 412 413 (-8736 -8160 1312 ) (-8736 -8192 1312 ) (-8736 -8192 1816 ) (-8736 -8160 1816 ) 
4 413 419 (-8736 -8192 1816 ) (-8768 -8192 1816 ) (-8768 -8192 1312 ) (-8736 -8192 1312 ) 
4 413 415 (-8736 -8192 1312 ) (-8768 -8192 1312 ) (-8768 -7168 1312 ) (-8736 -7168 1312 ) 
4 413 414 (-8768 -7168 1312 ) (-8768 -8192 1312 ) (-8768 -8192 1816 ) (-8768 -7168 1816 ) 
4 414 422 (-8768 -8192 1816 ) (-9024 -8192 1816 ) (-9024 -8192 1312 ) (-8768 -8192 1312 ) 
4 414 415 (-8768 -8192 1312 ) (-9024 -8192 1312 ) (-9024 -7168 1312 ) (-8768 -7168 1312 ) 
4 415 420 (-8736 -8192 1312 ) (-8768 -8192 1312 ) (-8768 -8192 0 ) (-8736 -8192 0 ) 
4 415 418 (-8192 -8192 0 ) (-8192 -8192 1312 ) (-8736 -8192 1312 ) (-8736 -8192 0 ) 
4 415 422 (-8768 -8192 1312 ) (-9024 -8192 1312 ) (-9024 -8192 0 ) (-8768 -8192 0 ) 
4 416 418 (-8192 -8192 1816 ) (-8192 -8192 0 ) (-8192 -8480 0 ) (-8192 -8480 1816 ) 
4 416 417 (-8192 -8192 2304 ) (-8192 -8192 1816 ) (-8192 -8480 1816 ) (-8192 -8480 2304 ) 
4 417 419 (-8768 -8224 1816 ) (-8768 -8192 1816 ) (-8736 -8192 1816 ) (-8736 -8224 1816 ) 
4 417 421 (-8736 -8480 1816 ) (-8768 -8480 1816 ) (-8768 -8224 1816 ) (-8736 -8224 1816 ) 
4 417 418 (-8192 -8480 1816 ) (-8736 -8480 1816 ) (-8736 -8192 1816 ) (-8192 -8192 1816 ) 
4 417 422 (-8768 -8480 1816 ) (-9024 -8480 1816 ) (-9024 -8192 1816 ) (-8768 -8192 1816 ) 
4 418 420 (-8736 -8192 0 ) (-8736 -8224 0 ) (-8736 -8224 1312 ) (-8736 -8192 1312 ) 
4 418 419 (-8736 -8224 1312 ) (-8736 -8224 1816 ) (-8736 -8192 1816 ) (-8736 -8192 1312 ) 
4 418 421 (-8736 -8224 0 ) (-8736 -8480 0 ) (-8736 -8480 1816 ) (-8736 -8224 1816 ) 
4 419 421 (-8768 -8224 1816 ) (-8768 -8224 1312 ) (-8736 -8224 1312 ) (-8736 -8224 1816 ) 
4 419 422 (-8768 -8224 1312 ) (-8768 -8224 1816 ) (-8768 -8192 1816 ) (-8768 -8192 1312 ) 
4 419 420 (-8736 -8224 1312 ) (-8768 -8224 1312 ) (-8768 -8192 1312 ) (-8736 -8192 1312 ) 
4 420 421 (-8768 -8224 1312 ) (-8768 -8224 0 ) (-8736 -8224 0 ) (-8736 -8224 1312 ) 
4 420 422 (-8768 -8192 0 ) (-8768 -8224 0 ) (-8768 -8224 1312 ) (-8768 -8192 1312 ) 
4 421 422 (-8768 -8224 0 ) (-8768 -8480 0 ) (-8768 -8480 1816 ) (-8768 -8224 1816 ) 
