


materialPath: D:\SteamLibrary\steamapps\common\GarrysMod\garrysmod\materials
Loading c:\users\linventif\documents\github\linventif-maps\linford\vmf\rp_linford_v2.vmf
fixing up env_cubemap materials on brush sides...
0...1...2...3...4...5...6...7...8...9...100...1...2...3...4...5...6...7...8...9...10Processing areas...done (0)
Building Faces...done (0)
Chop Details...done (0)
Find Visible Detail Sides...done (0)
Merging details...done (0)
FixTjuncs...
PruneNodes...
WriteBSP...
done (0)
writing c:\users\linventif\documents\github\linventif-maps\linford\vmf\rp_linford_v2.prt...Building visibility clusters...
done (0)
Creating default LDR cubemaps for env_cubemap using skybox materials:
   skybox/sky_day01_01*.vmt
 ! Run buildcubemaps in the engine to get the correct cube maps.
Creating default HDR cubemaps for env_cubemap using skybox materials:
   skybox/sky_day01_01*.vmt
 ! Run buildcubemaps in the engine to get the correct cube maps.
Finding displacement neighbors...
Finding lightmap sample positions...
Displacement Alpha : 0...1...2...3...4...5...6...7...8...9...10
Building Physics collision data...
done (0) (5891 bytes)
Placing detail props : 0...1...2...3...4...5...6...7...8...9...10
Compacting texture/material tables...
Reduced 28 texinfos to 12
Reduced 4 texdatas to 4 (98 bytes to 98)
Writing c:\users\linventif\documents\github\linventif-maps\linford\vmf\rp_linford_v2.bsp
0 seconds elapsed



24 threads
reading c:\users\linventif\documents\github\linventif-maps\linford\vmf\rp_linford_v2.bsp
reading c:\users\linventif\documents\github\linventif-maps\linford\vmf\rp_linford_v2.prt
  36 portalclusters
  60 numportals
0...1...2...3...4...5...6...7...8...9...10Optimized: 0 visible clusters (0.00%)
Total clusters visible: 1296
Average clusters visible: 36
Building PAS...
Average clusters audible: 36
visdatasize:652  compressed from 576
writing c:\users\linventif\documents\github\linventif-maps\linford\vmf\rp_linford_v2.bsp
0 seconds elapsed



[Reading texlights from 'lights.rad']
[45 texlights parsed from 'lights.rad']

Loading c:\users\linventif\documents\github\linventif-maps\linford\vmf\rp_linford_v2.bsp
PREP OK
894 faces
1409968 square feet [203035504.00 square inches]
0 Displacements
0 Square Feet [0.00 Square Inches]
894 patches before subdivision
69226 patches after subdivision
0 direct lights
0...1...2...3...4...5...6...7...8...9...100...1...2...3...4...5...6...7...8...9...10transfers 19701176, max 860
transfer lists: 150.3 megs
0...1...2...3...4...5...6...7...8...9...10	Bounce #1 added RGB(0, 0, 0)
Build Patch/Sample Hash Table(s).....Done<0.0206 sec>
0...1...2...3...4...5...6...7...8...9...10FinalLightFace Done
0 of 0 (0% of) surface lights went in leaf ambient cubes.
0...1...2...3...4...5...6...7...8...9...10Writing leaf ambient...done
Ready to Finish

Object names       Objects/Maxobjs  Memory / Maxmem  Fullness 
------------       ---------------  ---------------  -------- 
models                   1/4096           48/196608   ( 0.0%) 
brushes                 11/16384         132/196608   ( 0.1%) 
brushsides              90/163840        720/1310720  ( 0.1%) 
planes                 110/65536        2200/1310720  ( 0.2%) 
vertexes              1129/65536       13548/786432   ( 1.7%) 
nodes                  119/65536        3808/2097152  ( 0.2%) 
texinfos                12/12288         864/884736   ( 0.1%) 
texdata                  4/2048          128/65536    ( 0.2%) 
dispinfos                0/0               0/0        ( 0.0%) 
disp_verts               0/0               0/0        ( 0.0%) 
disp_tris                0/0               0/0        ( 0.0%) 
disp_lmsamples           0/0               0/0        ( 0.0%) 
faces                  894/65536       50064/3670016  ( 1.4%) 
hdr faces                0/65536           0/3670016  ( 0.0%) 
origfaces               36/65536        2016/3670016  ( 0.1%) 
leaves                 121/65536        3872/2097152  ( 0.2%) 
leaffaces             1494/65536        2988/131072   ( 2.3%) 
leafbrushes            112/65536         224/131072   ( 0.2%) 
areas                    2/1024           16/8192     ( 0.2%) 
surfedges             4220/512000      16880/2048000  ( 0.8%) 
edges                 2111/256000       8444/1024000  ( 0.8%) 
LDR worldlights          0/8192            0/720896   ( 0.0%) 
HDR worldlights          0/8192            0/720896   ( 0.0%) 
leafwaterdata            0/32768           0/393216   ( 0.0%) 
waterstrips            107/32768        1070/327680   ( 0.3%) 
waterverts               0/65536           0/786432   ( 0.0%) 
waterindices          1422/65536        2844/131072   ( 2.2%) 
cubemapsamples           0/1024            0/16384    ( 0.0%) 
overlays                 0/1024            0/360448   ( 0.0%) 
LDR lightdata         [variable]     2222048/0        ( 0.0%) 
HDR lightdata         [variable]           0/0        ( 0.0%) 
visdata               [variable]         652/16777216 ( 0.0%) 
entdata               [variable]         344/393216   ( 0.1%) 
LDR ambient table      121/65536         484/262144   ( 0.2%) 
HDR ambient table      121/65536         484/262144   ( 0.2%) 
LDR leaf ambient        36/65536        1008/1835008  ( 0.1%) 
HDR leaf ambient       121/65536        3388/1835008  ( 0.2%) 
occluders                0/0               0/0        ( 0.0%) 
occluder polygons        0/0               0/0        ( 0.0%) 
occluder vert ind        0/0               0/0        ( 0.0%) 
detail props          [variable]           1/12       ( 8.3%) 
static props          [variable]           1/12       ( 8.3%) 
pakfile               [variable]      105683/0        ( 0.0%) 
physics               [variable]        5891/4194304  ( 0.1%) 
physics terrain       [variable]           2/1048576  ( 0.0%) 

Level flags = 0

Total triangle count: 2248
Writing c:\users\linventif\documents\github\linventif-maps\linford\vmf\rp_linford_v2.bsp
1 second elapsed



materialPath: D:\SteamLibrary\steamapps\common\GarrysMod\garrysmod\materials
Loading c:\users\linventif\documents\github\linventif-maps\linford\vmf\rp_linford_v2.vmf
fixing up env_cubemap materials on brush sides...
0...1...2...3...4...5...6...7...8...9...100...1...2...3...4...5...6...7...8...9...10Processing areas...done (0)
Building Faces...done (0)
FixTjuncs...
PruneNodes...
WriteBSP...
done (0)
writing c:\users\linventif\documents\github\linventif-maps\linford\vmf\rp_linford_v2.prt...Building visibility clusters...
done (0)
Creating default LDR cubemaps for env_cubemap using skybox materials:
   skybox/sky_day01_01*.vmt
 ! Run buildcubemaps in the engine to get the correct cube maps.
Creating default HDR cubemaps for env_cubemap using skybox materials:
   skybox/sky_day01_01*.vmt
 ! Run buildcubemaps in the engine to get the correct cube maps.
Finding displacement neighbors...
Finding lightmap sample positions...
Displacement Alpha : 0...1...2...3...4...5...6...7...8...9...10
Building Physics collision data...
done (0) (32567 bytes)
Placing detail props : 0...1...2...3...4...5...6...7...8...9...10
Compacting texture/material tables...
Reduced 30 texinfos to 11
Reduced 6 texdatas to 6 (166 bytes to 166)
Writing c:\users\linventif\documents\github\linventif-maps\linford\vmf\rp_linford_v2.bsp
0 seconds elapsed



24 threads
reading c:\users\linventif\documents\github\linventif-maps\linford\vmf\rp_linford_v2.bsp
reading c:\users\linventif\documents\github\linventif-maps\linford\vmf\rp_linford_v2.prt
 132 portalclusters
 332 numportals
0...1...2...3...4...5...6...7...8...9...10Optimized: 4 visible clusters (0.02%)
Total clusters visible: 16620
Average clusters visible: 125
Building PAS...
Average clusters audible: 132
visdatasize:5548  compressed from 6336
writing c:\users\linventif\documents\github\linventif-maps\linford\vmf\rp_linford_v2.bsp
0 seconds elapsed



[Reading texlights from 'lights.rad']
[45 texlights parsed from 'lights.rad']

Loading c:\users\linventif\documents\github\linventif-maps\linford\vmf\rp_linford_v2.bsp
PREP OK
1531 faces
2032743 square feet [292715104.00 square inches]
0 Displacements
0 Square Feet [0.00 Square Inches]
1531 patches before subdivision
102257 patches after subdivision
0 direct lights
0...1...2...3...4...5...6...7...8...9...100...1...2...3...4...5...6...7...8...9...10transfers 35555902, max 1406
transfer lists: 271.3 megs
0...1...2...3...4...5...6...7...8...9...10	Bounce #1 added RGB(0, 0, 0)
Build Patch/Sample Hash Table(s).....Done<0.0302 sec>
0...1...2...3...4...5...6...7...8...9...10FinalLightFace Done
0 of 0 (0% of) surface lights went in leaf ambient cubes.
0...1...2...3...4...5...6...7...8...9...10Writing leaf ambient...done
Ready to Finish

Object names       Objects/Maxobjs  Memory / Maxmem  Fullness 
------------       ---------------  ---------------  -------- 
models                   2/4096           96/196608   ( 0.0%) 
brushes                 91/16384        1092/196608   ( 0.6%) 
brushsides             844/163840       6752/1310720  ( 0.5%) 
planes                 506/65536       10120/1310720  ( 0.8%) 
vertexes              1900/65536       22800/786432   ( 2.9%) 
nodes                  355/65536       11360/2097152  ( 0.5%) 
texinfos                11/12288         792/884736   ( 0.1%) 
texdata                  6/2048          192/65536    ( 0.3%) 
dispinfos                0/0               0/0        ( 0.0%) 
disp_verts               0/0               0/0        ( 0.0%) 
disp_tris                0/0               0/0        ( 0.0%) 
disp_lmsamples           0/0               0/0        ( 0.0%) 
faces                 1531/65536       85736/3670016  ( 2.3%) 
hdr faces                0/65536           0/3670016  ( 0.0%) 
origfaces               88/65536        4928/3670016  ( 0.1%) 
leaves                 358/65536       11456/2097152  ( 0.5%) 
leaffaces             1827/65536        3654/131072   ( 2.8%) 
leafbrushes            371/65536         742/131072   ( 0.6%) 
areas                    2/1024           16/8192     ( 0.2%) 
surfedges             6869/512000      27476/2048000  ( 1.3%) 
edges                 3518/256000      14072/1024000  ( 1.4%) 
LDR worldlights          0/8192            0/720896   ( 0.0%) 
HDR worldlights          0/8192            0/720896   ( 0.0%) 
leafwaterdata            0/32768           0/393216   ( 0.0%) 
waterstrips             29/32768         290/327680   ( 0.1%) 
waterverts               0/65536           0/786432   ( 0.0%) 
waterindices           408/65536         816/131072   ( 0.6%) 
cubemapsamples           0/1024            0/16384    ( 0.0%) 
overlays                 0/1024            0/360448   ( 0.0%) 
LDR lightdata         [variable]     3215016/0        ( 0.0%) 
HDR lightdata         [variable]           0/0        ( 0.0%) 
visdata               [variable]        5548/16777216 ( 0.0%) 
entdata               [variable]         798/393216   ( 0.2%) 
LDR ambient table      358/65536        1432/262144   ( 0.5%) 
HDR ambient table      358/65536        1432/262144   ( 0.5%) 
LDR leaf ambient       150/65536        4200/1835008  ( 0.2%) 
HDR leaf ambient       358/65536       10024/1835008  ( 0.5%) 
occluders                0/0               0/0        ( 0.0%) 
occluder polygons        0/0               0/0        ( 0.0%) 
occluder vert ind        0/0               0/0        ( 0.0%) 
detail props          [variable]           1/12       ( 8.3%) 
static props          [variable]           1/12       ( 8.3%) 
pakfile               [variable]      105683/0        ( 0.0%) 
physics               [variable]       32567/4194304  ( 0.8%) 
physics terrain       [variable]           2/1048576  ( 0.0%) 

Level flags = 0

Total triangle count: 3443
Writing c:\users\linventif\documents\github\linventif-maps\linford\vmf\rp_linford_v2.bsp
3 seconds elapsed



materialPath: D:\SteamLibrary\steamapps\common\GarrysMod\garrysmod\materials
Loading c:\users\linventif\documents\github\linventif-maps\linford\vmf\rp_linford_v2.vmf
fixing up env_cubemap materials on brush sides...
0...1...2...3...4...5...6...7...8...9...100...1...2...3...4...5...6...7...8...9...10Processing areas...done (0)
Building Faces...done (0)
FixTjuncs...
PruneNodes...
WriteBSP...
done (0)
writing c:\users\linventif\documents\github\linventif-maps\linford\vmf\rp_linford_v2.prt...Building visibility clusters...
done (0)
Creating default LDR cubemaps for env_cubemap using skybox materials:
   skybox/sky_day01_01*.vmt
 ! Run buildcubemaps in the engine to get the correct cube maps.
Creating default HDR cubemaps for env_cubemap using skybox materials:
   skybox/sky_day01_01*.vmt
 ! Run buildcubemaps in the engine to get the correct cube maps.
Finding displacement neighbors...
Finding lightmap sample positions...
Displacement Alpha : 0...1...2...3...4...5...6...7...8...9...10
Building Physics collision data...
done (0) (32567 bytes)
Placing detail props : 0...1...2...3...4...5...6...7...8...9...10
Compacting texture/material tables...
Reduced 30 texinfos to 11
Reduced 6 texdatas to 6 (166 bytes to 166)
Writing c:\users\linventif\documents\github\linventif-maps\linford\vmf\rp_linford_v2.bsp
0 seconds elapsed



24 threads
reading c:\users\linventif\documents\github\linventif-maps\linford\vmf\rp_linford_v2.bsp
reading c:\users\linventif\documents\github\linventif-maps\linford\vmf\rp_linford_v2.prt
 132 portalclusters
 332 numportals
0...1...2...3...4...5...6...7...8...9...10Optimized: 4 visible clusters (0.02%)
Total clusters visible: 16620
Average clusters visible: 125
Building PAS...
Average clusters audible: 132
visdatasize:5548  compressed from 6336
writing c:\users\linventif\documents\github\linventif-maps\linford\vmf\rp_linford_v2.bsp
0 seconds elapsed



[Reading texlights from 'lights.rad']
[45 texlights parsed from 'lights.rad']

Loading c:\users\linventif\documents\github\linventif-maps\linford\vmf\rp_linford_v2.bsp
PREP OK
1531 faces
2032743 square feet [292715104.00 square inches]
0 Displacements
0 Square Feet [0.00 Square Inches]
1531 patches before subdivision
102257 patches after subdivision
0 direct lights
0...1...2...3...4...5...6...7...8...9...100...1...2...3...4...5...6...7...8...9...10transfers 35555902, max 1406
transfer lists: 271.3 megs
0...1...2...3...4...5...6...7...8...9...10	Bounce #1 added RGB(0, 0, 0)
Build Patch/Sample Hash Table(s).....Done<0.0301 sec>
0...1...2...3...4...5...6...7...8...9...10FinalLightFace Done
0 of 0 (0% of) surface lights went in leaf ambient cubes.
0...1...2...3...4...5...6...7...8...9...10Writing leaf ambient...done
Ready to Finish

Object names       Objects/Maxobjs  Memory / Maxmem  Fullness 
------------       ---------------  ---------------  -------- 
models                   2/4096           96/196608   ( 0.0%) 
brushes                 91/16384        1092/196608   ( 0.6%) 
brushsides             844/163840       6752/1310720  ( 0.5%) 
planes                 506/65536       10120/1310720  ( 0.8%) 
vertexes              1900/65536       22800/786432   ( 2.9%) 
nodes                  355/65536       11360/2097152  ( 0.5%) 
texinfos                11/12288         792/884736   ( 0.1%) 
texdata                  6/2048          192/65536    ( 0.3%) 
dispinfos                0/0               0/0        ( 0.0%) 
disp_verts               0/0               0/0        ( 0.0%) 
disp_tris                0/0               0/0        ( 0.0%) 
disp_lmsamples           0/0               0/0        ( 0.0%) 
faces                 1531/65536       85736/3670016  ( 2.3%) 
hdr faces                0/65536           0/3670016  ( 0.0%) 
origfaces               88/65536        4928/3670016  ( 0.1%) 
leaves                 358/65536       11456/2097152  ( 0.5%) 
leaffaces             1827/65536        3654/131072   ( 2.8%) 
leafbrushes            371/65536         742/131072   ( 0.6%) 
areas                    2/1024           16/8192     ( 0.2%) 
surfedges             6869/512000      27476/2048000  ( 1.3%) 
edges                 3518/256000      14072/1024000  ( 1.4%) 
LDR worldlights          0/8192            0/720896   ( 0.0%) 
HDR worldlights          0/8192            0/720896   ( 0.0%) 
leafwaterdata            0/32768           0/393216   ( 0.0%) 
waterstrips             29/32768         290/327680   ( 0.1%) 
waterverts               0/65536           0/786432   ( 0.0%) 
waterindices           408/65536         816/131072   ( 0.6%) 
cubemapsamples           0/1024            0/16384    ( 0.0%) 
overlays                 0/1024            0/360448   ( 0.0%) 
LDR lightdata         [variable]     3215016/0        ( 0.0%) 
HDR lightdata         [variable]           0/0        ( 0.0%) 
visdata               [variable]        5548/16777216 ( 0.0%) 
entdata               [variable]         800/393216   ( 0.2%) 
LDR ambient table      358/65536        1432/262144   ( 0.5%) 
HDR ambient table      358/65536        1432/262144   ( 0.5%) 
LDR leaf ambient       150/65536        4200/1835008  ( 0.2%) 
HDR leaf ambient       358/65536       10024/1835008  ( 0.5%) 
occluders                0/0               0/0        ( 0.0%) 
occluder polygons        0/0               0/0        ( 0.0%) 
occluder vert ind        0/0               0/0        ( 0.0%) 
detail props          [variable]           1/12       ( 8.3%) 
static props          [variable]           1/12       ( 8.3%) 
pakfile               [variable]      105683/0        ( 0.0%) 
physics               [variable]       32567/4194304  ( 0.8%) 
physics terrain       [variable]           2/1048576  ( 0.0%) 

Level flags = 0

Total triangle count: 3443
Writing c:\users\linventif\documents\github\linventif-maps\linford\vmf\rp_linford_v2.bsp
3 seconds elapsed



materialPath: D:\SteamLibrary\steamapps\common\GarrysMod\garrysmod\materials
Loading c:\users\linventif\documents\github\linventif-maps\linford\vmf\rp_linford_v2.vmf
fixing up env_cubemap materials on brush sides...
0...1...2...3...4...5...6...7...8...9...100...1...2...3...4...5...6...7...8...9...10Processing areas...done (0)
Building Faces...done (0)
FixTjuncs...
PruneNodes...
WriteBSP...
done (0)
writing c:\users\linventif\documents\github\linventif-maps\linford\vmf\rp_linford_v2.prt...Building visibility clusters...
done (0)
Creating default LDR cubemaps for env_cubemap using skybox materials:
   skybox/sky_day01_01*.vmt
 ! Run buildcubemaps in the engine to get the correct cube maps.
Creating default HDR cubemaps for env_cubemap using skybox materials:
   skybox/sky_day01_01*.vmt
 ! Run buildcubemaps in the engine to get the correct cube maps.
Finding displacement neighbors...
Finding lightmap sample positions...
Displacement Alpha : 0...1...2...3...4...5...6...7...8...9...10
Building Physics collision data...
done (0) (32567 bytes)
Placing detail props : 0...1...2...3...4...5...6...7...8...9...10
Compacting texture/material tables...
Reduced 30 texinfos to 11
Reduced 6 texdatas to 6 (166 bytes to 166)
Writing c:\users\linventif\documents\github\linventif-maps\linford\vmf\rp_linford_v2.bsp
0 seconds elapsed



24 threads
reading c:\users\linventif\documents\github\linventif-maps\linford\vmf\rp_linford_v2.bsp
reading c:\users\linventif\documents\github\linventif-maps\linford\vmf\rp_linford_v2.prt
 132 portalclusters
 332 numportals
0...1...2...3...4...5...6...7...8...9...10Optimized: 4 visible clusters (0.02%)
Total clusters visible: 16620
Average clusters visible: 125
Building PAS...
Average clusters audible: 132
visdatasize:5548  compressed from 6336
writing c:\users\linventif\documents\github\linventif-maps\linford\vmf\rp_linford_v2.bsp
0 seconds elapsed



[Reading texlights from 'lights.rad']
[45 texlights parsed from 'lights.rad']

Loading c:\users\linventif\documents\github\linventif-maps\linford\vmf\rp_linford_v2.bsp
PREP OK
1531 faces
2032743 square feet [292715104.00 square inches]
0 Displacements
0 Square Feet [0.00 Square Inches]
1531 patches before subdivision
102257 patches after subdivision
0 direct lights
0...1...2...3...4...5...6...7...8...9...100...1...2...3...4...5...6...7...8...9...10transfers 35555902, max 1406
transfer lists: 271.3 megs
0...1...2...3...4...5...6...7...8...9...10	Bounce #1 added RGB(0, 0, 0)
Build Patch/Sample Hash Table(s).....Done<0.0300 sec>
0...1...2...3...4...5...6...7...8...9...10FinalLightFace Done
0 of 0 (0% of) surface lights went in leaf ambient cubes.
0...1...2...3...4...5...6...7...8...9...10Writing leaf ambient...done
Ready to Finish

Object names       Objects/Maxobjs  Memory / Maxmem  Fullness 
------------       ---------------  ---------------  -------- 
models                   2/4096           96/196608   ( 0.0%) 
brushes                 91/16384        1092/196608   ( 0.6%) 
brushsides             844/163840       6752/1310720  ( 0.5%) 
planes                 506/65536       10120/1310720  ( 0.8%) 
vertexes              1900/65536       22800/786432   ( 2.9%) 
nodes                  355/65536       11360/2097152  ( 0.5%) 
texinfos                11/12288         792/884736   ( 0.1%) 
texdata                  6/2048          192/65536    ( 0.3%) 
dispinfos                0/0               0/0        ( 0.0%) 
disp_verts               0/0               0/0        ( 0.0%) 
disp_tris                0/0               0/0        ( 0.0%) 
disp_lmsamples           0/0               0/0        ( 0.0%) 
faces                 1531/65536       85736/3670016  ( 2.3%) 
hdr faces                0/65536           0/3670016  ( 0.0%) 
origfaces               88/65536        4928/3670016  ( 0.1%) 
leaves                 358/65536       11456/2097152  ( 0.5%) 
leaffaces             1827/65536        3654/131072   ( 2.8%) 
leafbrushes            371/65536         742/131072   ( 0.6%) 
areas                    2/1024           16/8192     ( 0.2%) 
surfedges             6869/512000      27476/2048000  ( 1.3%) 
edges                 3518/256000      14072/1024000  ( 1.4%) 
LDR worldlights          0/8192            0/720896   ( 0.0%) 
HDR worldlights          0/8192            0/720896   ( 0.0%) 
leafwaterdata            0/32768           0/393216   ( 0.0%) 
waterstrips             29/32768         290/327680   ( 0.1%) 
waterverts               0/65536           0/786432   ( 0.0%) 
waterindices           408/65536         816/131072   ( 0.6%) 
cubemapsamples           0/1024            0/16384    ( 0.0%) 
overlays                 0/1024            0/360448   ( 0.0%) 
LDR lightdata         [variable]     3215016/0        ( 0.0%) 
HDR lightdata         [variable]           0/0        ( 0.0%) 
visdata               [variable]        5548/16777216 ( 0.0%) 
entdata               [variable]         800/393216   ( 0.2%) 
LDR ambient table      358/65536        1432/262144   ( 0.5%) 
HDR ambient table      358/65536        1432/262144   ( 0.5%) 
LDR leaf ambient       150/65536        4200/1835008  ( 0.2%) 
HDR leaf ambient       358/65536       10024/1835008  ( 0.5%) 
occluders                0/0               0/0        ( 0.0%) 
occluder polygons        0/0               0/0        ( 0.0%) 
occluder vert ind        0/0               0/0        ( 0.0%) 
detail props          [variable]           1/12       ( 8.3%) 
static props          [variable]           1/12       ( 8.3%) 
pakfile               [variable]      105683/0        ( 0.0%) 
physics               [variable]       32567/4194304  ( 0.8%) 
physics terrain       [variable]           2/1048576  ( 0.0%) 

Level flags = 0

Total triangle count: 3443
Writing c:\users\linventif\documents\github\linventif-maps\linford\vmf\rp_linford_v2.bsp
3 seconds elapsed



materialPath: D:\SteamLibrary\steamapps\common\GarrysMod\garrysmod\materials
Loading c:\users\linventif\documents\github\linventif-maps\linford\vmf\rp_linford_v2.vmf
fixing up env_cubemap materials on brush sides...
0...1...2...3...4...5...6...7...8...9...100...1...2...3...4...5...6...7...8...9...10Processing areas...done (0)
Building Faces...done (0)
FixTjuncs...
PruneNodes...
WriteBSP...
done (0)
writing c:\users\linventif\documents\github\linventif-maps\linford\vmf\rp_linford_v2.prt...Building visibility clusters...
done (0)
Creating default LDR cubemaps for env_cubemap using skybox materials:
   skybox/sky_day01_01*.vmt
 ! Run buildcubemaps in the engine to get the correct cube maps.
Creating default HDR cubemaps for env_cubemap using skybox materials:
   skybox/sky_day01_01*.vmt
 ! Run buildcubemaps in the engine to get the correct cube maps.
Finding displacement neighbors...
Finding lightmap sample positions...
Displacement Alpha : 0...1...2...3...4...5...6...7...8...9...10
Building Physics collision data...
done (0) (32567 bytes)
Placing detail props : 0...1...2...3...4...5...6...7...8...9...10
Compacting texture/material tables...
Reduced 30 texinfos to 11
Reduced 6 texdatas to 6 (166 bytes to 166)
Writing c:\users\linventif\documents\github\linventif-maps\linford\vmf\rp_linford_v2.bsp
0 seconds elapsed



24 threads
reading c:\users\linventif\documents\github\linventif-maps\linford\vmf\rp_linford_v2.bsp
reading c:\users\linventif\documents\github\linventif-maps\linford\vmf\rp_linford_v2.prt
 132 portalclusters
 332 numportals
0...1...2...3...4...5...6...7...8...9...10Optimized: 4 visible clusters (0.02%)
Total clusters visible: 16620
Average clusters visible: 125
Building PAS...
Average clusters audible: 132
visdatasize:5548  compressed from 6336
writing c:\users\linventif\documents\github\linventif-maps\linford\vmf\rp_linford_v2.bsp
0 seconds elapsed



[Reading texlights from 'lights.rad']
[45 texlights parsed from 'lights.rad']

Loading c:\users\linventif\documents\github\linventif-maps\linford\vmf\rp_linford_v2.bsp
PREP OK
1531 faces
2032743 square feet [292715104.00 square inches]
0 Displacements
0 Square Feet [0.00 Square Inches]
1531 patches before subdivision
102257 patches after subdivision
0 direct lights
0...1...2...3...4...5...6...7...8...9...100...1...2...3...4...5...6...7...8...9...10transfers 35555902, max 1406
transfer lists: 271.3 megs
0...1...2...3...4...5...6...7...8...9...10	Bounce #1 added RGB(0, 0, 0)
Build Patch/Sample Hash Table(s).....Done<0.0306 sec>
0...1...2...3...4...5...6...7...8...9...10FinalLightFace Done
0 of 0 (0% of) surface lights went in leaf ambient cubes.
0...1...2...3...4...5...6...7...8...9...10Writing leaf ambient...done
Ready to Finish

Object names       Objects/Maxobjs  Memory / Maxmem  Fullness 
------------       ---------------  ---------------  -------- 
models                   2/4096           96/196608   ( 0.0%) 
brushes                 91/16384        1092/196608   ( 0.6%) 
brushsides             844/163840       6752/1310720  ( 0.5%) 
planes                 506/65536       10120/1310720  ( 0.8%) 
vertexes              1900/65536       22800/786432   ( 2.9%) 
nodes                  355/65536       11360/2097152  ( 0.5%) 
texinfos                11/12288         792/884736   ( 0.1%) 
texdata                  6/2048          192/65536    ( 0.3%) 
dispinfos                0/0               0/0        ( 0.0%) 
disp_verts               0/0               0/0        ( 0.0%) 
disp_tris                0/0               0/0        ( 0.0%) 
disp_lmsamples           0/0               0/0        ( 0.0%) 
faces                 1531/65536       85736/3670016  ( 2.3%) 
hdr faces                0/65536           0/3670016  ( 0.0%) 
origfaces               88/65536        4928/3670016  ( 0.1%) 
leaves                 358/65536       11456/2097152  ( 0.5%) 
leaffaces             1827/65536        3654/131072   ( 2.8%) 
leafbrushes            371/65536         742/131072   ( 0.6%) 
areas                    2/1024           16/8192     ( 0.2%) 
surfedges             6869/512000      27476/2048000  ( 1.3%) 
edges                 3518/256000      14072/1024000  ( 1.4%) 
LDR worldlights          0/8192            0/720896   ( 0.0%) 
HDR worldlights          0/8192            0/720896   ( 0.0%) 
leafwaterdata            0/32768           0/393216   ( 0.0%) 
waterstrips             29/32768         290/327680   ( 0.1%) 
waterverts               0/65536           0/786432   ( 0.0%) 
waterindices           408/65536         816/131072   ( 0.6%) 
cubemapsamples           0/1024            0/16384    ( 0.0%) 
overlays                 0/1024            0/360448   ( 0.0%) 
LDR lightdata         [variable]     3215016/0        ( 0.0%) 
HDR lightdata         [variable]           0/0        ( 0.0%) 
visdata               [variable]        5548/16777216 ( 0.0%) 
entdata               [variable]         799/393216   ( 0.2%) 
LDR ambient table      358/65536        1432/262144   ( 0.5%) 
HDR ambient table      358/65536        1432/262144   ( 0.5%) 
LDR leaf ambient       150/65536        4200/1835008  ( 0.2%) 
HDR leaf ambient       358/65536       10024/1835008  ( 0.5%) 
occluders                0/0               0/0        ( 0.0%) 
occluder polygons        0/0               0/0        ( 0.0%) 
occluder vert ind        0/0               0/0        ( 0.0%) 
detail props          [variable]           1/12       ( 8.3%) 
static props          [variable]           1/12       ( 8.3%) 
pakfile               [variable]      105683/0        ( 0.0%) 
physics               [variable]       32567/4194304  ( 0.8%) 
physics terrain       [variable]           2/1048576  ( 0.0%) 

Level flags = 0

Total triangle count: 3443
Writing c:\users\linventif\documents\github\linventif-maps\linford\vmf\rp_linford_v2.bsp
3 seconds elapsed



materialPath: D:\SteamLibrary\steamapps\common\GarrysMod\garrysmod\materials
Loading c:\users\linventif\documents\github\linventif-maps\linford\vmf\rp_linford_v2.vmf
fixing up env_cubemap materials on brush sides...
0...1...2...3...4...5...6...7...8...9...100...1...2...3...4...5...6...7...8...9...10Processing areas...done (0)
Building Faces...done (0)
FixTjuncs...
PruneNodes...
WriteBSP...
done (0)
writing c:\users\linventif\documents\github\linventif-maps\linford\vmf\rp_linford_v2.prt...Building visibility clusters...
done (0)
Creating default LDR cubemaps for env_cubemap using skybox materials:
   skybox/sky_day01_01*.vmt
 ! Run buildcubemaps in the engine to get the correct cube maps.
Creating default HDR cubemaps for env_cubemap using skybox materials:
   skybox/sky_day01_01*.vmt
 ! Run buildcubemaps in the engine to get the correct cube maps.
Finding displacement neighbors...
Finding lightmap sample positions...
Displacement Alpha : 0...1...2...3...4...5...6...7...8...9...10
Building Physics collision data...
done (0) (43844 bytes)
Placing detail props : 0...1...2...3...4...5...6...7...8...9...10
Water found with no water_lod_control entity, creating a default one.
Compacting texture/material tables...
Reduced 50 texinfos to 19
Reduced 10 texdatas to 9 (310 bytes to 259)
Writing c:\users\linventif\documents\github\linventif-maps\linford\vmf\rp_linford_v2.bsp
0 seconds elapsed



24 threads
reading c:\users\linventif\documents\github\linventif-maps\linford\vmf\rp_linford_v2.bsp
reading c:\users\linventif\documents\github\linventif-maps\linford\vmf\rp_linford_v2.prt
 128 portalclusters
 288 numportals
0...1...2...3...4...5...6...7...8...9...10Optimized: 0 visible clusters (0.00%)
Total clusters visible: 16384
Average clusters visible: 128
Building PAS...
Average clusters audible: 128
visdatasize:5124  compressed from 4096
writing c:\users\linventif\documents\github\linventif-maps\linford\vmf\rp_linford_v2.bsp
0 seconds elapsed



[Reading texlights from 'lights.rad']
[45 texlights parsed from 'lights.rad']

Loading c:\users\linventif\documents\github\linventif-maps\linford\vmf\rp_linford_v2.bsp
PREP OK
2404 faces
3335370 square feet [480293312.00 square inches]
0 Displacements
0 Square Feet [0.00 Square Inches]
2404 patches before subdivision
149198 patches after subdivision
0 direct lights
0...1...2...3...4...5...6...7...8...9...100...1...2...3...4...5...6...7...8...9...10transfers 59739908, max 1265
transfer lists: 455.8 megs
0...1...2...3...4...5...6...7...8...9...10	Bounce #1 added RGB(0, 0, 0)
Build Patch/Sample Hash Table(s).....Done<0.0412 sec>
0...1...2...3...4...5...6...7...8...9...10FinalLightFace Done
0 of 0 (0% of) surface lights went in leaf ambient cubes.
0...1...2...3...4...5...6...7...8...9...10Writing leaf ambient...done
Ready to Finish

Object names       Objects/Maxobjs  Memory / Maxmem  Fullness 
------------       ---------------  ---------------  -------- 
models                   8/4096          384/196608   ( 0.2%) 
brushes                100/16384        1200/196608   ( 0.6%) 
brushsides             920/163840       7360/1310720  ( 0.6%) 
planes                 792/65536       15840/1310720  ( 1.2%) 
vertexes              2954/65536       35448/786432   ( 4.5%) 
nodes                  577/65536       18464/2097152  ( 0.9%) 
texinfos                19/12288        1368/884736   ( 0.2%) 
texdata                  9/2048          288/65536    ( 0.4%) 
dispinfos                0/0               0/0        ( 0.0%) 
disp_verts               0/0               0/0        ( 0.0%) 
disp_tris                0/0               0/0        ( 0.0%) 
disp_lmsamples           0/0               0/0        ( 0.0%) 
faces                 2404/65536      134624/3670016  ( 3.7%) 
hdr faces                0/65536           0/3670016  ( 0.0%) 
origfaces              382/65536       21392/3670016  ( 0.6%) 
leaves                 586/65536       18752/2097152  ( 0.9%) 
leaffaces             2700/65536        5400/131072   ( 4.1%) 
leafbrushes            329/65536         658/131072   ( 0.5%) 
areas                    2/1024           16/8192     ( 0.2%) 
surfedges            12448/512000      49792/2048000  ( 2.4%) 
edges                 6289/256000      25156/1024000  ( 2.5%) 
LDR worldlights          0/8192            0/720896   ( 0.0%) 
HDR worldlights          0/8192            0/720896   ( 0.0%) 
leafwaterdata            1/32768          12/393216   ( 0.0%) 
waterstrips             14/32768         140/327680   ( 0.0%) 
waterverts               0/65536           0/786432   ( 0.0%) 
waterindices           258/65536         516/131072   ( 0.4%) 
cubemapsamples           0/1024            0/16384    ( 0.0%) 
overlays                 0/1024            0/360448   ( 0.0%) 
LDR lightdata         [variable]    12187832/0        ( 0.0%) 
HDR lightdata         [variable]           0/0        ( 0.0%) 
visdata               [variable]        5124/16777216 ( 0.0%) 
entdata               [variable]        3692/393216   ( 0.9%) 
LDR ambient table      586/65536        2344/262144   ( 0.9%) 
HDR ambient table      586/65536        2344/262144   ( 0.9%) 
LDR leaf ambient       334/65536        9352/1835008  ( 0.5%) 
HDR leaf ambient       586/65536       16408/1835008  ( 0.9%) 
occluders                0/0               0/0        ( 0.0%) 
occluder polygons        0/0               0/0        ( 0.0%) 
occluder vert ind        0/0               0/0        ( 0.0%) 
detail props          [variable]           1/12       ( 8.3%) 
static props          [variable]           1/12       ( 8.3%) 
pakfile               [variable]      105996/0        ( 0.0%) 
physics               [variable]       43844/4194304  ( 1.0%) 
physics terrain       [variable]           2/1048576  ( 0.0%) 

Level flags = 0

Total triangle count: 6088
Writing c:\users\linventif\documents\github\linventif-maps\linford\vmf\rp_linford_v2.bsp
6 seconds elapsed



materialPath: D:\SteamLibrary\steamapps\common\GarrysMod\garrysmod\materials
Loading c:\users\linventif\documents\github\linventif-maps\linford\vmf\rp_linford_v2.vmf
fixing up env_cubemap materials on brush sides...
0...1...2...3...4...5...6...7...8...9...100...1...2...3...4...5...6...7...8...9...10Processing areas...done (0)
Building Faces...done (0)
FixTjuncs...
PruneNodes...
WriteBSP...
done (0)
writing c:\users\linventif\documents\github\linventif-maps\linford\vmf\rp_linford_v2.prt...Building visibility clusters...
done (0)
Creating default LDR cubemaps for env_cubemap using skybox materials:
   skybox/sky_day01_01*.vmt
 ! Run buildcubemaps in the engine to get the correct cube maps.
Creating default HDR cubemaps for env_cubemap using skybox materials:
   skybox/sky_day01_01*.vmt
 ! Run buildcubemaps in the engine to get the correct cube maps.
Finding displacement neighbors...
Finding lightmap sample positions...
Displacement Alpha : 0...1...2...3...4...5...6...7...8...9...10
Building Physics collision data...
done (0) (43844 bytes)
Placing detail props : 0...1...2...3...4...5...6...7...8...9...10
Water found with no water_lod_control entity, creating a default one.
Compacting texture/material tables...
Reduced 50 texinfos to 19
Reduced 10 texdatas to 9 (310 bytes to 259)
Writing c:\users\linventif\documents\github\linventif-maps\linford\vmf\rp_linford_v2.bsp
0 seconds elapsed



24 threads
reading c:\users\linventif\documents\github\linventif-maps\linford\vmf\rp_linford_v2.bsp
reading c:\users\linventif\documents\github\linventif-maps\linford\vmf\rp_linford_v2.prt
 128 portalclusters
 288 numportals
0...1...2...3...4...5...6...7...8...9...10Optimized: 0 visible clusters (0.00%)
Total clusters visible: 16384
Average clusters visible: 128
Building PAS...
Average clusters audible: 128
visdatasize:5124  compressed from 4096
writing c:\users\linventif\documents\github\linventif-maps\linford\vmf\rp_linford_v2.bsp
0 seconds elapsed



[Reading texlights from 'lights.rad']
[45 texlights parsed from 'lights.rad']

Loading c:\users\linventif\documents\github\linventif-maps\linford\vmf\rp_linford_v2.bsp
PREP OK
2404 faces
3335370 square feet [480293312.00 square inches]
0 Displacements
0 Square Feet [0.00 Square Inches]
2404 patches before subdivision
149198 patches after subdivision
0 direct lights
0...1...2...3...4...5...6...7...8...9...100...1...2...3...4...5...6...7...8...9...10transfers 59739908, max 1265
transfer lists: 455.8 megs
0...1...2...3...4...5...6...7...8...9...10	Bounce #1 added RGB(0, 0, 0)
Build Patch/Sample Hash Table(s).....Done<0.0425 sec>
0...1...2...3...4...5...6...7...8...9...10FinalLightFace Done
0 of 0 (0% of) surface lights went in leaf ambient cubes.
0...1...2...3...4...5...6...7...8...9...10Writing leaf ambient...done
Ready to Finish

Object names       Objects/Maxobjs  Memory / Maxmem  Fullness 
------------       ---------------  ---------------  -------- 
models                   8/4096          384/196608   ( 0.2%) 
brushes                100/16384        1200/196608   ( 0.6%) 
brushsides             920/163840       7360/1310720  ( 0.6%) 
planes                 792/65536       15840/1310720  ( 1.2%) 
vertexes              2954/65536       35448/786432   ( 4.5%) 
nodes                  577/65536       18464/2097152  ( 0.9%) 
texinfos                19/12288        1368/884736   ( 0.2%) 
texdata                  9/2048          288/65536    ( 0.4%) 
dispinfos                0/0               0/0        ( 0.0%) 
disp_verts               0/0               0/0        ( 0.0%) 
disp_tris                0/0               0/0        ( 0.0%) 
disp_lmsamples           0/0               0/0        ( 0.0%) 
faces                 2404/65536      134624/3670016  ( 3.7%) 
hdr faces                0/65536           0/3670016  ( 0.0%) 
origfaces              382/65536       21392/3670016  ( 0.6%) 
leaves                 586/65536       18752/2097152  ( 0.9%) 
leaffaces             2700/65536        5400/131072   ( 4.1%) 
leafbrushes            329/65536         658/131072   ( 0.5%) 
areas                    2/1024           16/8192     ( 0.2%) 
surfedges            12448/512000      49792/2048000  ( 2.4%) 
edges                 6289/256000      25156/1024000  ( 2.5%) 
LDR worldlights          0/8192            0/720896   ( 0.0%) 
HDR worldlights          0/8192            0/720896   ( 0.0%) 
leafwaterdata            1/32768          12/393216   ( 0.0%) 
waterstrips             14/32768         140/327680   ( 0.0%) 
waterverts               0/65536           0/786432   ( 0.0%) 
waterindices           258/65536         516/131072   ( 0.4%) 
cubemapsamples           0/1024            0/16384    ( 0.0%) 
overlays                 0/1024            0/360448   ( 0.0%) 
LDR lightdata         [variable]    12187832/0        ( 0.0%) 
HDR lightdata         [variable]           0/0        ( 0.0%) 
visdata               [variable]        5124/16777216 ( 0.0%) 
entdata               [variable]        3692/393216   ( 0.9%) 
LDR ambient table      586/65536        2344/262144   ( 0.9%) 
HDR ambient table      586/65536        2344/262144   ( 0.9%) 
LDR leaf ambient       334/65536        9352/1835008  ( 0.5%) 
HDR leaf ambient       586/65536       16408/1835008  ( 0.9%) 
occluders                0/0               0/0        ( 0.0%) 
occluder polygons        0/0               0/0        ( 0.0%) 
occluder vert ind        0/0               0/0        ( 0.0%) 
detail props          [variable]           1/12       ( 8.3%) 
static props          [variable]           1/12       ( 8.3%) 
pakfile               [variable]      105996/0        ( 0.0%) 
physics               [variable]       43844/4194304  ( 1.0%) 
physics terrain       [variable]           2/1048576  ( 0.0%) 

Level flags = 0

Total triangle count: 6088
Writing c:\users\linventif\documents\github\linventif-maps\linford\vmf\rp_linford_v2.bsp
6 seconds elapsed



materialPath: D:\SteamLibrary\steamapps\common\GarrysMod\garrysmod\materials
Loading c:\users\linventif\documents\github\linventif-maps\linford\vmf\rp_linford_v2.vmf
fixing up env_cubemap materials on brush sides...
0...1...2...3...4...5...6...7...8...9...100...1...2...3...4...5...6...7...8...9...10Processing areas...done (0)
Building Faces...done (0)
FixTjuncs...
PruneNodes...
WriteBSP...
done (0)
writing c:\users\linventif\documents\github\linventif-maps\linford\vmf\rp_linford_v2.prt...Building visibility clusters...
done (0)
Creating default LDR cubemaps for env_cubemap using skybox materials:
   skybox/sky_day01_01*.vmt
 ! Run buildcubemaps in the engine to get the correct cube maps.
Creating default HDR cubemaps for env_cubemap using skybox materials:
   skybox/sky_day01_01*.vmt
 ! Run buildcubemaps in the engine to get the correct cube maps.
Finding displacement neighbors...
Finding lightmap sample positions...
Displacement Alpha : 0...1...2...3...4...5...6...7...8...9...10
Building Physics collision data...
done (0) (46366 bytes)
Placing detail props : 0...1...2...3...4...5...6...7...8...9...10
Water found with no water_lod_control entity, creating a default one.
Compacting texture/material tables...
Reduced 55 texinfos to 26
Reduced 10 texdatas to 9 (317 bytes to 266)
Writing c:\users\linventif\documents\github\linventif-maps\linford\vmf\rp_linford_v2.bsp
0 seconds elapsed



24 threads
reading c:\users\linventif\documents\github\linventif-maps\linford\vmf\rp_linford_v2.bsp
reading c:\users\linventif\documents\github\linventif-maps\linford\vmf\rp_linford_v2.prt
 128 portalclusters
 288 numportals
0...1...2...3...4...5...6...7...8...9...10Optimized: 0 visible clusters (0.00%)
Total clusters visible: 16384
Average clusters visible: 128
Building PAS...
Average clusters audible: 128
visdatasize:5124  compressed from 4096
writing c:\users\linventif\documents\github\linventif-maps\linford\vmf\rp_linford_v2.bsp
0 seconds elapsed



[Reading texlights from 'lights.rad']
[45 texlights parsed from 'lights.rad']

Loading c:\users\linventif\documents\github\linventif-maps\linford\vmf\rp_linford_v2.bsp
PREP OK
2404 faces
3335370 square feet [480293312.00 square inches]
0 Displacements
0 Square Feet [0.00 Square Inches]
2404 patches before subdivision
157870 patches after subdivision
0 direct lights
0...1...2...3...4...5...6...7...8...9...100...1...2...3...4...5...6...7...8...9...10transfers 63215605, max 1239
transfer lists: 482.3 megs
0...1...2...3...4...5...6...7...8...9...10	Bounce #1 added RGB(0, 0, 0)
Build Patch/Sample Hash Table(s).....Done<0.0424 sec>
0...1...2...3...4...5...6...7...8...9...10FinalLightFace Done
0 of 0 (0% of) surface lights went in leaf ambient cubes.
0...1...2...3...4...5...6...7...8...9...10Writing leaf ambient...done
Ready to Finish

Object names       Objects/Maxobjs  Memory / Maxmem  Fullness 
------------       ---------------  ---------------  -------- 
models                   8/4096          384/196608   ( 0.2%) 
brushes                108/16384        1296/196608   ( 0.7%) 
brushsides             968/163840       7744/1310720  ( 0.6%) 
planes                 792/65536       15840/1310720  ( 1.2%) 
vertexes              2986/65536       35832/786432   ( 4.6%) 
nodes                  577/65536       18464/2097152  ( 0.9%) 
texinfos                26/12288        1872/884736   ( 0.2%) 
texdata                  9/2048          288/65536    ( 0.4%) 
dispinfos                0/0               0/0        ( 0.0%) 
disp_verts               0/0               0/0        ( 0.0%) 
disp_tris                0/0               0/0        ( 0.0%) 
disp_lmsamples           0/0               0/0        ( 0.0%) 
faces                 2404/65536      134624/3670016  ( 3.7%) 
hdr faces                0/65536           0/3670016  ( 0.0%) 
origfaces              390/65536       21840/3670016  ( 0.6%) 
leaves                 586/65536       18752/2097152  ( 0.9%) 
leaffaces             2700/65536        5400/131072   ( 4.1%) 
leafbrushes            377/65536         754/131072   ( 0.6%) 
areas                    2/1024           16/8192     ( 0.2%) 
surfedges            12544/512000      50176/2048000  ( 2.5%) 
edges                 6337/256000      25348/1024000  ( 2.5%) 
LDR worldlights          0/8192            0/720896   ( 0.0%) 
HDR worldlights          0/8192            0/720896   ( 0.0%) 
leafwaterdata            1/32768          12/393216   ( 0.0%) 
waterstrips             30/32768         300/327680   ( 0.1%) 
waterverts               0/65536           0/786432   ( 0.0%) 
waterindices           450/65536         900/131072   ( 0.7%) 
cubemapsamples           0/1024            0/16384    ( 0.0%) 
overlays                 0/1024            0/360448   ( 0.0%) 
LDR lightdata         [variable]    12239896/0        ( 0.0%) 
HDR lightdata         [variable]           0/0        ( 0.0%) 
visdata               [variable]        5124/16777216 ( 0.0%) 
entdata               [variable]        3692/393216   ( 0.9%) 
LDR ambient table      586/65536        2344/262144   ( 0.9%) 
HDR ambient table      586/65536        2344/262144   ( 0.9%) 
LDR leaf ambient       334/65536        9352/1835008  ( 0.5%) 
HDR leaf ambient       586/65536       16408/1835008  ( 0.9%) 
occluders                0/0               0/0        ( 0.0%) 
occluder polygons        0/0               0/0        ( 0.0%) 
occluder vert ind        0/0               0/0        ( 0.0%) 
detail props          [variable]           1/12       ( 8.3%) 
static props          [variable]           1/12       ( 8.3%) 
pakfile               [variable]      105996/0        ( 0.0%) 
physics               [variable]       46366/4194304  ( 1.1%) 
physics terrain       [variable]           2/1048576  ( 0.0%) 

Level flags = 0

Total triangle count: 6152
Writing c:\users\linventif\documents\github\linventif-maps\linford\vmf\rp_linford_v2.bsp
6 seconds elapsed



materialPath: D:\SteamLibrary\steamapps\common\GarrysMod\garrysmod\materials
Loading c:\users\linventif\documents\github\linventif-maps\linford\vmf\rp_linford_v2.vmf
fixing up env_cubemap materials on brush sides...
0...1...2...3...4...5...6...7...8...9...100...1...2...3...4...5...6...7...8...9...10Processing areas...done (0)
Building Faces...done (0)
FixTjuncs...
PruneNodes...
WriteBSP...
done (0)
writing c:\users\linventif\documents\github\linventif-maps\linford\vmf\rp_linford_v2.prt...Building visibility clusters...
done (0)
Creating default LDR cubemaps for env_cubemap using skybox materials:
   skybox/sky_day01_01*.vmt
 ! Run buildcubemaps in the engine to get the correct cube maps.
Creating default HDR cubemaps for env_cubemap using skybox materials:
   skybox/sky_day01_01*.vmt
 ! Run buildcubemaps in the engine to get the correct cube maps.
Finding displacement neighbors...
Finding lightmap sample positions...
Displacement Alpha : 0...1...2...3...4...5...6...7...8...9...10
Building Physics collision data...
done (0) (47602 bytes)
Placing detail props : 0...1...2...3...4...5...6...7...8...9...10
Water found with no water_lod_control entity, creating a default one.
Compacting texture/material tables...
Reduced 51 texinfos to 22
Reduced 9 texdatas to 8 (279 bytes to 228)
Writing c:\users\linventif\documents\github\linventif-maps\linford\vmf\rp_linford_v2.bsp
0 seconds elapsed



24 threads
reading c:\users\linventif\documents\github\linventif-maps\linford\vmf\rp_linford_v2.bsp
reading c:\users\linventif\documents\github\linventif-maps\linford\vmf\rp_linford_v2.prt
 128 portalclusters
 288 numportals
0...1...2...3...4...5...6...7...8...9...10Optimized: 0 visible clusters (0.00%)
Total clusters visible: 16384
Average clusters visible: 128
Building PAS...
Average clusters audible: 128
visdatasize:5124  compressed from 4096
writing c:\users\linventif\documents\github\linventif-maps\linford\vmf\rp_linford_v2.bsp
0 seconds elapsed



[Reading texlights from 'lights.rad']
[45 texlights parsed from 'lights.rad']

Loading c:\users\linventif\documents\github\linventif-maps\linford\vmf\rp_linford_v2.bsp
PREP OK
2480 faces
3335370 square feet [480293312.00 square inches]
0 Displacements
0 Square Feet [0.00 Square Inches]
2480 patches before subdivision
151712 patches after subdivision
0 direct lights
0...1...2...3...4...5...6...7...8...9...100...1...2...3...4...5...6...7...8...9...10transfers 64676033, max 1306
transfer lists: 493.4 megs
0...1...2...3...4...5...6...7...8...9...10	Bounce #1 added RGB(0, 0, 0)
Build Patch/Sample Hash Table(s).....Done<0.0413 sec>
0...1...2...3...4...5...6...7...8...9...10FinalLightFace Done
0 of 0 (0% of) surface lights went in leaf ambient cubes.
0...1...2...3...4...5...6...7...8...9...10Writing leaf ambient...done
Ready to Finish

Object names       Objects/Maxobjs  Memory / Maxmem  Fullness 
------------       ---------------  ---------------  -------- 
models                   8/4096          384/196608   ( 0.2%) 
brushes                112/16384        1344/196608   ( 0.7%) 
brushsides             992/163840       7936/1310720  ( 0.6%) 
planes                 794/65536       15880/1310720  ( 1.2%) 
vertexes              3080/65536       36960/786432   ( 4.7%) 
nodes                  577/65536       18464/2097152  ( 0.9%) 
texinfos                22/12288        1584/884736   ( 0.2%) 
texdata                  8/2048          256/65536    ( 0.4%) 
dispinfos                0/0               0/0        ( 0.0%) 
disp_verts               0/0               0/0        ( 0.0%) 
disp_tris                0/0               0/0        ( 0.0%) 
disp_lmsamples           0/0               0/0        ( 0.0%) 
faces                 2480/65536      138880/3670016  ( 3.8%) 
hdr faces                0/65536           0/3670016  ( 0.0%) 
origfaces              394/65536       22064/3670016  ( 0.6%) 
leaves                 586/65536       18752/2097152  ( 0.9%) 
leaffaces             2824/65536        5648/131072   ( 4.3%) 
leafbrushes            401/65536         802/131072   ( 0.6%) 
areas                    2/1024           16/8192     ( 0.2%) 
surfedges            12900/512000      51600/2048000  ( 2.5%) 
edges                 6515/256000      26060/1024000  ( 2.5%) 
LDR worldlights          0/8192            0/720896   ( 0.0%) 
HDR worldlights          0/8192            0/720896   ( 0.0%) 
leafwaterdata            1/32768          12/393216   ( 0.0%) 
waterstrips             46/32768         460/327680   ( 0.1%) 
waterverts               0/65536           0/786432   ( 0.0%) 
waterindices           642/65536        1284/131072   ( 1.0%) 
cubemapsamples           0/1024            0/16384    ( 0.0%) 
overlays                 0/1024            0/360448   ( 0.0%) 
LDR lightdata         [variable]     7940488/0        ( 0.0%) 
HDR lightdata         [variable]           0/0        ( 0.0%) 
visdata               [variable]        5124/16777216 ( 0.0%) 
entdata               [variable]        3692/393216   ( 0.9%) 
LDR ambient table      586/65536        2344/262144   ( 0.9%) 
HDR ambient table      586/65536        2344/262144   ( 0.9%) 
LDR leaf ambient       334/65536        9352/1835008  ( 0.5%) 
HDR leaf ambient       586/65536       16408/1835008  ( 0.9%) 
occluders                0/0               0/0        ( 0.0%) 
occluder polygons        0/0               0/0        ( 0.0%) 
occluder vert ind        0/0               0/0        ( 0.0%) 
detail props          [variable]           1/12       ( 8.3%) 
static props          [variable]           1/12       ( 8.3%) 
pakfile               [variable]      105996/0        ( 0.0%) 
physics               [variable]       47602/4194304  ( 1.1%) 
physics terrain       [variable]           2/1048576  ( 0.0%) 

Level flags = 0

Total triangle count: 6340
Writing c:\users\linventif\documents\github\linventif-maps\linford\vmf\rp_linford_v2.bsp
6 seconds elapsed



materialPath: D:\SteamLibrary\steamapps\common\GarrysMod\garrysmod\materials
Loading c:\users\linventif\documents\github\linventif-maps\linford\vmf\rp_linford_v2.vmf
fixing up env_cubemap materials on brush sides...
0...1...2...3...4...5...6...7...8...9...100...1...2...3...4...5...6...7...8...9...10Processing areas...done (0)
Building Faces...done (0)
Chop Details...done (0)
Find Visible Detail Sides...done (0)
Merging details...done (0)
FixTjuncs...
PruneNodes...
WriteBSP...
done (0)
writing c:\users\linventif\documents\github\linventif-maps\linford\vmf\rp_linford_v2.prt...Building visibility clusters...
done (0)
Creating default LDR cubemaps for env_cubemap using skybox materials:
   skybox/sky_day01_01*.vmt
 ! Run buildcubemaps in the engine to get the correct cube maps.
Creating default HDR cubemaps for env_cubemap using skybox materials:
   skybox/sky_day01_01*.vmt
 ! Run buildcubemaps in the engine to get the correct cube maps.
Finding displacement neighbors...
Finding lightmap sample positions...
Displacement Alpha : 0...1...2...3...4...5...6...7...8...9...10
Building Physics collision data...
done (0) (27822 bytes)
Placing detail props : 0...1...2...3...4...5...6...7...8...9...10
Compacting texture/material tables...
Reduced 73 texinfos to 46
Reduced 7 texdatas to 7 (222 bytes to 222)
Writing c:\users\linventif\documents\github\linventif-maps\linford\vmf\rp_linford_v2.bsp
0 seconds elapsed



24 threads
reading c:\users\linventif\documents\github\linventif-maps\linford\vmf\rp_linford_v2.bsp
reading c:\users\linventif\documents\github\linventif-maps\linford\vmf\rp_linford_v2.prt
   4 portalclusters
   3 numportals
0...1...2...3...4...5...6...7...8...9...10Optimized: 0 visible clusters (0.00%)
Total clusters visible: 16
Average clusters visible: 4
Building PAS...
Average clusters audible: 4
visdatasize:44  compressed from 64
writing c:\users\linventif\documents\github\linventif-maps\linford\vmf\rp_linford_v2.bsp
0 seconds elapsed



[Reading texlights from 'lights.rad']
[45 texlights parsed from 'lights.rad']

Loading c:\users\linventif\documents\github\linventif-maps\linford\vmf\rp_linford_v2.bsp
PREP OK
241 faces
70916 square feet [10212044.00 square inches]
0 Displacements
0 Square Feet [0.00 Square Inches]
241 patches before subdivision
7327 patches after subdivision
0 direct lights
0...1...2...3...4...5...6...7...8...9...100...1...2...3...4...5...6...7...8...9...10transfers 885523, max 383
transfer lists:   6.8 megs
0...1...2...3...4...5...6...7...8...9...10	Bounce #1 added RGB(0, 0, 0)
Build Patch/Sample Hash Table(s).....Done<0.0014 sec>
0...1...2...3...4...5...6...7...8...9...10FinalLightFace Done
0 of 0 (0% of) surface lights went in leaf ambient cubes.
0...1...2...3...4...5...6...7...8...9...10Writing leaf ambient...done
Ready to Finish

Object names       Objects/Maxobjs  Memory / Maxmem  Fullness 
------------       ---------------  ---------------  -------- 
models                   1/4096           48/196608   ( 0.0%) 
brushes                 78/16384         936/196608   ( 0.5%) 
brushsides             477/163840       3816/1310720  ( 0.3%) 
planes                 160/65536        3200/1310720  ( 0.2%) 
vertexes               436/65536        5232/786432   ( 0.7%) 
nodes                   22/65536         704/2097152  ( 0.0%) 
texinfos                46/12288        3312/884736   ( 0.4%) 
texdata                  7/2048          224/65536    ( 0.3%) 
dispinfos                0/0               0/0        ( 0.0%) 
disp_verts               0/0               0/0        ( 0.0%) 
disp_tris                0/0               0/0        ( 0.0%) 
disp_lmsamples           0/0               0/0        ( 0.0%) 
faces                  241/65536       13496/3670016  ( 0.4%) 
hdr faces                0/65536           0/3670016  ( 0.0%) 
origfaces              163/65536        9128/3670016  ( 0.2%) 
leaves                  24/65536         768/2097152  ( 0.0%) 
leaffaces              242/65536         484/131072   ( 0.4%) 
leafbrushes             79/65536         158/131072   ( 0.1%) 
areas                    2/1024           16/8192     ( 0.2%) 
surfedges             1843/512000       7372/2048000  ( 0.4%) 
edges                 1217/256000       4868/1024000  ( 0.5%) 
LDR worldlights          0/8192            0/720896   ( 0.0%) 
HDR worldlights          0/8192            0/720896   ( 0.0%) 
leafwaterdata            0/32768           0/393216   ( 0.0%) 
waterstrips             52/32768         520/327680   ( 0.2%) 
waterverts               0/65536           0/786432   ( 0.0%) 
waterindices           879/65536        1758/131072   ( 1.3%) 
cubemapsamples           0/1024            0/16384    ( 0.0%) 
overlays                 0/1024            0/360448   ( 0.0%) 
LDR lightdata         [variable]      531608/0        ( 0.0%) 
HDR lightdata         [variable]           0/0        ( 0.0%) 
visdata               [variable]          44/16777216 ( 0.0%) 
entdata               [variable]         733/393216   ( 0.2%) 
LDR ambient table       24/65536          96/262144   ( 0.0%) 
HDR ambient table       24/65536          96/262144   ( 0.0%) 
LDR leaf ambient         4/65536         112/1835008  ( 0.0%) 
HDR leaf ambient        24/65536         672/1835008  ( 0.0%) 
occluders                0/0               0/0        ( 0.0%) 
occluder polygons        0/0               0/0        ( 0.0%) 
occluder vert ind        0/0               0/0        ( 0.0%) 
detail props          [variable]           1/12       ( 8.3%) 
static props          [variable]           1/12       ( 8.3%) 
pakfile               [variable]      105683/0        ( 0.0%) 
physics               [variable]       27822/4194304  ( 0.7%) 
physics terrain       [variable]           2/1048576  ( 0.0%) 

Level flags = 0

Total triangle count: 709
Writing c:\users\linventif\documents\github\linventif-maps\linford\vmf\rp_linford_v2.bsp
0 seconds elapsed



materialPath: D:\SteamLibrary\steamapps\common\GarrysMod\garrysmod\materials
Loading c:\users\linventif\documents\github\linventif-maps\linford\vmf\rp_linford_v2.vmf
fixing up env_cubemap materials on brush sides...
0...1...2...3...4...5...6...7...8...9...100...1...2...3...4...5...6...7...8...9...10Processing areas...done (0)
Building Faces...done (0)
Chop Details...done (0)
Find Visible Detail Sides...done (0)
Merging details...done (0)
FixTjuncs...
PruneNodes...
WriteBSP...
done (0)
writing c:\users\linventif\documents\github\linventif-maps\linford\vmf\rp_linford_v2.prt...Building visibility clusters...
done (0)
Creating default LDR cubemaps for env_cubemap using skybox materials:
   skybox/sky_day01_01*.vmt
 ! Run buildcubemaps in the engine to get the correct cube maps.
Creating default HDR cubemaps for env_cubemap using skybox materials:
   skybox/sky_day01_01*.vmt
 ! Run buildcubemaps in the engine to get the correct cube maps.
Finding displacement neighbors...
Finding lightmap sample positions...
Displacement Alpha : 0...1...2...3...4...5...6...7...8...9...10
Building Physics collision data...
done (0) (15133 bytes)
Placing detail props : 0...1...2...3...4...5...6...7...8...9...10
Compacting texture/material tables...
Reduced 63 texinfos to 37
Reduced 7 texdatas to 7 (216 bytes to 216)
Writing c:\users\linventif\documents\github\linventif-maps\linford\vmf\rp_linford_v2.bsp
0 seconds elapsed



24 threads
reading c:\users\linventif\documents\github\linventif-maps\linford\vmf\rp_linford_v2.bsp
reading c:\users\linventif\documents\github\linventif-maps\linford\vmf\rp_linford_v2.prt
   4 portalclusters
   3 numportals
0...1...2...3...4...5...6...7...8...9...10Optimized: 0 visible clusters (0.00%)
Total clusters visible: 16
Average clusters visible: 4
Building PAS...
Average clusters audible: 4
visdatasize:44  compressed from 64
writing c:\users\linventif\documents\github\linventif-maps\linford\vmf\rp_linford_v2.bsp
0 seconds elapsed



[Reading texlights from 'lights.rad']
[45 texlights parsed from 'lights.rad']

Loading c:\users\linventif\documents\github\linventif-maps\linford\vmf\rp_linford_v2.bsp
PREP OK
137 faces
47212 square feet [6798528.00 square inches]
0 Displacements
0 Square Feet [0.00 Square Inches]
137 patches before subdivision
4775 patches after subdivision
0 direct lights
0...1...2...3...4...5...6...7...8...9...100...1...2...3...4...5...6...7...8...9...10transfers 536447, max 317
transfer lists:   4.1 megs
0...1...2...3...4...5...6...7...8...9...10	Bounce #1 added RGB(0, 0, 0)
Build Patch/Sample Hash Table(s).....Done<0.0010 sec>
0...1...2...3...4...5...6...7...8...9...10FinalLightFace Done
0 of 0 (0% of) surface lights went in leaf ambient cubes.
0...1...2...3...4...5...6...7...8...9...10Writing leaf ambient...done
Ready to Finish

Object names       Objects/Maxobjs  Memory / Maxmem  Fullness 
------------       ---------------  ---------------  -------- 
models                   1/4096           48/196608   ( 0.0%) 
brushes                 42/16384         504/196608   ( 0.3%) 
brushsides             258/163840       2064/1310720  ( 0.2%) 
planes                 106/65536        2120/1310720  ( 0.2%) 
vertexes               230/65536        2760/786432   ( 0.4%) 
nodes                   21/65536         672/2097152  ( 0.0%) 
texinfos                37/12288        2664/884736   ( 0.3%) 
texdata                  7/2048          224/65536    ( 0.3%) 
dispinfos                0/0               0/0        ( 0.0%) 
disp_verts               0/0               0/0        ( 0.0%) 
disp_tris                0/0               0/0        ( 0.0%) 
disp_lmsamples           0/0               0/0        ( 0.0%) 
faces                  137/65536        7672/3670016  ( 0.2%) 
hdr faces                0/65536           0/3670016  ( 0.0%) 
origfaces               86/65536        4816/3670016  ( 0.1%) 
leaves                  23/65536         736/2097152  ( 0.0%) 
leaffaces              142/65536         284/131072   ( 0.2%) 
leafbrushes             46/65536          92/131072   ( 0.1%) 
areas                    2/1024           16/8192     ( 0.2%) 
surfedges             1035/512000       4140/2048000  ( 0.2%) 
edges                  677/256000       2708/1024000  ( 0.3%) 
LDR worldlights          0/8192            0/720896   ( 0.0%) 
HDR worldlights          0/8192            0/720896   ( 0.0%) 
leafwaterdata            0/32768           0/393216   ( 0.0%) 
waterstrips             28/32768         280/327680   ( 0.1%) 
waterverts               0/65536           0/786432   ( 0.0%) 
waterindices           477/65536         954/131072   ( 0.7%) 
cubemapsamples           0/1024            0/16384    ( 0.0%) 
overlays                 0/1024            0/360448   ( 0.0%) 
LDR lightdata         [variable]      212452/0        ( 0.0%) 
HDR lightdata         [variable]           0/0        ( 0.0%) 
visdata               [variable]          44/16777216 ( 0.0%) 
entdata               [variable]         732/393216   ( 0.2%) 
LDR ambient table       23/65536          92/262144   ( 0.0%) 
HDR ambient table       23/65536          92/262144   ( 0.0%) 
LDR leaf ambient         4/65536         112/1835008  ( 0.0%) 
HDR leaf ambient        23/65536         644/1835008  ( 0.0%) 
occluders                0/0               0/0        ( 0.0%) 
occluder polygons        0/0               0/0        ( 0.0%) 
occluder vert ind        0/0               0/0        ( 0.0%) 
detail props          [variable]           1/12       ( 8.3%) 
static props          [variable]           1/12       ( 8.3%) 
pakfile               [variable]      105683/0        ( 0.0%) 
physics               [variable]       15133/4194304  ( 0.4%) 
physics terrain       [variable]           2/1048576  ( 0.0%) 

Level flags = 0

Total triangle count: 417
Writing c:\users\linventif\documents\github\linventif-maps\linford\vmf\rp_linford_v2.bsp
0 seconds elapsed



materialPath: D:\SteamLibrary\steamapps\common\GarrysMod\garrysmod\materials
Loading c:\users\linventif\documents\github\linventif-maps\linford\vmf\rp_linford_v2.vmf
fixing up env_cubemap materials on brush sides...
0...1...2...3...4...5...6...7...8...9...100...1...2...3...4...5...6...7...8...9...10Processing areas...done (0)
Building Faces...done (0)
Chop Details...done (0)
Find Visible Detail Sides...
Merged 4 detail faces...done (0)
Merging details...done (0)
FixTjuncs...
PruneNodes...
WriteBSP...
done (0)
writing c:\users\linventif\documents\github\linventif-maps\linford\vmf\rp_linford_v2.prt...Building visibility clusters...
done (0)
Creating default LDR cubemaps for env_cubemap using skybox materials:
   skybox/sky_day01_01*.vmt
 ! Run buildcubemaps in the engine to get the correct cube maps.
Creating default HDR cubemaps for env_cubemap using skybox materials:
   skybox/sky_day01_01*.vmt
 ! Run buildcubemaps in the engine to get the correct cube maps.
Finding displacement neighbors...
Finding lightmap sample positions...
Displacement Alpha : 0...1...2...3...4...5...6...7...8...9...10
Building Physics collision data...
done (0) (15037 bytes)
Placing detail props : 0...1...2...3...4...5...6...7...8...9...10
Compacting texture/material tables...
Reduced 68 texinfos to 41
Reduced 7 texdatas to 7 (225 bytes to 225)
Writing c:\users\linventif\documents\github\linventif-maps\linford\vmf\rp_linford_v2.bsp
0 seconds elapsed



24 threads
reading c:\users\linventif\documents\github\linventif-maps\linford\vmf\rp_linford_v2.bsp
reading c:\users\linventif\documents\github\linventif-maps\linford\vmf\rp_linford_v2.prt
   4 portalclusters
   3 numportals
0...1...2...3...4...5...6...7...8...9...10Optimized: 0 visible clusters (0.00%)
Total clusters visible: 16
Average clusters visible: 4
Building PAS...
Average clusters audible: 4
visdatasize:44  compressed from 64
writing c:\users\linventif\documents\github\linventif-maps\linford\vmf\rp_linford_v2.bsp
0 seconds elapsed



[Reading texlights from 'lights.rad']
[45 texlights parsed from 'lights.rad']

Loading c:\users\linventif\documents\github\linventif-maps\linford\vmf\rp_linford_v2.bsp
PREP OK
141 faces
47306 square feet [6812064.00 square inches]
0 Displacements
0 Square Feet [0.00 Square Inches]
141 patches before subdivision
4835 patches after subdivision
0 direct lights
0...1...2...3...4...5...6...7...8...9...100...1...2...3...4...5...6...7...8...9...10transfers 535490, max 318
transfer lists:   4.1 megs
0...1...2...3...4...5...6...7...8...9...10	Bounce #1 added RGB(0, 0, 0)
Build Patch/Sample Hash Table(s).....Done<0.0010 sec>
0...1...2...3...4...5...6...7...8...9...10FinalLightFace Done
0 of 0 (0% of) surface lights went in leaf ambient cubes.
0...1...2...3...4...5...6...7...8...9...10Writing leaf ambient...done
Ready to Finish

Object names       Objects/Maxobjs  Memory / Maxmem  Fullness 
------------       ---------------  ---------------  -------- 
models                   1/4096           48/196608   ( 0.0%) 
brushes                 42/16384         504/196608   ( 0.3%) 
brushsides             254/163840       2032/1310720  ( 0.2%) 
planes                 106/65536        2120/1310720  ( 0.2%) 
vertexes               236/65536        2832/786432   ( 0.4%) 
nodes                   21/65536         672/2097152  ( 0.0%) 
texinfos                41/12288        2952/884736   ( 0.3%) 
texdata                  7/2048          224/65536    ( 0.3%) 
dispinfos                0/0               0/0        ( 0.0%) 
disp_verts               0/0               0/0        ( 0.0%) 
disp_tris                0/0               0/0        ( 0.0%) 
disp_lmsamples           0/0               0/0        ( 0.0%) 
faces                  141/65536        7896/3670016  ( 0.2%) 
hdr faces                0/65536           0/3670016  ( 0.0%) 
origfaces               90/65536        5040/3670016  ( 0.1%) 
leaves                  23/65536         736/2097152  ( 0.0%) 
leaffaces              146/65536         292/131072   ( 0.2%) 
leafbrushes             46/65536          92/131072   ( 0.1%) 
areas                    2/1024           16/8192     ( 0.2%) 
surfedges             1088/512000       4352/2048000  ( 0.2%) 
edges                  707/256000       2828/1024000  ( 0.3%) 
LDR worldlights          0/8192            0/720896   ( 0.0%) 
HDR worldlights          0/8192            0/720896   ( 0.0%) 
leafwaterdata            0/32768           0/393216   ( 0.0%) 
waterstrips             31/32768         310/327680   ( 0.1%) 
waterverts               0/65536           0/786432   ( 0.0%) 
waterindices           549/65536        1098/131072   ( 0.8%) 
cubemapsamples           0/1024            0/16384    ( 0.0%) 
overlays                 0/1024            0/360448   ( 0.0%) 
LDR lightdata         [variable]      218604/0        ( 0.0%) 
HDR lightdata         [variable]           0/0        ( 0.0%) 
visdata               [variable]          44/16777216 ( 0.0%) 
entdata               [variable]         732/393216   ( 0.2%) 
LDR ambient table       23/65536          92/262144   ( 0.0%) 
HDR ambient table       23/65536          92/262144   ( 0.0%) 
LDR leaf ambient         4/65536         112/1835008  ( 0.0%) 
HDR leaf ambient        23/65536         644/1835008  ( 0.0%) 
occluders                0/0               0/0        ( 0.0%) 
occluder polygons        0/0               0/0        ( 0.0%) 
occluder vert ind        0/0               0/0        ( 0.0%) 
detail props          [variable]           1/12       ( 8.3%) 
static props          [variable]           1/12       ( 8.3%) 
pakfile               [variable]      105683/0        ( 0.0%) 
physics               [variable]       15037/4194304  ( 0.4%) 
physics terrain       [variable]           2/1048576  ( 0.0%) 

Level flags = 0

Total triangle count: 446
Writing c:\users\linventif\documents\github\linventif-maps\linford\vmf\rp_linford_v2.bsp
0 seconds elapsed



materialPath: D:\SteamLibrary\steamapps\common\GarrysMod\garrysmod\materials
Loading c:\users\linventif\documents\github\linventif-maps\linford\vmf\rp_linford_v2.vmf
fixing up env_cubemap materials on brush sides...
0...1...2...3...4...5...6...7...8...9...100...1...2...3...4...5...6...7...8...9...10Processing areas...done (0)
Building Faces...done (0)
Chop Details...done (0)
Find Visible Detail Sides...
Merged 4 detail faces...done (0)
Merging details...done (0)
FixTjuncs...
PruneNodes...
WriteBSP...
done (0)
writing c:\users\linventif\documents\github\linventif-maps\linford\vmf\rp_linford_v2.prt...Building visibility clusters...
done (0)
Creating default LDR cubemaps for env_cubemap using skybox materials:
   skybox/sky_day01_01*.vmt
 ! Run buildcubemaps in the engine to get the correct cube maps.
Creating default HDR cubemaps for env_cubemap using skybox materials:
   skybox/sky_day01_01*.vmt
 ! Run buildcubemaps in the engine to get the correct cube maps.
Finding displacement neighbors...
Finding lightmap sample positions...
Displacement Alpha : 0...1...2...3...4...5...6...7...8...9...10
Building Physics collision data...
done (0) (22429 bytes)
Error! To use model "models/models/props_c17/door01_left.mdl"
      with prop_static, it must be compiled with $staticprop!
Error loading studio model STATIC "models/models/props_c17/door01_left.mdl"!
Placing detail props : 0...1...2...3...4...5...6...7...8...9...10
Compacting texture/material tables...
Reduced 82 texinfos to 51
Reduced 8 texdatas to 8 (244 bytes to 244)
Writing c:\users\linventif\documents\github\linventif-maps\linford\vmf\rp_linford_v2.bsp
0 seconds elapsed



24 threads
reading c:\users\linventif\documents\github\linventif-maps\linford\vmf\rp_linford_v2.bsp
reading c:\users\linventif\documents\github\linventif-maps\linford\vmf\rp_linford_v2.prt
  12 portalclusters
  31 numportals
0...1...2...3...4...5...6...7...8...9...10Optimized: 0 visible clusters (0.00%)
Total clusters visible: 124
Average clusters visible: 10
Building PAS...
Average clusters audible: 12
visdatasize:148  compressed from 192
writing c:\users\linventif\documents\github\linventif-maps\linford\vmf\rp_linford_v2.bsp
0 seconds elapsed



[Reading texlights from 'lights.rad']
[45 texlights parsed from 'lights.rad']

Loading c:\users\linventif\documents\github\linventif-maps\linford\vmf\rp_linford_v2.bsp
PREP OK
220 faces
48090 square feet [6924976.00 square inches]
0 Displacements
0 Square Feet [0.00 Square Inches]
220 patches before subdivision
5024 patches after subdivision
0 direct lights
0...1...2...3...4...5...6...7...8...9...100...1...2...3...4...5...6...7...8...9...10transfers 595900, max 341
transfer lists:   4.5 megs
0...1...2...3...4...5...6...7...8...9...10	Bounce #1 added RGB(0, 0, 0)
Build Patch/Sample Hash Table(s).....Done<0.0010 sec>
0...1...2...3...4...5...6...7...8...9...10FinalLightFace Done
0 of 0 (0% of) surface lights went in leaf ambient cubes.
0...1...2...3...4...5...6...7...8...9...10Writing leaf ambient...done
Ready to Finish

Object names       Objects/Maxobjs  Memory / Maxmem  Fullness 
------------       ---------------  ---------------  -------- 
models                   1/4096           48/196608   ( 0.0%) 
brushes                 62/16384         744/196608   ( 0.4%) 
brushsides             407/163840       3256/1310720  ( 0.2%) 
planes                 184/65536        3680/1310720  ( 0.3%) 
vertexes               300/65536        3600/786432   ( 0.5%) 
nodes                   33/65536        1056/2097152  ( 0.1%) 
texinfos                51/12288        3672/884736   ( 0.4%) 
texdata                  8/2048          256/65536    ( 0.4%) 
dispinfos                0/0               0/0        ( 0.0%) 
disp_verts               0/0               0/0        ( 0.0%) 
disp_tris                0/0               0/0        ( 0.0%) 
disp_lmsamples           0/0               0/0        ( 0.0%) 
faces                  220/65536       12320/3670016  ( 0.3%) 
hdr faces                0/65536           0/3670016  ( 0.0%) 
origfaces              169/65536        9464/3670016  ( 0.3%) 
leaves                  35/65536        1120/2097152  ( 0.1%) 
leaffaces              335/65536         670/131072   ( 0.5%) 
leafbrushes             82/65536         164/131072   ( 0.1%) 
areas                    2/1024           16/8192     ( 0.2%) 
surfedges             1720/512000       6880/2048000  ( 0.3%) 
edges                 1049/256000       4196/1024000  ( 0.4%) 
LDR worldlights          0/8192            0/720896   ( 0.0%) 
HDR worldlights          0/8192            0/720896   ( 0.0%) 
leafwaterdata            0/32768           0/393216   ( 0.0%) 
waterstrips             31/32768         310/327680   ( 0.1%) 
waterverts               0/65536           0/786432   ( 0.0%) 
waterindices           549/65536        1098/131072   ( 0.8%) 
cubemapsamples           0/1024            0/16384    ( 0.0%) 
overlays                 0/1024            0/360448   ( 0.0%) 
LDR lightdata         [variable]      223516/0        ( 0.0%) 
HDR lightdata         [variable]           0/0        ( 0.0%) 
visdata               [variable]         148/16777216 ( 0.0%) 
entdata               [variable]         732/393216   ( 0.2%) 
LDR ambient table       35/65536         140/262144   ( 0.1%) 
HDR ambient table       35/65536         140/262144   ( 0.1%) 
LDR leaf ambient        12/65536         336/1835008  ( 0.0%) 
HDR leaf ambient        35/65536         980/1835008  ( 0.1%) 
occluders                0/0               0/0        ( 0.0%) 
occluder polygons        0/0               0/0        ( 0.0%) 
occluder vert ind        0/0               0/0        ( 0.0%) 
detail props          [variable]           1/12       ( 8.3%) 
static props          [variable]           1/12       ( 8.3%) 
pakfile               [variable]      105683/0        ( 0.0%) 
physics               [variable]       22429/4194304  ( 0.5%) 
physics terrain       [variable]           2/1048576  ( 0.0%) 

Level flags = 0

Total triangle count: 604
Writing c:\users\linventif\documents\github\linventif-maps\linford\vmf\rp_linford_v2.bsp
0 seconds elapsed
