PRT1
25
51
4 0 11 (0 128 192 ) (0 128 256 ) (0 256 256 ) (0 256 192 ) 
4 0 7 (0 128 200 ) (0 128 192 ) (640 128 192 ) (592 128 200 ) 
4 0 4 (0 128 256 ) (0 128 200 ) (592 128 200 ) (256 128 256 ) 
4 0 1 (640 128 192 ) (0 128 192 ) (0 256 192 ) (640 256 192 ) 
4 1 11 (0 128 0 ) (0 128 192 ) (0 256 192 ) (0 256 0 ) 
4 1 10 (896 128 192 ) (0 128 192 ) (0 128 0 ) (896 128 0 ) 
4 1 6 (1024 128 0 ) (1024 128 192 ) (896 128 192 ) (896 128 0 ) 
4 2 5 (256 128 256 ) (304 128 256 ) (304 0 256 ) (256 0 256 ) 
4 2 3 (256 128 256 ) (256 0 256 ) (256 0 264 ) (256 128 264 ) 
4 3 4 (0 128 256 ) (256 128 256 ) (256 0 256 ) (0 0 256 ) 
4 4 12 (0 0 256 ) (0 0 200 ) (592 0 200 ) (256 0 256 ) 
4 4 11 (0 0 200 ) (0 0 256 ) (0 128 256 ) (0 128 200 ) 
4 4 7 (0 0 200 ) (0 128 200 ) (592 128 200 ) (592 0 200 ) 
4 4 5 (256 128 256 ) (256 0 256 ) (592 0 200 ) (592 128 200 ) 
4 5 9 (592 128 200 ) (640 128 200 ) (640 0 200 ) (592 0 200 ) 
4 6 13 (1024 0 0 ) (1024 0 192 ) (896 0 192 ) (896 0 0 ) 
4 6 10 (896 0 0 ) (896 0 192 ) (896 128 192 ) (896 128 0 ) 
4 7 12 (592 0 200 ) (0 0 200 ) (0 0 192 ) (640 0 192 ) 
4 7 11 (0 0 192 ) (0 0 200 ) (0 128 200 ) (0 128 192 ) 
4 7 9 (592 128 200 ) (592 0 200 ) (640 0 192 ) (640 128 192 ) 
4 7 10 (0 128 192 ) (640 128 192 ) (640 0 192 ) (0 0 192 ) 
4 8 10 (640 128 192 ) (896 128 192 ) (896 0 192 ) (640 0 192 ) 
4 8 9 (640 128 192 ) (640 0 192 ) (640 0 200 ) (640 128 200 ) 
4 10 13 (896 0 0 ) (896 0 192 ) (0 0 192 ) (0 0 0 ) 
4 10 11 (0 0 0 ) (0 0 192 ) (0 128 192 ) (0 128 0 ) 
4 11 24 (0 0 0 ) (0 0 256 ) (-128 0 256 ) (-128 0 0 ) 
4 12 24 (0 0 256 ) (0 0 192 ) (0 -128 192 ) (0 -128 256 ) 
4 12 18 (0 -128 200 ) (0 -128 192 ) (640 -128 192 ) (592 -128 200 ) 
4 12 16 (0 -128 256 ) (0 -128 200 ) (592 -128 200 ) (256 -128 256 ) 
4 12 13 (640 -128 192 ) (0 -128 192 ) (0 0 192 ) (640 0 192 ) 
4 13 24 (0 0 192 ) (0 0 0 ) (0 -128 0 ) (0 -128 192 ) 
4 13 21 (0 -128 192 ) (0 -128 0 ) (1024 -128 0 ) (1024 -128 192 ) 
4 14 17 (256 -128 256 ) (304 -128 256 ) (304 -256 256 ) (256 -256 256 ) 
4 14 15 (256 -128 256 ) (256 -256 256 ) (256 -256 264 ) (256 -128 264 ) 
4 15 16 (0 -128 256 ) (256 -128 256 ) (256 -256 256 ) (0 -256 256 ) 
4 16 24 (0 -256 200 ) (0 -256 256 ) (0 -128 256 ) (0 -128 200 ) 
4 16 22 (0 -256 256 ) (0 -256 200 ) (592 -256 200 ) (256 -256 256 ) 
4 16 18 (592 -256 200 ) (0 -256 200 ) (0 -128 200 ) (592 -128 200 ) 
4 16 17 (256 -128 256 ) (256 -256 256 ) (592 -256 200 ) (592 -128 200 ) 
4 17 20 (640 -256 200 ) (592 -256 200 ) (592 -128 200 ) (640 -128 200 ) 
4 18 24 (0 -256 192 ) (0 -256 200 ) (0 -128 200 ) (0 -128 192 ) 
4 18 22 (592 -256 200 ) (0 -256 200 ) (0 -256 192 ) (640 -256 192 ) 
4 18 21 (640 -256 192 ) (0 -256 192 ) (0 -128 192 ) (640 -128 192 ) 
4 18 20 (592.003906 -128 200 ) (592.003906 -256 200 ) (640.003906 -256 192 ) (640.003906 -128 192 ) 
4 19 21 (896 -256 192 ) (640 -256 192 ) (640 -128 192 ) (896 -128 192 ) 
4 19 20 (640 -128 192 ) (640 -256 192 ) (640 -256 200 ) (640 -128 200 ) 
4 21 24 (0 -256 0 ) (0 -256 192 ) (0 -128 192 ) (0 -128 0 ) 
4 21 23 (1024 -256 0 ) (1024 -256 192 ) (0 -256 192 ) (0 -256 0 ) 
4 22 24 (0 -384 192 ) (0 -384 256 ) (0 -256 256 ) (0 -256 192 ) 
4 22 23 (640 -384 192 ) (0 -384 192 ) (0 -256 192 ) (640 -256 192 ) 
4 23 24 (0 -384 0 ) (0 -384 192 ) (0 -256 192 ) (0 -256 0 ) 
