


materialPath: C:\Program Files (x86)\Steam\steamapps\common\GarrysMod\garrysmod\materials
Loading c:\users\linventif\documents\github\linventif-maps\little or short or part\no rp v2\vmf\linventif_no_rp_v2.vmf
fixing up env_cubemap materials on brush sides...
0...1...2...3...4...5...6...7...8...9...100...1...2...3...4...5...6...7...8...9...10Processing areas...done (0)
Building Faces...done (0)
FixTjuncs...
PruneNodes...
WriteBSP...
done (0)
writing c:\users\linventif\documents\github\linventif-maps\little or short or part\no rp v2\vmf\linventif_no_rp_v2.prt...Building visibility clusters...
done (0)
Creating default LDR cubemaps for env_cubemap using skybox materials:
   skybox/sky_day01_01*.vmt
 ! Run buildcubemaps in the engine to get the correct cube maps.
Creating default HDR cubemaps for env_cubemap using skybox materials:
   skybox/sky_day01_01*.vmt
 ! Run buildcubemaps in the engine to get the correct cube maps.
Finding displacement neighbors...
Finding lightmap sample positions...
Displacement Alpha : 0...1...2...3...4...5...6...7...8...9...10
Building Physics collision data...
done (0) (3597 bytes)
Placing detail props : 0...1...2...3...4...5...6...7...8...9...10
Compacting texture/material tables...
Reduced 13 texinfos to 7
Reduced 4 texdatas to 4 (85 bytes to 85)
Writing c:\users\linventif\documents\github\linventif-maps\little or short or part\no rp v2\vmf\linventif_no_rp_v2.bsp
0 seconds elapsed



24 threads
reading c:\users\linventif\documents\github\linventif-maps\little or short or part\no rp v2\vmf\linventif_no_rp_v2.bsp
reading c:\users\linventif\documents\github\linventif-maps\little or short or part\no rp v2\vmf\linventif_no_rp_v2.prt
   6 portalclusters
   7 numportals
0...1...2...3...4...5...6...7...8...9...10Optimized: 0 visible clusters (0.00%)
Total clusters visible: 36
Average clusters visible: 6
Building PAS...
Average clusters audible: 6
visdatasize:64  compressed from 96
writing c:\users\linventif\documents\github\linventif-maps\little or short or part\no rp v2\vmf\linventif_no_rp_v2.bsp
0 seconds elapsed



[Reading texlights from 'lights.rad']
[45 texlights parsed from 'lights.rad']

Loading c:\users\linventif\documents\github\linventif-maps\little or short or part\no rp v2\vmf\linventif_no_rp_v2.bsp
PREP OK
98 faces
141994 square feet [20447232.00 square inches]
0 Displacements
0 Square Feet [0.00 Square Inches]
98 patches before subdivision
6120 patches after subdivision
0 direct lights
0...1...2...3...4...5...6...7...8...9...100...1...2...3...4...5...6...7...8...9...10transfers 443711, max 231
transfer lists:   3.4 megs
0...1...2...3...4...5...6...7...8...9...10	Bounce #1 added RGB(0, 0, 0)
Build Patch/Sample Hash Table(s).....Done<0.0013 sec>
0...1...2...3...4...5...6...7...8...9...10FinalLightFace Done
0 of 0 (0% of) surface lights went in leaf ambient cubes.
0...1...2...3...4...5...6...7...8...9...10Writing leaf ambient...done
Ready to Finish

Object names       Objects/Maxobjs  Memory / Maxmem  Fullness 
------------       ---------------  ---------------  -------- 
models                   1/4096           48/196608   ( 0.0%) 
brushes                 10/16384         120/196608   ( 0.1%) 
brushsides              60/163840        480/1310720  ( 0.0%) 
planes                  44/65536         880/1310720  ( 0.1%) 
vertexes               122/65536        1464/786432   ( 0.2%) 
nodes                   30/65536         960/2097152  ( 0.0%) 
texinfos                 7/12288         504/884736   ( 0.1%) 
texdata                  4/2048          128/65536    ( 0.2%) 
dispinfos                0/0               0/0        ( 0.0%) 
disp_verts               0/0               0/0        ( 0.0%) 
disp_tris                0/0               0/0        ( 0.0%) 
disp_lmsamples           0/0               0/0        ( 0.0%) 
faces                   98/65536        5488/3670016  ( 0.1%) 
hdr faces                0/65536           0/3670016  ( 0.0%) 
origfaces               10/65536         560/3670016  ( 0.0%) 
leaves                  32/65536        1024/2097152  ( 0.0%) 
leaffaces              104/65536         208/131072   ( 0.2%) 
leafbrushes             30/65536          60/131072   ( 0.0%) 
areas                    2/1024           16/8192     ( 0.2%) 
surfedges              474/512000       1896/2048000  ( 0.1%) 
edges                  238/256000        952/1024000  ( 0.1%) 
LDR worldlights          0/8192            0/720896   ( 0.0%) 
HDR worldlights          0/8192            0/720896   ( 0.0%) 
leafwaterdata            0/32768           0/393216   ( 0.0%) 
waterstrips              1/32768          10/327680   ( 0.0%) 
waterverts               0/65536           0/786432   ( 0.0%) 
waterindices            21/65536          42/131072   ( 0.0%) 
cubemapsamples           0/1024            0/16384    ( 0.0%) 
overlays                 0/1024            0/360448   ( 0.0%) 
LDR lightdata         [variable]      174968/0        ( 0.0%) 
HDR lightdata         [variable]           0/0        ( 0.0%) 
visdata               [variable]          64/16777216 ( 0.0%) 
entdata               [variable]         323/393216   ( 0.1%) 
LDR ambient table       32/65536         128/262144   ( 0.0%) 
HDR ambient table       32/65536         128/262144   ( 0.0%) 
LDR leaf ambient         6/65536         168/1835008  ( 0.0%) 
HDR leaf ambient        32/65536         896/1835008  ( 0.0%) 
occluders                0/0               0/0        ( 0.0%) 
occluder polygons        0/0               0/0        ( 0.0%) 
occluder vert ind        0/0               0/0        ( 0.0%) 
detail props          [variable]           1/12       ( 8.3%) 
static props          [variable]           1/12       ( 8.3%) 
pakfile               [variable]      105703/0        ( 0.0%) 
physics               [variable]        3597/4194304  ( 0.1%) 
physics terrain       [variable]           2/1048576  ( 0.0%) 

Level flags = 0

Total triangle count: 238
Writing c:\users\linventif\documents\github\linventif-maps\little or short or part\no rp v2\vmf\linventif_no_rp_v2.bsp
0 seconds elapsed



materialPath: C:\Program Files (x86)\Steam\steamapps\common\GarrysMod\garrysmod\materials
Loading c:\users\linventif\documents\github\linventif-maps\little or short or part\no rp v2\vmf\linventif_no_rp_v2.vmf
fixing up env_cubemap materials on brush sides...
0...1...2...3...4...5...6...7...8...9...100...1...2...3...4...5...6...7...8...9...10Processing areas...done (0)
Building Faces...done (0)
FixTjuncs...
PruneNodes...
WriteBSP...
done (0)
writing c:\users\linventif\documents\github\linventif-maps\little or short or part\no rp v2\vmf\linventif_no_rp_v2.prt...Building visibility clusters...
done (0)
Creating default LDR cubemaps for env_cubemap using skybox materials:
   skybox/sky_day01_01*.vmt
 ! Run buildcubemaps in the engine to get the correct cube maps.
Creating default HDR cubemaps for env_cubemap using skybox materials:
   skybox/sky_day01_01*.vmt
 ! Run buildcubemaps in the engine to get the correct cube maps.
Finding displacement neighbors...
Finding lightmap sample positions...
Displacement Alpha : 0...1...2...3...4...5...6...7...8...9...10
Building Physics collision data...
done (0) (3597 bytes)
Placing detail props : 0...1...2...3...4...5...6...7...8...9...10
Compacting texture/material tables...
Reduced 13 texinfos to 7
Reduced 4 texdatas to 4 (85 bytes to 85)
Writing c:\users\linventif\documents\github\linventif-maps\little or short or part\no rp v2\vmf\linventif_no_rp_v2.bsp
0 seconds elapsed



24 threads
reading c:\users\linventif\documents\github\linventif-maps\little or short or part\no rp v2\vmf\linventif_no_rp_v2.bsp
reading c:\users\linventif\documents\github\linventif-maps\little or short or part\no rp v2\vmf\linventif_no_rp_v2.prt
   6 portalclusters
   7 numportals
0...1...2...3...4...5...6...7...8...9...10Optimized: 0 visible clusters (0.00%)
Total clusters visible: 36
Average clusters visible: 6
Building PAS...
Average clusters audible: 6
visdatasize:64  compressed from 96
writing c:\users\linventif\documents\github\linventif-maps\little or short or part\no rp v2\vmf\linventif_no_rp_v2.bsp
0 seconds elapsed



[Reading texlights from 'lights.rad']
[45 texlights parsed from 'lights.rad']

Loading c:\users\linventif\documents\github\linventif-maps\little or short or part\no rp v2\vmf\linventif_no_rp_v2.bsp
PREP OK
98 faces
141994 square feet [20447232.00 square inches]
0 Displacements
0 Square Feet [0.00 Square Inches]
98 patches before subdivision
6120 patches after subdivision
0 direct lights
0...1...2...3...4...5...6...7...8...9...100...1...2...3...4...5...6...7...8...9...10transfers 443711, max 231
transfer lists:   3.4 megs
0...1...2...3...4...5...6...7...8...9...10	Bounce #1 added RGB(0, 0, 0)
Build Patch/Sample Hash Table(s).....Done<0.0013 sec>
0...1...2...3...4...5...6...7...8...9...10FinalLightFace Done
0 of 0 (0% of) surface lights went in leaf ambient cubes.
0...1...2...3...4...5...6...7...8...9...10Writing leaf ambient...done
Ready to Finish

Object names       Objects/Maxobjs  Memory / Maxmem  Fullness 
------------       ---------------  ---------------  -------- 
models                   1/4096           48/196608   ( 0.0%) 
brushes                 10/16384         120/196608   ( 0.1%) 
brushsides              60/163840        480/1310720  ( 0.0%) 
planes                  44/65536         880/1310720  ( 0.1%) 
vertexes               122/65536        1464/786432   ( 0.2%) 
nodes                   30/65536         960/2097152  ( 0.0%) 
texinfos                 7/12288         504/884736   ( 0.1%) 
texdata                  4/2048          128/65536    ( 0.2%) 
dispinfos                0/0               0/0        ( 0.0%) 
disp_verts               0/0               0/0        ( 0.0%) 
disp_tris                0/0               0/0        ( 0.0%) 
disp_lmsamples           0/0               0/0        ( 0.0%) 
faces                   98/65536        5488/3670016  ( 0.1%) 
hdr faces                0/65536           0/3670016  ( 0.0%) 
origfaces               10/65536         560/3670016  ( 0.0%) 
leaves                  32/65536        1024/2097152  ( 0.0%) 
leaffaces              104/65536         208/131072   ( 0.2%) 
leafbrushes             30/65536          60/131072   ( 0.0%) 
areas                    2/1024           16/8192     ( 0.2%) 
surfedges              474/512000       1896/2048000  ( 0.1%) 
edges                  238/256000        952/1024000  ( 0.1%) 
LDR worldlights          0/8192            0/720896   ( 0.0%) 
HDR worldlights          0/8192            0/720896   ( 0.0%) 
leafwaterdata            0/32768           0/393216   ( 0.0%) 
waterstrips              1/32768          10/327680   ( 0.0%) 
waterverts               0/65536           0/786432   ( 0.0%) 
waterindices            21/65536          42/131072   ( 0.0%) 
cubemapsamples           0/1024            0/16384    ( 0.0%) 
overlays                 0/1024            0/360448   ( 0.0%) 
LDR lightdata         [variable]      174968/0        ( 0.0%) 
HDR lightdata         [variable]           0/0        ( 0.0%) 
visdata               [variable]          64/16777216 ( 0.0%) 
entdata               [variable]         323/393216   ( 0.1%) 
LDR ambient table       32/65536         128/262144   ( 0.0%) 
HDR ambient table       32/65536         128/262144   ( 0.0%) 
LDR leaf ambient         6/65536         168/1835008  ( 0.0%) 
HDR leaf ambient        32/65536         896/1835008  ( 0.0%) 
occluders                0/0               0/0        ( 0.0%) 
occluder polygons        0/0               0/0        ( 0.0%) 
occluder vert ind        0/0               0/0        ( 0.0%) 
detail props          [variable]           1/12       ( 8.3%) 
static props          [variable]           1/12       ( 8.3%) 
pakfile               [variable]      105703/0        ( 0.0%) 
physics               [variable]        3597/4194304  ( 0.1%) 
physics terrain       [variable]           2/1048576  ( 0.0%) 

Level flags = 0

Total triangle count: 238
Writing c:\users\linventif\documents\github\linventif-maps\little or short or part\no rp v2\vmf\linventif_no_rp_v2.bsp
0 seconds elapsed



materialPath: C:\Program Files (x86)\Steam\steamapps\common\GarrysMod\garrysmod\materials
Loading c:\users\linventif\documents\github\linventif-maps\little or short or part\no rp v2\vmf\linventif_no_rp_v2.vmf
fixing up env_cubemap materials on brush sides...
0...1...2...3...4...5...6...7...8...9...100...1...2...3...4...5...6...7...8...9...10Processing areas...done (0)
Building Faces...done (0)
FixTjuncs...
PruneNodes...
WriteBSP...
done (0)
writing c:\users\linventif\documents\github\linventif-maps\little or short or part\no rp v2\vmf\linventif_no_rp_v2.prt...Building visibility clusters...
done (0)
Creating default LDR cubemaps for env_cubemap using skybox materials:
   skybox/sky_day01_01*.vmt
 ! Run buildcubemaps in the engine to get the correct cube maps.
Creating default HDR cubemaps for env_cubemap using skybox materials:
   skybox/sky_day01_01*.vmt
 ! Run buildcubemaps in the engine to get the correct cube maps.
Finding displacement neighbors...
Finding lightmap sample positions...
Displacement Alpha : 0...1...2...3...4...5...6...7...8...9...10
Building Physics collision data...
done (0) (3597 bytes)
Placing detail props : 0...1...2...3...4...5...6...7...8...9...10
Compacting texture/material tables...
Reduced 13 texinfos to 7
Reduced 4 texdatas to 4 (85 bytes to 85)
Writing c:\users\linventif\documents\github\linventif-maps\little or short or part\no rp v2\vmf\linventif_no_rp_v2.bsp
0 seconds elapsed



24 threads
reading c:\users\linventif\documents\github\linventif-maps\little or short or part\no rp v2\vmf\linventif_no_rp_v2.bsp
reading c:\users\linventif\documents\github\linventif-maps\little or short or part\no rp v2\vmf\linventif_no_rp_v2.prt
   6 portalclusters
   7 numportals
0...1...2...3...4...5...6...7...8...9...10Optimized: 0 visible clusters (0.00%)
Total clusters visible: 36
Average clusters visible: 6
Building PAS...
Average clusters audible: 6
visdatasize:64  compressed from 96
writing c:\users\linventif\documents\github\linventif-maps\little or short or part\no rp v2\vmf\linventif_no_rp_v2.bsp
0 seconds elapsed



[Reading texlights from 'lights.rad']
[45 texlights parsed from 'lights.rad']

Loading c:\users\linventif\documents\github\linventif-maps\little or short or part\no rp v2\vmf\linventif_no_rp_v2.bsp
PREP OK
98 faces
141994 square feet [20447232.00 square inches]
0 Displacements
0 Square Feet [0.00 Square Inches]
98 patches before subdivision
6120 patches after subdivision
0 direct lights
0...1...2...3...4...5...6...7...8...9...100...1...2...3...4...5...6...7...8...9...10transfers 443711, max 231
transfer lists:   3.4 megs
0...1...2...3...4...5...6...7...8...9...10	Bounce #1 added RGB(0, 0, 0)
Build Patch/Sample Hash Table(s).....Done<0.0014 sec>
0...1...2...3...4...5...6...7...8...9...10FinalLightFace Done
0 of 0 (0% of) surface lights went in leaf ambient cubes.
0...1...2...3...4...5...6...7...8...9...10Writing leaf ambient...done
Ready to Finish

Object names       Objects/Maxobjs  Memory / Maxmem  Fullness 
------------       ---------------  ---------------  -------- 
models                   1/4096           48/196608   ( 0.0%) 
brushes                 10/16384         120/196608   ( 0.1%) 
brushsides              60/163840        480/1310720  ( 0.0%) 
planes                  44/65536         880/1310720  ( 0.1%) 
vertexes               122/65536        1464/786432   ( 0.2%) 
nodes                   30/65536         960/2097152  ( 0.0%) 
texinfos                 7/12288         504/884736   ( 0.1%) 
texdata                  4/2048          128/65536    ( 0.2%) 
dispinfos                0/0               0/0        ( 0.0%) 
disp_verts               0/0               0/0        ( 0.0%) 
disp_tris                0/0               0/0        ( 0.0%) 
disp_lmsamples           0/0               0/0        ( 0.0%) 
faces                   98/65536        5488/3670016  ( 0.1%) 
hdr faces                0/65536           0/3670016  ( 0.0%) 
origfaces               10/65536         560/3670016  ( 0.0%) 
leaves                  32/65536        1024/2097152  ( 0.0%) 
leaffaces              104/65536         208/131072   ( 0.2%) 
leafbrushes             30/65536          60/131072   ( 0.0%) 
areas                    2/1024           16/8192     ( 0.2%) 
surfedges              474/512000       1896/2048000  ( 0.1%) 
edges                  238/256000        952/1024000  ( 0.1%) 
LDR worldlights          0/8192            0/720896   ( 0.0%) 
HDR worldlights          0/8192            0/720896   ( 0.0%) 
leafwaterdata            0/32768           0/393216   ( 0.0%) 
waterstrips              1/32768          10/327680   ( 0.0%) 
waterverts               0/65536           0/786432   ( 0.0%) 
waterindices            21/65536          42/131072   ( 0.0%) 
cubemapsamples           0/1024            0/16384    ( 0.0%) 
overlays                 0/1024            0/360448   ( 0.0%) 
LDR lightdata         [variable]      174968/0        ( 0.0%) 
HDR lightdata         [variable]           0/0        ( 0.0%) 
visdata               [variable]          64/16777216 ( 0.0%) 
entdata               [variable]         323/393216   ( 0.1%) 
LDR ambient table       32/65536         128/262144   ( 0.0%) 
HDR ambient table       32/65536         128/262144   ( 0.0%) 
LDR leaf ambient         6/65536         168/1835008  ( 0.0%) 
HDR leaf ambient        32/65536         896/1835008  ( 0.0%) 
occluders                0/0               0/0        ( 0.0%) 
occluder polygons        0/0               0/0        ( 0.0%) 
occluder vert ind        0/0               0/0        ( 0.0%) 
detail props          [variable]           1/12       ( 8.3%) 
static props          [variable]           1/12       ( 8.3%) 
pakfile               [variable]      105703/0        ( 0.0%) 
physics               [variable]        3597/4194304  ( 0.1%) 
physics terrain       [variable]           2/1048576  ( 0.0%) 

Level flags = 0

Total triangle count: 238
Writing c:\users\linventif\documents\github\linventif-maps\little or short or part\no rp v2\vmf\linventif_no_rp_v2.bsp
0 seconds elapsed



materialPath: C:\Program Files (x86)\Steam\steamapps\common\GarrysMod\garrysmod\materials
Loading c:\users\linventif\documents\github\linventif-maps\little or short or part\no rp v2\vmf\linventif_no_rp_v2.vmf
fixing up env_cubemap materials on brush sides...
0...1...2...3...4...5...6...7...8...9...100...1...2...3...4...5...6...7...8...9...10Processing areas...done (0)
Building Faces...done (0)
FixTjuncs...
PruneNodes...
WriteBSP...
done (0)
writing c:\users\linventif\documents\github\linventif-maps\little or short or part\no rp v2\vmf\linventif_no_rp_v2.prt...Building visibility clusters...
done (0)
Creating default LDR cubemaps for env_cubemap using skybox materials:
   skybox/sky_day01_01*.vmt
 ! Run buildcubemaps in the engine to get the correct cube maps.
Creating default HDR cubemaps for env_cubemap using skybox materials:
   skybox/sky_day01_01*.vmt
 ! Run buildcubemaps in the engine to get the correct cube maps.
Finding displacement neighbors...
Finding lightmap sample positions...
Displacement Alpha : 0...1...2...3...4...5...6...7...8...9...10
Building Physics collision data...
done (0) (3597 bytes)
Placing detail props : 0...1...2...3...4...5...6...7...8...9...10
Compacting texture/material tables...
Reduced 13 texinfos to 7
Reduced 4 texdatas to 4 (85 bytes to 85)
Writing c:\users\linventif\documents\github\linventif-maps\little or short or part\no rp v2\vmf\linventif_no_rp_v2.bsp
0 seconds elapsed



24 threads
reading c:\users\linventif\documents\github\linventif-maps\little or short or part\no rp v2\vmf\linventif_no_rp_v2.bsp
reading c:\users\linventif\documents\github\linventif-maps\little or short or part\no rp v2\vmf\linventif_no_rp_v2.prt
   6 portalclusters
   7 numportals
0...1...2...3...4...5...6...7...8...9...10Optimized: 0 visible clusters (0.00%)
Total clusters visible: 36
Average clusters visible: 6
Building PAS...
Average clusters audible: 6
visdatasize:64  compressed from 96
writing c:\users\linventif\documents\github\linventif-maps\little or short or part\no rp v2\vmf\linventif_no_rp_v2.bsp
0 seconds elapsed



[Reading texlights from 'lights.rad']
[45 texlights parsed from 'lights.rad']

Loading c:\users\linventif\documents\github\linventif-maps\little or short or part\no rp v2\vmf\linventif_no_rp_v2.bsp
PREP OK
98 faces
141994 square feet [20447232.00 square inches]
0 Displacements
0 Square Feet [0.00 Square Inches]
98 patches before subdivision
6120 patches after subdivision
3 direct lights
0...1...2...3...4...5...6...7...8...9...100...1...2...3...4...5...6...7...8...9...10transfers 443711, max 231
transfer lists:   3.4 megs
0...1...2...3...4...5...6...7...8...9...10	Bounce #1 added RGB(12635, 5013, 2122)
0...1...2...3...4...5...6...7...8...9...10	Bounce #2 added RGB(2623, 430, 15)
Build Patch/Sample Hash Table(s).....Done<0.0015 sec>
0...1...2...3...4...5...6...7...8...9...10FinalLightFace Done
Computing detail prop lighting : 0...1...2...3...4...5...6...7...8...9...10
0 of 0 (0% of) surface lights went in leaf ambient cubes.
0...1...2...3...4...5...6...7...8...9...10Writing leaf ambient...done
Ready to Finish

Object names       Objects/Maxobjs  Memory / Maxmem  Fullness 
------------       ---------------  ---------------  -------- 
models                   1/4096           48/196608   ( 0.0%) 
brushes                 10/16384         120/196608   ( 0.1%) 
brushsides              60/163840        480/1310720  ( 0.0%) 
planes                  44/65536         880/1310720  ( 0.1%) 
vertexes               122/65536        1464/786432   ( 0.2%) 
nodes                   30/65536         960/2097152  ( 0.0%) 
texinfos                 7/12288         504/884736   ( 0.1%) 
texdata                  4/2048          128/65536    ( 0.2%) 
dispinfos                0/0               0/0        ( 0.0%) 
disp_verts               0/0               0/0        ( 0.0%) 
disp_tris                0/0               0/0        ( 0.0%) 
disp_lmsamples           0/0               0/0        ( 0.0%) 
faces                   98/65536        5488/3670016  ( 0.1%) 
hdr faces                0/65536           0/3670016  ( 0.0%) 
origfaces               10/65536         560/3670016  ( 0.0%) 
leaves                  32/65536        1024/2097152  ( 0.0%) 
leaffaces              104/65536         208/131072   ( 0.2%) 
leafbrushes             30/65536          60/131072   ( 0.0%) 
areas                    2/1024           16/8192     ( 0.2%) 
surfedges              474/512000       1896/2048000  ( 0.1%) 
edges                  238/256000        952/1024000  ( 0.1%) 
LDR worldlights          3/8192          264/720896   ( 0.0%) 
HDR worldlights          0/8192            0/720896   ( 0.0%) 
leafwaterdata            0/32768           0/393216   ( 0.0%) 
waterstrips              1/32768          10/327680   ( 0.0%) 
waterverts               0/65536           0/786432   ( 0.0%) 
waterindices            21/65536          42/131072   ( 0.0%) 
cubemapsamples           0/1024            0/16384    ( 0.0%) 
overlays                 0/1024            0/360448   ( 0.0%) 
LDR lightdata         [variable]      174968/0        ( 0.0%) 
HDR lightdata         [variable]           0/0        ( 0.0%) 
visdata               [variable]          64/16777216 ( 0.0%) 
entdata               [variable]        1197/393216   ( 0.3%) 
LDR ambient table       32/65536         128/262144   ( 0.0%) 
HDR ambient table       32/65536         128/262144   ( 0.0%) 
LDR leaf ambient        96/65536        2688/1835008  ( 0.1%) 
HDR leaf ambient        32/65536         896/1835008  ( 0.0%) 
occluders                0/0               0/0        ( 0.0%) 
occluder polygons        0/0               0/0        ( 0.0%) 
occluder vert ind        0/0               0/0        ( 0.0%) 
detail props          [variable]           1/192      ( 0.5%) 
dtl prp lght          [variable]           1/4        (25.0%) 
HDR dtl prp lght      [variable]           1/4        (25.0%) 
static props          [variable]           1/12       ( 8.3%) 
pakfile               [variable]      105703/0        ( 0.0%) 
physics               [variable]        3597/4194304  ( 0.1%) 
physics terrain       [variable]           2/1048576  ( 0.0%) 

Level flags = 0

Total triangle count: 238
Writing c:\users\linventif\documents\github\linventif-maps\little or short or part\no rp v2\vmf\linventif_no_rp_v2.bsp
0 seconds elapsed
