


materialPath: D:\SteamLibrary\steamapps\common\GarrysMod\garrysmod\materials
Loading c:\users\linventif\documents\github\linventif-maps\little maps\garage\vmf\linv_garage_v2.vmf
ConVarRef mat_reduceparticles doesn't point to an existing ConVar
Can't find surfaceprop sheetrock for material PLASTER/CEILING_POPCORN02, using default
fixing up env_cubemap materials on brush sides...
Generated env_cubemap patch name : maps/linv_garage_v2/MAPS/RP_GLIFE_SUNSHINE_V1/REALWORLDTEXTURES/CONCRETE/ASPHAULT_BLACKTOP_01_REFLECTIVE_3342_11437_688_-3215_815_-63 too long! (max = 128)



24 threads
reading c:\users\linventif\documents\github\linventif-maps\little maps\garage\vmf\linv_garage_v2.bsp
Error opening c:\users\linventif\documents\github\linventif-maps\little maps\garage\vmf\linv_garage_v2.bsp


[Reading texlights from 'lights.rad']
[45 texlights parsed from 'lights.rad']

Loading c:\users\linventif\documents\github\linventif-maps\little maps\garage\vmf\linv_garage_v2.bsp
Error opening c:\users\linventif\documents\github\linventif-maps\little maps\garage\vmf\linv_garage_v2.bsp


materialPath: D:\SteamLibrary\steamapps\common\GarrysMod\garrysmod\materials
Loading c:\users\linventif\documents\github\linventif-maps\little maps\garage\vmf\linv_garage_v2.vmf
Can't find surfaceprop sheetrock for material PLASTER/CEILING_POPCORN02, using default
fixing up env_cubemap materials on brush sides...
0...1...2...3...4...5...6...7...8...9...100...1...2...3...4...5...6...7...8...9...10Processing areas...Wrote c:\users\linventif\documents\github\linventif-maps\little maps\garage\vmf\linv_garage_v2.lin
Areaportal leak ! File: c:\users\linventif\documents\github\linventif-maps\little maps\garage\vmf\linv_garage_v2.lin 
Brush 11838: areaportal brush doesn't touch two areas

Brush 11897: areaportal brush doesn't touch two areas

Brush 11838: areaportal brush doesn't touch two areas

Brush 11897: areaportal brush doesn't touch two areas

Brush 11802: areaportal brush doesn't touch two areas

Brush 11809: areaportal brush doesn't touch two areas

Brush 11778: areaportal brush doesn't touch two areas

Brush 11778: areaportal brush doesn't touch two areas

Brush 11778: areaportal brush doesn't touch two areas

Brush 11778: areaportal brush doesn't touch two areas

Brush 11778: areaportal brush doesn't touch two areas

Brush 11778: areaportal brush doesn't touch two areas

Brush 11778: areaportal brush doesn't touch two areas

Brush 11838: areaportal brush doesn't touch two areas

Brush 11827: areaportal brush doesn't touch two areas

Brush 11813: areaportal brush doesn't touch two areas

Brush 11820: areaportal brush doesn't touch two areas

Brush 11838: areaportal brush doesn't touch two areas

Brush 11827: areaportal brush doesn't touch two areas

Brush 11827: areaportal brush doesn't touch two areas

Brush 11827: areaportal brush doesn't touch two areas

Brush 11813: areaportal brush doesn't touch two areas

Brush 11813: areaportal brush doesn't touch two areas

Brush 11813: areaportal brush doesn't touch two areas

Brush 11820: areaportal brush doesn't touch two areas

Brush 11820: areaportal brush doesn't touch two areas

Brush 11820: areaportal brush doesn't touch two areas

Brush 11838: areaportal brush doesn't touch two areas

Brush 11827: areaportal brush doesn't touch two areas

Brush 11813: areaportal brush doesn't touch two areas

Brush 11820: areaportal brush doesn't touch two areas

Brush 11788: areaportal brush doesn't touch two areas

Brush 11795: areaportal brush doesn't touch two areas

Brush 11795: areaportal brush doesn't touch two areas

Brush 11795: areaportal brush doesn't touch two areas

Brush 11795: areaportal brush doesn't touch two areas

Brush 11795: areaportal brush doesn't touch two areas

Brush 11795: areaportal brush doesn't touch two areas

Brush 11795: areaportal brush doesn't touch two areas
done (0)
Building Faces...done (0)
Chop Details...done (0)
Find Visible Detail Sides...
Merged 22 detail faces...done (0)
Merging details...done (0)
FixTjuncs...
PruneNodes...
WriteBSP...
done (0)
writing c:\users\linventif\documents\github\linventif-maps\little maps\garage\vmf\linv_garage_v2.prt...Building visibility clusters...
done (0)
Creating default LDR cubemaps for env_cubemap using skybox materials:
   skybox/sky_day01_01*.vmt
 ! Run buildcubemaps in the engine to get the correct cube maps.
Creating default HDR cubemaps for env_cubemap using skybox materials:
   skybox/sky_day01_01*.vmt
 ! Run buildcubemaps in the engine to get the correct cube maps.
Finding displacement neighbors...
Finding lightmap sample positions...
Displacement Alpha : 0...1...2...3...4...5...6...7...8...9...10
Building Physics collision data...
done (0) (91468 bytes)
WARNING! model "models/agency/desks/officedesk01.mdl" has mismatching model version (49, expected 48)! Expect problems.
WARNING! model "models/props/de_nuke/hr_nuke/nuke_chair/nuke_chair.mdl" has mismatching model version (49, expected 48)! Expect problems.
WARNING! model "models/props_lab/freightelevatorbutton.mdl" has mismatching model version (49, expected 48)! Expect problems.
Placing detail props : 0...1...2...3...4...5...6...7...8...9...10
Compacting texture/material tables...
Reduced 662 texinfos to 287
Reduced 30 texdatas to 29 (744 bytes to 717)
Writing c:\users\linventif\documents\github\linventif-maps\little maps\garage\vmf\linv_garage_v2.bsp
0 seconds elapsed



24 threads
reading c:\users\linventif\documents\github\linventif-maps\little maps\garage\vmf\linv_garage_v2.bsp
reading c:\users\linventif\documents\github\linventif-maps\little maps\garage\vmf\linv_garage_v2.prt
 127 portalclusters
 330 numportals
0...1...2...3...4...5...6...7...8...9...10Optimized: 151 visible clusters (1.10%)
Total clusters visible: 13770
Average clusters visible: 108
Building PAS...
Average clusters audible: 127
visdatasize:5163  compressed from 4064
writing c:\users\linventif\documents\github\linventif-maps\little maps\garage\vmf\linv_garage_v2.bsp
0 seconds elapsed



[Reading texlights from 'lights.rad']
[45 texlights parsed from 'lights.rad']

Loading c:\users\linventif\documents\github\linventif-maps\little maps\garage\vmf\linv_garage_v2.bsp
PREP OK
Warning! Invalid model version "models/agency/desks/officedesk01.mdl"
Warning! Invalid model version "models/props/de_nuke/hr_nuke/nuke_chair/nuke_chair.mdl"
Warning! Invalid model version "models/props_lab/freightelevatorbutton.mdl"
831 faces
7 degenerate faces
192561 square feet [27728798.00 square inches]
0 Displacements
0 Square Feet [0.00 Square Inches]
824 patches before subdivision
15870 patches after subdivision
13 direct lights
0...1...2...3...4...5...6...7...8...9...100...1...2...3...4...5...6...7...8...9...10transfers 1307908, max 408
transfer lists:  10.0 megs
0...1...2...3...4...5...6...7...8...9...10	Bounce #1 added RGB(nan, nan, nan)
0...1...2...3...4...5...6...7...8...9...10	Bounce #2 added RGB(nan, nan, nan)
Build Patch/Sample Hash Table(s).....Done<0.0024 sec>
0...1...2...3...4...5...6...7...8...9...10FinalLightFace Done
0 of 0 (0% of) surface lights went in leaf ambient cubes.
0...1...2...3...4...5...6...7...8...9...10Writing leaf ambient...done
Ready to Finish

Object names       Objects/Maxobjs  Memory / Maxmem  Fullness 
------------       ---------------  ---------------  -------- 
models                  30/4096         1440/196608   ( 0.7%) 
brushes                238/16384        2856/196608   ( 1.5%) 
brushsides            1621/163840      12968/1310720  ( 1.0%) 
planes                 990/65536       19800/1310720  ( 1.5%) 
vertexes              1396/65536       16752/786432   ( 2.1%) 
nodes                  531/65536       16992/2097152  ( 0.8%) 
texinfos               287/12288       20664/884736   ( 2.3%) 
texdata                 29/2048          928/65536    ( 1.4%) 
dispinfos                0/0               0/0        ( 0.0%) 
disp_verts               0/0               0/0        ( 0.0%) 
disp_tris                0/0               0/0        ( 0.0%) 
disp_lmsamples           0/0               0/0        ( 0.0%) 
faces                  831/65536       46536/3670016  ( 1.3%) 
hdr faces                0/65536           0/3670016  ( 0.0%) 
origfaces              537/65536       30072/3670016  ( 0.8%) 
leaves                 562/65536       17984/2097152  ( 0.9%) 
leaffaces              952/65536        1904/131072   ( 1.5%) 
leafbrushes            409/65536         818/131072   ( 0.6%) 
areas                    2/1024           16/8192     ( 0.2%) 
surfedges             6148/512000      24592/2048000  ( 1.2%) 
edges                 3869/256000      15476/1024000  ( 1.5%) 
LDR worldlights         13/8192         1144/720896   ( 0.2%) 
HDR worldlights          0/8192            0/720896   ( 0.0%) 
leafwaterdata            0/32768           0/393216   ( 0.0%) 
waterstrips             62/32768         620/327680   ( 0.2%) 
waterverts               0/65536           0/786432   ( 0.0%) 
waterindices          1071/65536        2142/131072   ( 1.6%) 
cubemapsamples           0/1024            0/16384    ( 0.0%) 
overlays                 0/1024            0/360448   ( 0.0%) 
LDR lightdata         [variable]      465460/0        ( 0.0%) 
HDR lightdata         [variable]           0/0        ( 0.0%) 
visdata               [variable]        5163/16777216 ( 0.0%) 
entdata               [variable]       19399/393216   ( 4.9%) 
LDR ambient table      562/65536        2248/262144   ( 0.9%) 
HDR ambient table      562/65536        2248/262144   ( 0.9%) 
LDR leaf ambient      2761/65536       77308/1835008  ( 4.2%) 
HDR leaf ambient       562/65536       15736/1835008  ( 0.9%) 
occluders                0/0               0/0        ( 0.0%) 
occluder polygons        0/0               0/0        ( 0.0%) 
occluder vert ind        0/0               0/0        ( 0.0%) 
detail props          [variable]           1/12       ( 8.3%) 
static props          [variable]           1/5360     ( 0.0%) 
pakfile               [variable]      105687/0        ( 0.0%) 
physics               [variable]       91468/4194304  ( 2.2%) 
physics terrain       [variable]           2/1048576  ( 0.0%) 

Level flags = 0

Total triangle count: 2322
Writing c:\users\linventif\documents\github\linventif-maps\little maps\garage\vmf\linv_garage_v2.bsp
1 second elapsed
