PRT1
89
216
4 0 4 (0 2048 0 ) (0 2048 512 ) (0 2304 512 ) (0 2304 0 ) 
4 0 2 (0 2048 512 ) (0 2048 0 ) (16 2048 0 ) (16 2048 512 ) 
4 0 1 (16 2048 0 ) (512 2048 0 ) (512 2048 512 ) (16 2048 512 ) 
4 1 19 (512 1024 512 ) (16 1024 512 ) (16 1024 0 ) (512 1024 0 ) 
4 1 3 (16 1024 160 ) (16 1024 512 ) (16 1824 512 ) (16 1824 160 ) 
4 1 2 (16 2048 0 ) (16 1824 0 ) (16 1824 512 ) (16 2048 512 ) 
4 2 6 (0 2048 160 ) (0 2048 0 ) (0 1824 0 ) (0 1824 160 ) 
4 2 5 (0 1824 512 ) (0 2048 512 ) (0 2048 160 ) (0 1824 160 ) 
4 2 3 (16 1824 160 ) (16 1824 512 ) (0 1824 512 ) (0 1824 160 ) 
4 3 20 (16 1024 512 ) (0 1024 512 ) (0 1024 160 ) (16 1024 160 ) 
4 3 5 (0 1024 160 ) (0 1024 512 ) (0 1824 512 ) (0 1824 160 ) 
4 4 14 (-1024 2048 0 ) (-1024 2048 512 ) (-1024 2304 512 ) (-1024 2304 0 ) 
4 4 6 (0 2048 0 ) (0 2048 160 ) (-1024 2048 160 ) (-1024 2048 0 ) 
4 4 5 (0 2048 160 ) (0 2048 512 ) (-1024 2048 512 ) (-1024 2048 160 ) 
4 5 29 (-976 1024 512 ) (-992 1024 512 ) (-992 1024 160 ) (-976 1024 160 ) 
4 5 28 (0 1024 160 ) (0 1024 512 ) (-976 1024 512 ) (-976 1024 160 ) 
4 5 31 (-992 1024 512 ) (-1024 1024 512 ) (-1024 1024 160 ) (-992 1024 160 ) 
4 5 16 (-1024 1808 512 ) (-1024 1824 512 ) (-1024 1824 160 ) (-1024 1808 160 ) 
4 5 15 (-1024 1824 512 ) (-1024 2048 512 ) (-1024 2048 160 ) (-1024 1824 160 ) 
4 5 17 (-1024 1024 160 ) (-1024 1024 512 ) (-1024 1808 512 ) (-1024 1808 160 ) 
4 5 13 (-992 1024 160 ) (-1024 1024 160 ) (-1024 1152 160 ) (-992 1152 160 ) 
4 5 11 (-256 1040 160 ) (-256 1152 160 ) (-160 1152 160 ) (-160 1040 160 ) 
4 5 10 (-144 1024 160 ) (-160 1024 160 ) (-160 1152 160 ) (-144 1152 160 ) 
4 5 12 (-256 1024 160 ) (-976 1024 160 ) (-976 1152 160 ) (-256 1152 160 ) 
4 5 9 (0 1152 160 ) (0 1040 160 ) (-144 1040 160 ) (-144 1152 160 ) 
4 5 7 (0 1808 160 ) (0 1168 160 ) (-320 1168 160 ) (-320 1808 160 ) 
4 5 8 (-320 1152 160 ) (-1024 1152 160 ) (-1024 1808 160 ) (-320 1808 160 ) 
4 5 6 (0 2048 160 ) (0 1824 160 ) (-1024 1824 160 ) (-1024 2048 160 ) 
4 6 15 (-1024 1824 160 ) (-1024 2048 160 ) (-1024 2048 0 ) (-1024 1824 0 ) 
4 7 8 (-320 1808 160 ) (-320 1808 0 ) (-320 1168 0 ) (-320 1168 160 ) 
4 8 17 (-1024 1152 160 ) (-1024 1808 160 ) (-1024 1808 0 ) (-1024 1152 0 ) 
4 8 13 (-1024 1152 0 ) (-992 1152 0 ) (-992 1152 160 ) (-1024 1152 160 ) 
4 8 12 (-976 1152 0 ) (-320 1152 0 ) (-320 1152 160 ) (-976 1152 160 ) 
4 9 10 (-144 1152 160 ) (-144 1152 0 ) (-144 1040 0 ) (-144 1040 160 ) 
4 10 28 (-144 1024 160 ) (-160 1024 160 ) (-160 1024 0 ) (-144 1024 0 ) 
4 10 11 (-160 1152 160 ) (-160 1152 0 ) (-160 1040 0 ) (-160 1040 160 ) 
4 11 12 (-256 1152 160 ) (-256 1152 0 ) (-256 1040 0 ) (-256 1040 160 ) 
4 12 28 (-256 1024 160 ) (-976 1024 160 ) (-976 1024 0 ) (-256 1024 0 ) 
4 13 31 (-992 1024 160 ) (-1024 1024 160 ) (-1024 1024 0 ) (-992 1024 0 ) 
4 13 17 (-1024 1024 0 ) (-1024 1024 160 ) (-1024 1152 160 ) (-1024 1152 0 ) 
4 14 18 (-1136 2048 512 ) (-1632 2048 512 ) (-1632 2048 0 ) (-1136 2048 0 ) 
4 14 15 (-1024 2048 0 ) (-1024 2048 512 ) (-1136 2048 512 ) (-1136 2048 0 ) 
4 15 18 (-1136 2048 0 ) (-1136 1824 0 ) (-1136 1824 512 ) (-1136 2048 512 ) 
4 15 16 (-1136 1824 512 ) (-1136 1824 160 ) (-1024 1824 160 ) (-1024 1824 512 ) 
4 16 18 (-1136 1808 160 ) (-1136 1808 512 ) (-1136 1824 512 ) (-1136 1824 160 ) 
4 16 17 (-1136 1808 512 ) (-1136 1808 160 ) (-1024 1808 160 ) (-1024 1808 512 ) 
4 17 60 (-1024 1024 0 ) (-1024 1024 512 ) (-1136 1024 512 ) (-1136 1024 0 ) 
4 17 18 (-1136 1808 0 ) (-1136 1024 0 ) (-1136 1024 512 ) (-1136 1808 512 ) 
4 18 60 (-1136 1024 512 ) (-1632 1024 512 ) (-1632 1024 0 ) (-1136 1024 0 ) 
4 19 24 (16 0 512 ) (16 0 0 ) (512 0 0 ) (512 0 512 ) 
4 19 23 (16 0 274 ) (16 0 512 ) (16 496 512 ) (16 496 336 ) 
4 19 22 (16 496 336 ) (16 496 512 ) (16 512 512 ) (16 512 336 ) 
4 19 20 (16 1024 512 ) (16 1024 160 ) (16 1008 160 ) (16 1008 512 ) 
4 19 21 (16 1008 0 ) (16 512 0 ) (16 512 512 ) (16 1008 512 ) 
4 20 28 (0 1024 512 ) (0 1024 160 ) (0 1008 160 ) (0 1008 512 ) 
4 20 21 (16 1008 160 ) (16 1008 512 ) (0 1008 512 ) (0 1008 160 ) 
4 21 28 (0 1008 0 ) (0 512 0 ) (0 512 512 ) (0 1008 512 ) 
4 21 22 (16 512 336 ) (16 512 512 ) (0 512 512 ) (0 512 336 ) 
4 22 32 (0 496 336 ) (0 496 512 ) (0 512 512 ) (0 512 336 ) 
4 22 23 (16 496 336 ) (16 496 512 ) (0 496 512 ) (0 496 336 ) 
4 23 56 (0 0 274 ) (0 0 512 ) (0 112 512 ) (0 112 288 ) 
4 23 45 (0 112 512 ) (0 368 512 ) (0 368 320 ) (0 112 288 ) 
4 23 43 (0 368 512 ) (0 496 512 ) (0 496 336 ) (0 368 320 ) 
4 23 25 (0 0 512 ) (0 0 274 ) (16 0 274 ) (16 0 512 ) 
4 24 26 (16 -32 272 ) (16 -32 512 ) (16 -16 512 ) (16 -16 272 ) 
4 24 27 (16 -32 0 ) (16 -512 0 ) (16 -512 512 ) (16 -32 512 ) 
4 24 25 (16 -16 272 ) (16 -16 512 ) (16 0 512 ) (16 0 274 ) 
4 25 77 (0 -16 512 ) (0 0 512 ) (0 0 274 ) (0 -16 272 ) 
4 25 26 (16 -16 272 ) (16 -16 512 ) (0 -16 512 ) (0 -16 272 ) 
4 26 79 (0 -32 512 ) (0 -16 512 ) (0 -16 272 ) (0 -32 272 ) 
4 26 27 (16 -32 272 ) (16 -32 512 ) (0 -32 512 ) (0 -32 272 ) 
4 27 80 (0 -512 512 ) (0 -32 512 ) (0 -32 0 ) (0 -512 0 ) 
4 28 37 (-976 512 100 ) (-976 512 12 ) (-956 512 12 ) (-956 512 100 ) 
4 28 36 (-956 512 104 ) (-976 512 104 ) (-976 512 100 ) (-956 512 100 ) 
4 28 40 (-976 512 12 ) (-976 512 8 ) (-956 512 8 ) (-956 512 12 ) 
4 28 35 (-952 512 8 ) (-952 512 104 ) (-956 512 104 ) (-956 512 8 ) 
4 28 34 (-772 512 0 ) (-548 512 0 ) (-548 512 176 ) (-772 512 176 ) 
4 28 33 (-380 512 0 ) (-156 512 0 ) (-156 512 176 ) (-380 512 176 ) 
4 28 32 (0 512 336 ) (0 512 512 ) (-976 512 512 ) (-976 512 336 ) 
4 28 29 (-976 1008 160 ) (-976 1008 512 ) (-976 1024 512 ) (-976 1024 160 ) 
4 28 30 (-976 1008 0 ) (-976 512 0 ) (-976 512 512 ) (-976 1008 512 ) 
4 29 30 (-992 1008 512 ) (-992 1008 160 ) (-976 1008 160 ) (-976 1008 512 ) 
4 29 31 (-992 1008 160 ) (-992 1008 512 ) (-992 1024 512 ) (-992 1024 160 ) 
4 30 37 (-976 512 12 ) (-976 512 100 ) (-992 512 100 ) (-992 512 12 ) 
4 30 36 (-976 512 100 ) (-976 512 104 ) (-992 512 104 ) (-992 512 100 ) 
4 30 40 (-976 512 8 ) (-976 512 12 ) (-992 512 12 ) (-992 512 8 ) 
4 30 32 (-976 512 336 ) (-976 512 512 ) (-992 512 512 ) (-992 512 336 ) 
4 30 31 (-992 1008 0 ) (-992 512 0 ) (-992 512 512 ) (-992 1008 512 ) 
4 31 60 (-1024 1024 512 ) (-1024 1024 0 ) (-1024 512 0 ) (-1024 512 512 ) 
4 31 37 (-992 512 12 ) (-992 512 100 ) (-1000 512 100 ) (-1000 512 12 ) 
4 31 36 (-992 512 100 ) (-992 512 104 ) (-1000 512 104 ) (-1000 512 100 ) 
4 31 40 (-992 512 8 ) (-992 512 12 ) (-1000 512 12 ) (-1000 512 8 ) 
4 31 41 (-1000 512 104 ) (-1004 512 104 ) (-1004 512 8 ) (-1000 512 8 ) 
4 31 42 (-1024 512 0 ) (-1010 512 0 ) (-1010 512 108 ) (-1024 512 108 ) 
4 31 32 (-992 512 336 ) (-992 512 512 ) (-1024 512 512 ) (-1024 512 336 ) 
4 32 61 (-1024 496 336 ) (-1024 496 512 ) (-1024 512 512 ) (-1024 512 336 ) 
4 32 43 (-1024 496 512 ) (-1024 496 336 ) (0 496 336 ) (0 496 512 ) 
4 33 44 (-380 496 0 ) (-156 496 0 ) (-156 496 176 ) (-380 496 176 ) 
4 34 44 (-772 496 0 ) (-548 496 0 ) (-548 496 176 ) (-772 496 176 ) 
4 35 44 (-952 496 8 ) (-952 496 104 ) (-956 496 104 ) (-956 496 8 ) 
4 35 38 (-956 500 100 ) (-956 508 100 ) (-956 508 12 ) (-956 500 12 ) 
4 35 37 (-956 508 100 ) (-956 512 100 ) (-956 512 12 ) (-956 508 12 ) 
4 35 39 (-956 496 12 ) (-956 496 100 ) (-956 500 100 ) (-956 500 12 ) 
4 35 36 (-956 496 100 ) (-956 496 104 ) (-956 512 104 ) (-956 512 100 ) 
4 35 40 (-956 512 8 ) (-956 496 8 ) (-956 496 12 ) (-956 512 12 ) 
4 36 44 (-956 496 104 ) (-1000 496 104 ) (-1000 496 100 ) (-956 496 100 ) 
4 36 38 (-1000 500 100 ) (-1000 508 100 ) (-956 508 100 ) (-956 500 100 ) 
4 36 37 (-1000 508 100 ) (-1000 512 100 ) (-956 512 100 ) (-956 508 100 ) 
4 36 39 (-1000 496 100 ) (-1000 500 100 ) (-956 500 100 ) (-956 496 100 ) 
4 36 41 (-1000 496 100 ) (-1000 496 104 ) (-1000 512 104 ) (-1000 512 100 ) 
4 37 40 (-1000 508 12 ) (-1000 512 12 ) (-956 512 12 ) (-956 508 12 ) 
4 37 41 (-1000 508 100 ) (-1000 512 100 ) (-1000 512 12 ) (-1000 508 12 ) 
4 37 38 (-1000 508 12 ) (-956 508 12 ) (-956 508 100 ) (-1000 508 100 ) 
4 38 39 (-1000 500 12 ) (-956 500 12 ) (-956 500 100 ) (-1000 500 100 ) 
4 38 40 (-1000 500 12 ) (-1000 508 12 ) (-956 508 12 ) (-956 500 12 ) 
4 38 41 (-1000 500 100 ) (-1000 508 100 ) (-1000 508 12 ) (-1000 500 12 ) 
4 39 44 (-1000 496 100 ) (-1000 496 12 ) (-956 496 12 ) (-956 496 100 ) 
4 39 41 (-1000 496 12 ) (-1000 496 100 ) (-1000 500 100 ) (-1000 500 12 ) 
4 39 40 (-1000 496 12 ) (-1000 500 12 ) (-956 500 12 ) (-956 496 12 ) 
4 40 44 (-1000 496 12 ) (-1000 496 8 ) (-956 496 8 ) (-956 496 12 ) 
4 40 41 (-1000 512 8 ) (-1000 496 8 ) (-1000 496 12 ) (-1000 512 12 ) 
4 41 44 (-1000 496 104 ) (-1004 496 104 ) (-1004 496 8 ) (-1000 496 8 ) 
4 42 63 (-1024 512 0 ) (-1024 496 0 ) (-1024 496 108 ) (-1024 512 108 ) 
4 42 44 (-1024 496 108 ) (-1024 496 0 ) (-1010 496 0 ) (-1010 496 108 ) 
4 43 74 (-1024 368 320 ) (-1024 368 512 ) (-1024 496 512 ) (-1024 496 336 ) 
4 43 45 (-1024 368 512 ) (-1024 368 320 ) (0 368 320 ) (0 368 512 ) 
4 44 73 (-1024 496 0 ) (-1024 368 0 ) (-1024 368 124 ) (-1024 496 124 ) 
4 44 72 (-1024 368 124 ) (-1024 368 303.992218 ) (-1024 496 319.992249 ) (-1024 496 124 ) 
4 44 46 (-1024 368 303.992218 ) (-1024 368 0 ) (0 368 0 ) (0 368 303.992218 ) 
4 45 74 (-1024 112 288 ) (-1024 112 512 ) (-1024 368 512 ) (-1024 368 320 ) 
4 45 56 (0 112 288 ) (0 112 512 ) (-1024 112 512 ) (-1024 112 288 ) 
4 45 54 (-796 112 288 ) (-988 112 288 ) (-988 368 320 ) (-796 368 320 ) 
4 45 51 (-476 112 288 ) (-668 112 288 ) (-668 368 320 ) (-476 368 320 ) 
4 45 48 (-156 112 288 ) (-348 112 288 ) (-348 368 320 ) (-156 368 320 ) 
4 46 73 (-1024 368 0 ) (-1024 112 0 ) (-1024 112 124 ) (-1024 368 124 ) 
4 46 72 (-1024 112 124 ) (-1024 112 271.992218 ) (-1024 368 303.992218 ) (-1024 368 124 ) 
4 46 59 (-692 368 0 ) (-628 368 0 ) (-628 112 0 ) (-692 112 0 ) 
4 46 58 (-296 368 0 ) (-232 368 0 ) (-232 112 0 ) (-296 112 0 ) 
4 46 57 (-1024 112 0 ) (0 112 0 ) (0 112 271.992218 ) (-1024 112 271.992218 ) 
4 46 53 (-796 368 303.992676 ) (-988 368 303.992676 ) (-988 112 271.992676 ) (-796 112 271.992676 ) 
4 46 50 (-476 368 303.992676 ) (-668 368 303.992676 ) (-668 112 271.992676 ) (-476 112 271.992676 ) 
4 46 47 (-156 368 303.992676 ) (-348 368 303.992676 ) (-348 112 271.992676 ) (-156 112 271.992676 ) 
4 47 49 (-348 368 312 ) (-348 112 280 ) (-156 112 280 ) (-156 368 312 ) 
4 48 49 (-348 112 284 ) (-348 368 316 ) (-156 368 316 ) (-156 112 284 ) 
4 50 52 (-668 368 312 ) (-668 112 280 ) (-476 112 280 ) (-476 368 312 ) 
4 51 52 (-668 112 284 ) (-668 368 316 ) (-476 368 316 ) (-476 112 284 ) 
4 53 55 (-988 368 312 ) (-988 112 280 ) (-796 112 280 ) (-796 368 312 ) 
4 54 55 (-988 112 284 ) (-988 368 316 ) (-796 368 316 ) (-796 112 284 ) 
4 56 77 (0 0 274 ) (0 0 512 ) (-1024 0 512 ) (-1024 0 274 ) 
4 56 74 (-1024 0 274 ) (-1024 0 512 ) (-1024 112 512 ) (-1024 112 288 ) 
4 57 78 (0 0 0 ) (0 0 257.992279 ) (-1024 0 257.992249 ) (-1024 0 0 ) 
4 57 73 (-1024 112 0 ) (-1024 0 0 ) (-1024 0 124 ) (-1024 112 124 ) 
4 57 72 (-1024 0 124 ) (-1024 0 257.992279 ) (-1024 112 271.992218 ) (-1024 112 124 ) 
4 60 71 (-1632 512 0 ) (-1152 512 0 ) (-1152 512 108 ) (-1632 512 108 ) 
4 60 70 (-1072 512 8 ) (-1072 512 12 ) (-1124 512 12 ) (-1124 512 8 ) 
4 60 66 (-1120 512 100 ) (-1120 512 12 ) (-1076 512 12 ) (-1076 512 100 ) 
4 60 65 (-1076 512 104 ) (-1120 512 104 ) (-1120 512 100 ) (-1076 512 100 ) 
4 60 64 (-1072 512 12 ) (-1072 512 104 ) (-1076 512 104 ) (-1076 512 12 ) 
4 60 69 (-1120 512 104 ) (-1124 512 104 ) (-1124 512 12 ) (-1120 512 12 ) 
4 60 63 (-1066 512 0 ) (-1024 512 0 ) (-1024 512 108 ) (-1066 512 108 ) 
4 60 61 (-1024 512 336 ) (-1024 512 512 ) (-1152 512 512 ) (-1152 512 336 ) 
4 60 62 (-1152 512 512 ) (-1632 512 512 ) (-1632 512 108 ) (-1152 512 108 ) 
4 61 75 (-1136 496 512 ) (-1152 496 512 ) (-1152 496 336 ) (-1136 496 336 ) 
4 61 74 (-1024 496 336 ) (-1024 496 512 ) (-1136 496 512 ) (-1136 496 336 ) 
4 61 62 (-1152 496 336 ) (-1152 496 512 ) (-1152 512 512 ) (-1152 512 336 ) 
4 62 76 (-1632 496 108 ) (-1152 496 108 ) (-1152 496 512 ) (-1632 496 512 ) 
4 62 71 (-1152 496 108 ) (-1632 496 108 ) (-1632 512 108 ) (-1152 512 108 ) 
4 63 73 (-1066 496 0 ) (-1024 496 0 ) (-1024 496 108 ) (-1066 496 108 ) 
4 64 73 (-1072 496 12 ) (-1072 496 104 ) (-1076 496 104 ) (-1076 496 12 ) 
4 64 70 (-1076 512 12 ) (-1072 512 12 ) (-1072 496 12 ) (-1076 496 12 ) 
4 64 67 (-1076 508 12 ) (-1076 500 12 ) (-1076 500 100 ) (-1076 508 100 ) 
4 64 66 (-1076 512 12 ) (-1076 508 12 ) (-1076 508 100 ) (-1076 512 100 ) 
4 64 68 (-1076 500 12 ) (-1076 496 12 ) (-1076 496 100 ) (-1076 500 100 ) 
4 64 65 (-1076 496 100 ) (-1076 496 104 ) (-1076 512 104 ) (-1076 512 100 ) 
4 65 73 (-1076 496 104 ) (-1120 496 104 ) (-1120 496 100 ) (-1076 496 100 ) 
4 65 67 (-1120 500 100 ) (-1120 508 100 ) (-1076 508 100 ) (-1076 500 100 ) 
4 65 66 (-1120 508 100 ) (-1120 512 100 ) (-1076 512 100 ) (-1076 508 100 ) 
4 65 68 (-1120 496 100 ) (-1120 500 100 ) (-1076 500 100 ) (-1076 496 100 ) 
4 65 69 (-1120 496 100 ) (-1120 496 104 ) (-1120 512 104 ) (-1120 512 100 ) 
4 66 70 (-1120 512 12 ) (-1076 512 12 ) (-1076 508 12 ) (-1120 508 12 ) 
4 66 69 (-1120 512 12 ) (-1120 508 12 ) (-1120 508 100 ) (-1120 512 100 ) 
4 66 67 (-1076 508 12 ) (-1076 508 100 ) (-1120 508 100 ) (-1120 508 12 ) 
4 67 70 (-1076 508 12 ) (-1076 500 12 ) (-1120 500 12 ) (-1120 508 12 ) 
4 67 68 (-1076 500 12 ) (-1076 500 100 ) (-1120 500 100 ) (-1120 500 12 ) 
4 67 69 (-1120 508 12 ) (-1120 500 12 ) (-1120 500 100 ) (-1120 508 100 ) 
4 68 73 (-1120 496 100 ) (-1120 496 12 ) (-1076 496 12 ) (-1076 496 100 ) 
4 68 70 (-1076 500 12 ) (-1076 496 12 ) (-1120 496 12 ) (-1120 500 12 ) 
4 68 69 (-1120 500 12 ) (-1120 496 12 ) (-1120 496 100 ) (-1120 500 100 ) 
4 69 73 (-1120 496 104 ) (-1124 496 104 ) (-1124 496 12 ) (-1120 496 12 ) 
4 69 70 (-1124 496 12 ) (-1124 512 12 ) (-1120 512 12 ) (-1120 496 12 ) 
4 70 73 (-1072 496 8 ) (-1072 496 12 ) (-1124 496 12 ) (-1124 496 8 ) 
4 71 76 (-1632 496 0 ) (-1152 496 0 ) (-1152 496 108 ) (-1632 496 108 ) 
4 72 82 (-1024 0 124 ) (-1024 0 257.992249 ) (-1136 0 257.992249 ) (-1136 0 124 ) 
5 72 73 (-1024 0 124 ) (-1088 0 124 ) (-1136 48 124 ) (-1136 496 124 ) (-1024 496 124 ) 
4 73 83 (-1024 0 0 ) (-1024 0 124 ) (-1088 0 124 ) (-1088 0 0 ) 
4 74 81 (-1024 0 274 ) (-1024 0 512 ) (-1136 0 512 ) (-1136 0 274 ) 
4 74 75 (-1136 496 512 ) (-1136 496 336 ) (-1136 0 274 ) (-1136 0 512 ) 
4 75 84 (-1136 0 274 ) (-1136 0 512 ) (-1152 0 512 ) (-1152 0 274 ) 
4 75 76 (-1152 0 512 ) (-1152 496 512 ) (-1152 496 336 ) (-1152 0 274 ) 
4 76 85 (-1632 0 0 ) (-1152 0 0 ) (-1152 0 512 ) (-1632 0 512 ) 
4 77 81 (-1024 0 512 ) (-1024 0 274 ) (-1024 -16 272 ) (-1024 -16 512 ) 
4 77 79 (0 -16 272 ) (0 -16 512 ) (-1024 -16 512 ) (-1024 -16 272 ) 
4 78 83 (-1024 0 124 ) (-1024 0 0 ) (-1024 -16 0 ) (-1024 -16 124 ) 
4 78 82 (-1024 0 257.992249 ) (-1024 0 124 ) (-1024 -16 124 ) (-1024 -16 255.992264 ) 
4 79 86 (-1024 -32 272 ) (-1024 -32 512 ) (-1024 -16 512 ) (-1024 -16 272 ) 
4 79 80 (-1024 -32 512 ) (-1024 -32 272 ) (0 -32 272 ) (0 -32 512 ) 
4 80 87 (-1024 -32 0 ) (-1024 -512 0 ) (-1024 -512 512 ) (-1024 -32 512 ) 
4 81 86 (-1024 -16 272 ) (-1024 -16 512 ) (-1136 -16 512 ) (-1136 -16 272 ) 
4 81 84 (-1136 -16 272 ) (-1136 -16 512 ) (-1136 0 512 ) (-1136 0 274 ) 
4 82 83 (-1024 -16 124 ) (-1072 -16 124 ) (-1088 0 124 ) (-1024 0 124 ) 
4 84 86 (-1136 -16 272 ) (-1136 -16 512 ) (-1152 -16 512 ) (-1152 -16 272 ) 
4 84 85 (-1152 -16 272 ) (-1152 -16 512 ) (-1152 0 512 ) (-1152 0 274 ) 
4 85 88 (-1632 -16 0 ) (-1152 -16 0 ) (-1152 -16 512 ) (-1632 -16 512 ) 
4 86 88 (-1152 -32 512 ) (-1152 -16 512 ) (-1152 -16 272 ) (-1152 -32 272 ) 
4 86 87 (-1152 -32 512 ) (-1152 -32 272 ) (-1024 -32 272 ) (-1024 -32 512 ) 
4 87 88 (-1152 -512 0 ) (-1152 -512 512 ) (-1152 -32 512 ) (-1152 -32 0 ) 
