


materialPath: C:\Program Files (x86)\Steam\steamapps\common\GarrysMod\garrysmod\materials
Loading c:\users\linventif\documents\github\linventif-maps\little maps\garage\vmf\linventif_garage_v2.vmf
Can't find surfaceprop sheetrock for material PLASTER/CEILING_POPCORN02, using default
fixing up env_cubemap materials on brush sides...
0...1...2...3...4...5...6...7...8...9...100...1...2...3...4...5...6...7...8...9...10Processing areas...done (0)
Building Faces...done (0)
Chop Details...done (0)
Find Visible Detail Sides...
Merged 18 detail faces...done (0)
Merging details...done (0)
FixTjuncs...
PruneNodes...
WriteBSP...
done (0)
writing c:\users\linventif\documents\github\linventif-maps\little maps\garage\vmf\linventif_garage_v2.prt...Building visibility clusters...
done (0)
Creating default LDR cubemaps for env_cubemap using skybox materials:
   skybox/sky_day01_01*.vmt
 ! Run buildcubemaps in the engine to get the correct cube maps.
Creating default HDR cubemaps for env_cubemap using skybox materials:
   skybox/sky_day01_01*.vmt
 ! Run buildcubemaps in the engine to get the correct cube maps.
Finding displacement neighbors...
Finding lightmap sample positions...
Displacement Alpha : 0...1...2...3...4...5...6...7...8...9...10
Building Physics collision data...
done (0) (65629 bytes)
WARNING! model "models/agency/desks/officedesk01.mdl" has mismatching model version (49, expected 48)! Expect problems.
WARNING! model "models/props/de_nuke/hr_nuke/nuke_chair/nuke_chair.mdl" has mismatching model version (49, expected 48)! Expect problems.
WARNING! model "models/props_lab/freightelevatorbutton.mdl" has mismatching model version (49, expected 48)! Expect problems.
Placing detail props : 0...1...2...3...4...5...6...7...8...9...10
Compacting texture/material tables...
Reduced 498 texinfos to 240
Reduced 25 texdatas to 25 (603 bytes to 603)
Writing c:\users\linventif\documents\github\linventif-maps\little maps\garage\vmf\linventif_garage_v2.bsp
0 seconds elapsed



24 threads
reading c:\users\linventif\documents\github\linventif-maps\little maps\garage\vmf\linventif_garage_v2.bsp
reading c:\users\linventif\documents\github\linventif-maps\little maps\garage\vmf\linventif_garage_v2.prt
  89 portalclusters
 216 numportals
0...1...2...3...4...5...6...7...8...9...100...1...2...3...4...5...6...7...8...9...10Optimized: 0 visible clusters (0.00%)
Total clusters visible: 6675
Average clusters visible: 75
Building PAS...
Average clusters audible: 89
visdatasize:2901  compressed from 2848
writing c:\users\linventif\documents\github\linventif-maps\little maps\garage\vmf\linventif_garage_v2.bsp
0 seconds elapsed



[Reading texlights from 'lights.rad']
[45 texlights parsed from 'lights.rad']

Loading c:\users\linventif\documents\github\linventif-maps\little maps\garage\vmf\linventif_garage_v2.bsp
PREP OK
Warning! Invalid model version "models/agency/desks/officedesk01.mdl"
Warning! Invalid model version "models/props/de_nuke/hr_nuke/nuke_chair/nuke_chair.mdl"
Warning! Invalid model version "models/props_lab/freightelevatorbutton.mdl"
631 faces
164121 square feet [23633528.00 square inches]
0 Displacements
0 Square Feet [0.00 Square Inches]
631 patches before subdivision
11413 patches after subdivision
8 direct lights
0...1...2...3...4...5...6...7...8...9...100...1...2...3...4...5...6...7...8...9...10transfers 718169, max 355
transfer lists:   5.5 megs
0...1...2...3...4...5...6...7...8...9...10	Bounce #1 added RGB(42578, 39454, 35590)
0...1...2...3...4...5...6...7...8...9...10	Bounce #2 added RGB(9038, 8428, 7023)
0...1...2...3...4...5...6...7...8...9...10	Bounce #3 added RGB(2719, 2558, 1930)
0...1...2...3...4...5...6...7...8...9...10	Bounce #4 added RGB(892, 834, 568)
0...1...2...3...4...5...6...7...8...9...10	Bounce #5 added RGB(303, 278, 170)
0...1...2...3...4...5...6...7...8...9...10	Bounce #6 added RGB(104, 94, 51)
0...1...2...3...4...5...6...7...8...9...10	Bounce #7 added RGB(36, 32, 15)
0...1...2...3...4...5...6...7...8...9...10	Bounce #8 added RGB(12, 11, 5)
0...1...2...3...4...5...6...7...8...9...10	Bounce #9 added RGB(4, 4, 1)
0...1...2...3...4...5...6...7...8...9...10	Bounce #10 added RGB(1, 1, 0)
0...1...2...3...4...5...6...7...8...9...10	Bounce #11 added RGB(1, 0, 0)
Build Patch/Sample Hash Table(s).....Done<0.0018 sec>
0...1...2...3...4...5...6...7...8...9...10FinalLightFace Done
0 of 0 (0% of) surface lights went in leaf ambient cubes.
0...1...2...3...4...5...6...7...8...9...10Writing leaf ambient...done
Ready to Finish

Object names       Objects/Maxobjs  Memory / Maxmem  Fullness 
------------       ---------------  ---------------  -------- 
models                  16/4096          768/196608   ( 0.4%) 
brushes                166/16384        1992/196608   ( 1.0%) 
brushsides            1161/163840       9288/1310720  ( 0.7%) 
planes                 890/65536       17800/1310720  ( 1.4%) 
vertexes              1016/65536       12192/786432   ( 1.6%) 
nodes                  354/65536       11328/2097152  ( 0.5%) 
texinfos               240/12288       17280/884736   ( 2.0%) 
texdata                 25/2048          800/65536    ( 1.2%) 
dispinfos                0/0               0/0        ( 0.0%) 
disp_verts               0/0               0/0        ( 0.0%) 
disp_tris                0/0               0/0        ( 0.0%) 
disp_lmsamples           0/0               0/0        ( 0.0%) 
faces                  631/65536       35336/3670016  ( 1.0%) 
hdr faces                0/65536           0/3670016  ( 0.0%) 
origfaces              425/65536       23800/3670016  ( 0.6%) 
leaves                 371/65536       11872/2097152  ( 0.6%) 
leaffaces              768/65536        1536/131072   ( 1.2%) 
leafbrushes            308/65536         616/131072   ( 0.5%) 
areas                    2/1024           16/8192     ( 0.2%) 
surfedges             4796/512000      19184/2048000  ( 0.9%) 
edges                 2871/256000      11484/1024000  ( 1.1%) 
LDR worldlights          8/8192          704/720896   ( 0.1%) 
HDR worldlights          0/8192            0/720896   ( 0.0%) 
leafwaterdata            0/32768           0/393216   ( 0.0%) 
waterstrips             62/32768         620/327680   ( 0.2%) 
waterverts               0/65536           0/786432   ( 0.0%) 
waterindices          1086/65536        2172/131072   ( 1.7%) 
cubemapsamples           0/1024            0/16384    ( 0.0%) 
overlays                 0/1024            0/360448   ( 0.0%) 
LDR lightdata         [variable]      399292/0        ( 0.0%) 
HDR lightdata         [variable]           0/0        ( 0.0%) 
visdata               [variable]        2901/16777216 ( 0.0%) 
entdata               [variable]        9784/393216   ( 2.5%) 
LDR ambient table      371/65536        1484/262144   ( 0.6%) 
HDR ambient table      371/65536        1484/262144   ( 0.6%) 
LDR leaf ambient      1623/65536       45444/1835008  ( 2.5%) 
HDR leaf ambient       371/65536       10388/1835008  ( 0.6%) 
occluders                0/0               0/0        ( 0.0%) 
occluder polygons        0/0               0/0        ( 0.0%) 
occluder vert ind        0/0               0/0        ( 0.0%) 
detail props          [variable]           1/12       ( 8.3%) 
static props          [variable]           1/4084     ( 0.0%) 
pakfile               [variable]      105707/0        ( 0.0%) 
physics               [variable]       65629/4194304  ( 1.6%) 
physics terrain       [variable]           2/1048576  ( 0.0%) 

Level flags = 0

Total triangle count: 1818
Writing c:\users\linventif\documents\github\linventif-maps\little maps\garage\vmf\linventif_garage_v2.bsp
2 seconds elapsed



[Reading texlights from 'lights.rad']
[45 texlights parsed from 'lights.rad']

Loading c:\users\linventif\documents\github\linventif-maps\little maps\garage\vmf\linventif_garage_v2.bsp
PREP OK
Warning! Invalid model version "models/agency/desks/officedesk01.mdl"
Warning! Invalid model version "models/props/de_nuke/hr_nuke/nuke_chair/nuke_chair.mdl"
Warning! Invalid model version "models/props_lab/freightelevatorbutton.mdl"
631 faces
164121 square feet [23633528.00 square inches]
0 Displacements
0 Square Feet [0.00 Square Inches]
631 patches before subdivision
11413 patches after subdivision
8 direct lights
0...1...2...3...4...5...6...7...8...9...100...1...2...3...4...5...6...7...8...9...10transfers 718169, max 355
transfer lists:   5.5 megs
0...1...2...3...4...5...6...7...8...9...10	Bounce #1 added RGB(42578, 39454, 35590)
0...1...2...3...4...5...6...7...8...9...10	Bounce #2 added RGB(9037, 8428, 7023)
0...1...2...3...4...5...6...7...8...9...10	Bounce #3 added RGB(2719, 2558, 1930)
0...1...2...3...4...5...6...7...8...9...10	Bounce #4 added RGB(892, 834, 568)
0...1...2...3...4...5...6...7...8...9...10	Bounce #5 added RGB(303, 278, 170)
0...1...2...3...4...5...6...7...8...9...10	Bounce #6 added RGB(104, 94, 51)
0...1...2...3...4...5...6...7...8...9...10	Bounce #7 added RGB(36, 32, 15)
0...1...2...3...4...5...6...7...8...9...10	Bounce #8 added RGB(12, 11, 5)
0...1...2...3...4...5...6...7...8...9...10	Bounce #9 added RGB(4, 4, 1)
0...1...2...3...4...5...6...7...8...9...10	Bounce #10 added RGB(1, 1, 0)
0...1...2...3...4...5...6...7...8...9...10	Bounce #11 added RGB(1, 0, 0)
Build Patch/Sample Hash Table(s).....Done<0.0020 sec>
0...1...2...3...4...5...6...7...8...9...10FinalLightFace Done
0 of 0 (0% of) surface lights went in leaf ambient cubes.
0...1...2...3...4...5...6...7...8...9...10Writing leaf ambient...done
Ready to Finish

Object names       Objects/Maxobjs  Memory / Maxmem  Fullness 
------------       ---------------  ---------------  -------- 
models                  16/4096          768/196608   ( 0.4%) 
brushes                166/16384        1992/196608   ( 1.0%) 
brushsides            1161/163840       9288/1310720  ( 0.7%) 
planes                 890/65536       17800/1310720  ( 1.4%) 
vertexes              1016/65536       12192/786432   ( 1.6%) 
nodes                  354/65536       11328/2097152  ( 0.5%) 
texinfos               240/12288       17280/884736   ( 2.0%) 
texdata                 25/2048          800/65536    ( 1.2%) 
dispinfos                0/0               0/0        ( 0.0%) 
disp_verts               0/0               0/0        ( 0.0%) 
disp_tris                0/0               0/0        ( 0.0%) 
disp_lmsamples           0/0               0/0        ( 0.0%) 
faces                  631/65536       35336/3670016  ( 1.0%) 
hdr faces              631/65536       35336/3670016  ( 1.0%) 
origfaces              425/65536       23800/3670016  ( 0.6%) 
leaves                 371/65536       11872/2097152  ( 0.6%) 
leaffaces              768/65536        1536/131072   ( 1.2%) 
leafbrushes            308/65536         616/131072   ( 0.5%) 
areas                    2/1024           16/8192     ( 0.2%) 
surfedges             4796/512000      19184/2048000  ( 0.9%) 
edges                 2871/256000      11484/1024000  ( 1.1%) 
LDR worldlights          8/8192          704/720896   ( 0.1%) 
HDR worldlights          8/8192          704/720896   ( 0.1%) 
leafwaterdata            0/32768           0/393216   ( 0.0%) 
waterstrips             62/32768         620/327680   ( 0.2%) 
waterverts               0/65536           0/786432   ( 0.0%) 
waterindices          1086/65536        2172/131072   ( 1.7%) 
cubemapsamples           0/1024            0/16384    ( 0.0%) 
overlays                 0/1024            0/360448   ( 0.0%) 
LDR lightdata         [variable]      399292/0        ( 0.0%) 
HDR lightdata         [variable]      399292/0        ( 0.0%) 
visdata               [variable]        2901/16777216 ( 0.0%) 
entdata               [variable]        9784/393216   ( 2.5%) 
LDR ambient table      371/65536        1484/262144   ( 0.6%) 
HDR ambient table      371/65536        1484/262144   ( 0.6%) 
LDR leaf ambient      1623/65536       45444/1835008  ( 2.5%) 
HDR leaf ambient      1623/65536       45444/1835008  ( 2.5%) 
occluders                0/0               0/0        ( 0.0%) 
occluder polygons        0/0               0/0        ( 0.0%) 
occluder vert ind        0/0               0/0        ( 0.0%) 
detail props          [variable]           1/12       ( 8.3%) 
static props          [variable]           1/4084     ( 0.0%) 
pakfile               [variable]      105707/0        ( 0.0%) 
physics               [variable]       65629/4194304  ( 1.6%) 
physics terrain       [variable]           2/1048576  ( 0.0%) 

Level flags = 0

Total triangle count: 1818
Writing c:\users\linventif\documents\github\linventif-maps\little maps\garage\vmf\linventif_garage_v2.bsp
2 seconds elapsed
