PRT1
127
330
4 0 2 (0 2048 0 ) (0 2048 736 ) (0 2432 736 ) (0 2432 0 ) 
4 0 1 (0 2048 736 ) (0 2048 0 ) (512 2048 0 ) (512 2048 736 ) 
4 1 15 (0 1024 176 ) (0 1024 0 ) (160 1024 0 ) (160 1024 176 ) 
4 1 13 (0 1024 402 ) (0 1024 176 ) (160 1024 176 ) (160 1024 402 ) 
4 1 11 (160 1024 0 ) (348 1024 0 ) (348 1024 402 ) (160 1024 402 ) 
4 1 10 (348 1024 0 ) (512 1024 0 ) (512 1024 402 ) (348 1024 402 ) 
4 1 7 (0 1024 736 ) (0 1024 402 ) (176 1024 402 ) (176 1024 736 ) 
4 1 6 (176 1024 402 ) (512 1024 402 ) (512 1024 736 ) (176 1024 736 ) 
4 1 3 (0 1024 0 ) (0 1024 736 ) (0 2048 736 ) (0 2048 0 ) 
4 2 4 (-1024 2048 0 ) (-1024 2048 736 ) (-1024 2432 736 ) (-1024 2432 0 ) 
4 2 3 (0 2048 0 ) (0 2048 736 ) (-1024 2048 736 ) (-1024 2048 0 ) 
4 3 36 (0 1024 0 ) (0 1024 736 ) (-1024 1024 736 ) (-1024 1024 0 ) 
4 3 5 (-1024 1024 0 ) (-1024 1024 736 ) (-1024 2048 736 ) (-1024 2048 0 ) 
4 4 5 (-1024 2048 0 ) (-1024 2048 736 ) (-1632 2048 736 ) (-1632 2048 0 ) 
4 5 101 (-1024 1024 0 ) (-1024 1024 736 ) (-1632 1024 736 ) (-1632 1024 0 ) 
4 6 31 (176 0 274 ) (332 0 274 ) (332 0 736 ) (176 0 736 ) 
4 6 30 (332 0 274 ) (348 0 274 ) (348 0 736 ) (332 0 736 ) 
4 6 29 (348 0 274 ) (512 0 274 ) (512 0 736 ) (348 0 736 ) 
4 6 17 (512 496 336 ) (512 0 274 ) (348 0 274 ) (348 496 336 ) 
4 6 12 (348 512 338 ) (348 496 336 ) (176 496 336 ) (176 512 338 ) 
4 6 11 (176 1024 402 ) (348 1024 402 ) (348 512 338 ) (176 512 338 ) 
4 6 10 (348 1024 402 ) (512 1024 402 ) (512 496 336 ) (348 496 336 ) 
4 6 9 (176 110 287.750000 ) (176 0 274 ) (176 0 274.356567 ) (176 110 288 ) 
3 6 8 (176 367.981140 319.997650 ) (176 110 287.750000 ) (176 110 288 ) 
5 6 7 (176 0 736 ) (176 1024 736 ) (176 1024 402 ) (176 367.981140 319.997650 ) (176 0 274.356567 ) 
4 7 78 (0 112 288.248047 ) (0 110 288 ) (0 110 736 ) (0 112 736 ) 
4 7 87 (0 110 288 ) (0 0 274.356567 ) (0 0 736 ) (0 110 736 ) 
5 7 51 (0 368 320 ) (0 367.992554 320 ) (0 112 288.248047 ) (0 112 736 ) (0 368 736 ) 
4 7 49 (0 496 336 ) (0 368 320 ) (0 368 736 ) (0 496 736 ) 
4 7 37 (0 512 338 ) (0 496 336 ) (0 496 736 ) (0 512 736 ) 
4 7 36 (0 1024 736 ) (0 1024 402 ) (0 512 338 ) (0 512 736 ) 
4 7 31 (0 0 736 ) (0 0 274.356537 ) (176 0 274.356567 ) (176 0 736 ) 
4 7 14 (0 496 336 ) (0 512 338 ) (160 512 338 ) (160 496 336 ) 
4 7 13 (0 512 338 ) (0 1024 402 ) (160 1024 402 ) (160 512 338 ) 
4 7 12 (176 512 338 ) (176 496 336 ) (160 496 336 ) (160 512 338 ) 
4 7 11 (160 1024 402 ) (176 1024 402 ) (176 512 338 ) (160 512 338 ) 
4 7 9 (176 110 288 ) (176 0 274.356110 ) (0 0 274.356110 ) (0 110 288 ) 
4 7 8 (0 367.554443 319.944244 ) (176 367.554443 319.944244 ) (176 110 288 ) (0 110 288 ) 
4 8 79 (0 112 288 ) (0 110 287.750000 ) (0 110 288 ) (0 112 288.248016 ) 
3 8 52 (0 367.992554 320 ) (0 112 288 ) (0 112 288.248016 ) 
4 8 21 (0 112 288 ) (0 368 320 ) (176 368 320 ) (176 112 288 ) 
4 8 9 (0 110 287.750000 ) (176 110 287.750000 ) (176 110 288 ) (0 110 288 ) 
4 9 87 (0 110 287.750000 ) (0 0 274 ) (0 0 274.356567 ) (0 110 288 ) 
4 9 31 (0 0 274.356537 ) (0 0 274 ) (176 0 274 ) (176 0 274.356567 ) 
4 10 17 (348 496 0 ) (512 496 0 ) (512 496 335.998047 ) (348 496 335.998047 ) 
3 10 12 (348 496 336 ) (348 512 338 ) (348 512 336 ) 
4 10 11 (348 1024 0 ) (348 512 0 ) (348 512 338 ) (348 1024 402 ) 
4 11 15 (160 1024 0 ) (160 512 0 ) (160 512 176 ) (160 1024 176 ) 
4 11 13 (160 512 176 ) (160 512 338 ) (160 1024 402 ) (160 1024 176 ) 
4 11 12 (160 512 337.996094 ) (160 512 336 ) (348 512 336 ) (348 512 338 ) 
3 12 14 (160 496 336 ) (160 512 338 ) (160 512 336 ) 
4 13 36 (0 1024 402 ) (0 1024 176 ) (0 512 176 ) (0 512 338 ) 
4 13 15 (0 1024 176 ) (160 1024 176 ) (160 512 176 ) (0 512 176 ) 
4 13 14 (160 512 336 ) (160 512 338 ) (0 512 338 ) (0 512 336 ) 
3 14 37 (0 496 336 ) (0 512 338 ) (0 512 336 ) 
4 15 36 (0 1024 176 ) (0 1024 0 ) (0 512 0 ) (0 512 176 ) 
4 15 16 (0 512 0 ) (160 512 0 ) (160 512 176 ) (0 512 176 ) 
4 16 38 (0 512 0 ) (0 496 0 ) (0 496 176 ) (0 512 176 ) 
4 16 18 (0 496 0 ) (160 496 0 ) (160 496 176 ) (0 496 176 ) 
4 17 29 (512 0 274 ) (348 0 274 ) (348 0 0 ) (512 0 0 ) 
4 18 50 (0 496 0 ) (0 368 0 ) (0 368 303.992188 ) (0 496 319.992157 ) 
4 18 20 (0 368 0 ) (176 368 0 ) (176 368 303.992188 ) (0 368 303.992188 ) 
4 18 19 (176 368 0 ) (332 368 0 ) (332 368 303.992188 ) (176 368 303.992188 ) 
4 19 22 (176 112 0 ) (332 112 0 ) (332 112 271.992249 ) (176 112 271.992218 ) 
4 19 20 (176 368 303.992188 ) (176 368 0 ) (176 112 0 ) (176 112 271.992249 ) 
4 20 60 (0 368 0 ) (0 112 0 ) (0 112 272.248077 ) (0 368 304 ) 
4 20 24 (34 368 0 ) (62 368 0 ) (62 112 0 ) (34 112 0 ) 
4 20 23 (62 368 0 ) (80 368 0 ) (80 112 0 ) (62 112 0 ) 
4 20 28 (16 368 0 ) (34 368 0 ) (34 112 0 ) (16 112 0 ) 
4 20 22 (0 112 0 ) (176 112 0 ) (176 112 271.992218 ) (0 112 271.992218 ) 
4 20 21 (0 112 272.247559 ) (176 112 272.247559 ) (176 368 304 ) (0 368 304 ) 
4 21 61 (0 112 272.248077 ) (0 112 288 ) (0 368 320 ) (0 368 304 ) 
4 22 88 (0 112 0 ) (0 0 0 ) (0 0 257.992249 ) (0 112 271.992218 ) 
4 22 32 (0 0 257.992218 ) (0 0 0 ) (332 0 0 ) (332 0 257.992249 ) 
4 23 26 (62 366 -128 ) (62 114 -128 ) (62 114 -2 ) (62 366 -2 ) 
4 23 25 (62 368 -2 ) (62 368 -128 ) (62 366 -128 ) (62 366 -2 ) 
4 23 27 (62 114 -128 ) (62 112 -128 ) (62 112 -2 ) (62 114 -2 ) 
4 23 24 (62 368 0 ) (62 368 -2 ) (62 112 -2 ) (62 112 0 ) 
4 24 26 (34 114 -2 ) (34 366 -2 ) (62 366 -2 ) (62 114 -2 ) 
4 24 25 (34 366 -2 ) (34 368 -2 ) (62 368 -2 ) (62 366 -2 ) 
4 24 27 (34 112 -2 ) (34 114 -2 ) (62 114 -2 ) (62 112 -2 ) 
4 24 28 (34 368 0 ) (34 368 -2 ) (34 112 -2 ) (34 112 0 ) 
4 25 28 (34 368 -2 ) (34 368 -128 ) (34 366 -128 ) (34 366 -2 ) 
4 25 26 (62 366 -128 ) (62 366 -2 ) (34 366 -2 ) (34 366 -128 ) 
4 26 27 (62 114 -128 ) (62 114 -2 ) (34 114 -2 ) (34 114 -128 ) 
4 26 28 (34 366 -128 ) (34 114 -128 ) (34 114 -2 ) (34 366 -2 ) 
4 27 28 (34 114 -128 ) (34 112 -128 ) (34 112 -2 ) (34 114 -2 ) 
4 29 33 (348 -16 0 ) (512 -16 0 ) (512 -16 736 ) (348 -16 736 ) 
4 29 30 (348 -16 272 ) (348 -16 736 ) (348 0 736 ) (348 0 274 ) 
4 30 34 (348 -16 272 ) (348 -16 736 ) (332 -16 736 ) (332 -16 272 ) 
4 30 31 (332 0 736 ) (332 0 274 ) (332 -16 272 ) (332 -16 736 ) 
4 31 117 (0 0 736 ) (0 0 274 ) (0 -16 272 ) (0 -16 736 ) 
4 31 34 (332 -16 272 ) (332 -16 736 ) (0 -16 736 ) (0 -16 272 ) 
4 32 118 (0 0 257.992218 ) (0 0 0 ) (0 -16 0 ) (0 -16 255.992233 ) 
4 33 34 (348 -32 736 ) (348 -16 736 ) (348 -16 272 ) (348 -32 272 ) 
4 33 35 (348 -512 0 ) (348 -512 736 ) (348 -32 736 ) (348 -32 0 ) 
4 34 119 (0 -16 736 ) (0 -16 272 ) (0 -32 272 ) (0 -32 736 ) 
4 34 35 (348 -32 272 ) (348 -32 736 ) (0 -32 736 ) (0 -32 272 ) 
4 35 120 (0 -32 0 ) (0 -512 0 ) (0 -512 272 ) (0 -32 272 ) 
4 35 119 (0 -512 272 ) (0 -512 736 ) (0 -32 736 ) (0 -32 272 ) 
4 36 101 (-1024 1024 736 ) (-1024 1024 0 ) (-1024 512 0 ) (-1024 512 736 ) 
4 36 44 (-1016 512 100 ) (-1016 512 12 ) (-972 512 12 ) (-972 512 100 ) 
4 36 43 (-972 512 104 ) (-1016 512 104 ) (-1016 512 100 ) (-972 512 100 ) 
4 36 47 (-1016 512 12 ) (-1016 512 8 ) (-972 512 8 ) (-972 512 12 ) 
4 36 42 (-968 512 8 ) (-968 512 104 ) (-972 512 104 ) (-972 512 8 ) 
4 36 48 (-1016 512 104 ) (-1020 512 104 ) (-1020 512 8 ) (-1016 512 8 ) 
4 36 41 (-788 512 0 ) (-564 512 0 ) (-564 512 2 ) (-788 512 2 ) 
4 36 40 (-564 512 2 ) (-564 512 176 ) (-788 512 176 ) (-788 512 2 ) 
4 36 39 (-396 512 0 ) (-172 512 0 ) (-172 512 176 ) (-396 512 176 ) 
4 36 38 (-64 512 0 ) (0 512 0 ) (0 512 176 ) (-64 512 176 ) 
4 36 37 (0 512 336 ) (0 512 736 ) (-1024 512 736 ) (-1024 512 336 ) 
4 37 102 (-1024 496 336 ) (-1024 496 736 ) (-1024 512 736 ) (-1024 512 336 ) 
4 37 49 (-1024 496 736 ) (-1024 496 336 ) (0 496 336 ) (0 496 736 ) 
4 38 50 (-64 496 0 ) (0 496 0 ) (0 496 176 ) (-64 496 176 ) 
4 39 50 (-396 496 0 ) (-172 496 0 ) (-172 496 176 ) (-396 496 176 ) 
4 40 50 (-564 496 2 ) (-564 496 176 ) (-788 496 176 ) (-788 496 2 ) 
4 40 41 (-788 496 2 ) (-788 512 2 ) (-564 512 2 ) (-564 496 2 ) 
4 41 50 (-788 496 0 ) (-564 496 0 ) (-564 496 2 ) (-788 496 2 ) 
4 42 50 (-968 496 8 ) (-968 496 104 ) (-972 496 104 ) (-972 496 8 ) 
4 42 45 (-972 500 100 ) (-972 508 100 ) (-972 508 12 ) (-972 500 12 ) 
4 42 44 (-972 508 100 ) (-972 512 100 ) (-972 512 12 ) (-972 508 12 ) 
4 42 46 (-972 496 12 ) (-972 496 100 ) (-972 500 100 ) (-972 500 12 ) 
4 42 43 (-972 496 100 ) (-972 496 104 ) (-972 512 104 ) (-972 512 100 ) 
4 42 47 (-972 512 8 ) (-972 496 8 ) (-972 496 12 ) (-972 512 12 ) 
4 43 50 (-972 496 104 ) (-1016 496 104 ) (-1016 496 100 ) (-972 496 100 ) 
4 43 45 (-1016 500 100 ) (-1016 508 100 ) (-972 508 100 ) (-972 500 100 ) 
4 43 44 (-1016 508 100 ) (-1016 512 100 ) (-972 512 100 ) (-972 508 100 ) 
4 43 46 (-1016 496 100 ) (-1016 500 100 ) (-972 500 100 ) (-972 496 100 ) 
4 43 48 (-1016 496 100 ) (-1016 496 104 ) (-1016 512 104 ) (-1016 512 100 ) 
4 44 47 (-1016 508 12 ) (-1016 512 12 ) (-972 512 12 ) (-972 508 12 ) 
4 44 48 (-1016 508 100 ) (-1016 512 100 ) (-1016 512 12 ) (-1016 508 12 ) 
4 44 45 (-1016 508 12 ) (-972 508 12 ) (-972 508 100 ) (-1016 508 100 ) 
4 45 46 (-1016 500 12 ) (-972 500 12 ) (-972 500 100 ) (-1016 500 100 ) 
4 45 47 (-1016 500 12 ) (-1016 508 12 ) (-972 508 12 ) (-972 500 12 ) 
4 45 48 (-1016 500 100 ) (-1016 508 100 ) (-1016 508 12 ) (-1016 500 12 ) 
4 46 50 (-1016 496 100 ) (-1016 496 12 ) (-972 496 12 ) (-972 496 100 ) 
4 46 48 (-1016 496 12 ) (-1016 496 100 ) (-1016 500 100 ) (-1016 500 12 ) 
4 46 47 (-1016 496 12 ) (-1016 500 12 ) (-972 500 12 ) (-972 496 12 ) 
4 47 50 (-1016 496 12 ) (-1016 496 8 ) (-972 496 8 ) (-972 496 12 ) 
4 47 48 (-1016 512 8 ) (-1016 496 8 ) (-1016 496 12 ) (-1016 512 12 ) 
4 48 50 (-1016 496 104 ) (-1020 496 104 ) (-1020 496 8 ) (-1016 496 8 ) 
4 49 113 (-1024 368 320 ) (-1024 368 736 ) (-1024 496 736 ) (-1024 496 336 ) 
4 49 51 (-1024 368 736 ) (-1024 368 320 ) (0 368 320 ) (0 368 736 ) 
4 50 114 (-1024 496 0 ) (-1024 368 0 ) (-1024 368 303.992218 ) (-1024 496 319.992157 ) 
4 50 77 (-1024 368 303.992188 ) (-1024 368 0 ) (-1004 368 0 ) (-1004 368 303.992188 ) 
4 50 73 (-1004 368 0 ) (-812 368 0 ) (-812 368 303.992188 ) (-1004 368 303.992188 ) 
4 50 72 (-812 368 0 ) (-684 368 0 ) (-684 368 303.992188 ) (-812 368 303.992188 ) 
4 50 68 (-684 368 0 ) (-492 368 0 ) (-492 368 303.992218 ) (-684 368 303.992188 ) 
4 50 67 (-492 368 0 ) (-364 368 0 ) (-364 368 303.992218 ) (-492 368 303.992218 ) 
4 50 63 (-364 368 0 ) (-172 368 0 ) (-172 368 303.992218 ) (-364 368 303.992218 ) 
4 50 62 (-172 368 0 ) (-16 368 0 ) (-16 368 303.992218 ) (-172 368 303.992218 ) 
4 50 60 (-16 368 0 ) (0 368 0 ) (0 368 303.992218 ) (-16 368 303.992218 ) 
4 51 113 (-1024 112 288.248047 ) (-1024 112 736 ) (-1024 368 736 ) (-1024 368 320 ) 
4 51 78 (0 112 288.248047 ) (0 112 736 ) (-1024 112 736 ) (-1024 112 288.248047 ) 
4 51 59 (-1004 112 288.247559 ) (-1024 112 288.247559 ) (-1024 367.554565 319.944275 ) (-1004 367.554565 319.944275 ) 
4 51 58 (-812 112 288.247559 ) (-1004 112 288.247559 ) (-1004 367.554565 319.944275 ) (-812 367.554565 319.944275 ) 
4 51 57 (-684 112 288.247559 ) (-812 112 288.247559 ) (-812 367.554565 319.944275 ) (-684 367.554565 319.944275 ) 
4 51 56 (-492 112 288.247559 ) (-684 112 288.247559 ) (-684 367.554565 319.944275 ) (-492 367.554565 319.944275 ) 
4 51 55 (-364 112 288.247559 ) (-492 112 288.247559 ) (-492 367.554565 319.944275 ) (-364 367.554565 319.944275 ) 
4 51 54 (-172 112 288.247559 ) (-364 112 288.247559 ) (-364 367.554565 319.944275 ) (-172 367.554565 319.944275 ) 
4 51 53 (-16 112 288.247559 ) (-172 112 288.247559 ) (-172 367.554565 319.944275 ) (-16 367.554565 319.944275 ) 
4 51 52 (0 112 288.247559 ) (-16 112 288.247559 ) (-16 367.554565 319.944275 ) (0 367.554565 319.944275 ) 
4 52 79 (0 112 288 ) (0 112 288.248047 ) (-16 112 288.248047 ) (-16 112 288 ) 
4 52 61 (0 112 288 ) (-16 112 288 ) (-16 368 320 ) (0 368 320 ) 
4 52 53 (-16 112 288.249023 ) (-16 368 320 ) (-16 368 320 ) (-16 112 288 ) 
4 53 80 (-16 112 288.248047 ) (-172 112 288.248047 ) (-172 112 288 ) (-16 112 288 ) 
4 53 54 (-172 112 288.249023 ) (-172 368 320 ) (-172 368 320 ) (-172 112 288 ) 
4 54 81 (-172 112 288.248047 ) (-364 112 288.248047 ) (-364 112 288 ) (-172 112 288 ) 
4 54 65 (-172 112 288 ) (-364 112 288 ) (-364 368 320 ) (-172 368 320 ) 
4 54 55 (-364 112 288.249023 ) (-364 368 320 ) (-364 368 320 ) (-364 112 288 ) 
4 55 82 (-364 112 288.248047 ) (-492 112 288.248047 ) (-492 112 288 ) (-364 112 288 ) 
4 55 56 (-492 112 288.249023 ) (-492 368 320 ) (-492 368 320 ) (-492 112 288 ) 
4 56 83 (-492 112 288.248047 ) (-684 112 288.248047 ) (-684 112 288 ) (-492 112 288 ) 
4 56 70 (-492 112 288 ) (-684 112 288 ) (-684 368 320 ) (-492 368 320 ) 
4 56 57 (-684 112 288.249023 ) (-684 368 320 ) (-684 368 320 ) (-684 112 288 ) 
4 57 84 (-684 112 288.248047 ) (-812 112 288.248047 ) (-812 112 288 ) (-684 112 288 ) 
4 57 58 (-812 112 288.249023 ) (-812 368 320 ) (-812 368 320 ) (-812 112 288 ) 
4 58 85 (-812 112 288.248047 ) (-1004 112 288.248047 ) (-1004 112 288 ) (-812 112 288 ) 
4 58 75 (-812 112 288 ) (-1004 112 288 ) (-1004 368 320 ) (-812 368 320 ) 
4 58 59 (-1004 112 288.249023 ) (-1004 368 320 ) (-1004 368 320 ) (-1004 112 288 ) 
3 59 113 (-1024 112 288 ) (-1024 112 288.248047 ) (-1024 368 320 ) 
4 59 86 (-1004 112 288.248047 ) (-1024 112 288.248047 ) (-1024 112 288 ) (-1004 112 288 ) 
4 60 88 (-16 112 0 ) (0 112 0 ) (0 112 271.992218 ) (-16 112 271.992218 ) 
4 60 62 (-16 112 0 ) (-16 112 271.992218 ) (-16 368 303.992188 ) (-16 368 0 ) 
4 60 61 (0 368 304 ) (-16 368 304 ) (-16 112 272.248077 ) (0 112 272.248077 ) 
4 62 88 (-172 112 0 ) (-16 112 0 ) (-16 112 271.992249 ) (-172 112 271.992218 ) 
4 62 63 (-172 112 0 ) (-172 112 271.992218 ) (-172 368 303.992188 ) (-172 368 0 ) 
4 63 90 (-294 368 0 ) (-266 368 0 ) (-266 112 0 ) (-294 112 0 ) 
4 63 94 (-312 368 0 ) (-294 368 0 ) (-294 112 0 ) (-312 112 0 ) 
4 63 89 (-266 368 0 ) (-248 368 0 ) (-248 112 0 ) (-266 112 0 ) 
4 63 88 (-364 112 0 ) (-172 112 0 ) (-172 112 271.992218 ) (-364 112 271.992218 ) 
4 63 67 (-364 112 0 ) (-364 112 271.992218 ) (-364 368 303.992188 ) (-364 368 0 ) 
4 63 64 (-364 368 304 ) (-364 112 272.248047 ) (-172 112 272.247742 ) (-172 368 304 ) 
4 64 66 (-364 368 312 ) (-364 112 280 ) (-172 112 280 ) (-172 368 312 ) 
4 65 66 (-364 112 284 ) (-364 368 316 ) (-172 368 316 ) (-172 112 284 ) 
4 67 88 (-492 112 0 ) (-364 112 0 ) (-364 112 271.992249 ) (-492 112 271.992218 ) 
4 67 68 (-492 112 0 ) (-492 112 271.992218 ) (-492 368 303.992188 ) (-492 368 0 ) 
4 68 96 (-684 368 0 ) (-662 368 0 ) (-662 112 0 ) (-684 112 0 ) 
4 68 95 (-662 368 0 ) (-644 368 0 ) (-644 112 0 ) (-662 112 0 ) 
4 68 88 (-684 112 0 ) (-492 112 0 ) (-492 112 271.992218 ) (-684 112 271.992218 ) 
4 68 72 (-684 112 0 ) (-684 112 271.992218 ) (-684 368 303.992188 ) (-684 368 0 ) 
4 68 69 (-684 368 304 ) (-684 112 272.248047 ) (-492 112 272.247742 ) (-492 368 304 ) 
4 69 71 (-684 368 312 ) (-684 112 280 ) (-492 112 280 ) (-492 368 312 ) 
4 70 71 (-684 112 284 ) (-684 368 316 ) (-492 368 316 ) (-492 112 284 ) 
4 72 96 (-690 368 0 ) (-684 368 0 ) (-684 112 0 ) (-690 112 0 ) 
4 72 100 (-708 368 0 ) (-690 368 0 ) (-690 112 0 ) (-708 112 0 ) 
4 72 88 (-812 112 0 ) (-684 112 0 ) (-684 112 271.992249 ) (-812 112 271.992218 ) 
4 72 73 (-812 112 0 ) (-812 112 271.992218 ) (-812 368 303.992188 ) (-812 368 0 ) 
4 73 88 (-1004 112 0 ) (-812 112 0 ) (-812 112 271.992218 ) (-1004 112 271.992218 ) 
4 73 77 (-1004 112 0 ) (-1004 112 271.992218 ) (-1004 368 303.992188 ) (-1004 368 0 ) 
4 73 74 (-1004 368 304 ) (-1004 112 272.248047 ) (-812 112 272.247742 ) (-812 368 304 ) 
4 74 76 (-1004 368 312 ) (-1004 112 280 ) (-812 112 280 ) (-812 368 312 ) 
4 75 76 (-1004 112 284 ) (-1004 368 316 ) (-812 368 316 ) (-812 112 284 ) 
4 77 114 (-1024 368 0 ) (-1024 112 0 ) (-1024 112 271.992249 ) (-1024 368 303.992188 ) 
4 77 88 (-1024 112 0 ) (-1004 112 0 ) (-1004 112 271.992249 ) (-1024 112 271.992218 ) 
4 78 113 (-1024 110 736 ) (-1024 112 736 ) (-1024 112 288.248047 ) (-1024 110 288 ) 
4 78 86 (-1004 110 288 ) (-1024 110 288 ) (-1024 112 288.247803 ) (-1004 112 288.247803 ) 
4 78 85 (-812 110 288 ) (-1004 110 288 ) (-1004 112 288.247803 ) (-812 112 288.247803 ) 
4 78 84 (-684 110 288 ) (-812 110 288 ) (-812 112 288.247803 ) (-684 112 288.247803 ) 
4 78 83 (-492 110 288 ) (-684 110 288 ) (-684 112 288.247803 ) (-492 112 288.247803 ) 
4 78 82 (-364 110 288 ) (-492 110 288 ) (-492 112 288.247803 ) (-364 112 288.247803 ) 
4 78 81 (-172 110 288 ) (-364 110 288 ) (-364 112 288.247803 ) (-172 112 288.247803 ) 
4 78 80 (-16 110 288 ) (-172 110 288 ) (-172 112 288.247803 ) (-16 112 288.247803 ) 
4 78 79 (0 110 288 ) (-16 110 288 ) (-16 112 288.247803 ) (0 112 288.247803 ) 
4 78 87 (0 110 288 ) (0 110 736 ) (-1024 110 736 ) (-1024 110 288 ) 
4 79 87 (-16 110 287.749939 ) (0 110 287.749939 ) (0 110 288 ) (-16 110 288 ) 
4 79 80 (-16 110 287.750000 ) (-16 110 288 ) (-16 112 288.249023 ) (-16 112 288 ) 
4 80 81 (-172 110 287.750000 ) (-172 110 288 ) (-172 112 288.249023 ) (-172 112 288 ) 
4 80 87 (-172 110 287.749939 ) (-16 110 287.749939 ) (-16 110 288 ) (-172 110 288 ) 
4 81 87 (-364 110 287.749939 ) (-172 110 287.749939 ) (-172 110 288 ) (-364 110 288 ) 
4 81 82 (-364 110 287.750000 ) (-364 110 288 ) (-364 112 288.249023 ) (-364 112 288 ) 
4 82 83 (-492 110 287.750000 ) (-492 110 288 ) (-492 112 288.249023 ) (-492 112 288 ) 
4 82 87 (-492 110 287.749939 ) (-364 110 287.749939 ) (-364 110 288 ) (-492 110 288 ) 
4 83 87 (-684 110 287.749939 ) (-492 110 287.749939 ) (-492 110 288 ) (-684 110 288 ) 
4 83 84 (-684 110 287.750000 ) (-684 110 288 ) (-684 112 288.249023 ) (-684 112 288 ) 
4 84 85 (-812 110 287.750000 ) (-812 110 288 ) (-812 112 288.249023 ) (-812 112 288 ) 
4 84 87 (-812 110 287.749939 ) (-684 110 287.749939 ) (-684 110 288 ) (-812 110 288 ) 
4 85 87 (-1004 110 287.749939 ) (-812 110 287.749939 ) (-812 110 288 ) (-1004 110 288 ) 
4 85 86 (-1004 110 287.750000 ) (-1004 110 288 ) (-1004 112 288.249023 ) (-1004 112 288 ) 
4 86 113 (-1024 112 288.248047 ) (-1024 112 288 ) (-1024 110 287.749969 ) (-1024 110 288 ) 
4 86 87 (-1024 110 287.749939 ) (-1004 110 287.749939 ) (-1004 110 288 ) (-1024 110 288 ) 
4 87 117 (0 0 274 ) (0 0 736 ) (-1024 0 736 ) (-1024 0 274 ) 
4 87 113 (-1024 0 274 ) (-1024 0 736 ) (-1024 110 736 ) (-1024 110 287.749969 ) 
4 88 118 (0 0 0 ) (0 0 257.992249 ) (-1024 0 257.992218 ) (-1024 0 0 ) 
4 88 114 (-1024 112 0 ) (-1024 0 0 ) (-1024 0 257.992249 ) (-1024 112 271.992218 ) 
4 89 92 (-266 366 -128 ) (-266 114 -128 ) (-266 114 -2 ) (-266 366 -2 ) 
4 89 91 (-266 368 -2 ) (-266 368 -128 ) (-266 366 -128 ) (-266 366 -2 ) 
4 89 93 (-266 114 -128 ) (-266 112 -128 ) (-266 112 -2 ) (-266 114 -2 ) 
4 89 90 (-266 368 0 ) (-266 368 -2 ) (-266 112 -2 ) (-266 112 0 ) 
4 90 92 (-294 114 -2 ) (-294 366 -2 ) (-266 366 -2 ) (-266 114 -2 ) 
4 90 91 (-294 366 -2 ) (-294 368 -2 ) (-266 368 -2 ) (-266 366 -2 ) 
4 90 93 (-294 112 -2 ) (-294 114 -2 ) (-266 114 -2 ) (-266 112 -2 ) 
4 90 94 (-294 368 0 ) (-294 368 -2 ) (-294 112 -2 ) (-294 112 0 ) 
4 91 94 (-294 368 -2 ) (-294 368 -128 ) (-294 366 -128 ) (-294 366 -2 ) 
4 91 92 (-266 366 -128 ) (-266 366 -2 ) (-294 366 -2 ) (-294 366 -128 ) 
4 92 93 (-266 114 -128 ) (-266 114 -2 ) (-294 114 -2 ) (-294 114 -128 ) 
4 92 94 (-294 366 -128 ) (-294 114 -128 ) (-294 114 -2 ) (-294 366 -2 ) 
4 93 94 (-294 114 -128 ) (-294 112 -128 ) (-294 112 -2 ) (-294 114 -2 ) 
4 95 99 (-662 114 -128 ) (-662 112 -128 ) (-662 112 -2 ) (-662 114 -2 ) 
4 95 98 (-662 366 -128 ) (-662 114 -128 ) (-662 114 -2 ) (-662 366 -2 ) 
4 95 97 (-662 368 -2 ) (-662 368 -128 ) (-662 366 -128 ) (-662 366 -2 ) 
4 95 96 (-662 368 0 ) (-662 368 -2 ) (-662 112 -2 ) (-662 112 0 ) 
4 96 99 (-662 112 -2 ) (-690 112 -2 ) (-690 114 -2 ) (-662 114 -2 ) 
4 96 98 (-690 114 -2 ) (-690 366 -2 ) (-662 366 -2 ) (-662 114 -2 ) 
4 96 97 (-690 366 -2 ) (-690 368 -2 ) (-662 368 -2 ) (-662 366 -2 ) 
4 96 100 (-690 368 0 ) (-690 368 -2 ) (-690 112 -2 ) (-690 112 0 ) 
4 97 98 (-662 366 -128 ) (-662 366 -2 ) (-690 366 -2 ) (-690 366 -128 ) 
4 97 100 (-690 368 -2 ) (-690 368 -128 ) (-690 366 -128 ) (-690 366 -2 ) 
4 98 100 (-690 366 -128 ) (-690 114 -128 ) (-690 114 -2 ) (-690 366 -2 ) 
4 98 99 (-662 114 -128 ) (-662 114 -2 ) (-690 114 -2 ) (-690 114 -128 ) 
4 99 100 (-690 114 -128 ) (-690 112 -128 ) (-690 112 -2 ) (-690 114 -2 ) 
4 101 112 (-1168 512 108 ) (-1632 512 108 ) (-1632 512 0 ) (-1168 512 0 ) 
4 101 107 (-1092 512 12 ) (-1092 512 100 ) (-1136 512 100 ) (-1136 512 12 ) 
4 101 106 (-1092 512 100 ) (-1092 512 104 ) (-1136 512 104 ) (-1136 512 100 ) 
4 101 110 (-1136 512 8 ) (-1092 512 8 ) (-1092 512 12 ) (-1136 512 12 ) 
4 101 105 (-1092 512 8 ) (-1088 512 8 ) (-1088 512 104 ) (-1092 512 104 ) 
4 101 111 (-1140 512 104 ) (-1140 512 8 ) (-1136 512 8 ) (-1136 512 104 ) 
4 101 104 (-1026 512 108 ) (-1082 512 108 ) (-1082 512 0 ) (-1026 512 0 ) 
4 101 102 (-1024 512 336 ) (-1024 512 736 ) (-1168 512 736 ) (-1168 512 336 ) 
4 101 103 (-1168 512 736 ) (-1632 512 736 ) (-1632 512 108 ) (-1168 512 108 ) 
4 102 115 (-1152 496 736 ) (-1168 496 736 ) (-1168 496 336 ) (-1152 496 336 ) 
4 102 113 (-1024 496 336 ) (-1024 496 736 ) (-1152 496 736 ) (-1152 496 336 ) 
4 102 103 (-1168 496 336 ) (-1168 496 736 ) (-1168 512 736 ) (-1168 512 336 ) 
4 103 116 (-1168 496 736 ) (-1632 496 736 ) (-1632 496 108 ) (-1168 496 108 ) 
4 103 112 (-1168 496 108 ) (-1632 496 108 ) (-1632 512 108 ) (-1168 512 108 ) 
4 104 114 (-1026 496 0 ) (-1026 496 108 ) (-1082 496 108 ) (-1082 496 0 ) 
4 105 114 (-1092 496 8 ) (-1088 496 8 ) (-1088 496 104 ) (-1092 496 104 ) 
4 105 108 (-1092 500 100 ) (-1092 508 100 ) (-1092 508 12 ) (-1092 500 12 ) 
4 105 107 (-1092 508 100 ) (-1092 512 100 ) (-1092 512 12 ) (-1092 508 12 ) 
4 105 109 (-1092 496 12 ) (-1092 496 100 ) (-1092 500 100 ) (-1092 500 12 ) 
4 105 106 (-1092 496 100 ) (-1092 496 104 ) (-1092 512 104 ) (-1092 512 100 ) 
4 105 110 (-1092 512 8 ) (-1092 496 8 ) (-1092 496 12 ) (-1092 512 12 ) 
4 106 114 (-1092 496 100 ) (-1092 496 104 ) (-1136 496 104 ) (-1136 496 100 ) 
4 106 108 (-1136 500 100 ) (-1136 508 100 ) (-1092 508 100 ) (-1092 500 100 ) 
4 106 107 (-1136 508 100 ) (-1136 512 100 ) (-1092 512 100 ) (-1092 508 100 ) 
4 106 109 (-1136 496 100 ) (-1136 500 100 ) (-1092 500 100 ) (-1092 496 100 ) 
4 106 111 (-1136 496 100 ) (-1136 496 104 ) (-1136 512 104 ) (-1136 512 100 ) 
4 107 110 (-1136 508 12 ) (-1136 512 12 ) (-1092 512 12 ) (-1092 508 12 ) 
4 107 111 (-1136 508 100 ) (-1136 512 100 ) (-1136 512 12 ) (-1136 508 12 ) 
4 107 108 (-1136 508 12 ) (-1092 508 12 ) (-1092 508 100 ) (-1136 508 100 ) 
4 108 109 (-1136 500 12 ) (-1092 500 12 ) (-1092 500 100 ) (-1136 500 100 ) 
4 108 110 (-1136 500 12 ) (-1136 508 12 ) (-1092 508 12 ) (-1092 500 12 ) 
4 108 111 (-1136 500 100 ) (-1136 508 100 ) (-1136 508 12 ) (-1136 500 12 ) 
4 109 114 (-1092 496 12 ) (-1092 496 100 ) (-1136 496 100 ) (-1136 496 12 ) 
4 109 111 (-1136 496 12 ) (-1136 496 100 ) (-1136 500 100 ) (-1136 500 12 ) 
4 109 110 (-1136 496 12 ) (-1136 500 12 ) (-1092 500 12 ) (-1092 496 12 ) 
4 110 114 (-1136 496 8 ) (-1092 496 8 ) (-1092 496 12 ) (-1136 496 12 ) 
4 110 111 (-1136 512 8 ) (-1136 496 8 ) (-1136 496 12 ) (-1136 512 12 ) 
4 111 114 (-1140 496 104 ) (-1140 496 8 ) (-1136 496 8 ) (-1136 496 104 ) 
4 112 116 (-1168 496 108 ) (-1632 496 108 ) (-1632 496 0 ) (-1168 496 0 ) 
4 113 121 (-1024 0 274 ) (-1024 0 736 ) (-1152 0 736 ) (-1152 0 274 ) 
4 113 115 (-1152 496 736 ) (-1152 496 336 ) (-1152 0 274 ) (-1152 0 736 ) 
4 114 122 (-1024 0 0 ) (-1024 0 257.992249 ) (-1152 0 257.992249 ) (-1152 0 0 ) 
4 115 123 (-1152 0 274 ) (-1152 0 736 ) (-1168 0 736 ) (-1168 0 274 ) 
4 115 116 (-1168 0 274 ) (-1168 0 736 ) (-1168 496 736 ) (-1168 496 336 ) 
4 116 126 (-1168 0 736 ) (-1632 0 736 ) (-1632 0 0 ) (-1168 0 0 ) 
4 117 121 (-1024 0 736 ) (-1024 0 274 ) (-1024 -16 272 ) (-1024 -16 736 ) 
4 117 119 (-1024 -16 736 ) (-1024 -16 272 ) (0 -16 272 ) (0 -16 736 ) 
4 118 122 (-1024 0 257.992218 ) (-1024 0 0 ) (-1024 -16 0 ) (-1024 -16 255.992218 ) 
4 119 124 (-1024 -32 736 ) (-1024 -16 736 ) (-1024 -16 272 ) (-1024 -32 272 ) 
4 119 125 (-1024 -512 272 ) (-1024 -512 736 ) (-1024 -32 736 ) (-1024 -32 272 ) 
4 119 120 (0 -512 272 ) (-1024 -512 272 ) (-1024 -32 272 ) (0 -32 272 ) 
4 120 125 (-1024 -32 0 ) (-1024 -512 0 ) (-1024 -512 272 ) (-1024 -32 272 ) 
4 121 124 (-1024 -16 272 ) (-1024 -16 736 ) (-1152 -16 736 ) (-1152 -16 272 ) 
4 121 123 (-1152 -16 272 ) (-1152 -16 736 ) (-1152 0 736 ) (-1152 0 274 ) 
4 123 126 (-1168 -16 272 ) (-1168 -16 736 ) (-1168 0 736 ) (-1168 0 274 ) 
4 123 124 (-1168 -16 736 ) (-1168 -16 272 ) (-1152 -16 272 ) (-1152 -16 736 ) 
4 124 126 (-1168 -32 272 ) (-1168 -32 736 ) (-1168 -16 736 ) (-1168 -16 272 ) 
4 124 125 (-1024 -32 736 ) (-1168 -32 736 ) (-1168 -32 272 ) (-1024 -32 272 ) 
4 125 126 (-1168 -32 0 ) (-1168 -512 0 ) (-1168 -512 736 ) (-1168 -32 736 ) 
