PRT1
244
790
4 0 6 (6144 15360 0 ) (6144 15360 2304 ) (6144 15584 2304 ) (6144 15584 0 ) 
4 0 3 (6144 15360 492 ) (6144 15360 0 ) (6512 15360 0 ) (6512 15360 492 ) 
4 0 2 (6512 15360 0 ) (6624 15360 0 ) (6624 15360 492 ) (6512 15360 492 ) 
4 0 1 (6144 15360 2304 ) (6144 15360 492 ) (6624 15360 492 ) (6624 15360 2304 ) 
4 1 19 (6144 14336 2304 ) (6144 14336 492 ) (6624 14336 492 ) (6624 14336 2304 ) 
4 1 7 (6144 14336 492 ) (6144 14336 2304 ) (6144 15360 2304 ) (6144 15360 492 ) 
4 1 4 (6512 14336 492 ) (6144 14336 492 ) (6144 15248 492 ) (6512 15248 492 ) 
4 1 3 (6144 15248 492 ) (6144 15360 492 ) (6512 15360 492 ) (6512 15248 492 ) 
4 1 2 (6624 14336 492 ) (6512 14336 492 ) (6512 15360 492 ) (6624 15360 492 ) 
4 2 20 (6624 14336 0 ) (6624 14336 492 ) (6512 14336 492 ) (6512 14336 0 ) 
4 2 5 (6512 15248 0 ) (6512 14336 0 ) (6512 14336 280 ) (6512 15248 280 ) 
4 2 4 (6512 14336 280 ) (6512 14336 492 ) (6512 15248 492 ) (6512 15248 280 ) 
4 2 3 (6512 15360 0 ) (6512 15248 0 ) (6512 15248 492 ) (6512 15360 492 ) 
4 3 10 (6144 15360 280 ) (6144 15360 0 ) (6144 15248 0 ) (6144 15248 280 ) 
4 3 8 (6144 15248 492 ) (6144 15360 492 ) (6144 15360 280 ) (6144 15248 280 ) 
4 3 5 (6144 15248 0 ) (6512 15248 0 ) (6512 15248 280 ) (6144 15248 280 ) 
4 3 4 (6512 15248 280 ) (6512 15248 492 ) (6144 15248 492 ) (6144 15248 280 ) 
4 4 21 (6512 14336 492 ) (6144 14336 492 ) (6144 14336 280 ) (6512 14336 280 ) 
4 4 9 (6144 14336 280 ) (6144 14336 492 ) (6144 15248 492 ) (6144 15248 280 ) 
4 4 5 (6144 15248 280 ) (6512 15248 280 ) (6512 14336 280 ) (6144 14336 280 ) 
4 5 22 (6144 14336 280 ) (6144 14336 0 ) (6512 14336 0 ) (6512 14336 280 ) 
4 5 10 (6144 14336 0 ) (6144 14336 280 ) (6144 15248 280 ) (6144 15248 0 ) 
4 6 11 (5120 15360 0 ) (5120 15360 2304 ) (5120 15584 2304 ) (5120 15584 0 ) 
4 6 10 (6144 15360 0 ) (6144 15360 280 ) (5120 15360 280 ) (5120 15360 0 ) 
4 6 8 (6144 15360 280 ) (6144 15360 492 ) (5120 15360 492 ) (5120 15360 280 ) 
4 6 7 (6144 15360 492 ) (6144 15360 2304 ) (5120 15360 2304 ) (5120 15360 492 ) 
4 7 29 (6144 14336 492 ) (6144 14336 2304 ) (5120 14336 2304 ) (5120 14336 492 ) 
4 7 13 (5120 14336 492 ) (5120 14336 2304 ) (5120 15360 2304 ) (5120 15360 492 ) 
4 7 9 (6144 14336 492 ) (5120 14336 492 ) (5120 15248 492 ) (6144 15248 492 ) 
4 7 8 (5120 15248 492 ) (5120 15360 492 ) (6144 15360 492 ) (6144 15248 492 ) 
4 8 14 (5120 15248 492 ) (5120 15360 492 ) (5120 15360 280 ) (5120 15248 280 ) 
4 8 10 (6144 15360 280 ) (6144 15248 280 ) (5120 15248 280 ) (5120 15360 280 ) 
4 8 9 (5120 15248 280 ) (6144 15248 280 ) (6144 15248 492 ) (5120 15248 492 ) 
4 9 30 (6144 14336 280 ) (6144 14336 492 ) (5120 14336 492 ) (5120 14336 280 ) 
4 9 15 (5120 14336 280 ) (5120 14336 492 ) (5120 15248 492 ) (5120 15248 280 ) 
4 9 10 (6144 15248 280 ) (6144 14336 280 ) (5120 14336 280 ) (5120 15248 280 ) 
4 10 31 (6144 14336 0 ) (6144 14336 280 ) (5120 14336 280 ) (5120 14336 0 ) 
4 10 17 (5120 14336 0 ) (5120 14336 280 ) (5120 15360 280 ) (5120 15360 0 ) 
4 11 17 (5120 15360 0 ) (5120 15360 280 ) (4096 15360 280 ) (4096 15360 0 ) 
4 11 14 (5120 15360 280 ) (5120 15360 492 ) (4688 15360 492 ) (4688 15360 280 ) 
4 11 16 (4688 15360 492 ) (4096 15360 492 ) (4096 15360 280 ) (4688 15360 280 ) 
4 11 13 (5120 15360 492 ) (5120 15360 2304 ) (4096 15360 2304 ) (4096 15360 492 ) 
4 11 12 (4096 15360 0 ) (4096 15360 2304 ) (4096 15584 2304 ) (4096 15584 0 ) 
4 12 103 (3072 15360 0 ) (3072 15360 2304 ) (3072 15584 2304 ) (3072 15584 0 ) 
4 12 18 (4096 15360 0 ) (4096 15360 2304 ) (3072 15360 2304 ) (3072 15360 0 ) 
4 13 32 (5120 14336 492 ) (5120 14336 2304 ) (4096 14336 2304 ) (4096 14336 492 ) 
4 13 18 (4096 15360 2304 ) (4096 15360 492 ) (4096 14336 492 ) (4096 14336 2304 ) 
4 13 15 (5120 15248 492 ) (5120 14336 492 ) (4688 14336 492 ) (4688 15248 492 ) 
4 13 14 (4688 15360 492 ) (5120 15360 492 ) (5120 15248 492 ) (4688 15248 492 ) 
4 13 16 (4096 15360 492 ) (4688 15360 492 ) (4688 14336 492 ) (4096 14336 492 ) 
4 14 17 (4688 15248 280 ) (4688 15360 280 ) (5120 15360 280 ) (5120 15248 280 ) 
4 14 16 (4688 15360 280 ) (4688 15248 280 ) (4688 15248 492 ) (4688 15360 492 ) 
4 14 15 (4688 15248 492 ) (4688 15248 280 ) (5120 15248 280 ) (5120 15248 492 ) 
4 15 33 (5120 14336 280 ) (5120 14336 492 ) (4688 14336 492 ) (4688 14336 280 ) 
4 15 17 (5120 14336 280 ) (4688 14336 280 ) (4688 15248 280 ) (5120 15248 280 ) 
4 15 16 (4688 15248 280 ) (4688 14336 280 ) (4688 14336 492 ) (4688 15248 492 ) 
4 16 34 (4688 14336 492 ) (4096 14336 492 ) (4096 14336 280 ) (4688 14336 280 ) 
4 16 18 (4096 15360 492 ) (4096 15360 280 ) (4096 14336 280 ) (4096 14336 492 ) 
4 16 17 (4688 14336 280 ) (4096 14336 280 ) (4096 15360 280 ) (4688 15360 280 ) 
4 17 42 (5120 14336 0 ) (5120 14336 280 ) (4096 14336 280 ) (4096 14336 0 ) 
4 17 18 (4096 15360 280 ) (4096 15360 0 ) (4096 14336 0 ) (4096 14336 280 ) 
4 18 134 (3072 14336 0 ) (3072 14336 2304 ) (3072 14560 2304 ) (3072 14560 0 ) 
4 18 133 (3072 15360 517 ) (3072 15360 0 ) (3072 14560 0 ) (3072 14560 517 ) 
4 18 131 (3072 15360 555 ) (3072 15360 517 ) (3072 14560 517 ) (3072 14560 555 ) 
4 18 112 (3072 14560 2304 ) (3072 14568 2304 ) (3072 14568 555 ) (3072 14560 555 ) 
4 18 105 (3072 14568 2304 ) (3072 15072 2304 ) (3072 15072 555 ) (3072 14568 555 ) 
4 18 104 (3072 15072 2304 ) (3072 15360 2304 ) (3072 15360 555 ) (3072 15072 555 ) 
4 18 50 (4096 14336 0 ) (4096 14336 464 ) (3072 14336 464 ) (3072 14336 0 ) 
4 18 44 (4096 14336 464 ) (4096 14336 492 ) (3264 14336 492 ) (3264 14336 464 ) 
4 18 46 (3264 14336 492 ) (3072 14336 492 ) (3072 14336 464 ) (3264 14336 464 ) 
4 18 43 (4096 14336 492 ) (4096 14336 2304 ) (3072 14336 2304 ) (3072 14336 492 ) 
4 19 29 (6144 14336 2304 ) (6144 14336 492 ) (6144 13312 492 ) (6144 13312 2304 ) 
4 19 23 (6144 13312 2304 ) (6144 13312 492 ) (6624 13312 492 ) (6624 13312 2304 ) 
4 19 21 (6512 13312 492 ) (6144 13312 492 ) (6144 14336 492 ) (6512 14336 492 ) 
4 19 20 (6624 13312 492 ) (6512 13312 492 ) (6512 14336 492 ) (6624 14336 492 ) 
4 20 24 (6624 13312 0 ) (6624 13312 492 ) (6512 13312 492 ) (6512 13312 0 ) 
4 20 22 (6512 14336 0 ) (6512 13312 0 ) (6512 13312 280 ) (6512 14336 280 ) 
4 20 21 (6512 13312 280 ) (6512 13312 492 ) (6512 14336 492 ) (6512 14336 280 ) 
4 21 30 (6144 14336 492 ) (6144 14336 280 ) (6144 13312 280 ) (6144 13312 492 ) 
4 21 25 (6512 13312 492 ) (6144 13312 492 ) (6144 13312 280 ) (6512 13312 280 ) 
4 21 22 (6144 14336 280 ) (6512 14336 280 ) (6512 13312 280 ) (6144 13312 280 ) 
4 22 31 (6144 14336 280 ) (6144 14336 0 ) (6144 13312 0 ) (6144 13312 280 ) 
4 22 26 (6144 13312 280 ) (6144 13312 0 ) (6512 13312 0 ) (6512 13312 280 ) 
4 23 51 (6144 12288 492 ) (6144 12288 2304 ) (6144 13312 2304 ) (6144 13312 492 ) 
4 23 28 (6144 12288 2304 ) (6144 12288 492 ) (6624 12288 492 ) (6624 12288 2304 ) 
4 23 25 (6144 12896 492 ) (6144 13312 492 ) (6512 13312 492 ) (6512 12896 492 ) 
4 23 27 (6512 12288 492 ) (6144 12288 492 ) (6144 12896 492 ) (6512 12896 492 ) 
4 23 24 (6624 12288 492 ) (6512 12288 492 ) (6512 13312 492 ) (6624 13312 492 ) 
4 24 28 (6512 12288 0 ) (6624 12288 0 ) (6624 12288 492 ) (6512 12288 492 ) 
4 24 26 (6512 13312 0 ) (6512 12896 0 ) (6512 12896 280 ) (6512 13312 280 ) 
4 24 25 (6512 12896 280 ) (6512 12896 492 ) (6512 13312 492 ) (6512 13312 280 ) 
4 24 27 (6512 12896 0 ) (6512 12288 0 ) (6512 12288 492 ) (6512 12896 492 ) 
4 25 57 (6144 12896 492 ) (6144 13312 492 ) (6144 13312 280 ) (6144 12896 280 ) 
4 25 27 (6512 12896 280 ) (6512 12896 492 ) (6144 12896 492 ) (6144 12896 280 ) 
4 25 26 (6512 12896 280 ) (6144 12896 280 ) (6144 13312 280 ) (6512 13312 280 ) 
4 26 67 (6144 13312 280 ) (6144 13312 0 ) (6144 12896 0 ) (6144 12896 280 ) 
4 26 27 (6144 12896 0 ) (6512 12896 0 ) (6512 12896 280 ) (6144 12896 280 ) 
4 27 67 (6144 12288 0 ) (6144 12288 280 ) (6144 12896 280 ) (6144 12896 0 ) 
4 27 59 (6144 12288 280 ) (6144 12288 492 ) (6144 12676 492 ) (6144 12676 280 ) 
4 27 58 (6144 12676 492 ) (6144 12896 492 ) (6144 12896 280 ) (6144 12676 280 ) 
4 27 28 (6144 12288 492 ) (6144 12288 0 ) (6512 12288 0 ) (6512 12288 492 ) 
4 28 215 (6624 11264 0 ) (6624 11264 2304 ) (6144 11264 2304 ) (6144 11264 0 ) 
4 28 69 (6144 11264 0 ) (6144 11264 492 ) (6144 12288 492 ) (6144 12288 0 ) 
4 28 68 (6144 11264 492 ) (6144 11264 2304 ) (6144 12288 2304 ) (6144 12288 492 ) 
4 29 52 (5568 13312 2304 ) (5504 13312 2304 ) (5504 13312 492 ) (5568 13312 492 ) 
4 29 51 (6144 13312 492 ) (6144 13312 2304 ) (5568 13312 2304 ) (5568 13312 492 ) 
4 29 56 (5504 13312 2304 ) (5120 13312 2304 ) (5120 13312 492 ) (5504 13312 492 ) 
4 29 32 (5120 14336 2304 ) (5120 14336 492 ) (5120 13312 492 ) (5120 13312 2304 ) 
4 29 30 (6144 13312 492 ) (5120 13312 492 ) (5120 14336 492 ) (6144 14336 492 ) 
4 30 57 (6144 13312 280 ) (6144 13312 492 ) (5120 13312 492 ) (5120 13312 280 ) 
4 30 40 (5120 13952 280 ) (5120 13312 280 ) (5120 13312 492 ) (5120 13952 492 ) 
4 30 38 (5120 14112 280 ) (5120 13952 280 ) (5120 13952 464 ) (5120 14112 464 ) 
4 30 35 (5120 13952 464 ) (5120 13952 492 ) (5120 14112 492 ) (5120 14112 464 ) 
4 30 33 (5120 14336 492 ) (5120 14336 280 ) (5120 14112 280 ) (5120 14112 492 ) 
4 30 31 (5120 13312 280 ) (5120 14336 280 ) (6144 14336 280 ) (6144 13312 280 ) 
4 31 67 (6144 13312 0 ) (6144 13312 280 ) (5120 13312 280 ) (5120 13312 0 ) 
4 31 42 (5120 14336 280 ) (5120 14336 0 ) (5120 13312 0 ) (5120 13312 280 ) 
4 32 72 (5120 13312 492 ) (5120 13312 2304 ) (4096 13312 2304 ) (4096 13312 492 ) 
4 32 43 (4096 13312 492 ) (4096 13312 2304 ) (4096 14336 2304 ) (4096 14336 492 ) 
4 32 41 (4688 13312 492 ) (4096 13312 492 ) (4096 13952 492 ) (4688 13952 492 ) 
4 32 40 (5120 13312 492 ) (4688 13312 492 ) (4688 13952 492 ) (5120 13952 492 ) 
4 32 36 (4688 14112 492 ) (4704 14112 492 ) (4704 13952 492 ) (4688 13952 492 ) 
4 32 35 (4704 14112 492 ) (5120 14112 492 ) (5120 13952 492 ) (4704 13952 492 ) 
4 32 37 (4096 13952 492 ) (4096 14112 492 ) (4688 14112 492 ) (4688 13952 492 ) 
4 32 34 (4096 14112 492 ) (4096 14336 492 ) (4688 14336 492 ) (4688 14112 492 ) 
4 32 33 (4688 14336 492 ) (5120 14336 492 ) (5120 14112 492 ) (4688 14112 492 ) 
4 33 42 (4688 14336 280 ) (5120 14336 280 ) (5120 14112 280 ) (4688 14112 280 ) 
4 33 38 (4688 14112 280 ) (5120 14112 280 ) (5120 14112 464 ) (4688 14112 464 ) 
4 33 36 (4704 14112 492 ) (4688 14112 492 ) (4688 14112 464 ) (4704 14112 464 ) 
4 33 35 (5120 14112 464 ) (5120 14112 492 ) (4704 14112 492 ) (4704 14112 464 ) 
4 33 34 (4688 14336 280 ) (4688 14112 280 ) (4688 14112 492 ) (4688 14336 492 ) 
4 34 50 (4096 14336 464 ) (4096 14336 280 ) (4096 14112 280 ) (4096 14112 464 ) 
4 34 44 (4096 14112 492 ) (4096 14336 492 ) (4096 14336 464 ) (4096 14112 464 ) 
4 34 42 (4096 14112 280 ) (4096 14336 280 ) (4688 14336 280 ) (4688 14112 280 ) 
4 34 39 (4096 14112 280 ) (4688 14112 280 ) (4688 14112 464 ) (4096 14112 464 ) 
4 34 37 (4688 14112 464 ) (4688 14112 492 ) (4096 14112 492 ) (4096 14112 464 ) 
4 35 40 (5120 13952 464 ) (5120 13952 492 ) (4704 13952 492 ) (4704 13952 464 ) 
4 35 38 (5120 13952 464 ) (4704 13952 464 ) (4704 14112 464 ) (5120 14112 464 ) 
4 35 36 (4704 14112 492 ) (4704 14112 464 ) (4704 13952 464 ) (4704 13952 492 ) 
4 36 40 (4704 13952 492 ) (4688 13952 492 ) (4688 13952 464 ) (4704 13952 464 ) 
4 36 38 (4704 13952 464 ) (4688 13952 464 ) (4688 14112 464 ) (4704 14112 464 ) 
4 36 37 (4688 14112 492 ) (4688 14112 464 ) (4688 13952 464 ) (4688 13952 492 ) 
4 37 45 (4096 13952 492 ) (4096 14112 492 ) (4096 14112 464 ) (4096 13952 464 ) 
4 37 41 (4688 13952 492 ) (4096 13952 492 ) (4096 13952 464 ) (4688 13952 464 ) 
4 37 39 (4688 13952 464 ) (4096 13952 464 ) (4096 14112 464 ) (4688 14112 464 ) 
4 38 42 (4688 14112 280 ) (5120 14112 280 ) (5120 13952 280 ) (4688 13952 280 ) 
4 38 40 (4688 13952 280 ) (5120 13952 280 ) (5120 13952 464 ) (4688 13952 464 ) 
4 38 39 (4688 13952 280 ) (4688 13952 464 ) (4688 14112 464 ) (4688 14112 280 ) 
4 39 50 (4096 14112 464 ) (4096 14112 280 ) (4096 13952 280 ) (4096 13952 464 ) 
4 39 42 (4096 13952 280 ) (4096 14112 280 ) (4688 14112 280 ) (4688 13952 280 ) 
4 39 41 (4096 13952 280 ) (4688 13952 280 ) (4688 13952 464 ) (4096 13952 464 ) 
4 40 73 (5120 13312 280 ) (5120 13312 492 ) (4688 13312 492 ) (4688 13312 280 ) 
4 40 42 (4688 13952 280 ) (5120 13952 280 ) (5120 13312 280 ) (4688 13312 280 ) 
4 40 41 (4688 13952 492 ) (4688 13952 280 ) (4688 13312 280 ) (4688 13312 492 ) 
4 41 77 (4688 13312 492 ) (4096 13312 492 ) (4096 13312 280 ) (4688 13312 280 ) 
4 41 50 (4096 13312 280 ) (4096 13312 464 ) (4096 13952 464 ) (4096 13952 280 ) 
4 41 47 (4096 13312 464 ) (4096 13312 492 ) (4096 13952 492 ) (4096 13952 464 ) 
4 41 42 (4096 13312 280 ) (4096 13952 280 ) (4688 13952 280 ) (4688 13312 280 ) 
4 42 78 (5120 13312 0 ) (5120 13312 280 ) (4096 13312 280 ) (4096 13312 0 ) 
4 42 50 (4096 13312 0 ) (4096 13312 280 ) (4096 14336 280 ) (4096 14336 0 ) 
4 43 192 (3072 13312 492 ) (3072 13312 2304 ) (3072 14336 2304 ) (3072 14336 492 ) 
4 43 79 (4096 13312 492 ) (4096 13312 2304 ) (3072 13312 2304 ) (3072 13312 492 ) 
4 43 48 (3776 13952 492 ) (3936 13952 492 ) (3936 13312 492 ) (3776 13312 492 ) 
4 43 47 (3936 13952 492 ) (4096 13952 492 ) (4096 13312 492 ) (3936 13312 492 ) 
4 43 49 (3072 13312 492 ) (3072 13952 492 ) (3776 13952 492 ) (3776 13312 492 ) 
4 43 45 (4096 14112 492 ) (4096 13952 492 ) (3264 13952 492 ) (3264 14112 492 ) 
4 43 44 (3264 14336 492 ) (4096 14336 492 ) (4096 14112 492 ) (3264 14112 492 ) 
4 43 46 (3072 13952 492 ) (3072 14336 492 ) (3264 14336 492 ) (3264 13952 492 ) 
4 44 50 (3264 14336 464 ) (4096 14336 464 ) (4096 14112 464 ) (3264 14112 464 ) 
4 44 46 (3264 14336 464 ) (3264 14112 464 ) (3264 14112 492 ) (3264 14336 492 ) 
4 44 45 (3264 14112 492 ) (3264 14112 464 ) (4096 14112 464 ) (4096 14112 492 ) 
4 45 50 (4096 14112 464 ) (4096 13952 464 ) (3264 13952 464 ) (3264 14112 464 ) 
4 45 48 (3776 13952 464 ) (3936 13952 464 ) (3936 13952 492 ) (3776 13952 492 ) 
4 45 47 (3936 13952 464 ) (4096 13952 464 ) (4096 13952 492 ) (3936 13952 492 ) 
4 45 49 (3264 13952 464 ) (3776 13952 464 ) (3776 13952 492 ) (3264 13952 492 ) 
4 45 46 (3264 14112 464 ) (3264 13952 464 ) (3264 13952 492 ) (3264 14112 492 ) 
4 46 192 (3072 13952 492 ) (3072 14336 492 ) (3072 14336 464 ) (3072 13952 464 ) 
4 46 50 (3072 13952 464 ) (3072 14336 464 ) (3264 14336 464 ) (3264 13952 464 ) 
4 46 49 (3072 13952 464 ) (3264 13952 464 ) (3264 13952 492 ) (3072 13952 492 ) 
4 47 80 (4096 13312 464 ) (4096 13312 492 ) (3936 13312 492 ) (3936 13312 464 ) 
4 47 50 (4096 13312 464 ) (3936 13312 464 ) (3936 13952 464 ) (4096 13952 464 ) 
4 47 48 (3936 13952 492 ) (3936 13952 464 ) (3936 13312 464 ) (3936 13312 492 ) 
4 48 81 (3936 13312 492 ) (3776 13312 492 ) (3776 13312 464 ) (3936 13312 464 ) 
4 48 50 (3936 13312 464 ) (3776 13312 464 ) (3776 13952 464 ) (3936 13952 464 ) 
4 48 49 (3776 13952 492 ) (3776 13952 464 ) (3776 13312 464 ) (3776 13312 492 ) 
4 49 192 (3072 13312 464 ) (3072 13312 492 ) (3072 13952 492 ) (3072 13952 464 ) 
4 49 82 (3776 13312 492 ) (3072 13312 492 ) (3072 13312 464 ) (3776 13312 464 ) 
4 49 50 (3776 13312 464 ) (3072 13312 464 ) (3072 13952 464 ) (3776 13952 464 ) 
4 50 192 (3072 13312 0 ) (3072 13312 464 ) (3072 14336 464 ) (3072 14336 0 ) 
4 50 83 (4096 13312 0 ) (4096 13312 464 ) (3072 13312 464 ) (3072 13312 0 ) 
4 51 68 (6144 12288 492 ) (6144 12288 2304 ) (5568 12288 2304 ) (5568 12288 492 ) 
4 51 60 (6080 12288 492 ) (5568 12288 492 ) (5568 12676 492 ) (6080 12676 492 ) 
4 51 59 (6144 12676 492 ) (6144 12288 492 ) (6080 12288 492 ) (6080 12676 492 ) 
4 51 58 (6144 12896 492 ) (6144 12676 492 ) (5568 12676 492 ) (5568 12896 492 ) 
4 51 57 (5568 13312 492 ) (6144 13312 492 ) (6144 12896 492 ) (5568 12896 492 ) 
4 51 54 (5568 12352 492 ) (5568 12340 492 ) (5568 12340 496 ) (5568 12352 496 ) 
4 51 53 (5568 12340 496 ) (5568 12340 2304 ) (5568 12352 2304 ) (5568 12352 496 ) 
4 51 52 (5568 13312 492 ) (5568 12352 492 ) (5568 12352 2304 ) (5568 13312 2304 ) 
4 51 55 (5568 12340 492 ) (5568 12288 492 ) (5568 12288 2304 ) (5568 12340 2304 ) 
4 52 61 (5568 12676 492 ) (5568 12352 492 ) (5504 12352 492 ) (5504 12676 492 ) 
4 52 58 (5568 12896 492 ) (5568 12676 492 ) (5504 12676 492 ) (5504 12896 492 ) 
4 52 57 (5504 13312 492 ) (5568 13312 492 ) (5568 12896 492 ) (5504 12896 492 ) 
4 52 54 (5504 12352 496 ) (5504 12352 492 ) (5568 12352 492 ) (5568 12352 496 ) 
4 52 53 (5504 12352 2304 ) (5504 12352 496 ) (5568 12352 496 ) (5568 12352 2304 ) 
4 52 56 (5504 13312 492 ) (5504 12352 492 ) (5504 12352 2304 ) (5504 13312 2304 ) 
4 53 56 (5504 12340 496 ) (5504 12340 2304 ) (5504 12352 2304 ) (5504 12352 496 ) 
4 53 55 (5504 12340 2304 ) (5504 12340 496 ) (5568 12340 496 ) (5568 12340 2304 ) 
4 53 54 (5568 12340 496 ) (5504 12340 496 ) (5504 12352 496 ) (5568 12352 496 ) 
4 54 62 (5568 12352 492 ) (5568 12340 492 ) (5504 12340 492 ) (5504 12352 492 ) 
4 54 56 (5504 12352 492 ) (5504 12340 492 ) (5504 12340 496 ) (5504 12352 496 ) 
4 54 55 (5504 12340 496 ) (5504 12340 492 ) (5568 12340 492 ) (5568 12340 496 ) 
4 55 68 (5568 12288 2304 ) (5504 12288 2304 ) (5504 12288 492 ) (5568 12288 492 ) 
4 55 63 (5568 12340 492 ) (5568 12288 492 ) (5504 12288 492 ) (5504 12340 492 ) 
4 55 56 (5504 12340 492 ) (5504 12288 492 ) (5504 12288 2304 ) (5504 12340 2304 ) 
4 56 72 (5120 13312 2304 ) (5120 13312 492 ) (5120 12288 492 ) (5120 12288 2304 ) 
4 56 68 (5504 12288 2304 ) (5120 12288 2304 ) (5120 12288 492 ) (5504 12288 492 ) 
4 56 64 (5120 12288 492 ) (5120 12676 492 ) (5504 12676 492 ) (5504 12288 492 ) 
4 56 58 (5120 12676 492 ) (5120 12896 492 ) (5504 12896 492 ) (5504 12676 492 ) 
4 56 57 (5120 12896 492 ) (5120 13312 492 ) (5504 13312 492 ) (5504 12896 492 ) 
4 57 73 (5120 13312 492 ) (5120 13312 280 ) (5120 12896 280 ) (5120 12896 492 ) 
4 57 67 (5120 12896 280 ) (5120 13312 280 ) (6144 13312 280 ) (6144 12896 280 ) 
4 57 58 (5120 12896 280 ) (6144 12896 280 ) (6144 12896 492 ) (5120 12896 492 ) 
4 58 74 (5120 12896 280 ) (5120 12676 280 ) (5120 12676 492 ) (5120 12896 492 ) 
4 58 67 (5120 12676 280 ) (5120 12896 280 ) (6144 12896 280 ) (6144 12676 280 ) 
4 58 66 (5120 12676 280 ) (6080 12676 280 ) (6080 12676 328 ) (5120 12676 328 ) 
4 58 65 (6080 12676 328 ) (6080 12676 480 ) (5120 12676 480 ) (5120 12676 328 ) 
4 58 61 (5568 12676 492 ) (5504 12676 492 ) (5504 12676 480 ) (5568 12676 480 ) 
4 58 60 (6080 12676 480 ) (6080 12676 492 ) (5568 12676 492 ) (5568 12676 480 ) 
4 58 64 (5504 12676 492 ) (5120 12676 492 ) (5120 12676 480 ) (5504 12676 480 ) 
4 58 59 (6080 12676 280 ) (6144 12676 280 ) (6144 12676 492 ) (6080 12676 492 ) 
4 59 69 (6144 12288 280 ) (6144 12288 492 ) (6080 12288 492 ) (6080 12288 280 ) 
4 59 67 (6144 12288 280 ) (6080 12288 280 ) (6080 12676 280 ) (6144 12676 280 ) 
4 59 66 (6080 12676 328 ) (6080 12676 280 ) (6080 12288 280 ) (6080 12288 328 ) 
4 59 65 (6080 12676 480 ) (6080 12676 328 ) (6080 12288 328 ) (6080 12288 480 ) 
4 59 60 (6080 12676 492 ) (6080 12676 480 ) (6080 12288 480 ) (6080 12288 492 ) 
4 60 70 (6080 12288 492 ) (5568 12288 492 ) (5568 12288 480 ) (6080 12288 480 ) 
4 60 65 (5568 12676 480 ) (6080 12676 480 ) (6080 12288 480 ) (5568 12288 480 ) 
4 60 62 (5568 12352 480 ) (5568 12340 480 ) (5568 12340 492 ) (5568 12352 492 ) 
4 60 61 (5568 12676 492 ) (5568 12676 480 ) (5568 12352 480 ) (5568 12352 492 ) 
4 60 63 (5568 12340 480 ) (5568 12288 480 ) (5568 12288 492 ) (5568 12340 492 ) 
4 61 65 (5504 12676 480 ) (5568 12676 480 ) (5568 12352 480 ) (5504 12352 480 ) 
4 61 64 (5504 12676 492 ) (5504 12676 480 ) (5504 12352 480 ) (5504 12352 492 ) 
4 61 62 (5504 12352 492 ) (5504 12352 480 ) (5568 12352 480 ) (5568 12352 492 ) 
4 62 65 (5568 12352 480 ) (5568 12340 480 ) (5504 12340 480 ) (5504 12352 480 ) 
4 62 63 (5504 12340 492 ) (5504 12340 480 ) (5568 12340 480 ) (5568 12340 492 ) 
4 62 64 (5504 12352 480 ) (5504 12340 480 ) (5504 12340 492 ) (5504 12352 492 ) 
4 63 70 (5568 12288 492 ) (5504 12288 492 ) (5504 12288 480 ) (5568 12288 480 ) 
4 63 65 (5568 12340 480 ) (5568 12288 480 ) (5504 12288 480 ) (5504 12340 480 ) 
4 63 64 (5504 12340 480 ) (5504 12288 480 ) (5504 12288 492 ) (5504 12340 492 ) 
4 64 75 (5120 12288 480 ) (5120 12288 492 ) (5120 12676 492 ) (5120 12676 480 ) 
4 64 70 (5504 12288 492 ) (5120 12288 492 ) (5120 12288 480 ) (5504 12288 480 ) 
4 64 65 (5120 12288 480 ) (5120 12676 480 ) (5504 12676 480 ) (5504 12288 480 ) 
4 65 75 (5120 12288 328 ) (5120 12288 480 ) (5120 12676 480 ) (5120 12676 328 ) 
4 65 70 (5120 12288 480 ) (5120 12288 328 ) (6080 12288 328 ) (6080 12288 480 ) 
4 65 66 (5120 12676 328 ) (6080 12676 328 ) (6080 12288 328 ) (5120 12288 328 ) 
4 66 76 (5120 12676 280 ) (5120 12288 280 ) (5120 12288 328 ) (5120 12676 328 ) 
4 66 71 (5120 12288 328 ) (5120 12288 280 ) (6080 12288 280 ) (6080 12288 328 ) 
4 66 67 (6080 12288 280 ) (5120 12288 280 ) (5120 12676 280 ) (6080 12676 280 ) 
4 67 78 (5120 13312 280 ) (5120 13312 0 ) (5120 12288 0 ) (5120 12288 280 ) 
4 67 71 (6080 12288 280 ) (5120 12288 280 ) (5120 12288 0 ) (6080 12288 0 ) 
4 67 69 (6144 12288 0 ) (6144 12288 280 ) (6080 12288 280 ) (6080 12288 0 ) 
4 68 217 (6144 11264 492 ) (6144 11264 2304 ) (5120 11264 2304 ) (5120 11264 492 ) 
4 68 87 (5120 11483.733398 746 ) (5120 11495.086914 746 ) (5120 11495.086914 504 ) (5120 11483.733398 504 ) 
4 68 86 (5120 11264 504 ) (5120 11264 746 ) (5120 11483.733398 746 ) (5120 11483.733398 504 ) 
4 68 85 (5120 11495.086914 746 ) (5120 12288 746 ) (5120 12288 504 ) (5120 11495.086914 504 ) 
4 68 84 (5120 11264 746 ) (5120 11264 2304 ) (5120 12288 2304 ) (5120 12288 746 ) 
4 68 89 (5120 11264 492 ) (5120 11264 504 ) (5120 12288 504 ) (5120 12288 492 ) 
4 68 70 (6080 11264 492 ) (5120 11264 492 ) (5120 12288 492 ) (6080 12288 492 ) 
4 68 69 (6144 11264 492 ) (6080 11264 492 ) (6080 12288 492 ) (6144 12288 492 ) 
4 69 217 (6144 11264 0 ) (6144 11264 492 ) (6080 11264 492 ) (6080 11264 0 ) 
4 69 71 (6080 12288 0 ) (6080 11264 0 ) (6080 11264 328 ) (6080 12288 328 ) 
4 69 70 (6080 11264 328 ) (6080 11264 492 ) (6080 12288 492 ) (6080 12288 328 ) 
4 70 217 (6080 11264 492 ) (5120 11264 492 ) (5120 11264 328 ) (6080 11264 328 ) 
4 70 90 (5120 11264 328 ) (5120 11264 492 ) (5120 12288 492 ) (5120 12288 328 ) 
4 70 71 (6080 12288 328 ) (6080 11264 328 ) (5120 11264 328 ) (5120 12288 328 ) 
4 71 217 (5120 11264 328 ) (5120 11264 0 ) (6080 11264 0 ) (6080 11264 328 ) 
4 71 91 (5120 11264 0 ) (5120 11264 328 ) (5120 12288 328 ) (5120 12288 0 ) 
4 72 85 (5120 12288 504 ) (5120 12288 746 ) (4096 12288 746 ) (4096 12288 504 ) 
4 72 84 (5120 12288 746 ) (5120 12288 2304 ) (4096 12288 2304 ) (4096 12288 746 ) 
4 72 89 (5120 12288 492 ) (5120 12288 504 ) (4096 12288 504 ) (4096 12288 492 ) 
4 72 79 (4096 13312 2304 ) (4096 13312 492 ) (4096 12288 492 ) (4096 12288 2304 ) 
4 72 75 (5120 12288 492 ) (4688 12288 492 ) (4688 12676 492 ) (5120 12676 492 ) 
4 72 74 (4688 12676 492 ) (4688 12896 492 ) (5120 12896 492 ) (5120 12676 492 ) 
4 72 73 (4688 12896 492 ) (4688 13312 492 ) (5120 13312 492 ) (5120 12896 492 ) 
4 72 77 (4688 12288 492 ) (4096 12288 492 ) (4096 13312 492 ) (4688 13312 492 ) 
4 73 78 (4688 13312 280 ) (5120 13312 280 ) (5120 12896 280 ) (4688 12896 280 ) 
4 73 74 (4688 12896 492 ) (4688 12896 280 ) (5120 12896 280 ) (5120 12896 492 ) 
4 73 77 (4688 13312 280 ) (4688 12896 280 ) (4688 12896 492 ) (4688 13312 492 ) 
4 74 78 (5120 12896 280 ) (5120 12676 280 ) (4688 12676 280 ) (4688 12896 280 ) 
4 74 76 (4688 12676 328 ) (4688 12676 280 ) (5120 12676 280 ) (5120 12676 328 ) 
4 74 75 (4688 12676 492 ) (4688 12676 328 ) (5120 12676 328 ) (5120 12676 492 ) 
4 74 77 (4688 12896 280 ) (4688 12676 280 ) (4688 12676 492 ) (4688 12896 492 ) 
4 75 90 (5120 12288 328 ) (5120 12288 492 ) (4688 12288 492 ) (4688 12288 328 ) 
4 75 77 (4688 12288 328 ) (4688 12288 492 ) (4688 12676 492 ) (4688 12676 328 ) 
4 75 76 (4688 12288 328 ) (4688 12676 328 ) (5120 12676 328 ) (5120 12288 328 ) 
4 76 91 (5120 12288 280 ) (5120 12288 328 ) (4688 12288 328 ) (4688 12288 280 ) 
4 76 78 (5120 12676 280 ) (5120 12288 280 ) (4688 12288 280 ) (4688 12676 280 ) 
4 76 77 (4688 12676 280 ) (4688 12288 280 ) (4688 12288 328 ) (4688 12676 328 ) 
4 77 92 (4688 12288 492 ) (4096 12288 492 ) (4096 12288 280 ) (4688 12288 280 ) 
4 77 83 (4096 13312 464 ) (4096 13312 280 ) (4096 12288 280 ) (4096 12288 464 ) 
4 77 80 (4096 13312 492 ) (4096 13312 464 ) (4096 12288 464 ) (4096 12288 492 ) 
4 77 78 (4096 12288 280 ) (4096 13312 280 ) (4688 13312 280 ) (4688 12288 280 ) 
4 78 92 (4688 12288 280 ) (4096 12288 280 ) (4096 12288 0 ) (4688 12288 0 ) 
4 78 91 (5120 12288 0 ) (5120 12288 280 ) (4688 12288 280 ) (4688 12288 0 ) 
4 78 83 (4096 13312 280 ) (4096 13312 0 ) (4096 12288 0 ) (4096 12288 280 ) 
4 79 195 (3072 12288 492 ) (3072 12288 2304 ) (3072 13312 2304 ) (3072 13312 492 ) 
4 79 96 (4096 12288 492 ) (4096 12288 2304 ) (3072 12288 2304 ) (3072 12288 492 ) 
4 79 81 (3936 12288 492 ) (3776 12288 492 ) (3776 13312 492 ) (3936 13312 492 ) 
4 79 80 (4096 13312 492 ) (4096 12288 492 ) (3936 12288 492 ) (3936 13312 492 ) 
4 79 82 (3776 12288 492 ) (3072 12288 492 ) (3072 13312 492 ) (3776 13312 492 ) 
4 80 97 (4096 12288 464 ) (4096 12288 492 ) (3936 12288 492 ) (3936 12288 464 ) 
4 80 83 (4096 12288 464 ) (3936 12288 464 ) (3936 13312 464 ) (4096 13312 464 ) 
4 80 81 (3936 13312 464 ) (3936 12288 464 ) (3936 12288 492 ) (3936 13312 492 ) 
4 81 98 (3936 12288 492 ) (3776 12288 492 ) (3776 12288 464 ) (3936 12288 464 ) 
4 81 83 (3936 12288 464 ) (3776 12288 464 ) (3776 13312 464 ) (3936 13312 464 ) 
4 81 82 (3776 13312 464 ) (3776 12288 464 ) (3776 12288 492 ) (3776 13312 492 ) 
4 82 195 (3072 12288 464 ) (3072 12288 492 ) (3072 13312 492 ) (3072 13312 464 ) 
4 82 99 (3776 12288 492 ) (3072 12288 492 ) (3072 12288 464 ) (3776 12288 464 ) 
4 82 83 (3776 12288 464 ) (3072 12288 464 ) (3072 13312 464 ) (3776 13312 464 ) 
4 83 195 (3072 12288 0 ) (3072 12288 464 ) (3072 13312 464 ) (3072 13312 0 ) 
4 83 102 (4096 12288 0 ) (4096 12288 464 ) (3072 12288 464 ) (3072 12288 0 ) 
4 84 218 (5120 11264 746 ) (5120 11264 2304 ) (4096 11264 2304 ) (4096 11264 746 ) 
4 84 96 (4096 12288 2304 ) (4096 12288 746 ) (4096 11264 746 ) (4096 11264 2304 ) 
4 84 88 (4899.971680 11264 746 ) (4888.603516 11264 746 ) (4908.629395 11284 746 ) (4914.290039 11278.298828 746 ) 
4 84 87 (4908.629395 11284 746 ) (5120 11495.086914 746 ) (5120 11483.733398 746 ) (4914.290039 11278.298828 746 ) 
3 84 86 (5120 11264 746 ) (4899.971680 11264 746 ) (5120 11483.733398 746 ) 
5 84 85 (4888.603516 11264 746 ) (4096 11264 746 ) (4096 12288 746 ) (5120 12288 746 ) (5120 11495.086914 746 ) 
4 85 219 (4888.603516 11264 746 ) (4096 11264 746 ) (4096 11264 504 ) (4888.603516 11264 504 ) 
4 85 96 (4096 12288 746 ) (4096 12288 504 ) (4096 11264 504 ) (4096 11264 746 ) 
4 85 88 (4888.605469 11264 504 ) (4908.630371 11283.998047 504 ) (4908.627930 11284 746 ) (4888.600586 11264 746 ) 
4 85 87 (4908.630371 11283.998047 504 ) (5120 11495.085938 504 ) (5120 11495.089844 746 ) (4908.627930 11284 746 ) 
5 85 89 (4096 12288 504 ) (5120 12288 504 ) (5120 11495.086914 504 ) (4888.603516 11264 504 ) (4096 11264 504 ) 
4 86 220 (5120 11264 504 ) (5120 11264 746 ) (4899.971680 11264 746 ) (4899.971680 11264 504 ) 
4 86 88 (4914.290039 11278.298828 504 ) (4899.972656 11264 504 ) (4899.972656 11264 746 ) (4914.290039 11278.297852 746 ) 
4 86 87 (5120 11483.734375 504 ) (4914.290039 11278.298828 504 ) (4914.290039 11278.297852 746 ) (5120 11483.733398 746 ) 
3 86 89 (5120 11483.733398 504 ) (5120 11264 504 ) (4899.971680 11264 504 ) 
4 87 89 (5120 11495.086914 504 ) (5120 11483.733398 504 ) (4914.290039 11278.298828 504 ) (4908.629395 11284 504 ) 
4 87 88 (4908.630371 11284 746 ) (4908.630371 11284 504 ) (4914.291016 11278.300781 504 ) (4914.291016 11278.300781 746 ) 
4 88 222 (4899.971680 11264 746 ) (4888.603516 11264 746 ) (4888.603516 11264 504 ) (4899.971680 11264 504 ) 
4 88 89 (4914.290039 11278.298828 504 ) (4899.971680 11264 504 ) (4888.603516 11264 504 ) (4908.629395 11284 504 ) 
4 89 223 (5120 11264 492 ) (5120 11264 504 ) (4096 11264 504 ) (4096 11264 492 ) 
4 89 96 (4096 12288 504 ) (4096 12288 492 ) (4096 11264 492 ) (4096 11264 504 ) 
4 89 93 (4688 11984 492 ) (4688 11824 492 ) (4096 11824 492 ) (4096 11984 492 ) 
4 89 92 (4096 12288 492 ) (4688 12288 492 ) (4688 11984 492 ) (4096 11984 492 ) 
4 89 95 (4688 11824 492 ) (4688 11264 492 ) (4096 11264 492 ) (4096 11824 492 ) 
4 89 90 (4688 12288 492 ) (5120 12288 492 ) (5120 11264 492 ) (4688 11264 492 ) 
4 90 223 (5120 11264 328 ) (5120 11264 492 ) (4688 11264 492 ) (4688 11264 328 ) 
4 90 94 (4688 11984 464 ) (4688 11984 328 ) (4688 11824 328 ) (4688 11824 464 ) 
4 90 93 (4688 11824 492 ) (4688 11984 492 ) (4688 11984 464 ) (4688 11824 464 ) 
4 90 92 (4688 11984 492 ) (4688 12288 492 ) (4688 12288 328 ) (4688 11984 328 ) 
4 90 95 (4688 11264 492 ) (4688 11824 492 ) (4688 11824 328 ) (4688 11264 328 ) 
4 90 91 (4688 11264 328 ) (4688 12288 328 ) (5120 12288 328 ) (5120 11264 328 ) 
4 91 223 (5120 11264 0 ) (5120 11264 328 ) (4688 11264 328 ) (4688 11264 0 ) 
4 91 94 (4688 11984 0 ) (4688 11824 0 ) (4688 11824 328 ) (4688 11984 328 ) 
4 91 92 (4688 12288 328 ) (4688 12288 0 ) (4688 11984 0 ) (4688 11984 328 ) 
4 91 95 (4688 11824 0 ) (4688 11264 0 ) (4688 11264 328 ) (4688 11824 328 ) 
4 92 102 (4096 12288 464 ) (4096 12288 0 ) (4096 11984 0 ) (4096 11984 464 ) 
4 92 97 (4096 12288 492 ) (4096 12288 464 ) (4096 11984 464 ) (4096 11984 492 ) 
4 92 94 (4096 11984 0 ) (4688 11984 0 ) (4688 11984 464 ) (4096 11984 464 ) 
4 92 93 (4688 11984 464 ) (4688 11984 492 ) (4096 11984 492 ) (4096 11984 464 ) 
4 93 100 (4096 11824 464 ) (4096 11824 492 ) (4096 11984 492 ) (4096 11984 464 ) 
4 93 95 (4688 11824 464 ) (4688 11824 492 ) (4096 11824 492 ) (4096 11824 464 ) 
4 93 94 (4688 11824 464 ) (4096 11824 464 ) (4096 11984 464 ) (4688 11984 464 ) 
4 94 102 (4096 11984 0 ) (4096 11824 0 ) (4096 11824 464 ) (4096 11984 464 ) 
4 94 95 (4096 11824 0 ) (4688 11824 0 ) (4688 11824 464 ) (4096 11824 464 ) 
4 95 223 (4688 11264 0 ) (4688 11264 492 ) (4096 11264 492 ) (4096 11264 0 ) 
4 95 102 (4096 11824 0 ) (4096 11264 0 ) (4096 11264 464 ) (4096 11824 464 ) 
4 95 101 (4096 11264 464 ) (4096 11264 492 ) (4096 11824 492 ) (4096 11824 464 ) 
4 96 224 (4096 11264 492 ) (4096 11264 2304 ) (3072 11264 2304 ) (3072 11264 492 ) 
4 96 196 (3072 11264 492 ) (3072 11264 2304 ) (3072 12288 2304 ) (3072 12288 492 ) 
4 96 101 (4096 11824 492 ) (4096 11264 492 ) (3072 11264 492 ) (3072 11824 492 ) 
4 96 100 (4096 11984 492 ) (4096 11824 492 ) (3072 11824 492 ) (3072 11984 492 ) 
4 96 98 (3936 11984 492 ) (3776 11984 492 ) (3776 12288 492 ) (3936 12288 492 ) 
4 96 97 (4096 12288 492 ) (4096 11984 492 ) (3936 11984 492 ) (3936 12288 492 ) 
4 96 99 (3776 11984 492 ) (3072 11984 492 ) (3072 12288 492 ) (3776 12288 492 ) 
4 97 102 (3936 12288 464 ) (4096 12288 464 ) (4096 11984 464 ) (3936 11984 464 ) 
4 97 100 (3936 11984 464 ) (4096 11984 464 ) (4096 11984 492 ) (3936 11984 492 ) 
4 97 98 (3936 12288 464 ) (3936 11984 464 ) (3936 11984 492 ) (3936 12288 492 ) 
4 98 102 (3776 12288 464 ) (3936 12288 464 ) (3936 11984 464 ) (3776 11984 464 ) 
4 98 100 (3776 11984 464 ) (3936 11984 464 ) (3936 11984 492 ) (3776 11984 492 ) 
4 98 99 (3776 12288 464 ) (3776 11984 464 ) (3776 11984 492 ) (3776 12288 492 ) 
4 99 197 (3072 11984 492 ) (3072 12288 492 ) (3072 12288 464 ) (3072 11984 464 ) 
4 99 102 (3072 11984 464 ) (3072 12288 464 ) (3776 12288 464 ) (3776 11984 464 ) 
4 99 100 (3072 11984 464 ) (3776 11984 464 ) (3776 11984 492 ) (3072 11984 492 ) 
4 100 198 (3072 11824 492 ) (3072 11984 492 ) (3072 11984 464 ) (3072 11824 464 ) 
4 100 102 (3072 11824 464 ) (3072 11984 464 ) (4096 11984 464 ) (4096 11824 464 ) 
4 100 101 (3072 11824 464 ) (4096 11824 464 ) (4096 11824 492 ) (3072 11824 492 ) 
4 101 224 (4096 11264 464 ) (4096 11264 492 ) (3072 11264 492 ) (3072 11264 464 ) 
4 101 199 (3072 11264 464 ) (3072 11264 492 ) (3072 11824 492 ) (3072 11824 464 ) 
4 101 102 (4096 11264 464 ) (3072 11264 464 ) (3072 11824 464 ) (4096 11824 464 ) 
4 102 224 (4096 11264 0 ) (4096 11264 464 ) (3072 11264 464 ) (3072 11264 0 ) 
4 102 204 (3072 11264 0 ) (3072 11264 464 ) (3072 12288 464 ) (3072 12288 0 ) 
4 103 135 (2048 15360 0 ) (2048 15360 2304 ) (2048 15584 2304 ) (2048 15584 0 ) 
4 103 133 (3072 15360 0 ) (3072 15360 517 ) (2048 15360 517 ) (2048 15360 0 ) 
4 103 132 (2396 15360 555 ) (2048 15360 555 ) (2048 15360 517 ) (2396 15360 517 ) 
4 103 131 (3072 15360 517 ) (3072 15360 555 ) (2396 15360 555 ) (2396 15360 517 ) 
4 103 104 (3072 15360 555 ) (3072 15360 2304 ) (2048 15360 2304 ) (2048 15360 555 ) 
4 104 137 (2048 15360 2304 ) (2048 15360 555 ) (2048 15072 555 ) (2048 15072 2304 ) 
4 104 132 (2048 15072 555 ) (2048 15360 555 ) (2396 15360 555 ) (2396 15072 555 ) 
4 104 131 (2396 15360 555 ) (3072 15360 555 ) (3072 15072 555 ) (2396 15072 555 ) 
3 104 108 (2204 15072 839 ) (2048 15072 953.005981 ) (2048 15072 724.996460 ) 
4 104 107 (2388 15072 704.531433 ) (2388 15072 2304 ) (2048 15072 2304 ) (2048 15072 953.005981 ) 
4 104 106 (2396 15072 698.684937 ) (2396 15072 2304 ) (2388 15072 2304 ) (2388 15072 704.531372 ) 
4 104 105 (2396 15072 555 ) (3072 15072 555 ) (3072 15072 2304 ) (2396 15072 2304 ) 
4 105 131 (2396 15072 555 ) (3072 15072 555 ) (3072 14568 555 ) (2396 14568 555 ) 
4 105 112 (2396 14568 555 ) (3072 14568 555 ) (3072 14568 2304 ) (2396 14568 2304 ) 
4 105 106 (2396 15072 2304 ) (2396 15072 698.684937 ) (2396 14568 698.684937 ) (2396 14568 2304 ) 
4 106 113 (2396 14568 698.684937 ) (2396 14568 2304 ) (2388 14568 2304 ) (2388 14568 704.531372 ) 
4 106 109 (2388 15064 704.531372 ) (2388 14568 704.531433 ) (2388 14568 2304 ) (2388 15064 2304 ) 
4 106 107 (2388 15072 2304 ) (2388 15072 704.531372 ) (2388 15064 704.531372 ) (2388 15064 2304 ) 
4 107 138 (2048 15064 953.005859 ) (2048 15064 2304 ) (2048 15072 2304 ) (2048 15072 953.005981 ) 
4 107 109 (2388 15064 704.531433 ) (2388 15064 2304 ) (2048 15064 2304 ) (2048 15064 953.005981 ) 
4 107 108 (2204 15064 839 ) (2048 15064 953.005676 ) (2048 15072 953.005737 ) (2204 15072 839 ) 
4 108 138 (2048 15064 724.996460 ) (2048 15064 953.005859 ) (2048 15072 953.005981 ) (2048 15072 724.996460 ) 
3 108 110 (2204 15064 839 ) (2048 15064 953.005981 ) (2048 15064 724.996460 ) 
4 109 139 (2048 14568 953.005859 ) (2048 14568 2304 ) (2048 15064 2304 ) (2048 15064 953.005859 ) 
4 109 115 (2048 14568 2304 ) (2048 14568 953.005859 ) (2062 14568 942.774536 ) (2062 14568 2304 ) 
4 109 113 (2062 14568 942.774536 ) (2388 14568 704.531494 ) (2388 14568 2304 ) (2062 14568 2304 ) 
4 109 110 (2048 15064 953.005737 ) (2204 15064 839 ) (2204 14568 839 ) (2048 14568 953.005737 ) 
4 110 139 (2048 14568 724.996460 ) (2048 14568 953.005859 ) (2048 15064 953.005859 ) (2048 15064 724.996460 ) 
4 110 115 (2048 14568 953.005859 ) (2048 14568 724.996460 ) (2062 14568 735.227539 ) (2062 14568 942.774536 ) 
3 110 114 (2062 14568 735.227539 ) (2204 14568 839 ) (2062 14568 942.774536 ) 
4 111 140 (2048 15064 555 ) (2048 14568 555 ) (2048 14568 675 ) (2048 15064 675 ) 
4 111 130 (2062 14568 555 ) (2114 14568 555 ) (2114 14568 663 ) (2062 14568 663 ) 
4 111 125 (2174 14568 663 ) (2174 14568 589 ) (2234 14568 589 ) (2234 14568 663 ) 
4 111 124 (2234 14568 665 ) (2174 14568 665 ) (2174 14568 663 ) (2234 14568 663 ) 
4 111 128 (2174 14568 589 ) (2174 14568 587 ) (2234 14568 587 ) (2234 14568 589 ) 
4 111 129 (2174 14568 665 ) (2172 14568 665 ) (2172 14568 587 ) (2174 14568 587 ) 
4 111 122 (2302 14568 665 ) (2300 14568 665 ) (2300 14568 587 ) (2302 14568 587 ) 
4 111 123 (2236 14568 665 ) (2234 14568 665 ) (2234 14568 587 ) (2236 14568 587 ) 
4 111 118 (2302 14568 663 ) (2302 14568 589 ) (2362 14568 589 ) (2362 14568 663 ) 
4 111 117 (2362 14568 665 ) (2302 14568 665 ) (2302 14568 663 ) (2362 14568 663 ) 
4 111 121 (2302 14568 589 ) (2302 14568 587 ) (2362 14568 587 ) (2362 14568 589 ) 
4 111 116 (2364 14568 665 ) (2362 14568 665 ) (2362 14568 587 ) (2364 14568 587 ) 
4 112 134 (2396 14560 555 ) (3072 14560 555 ) (3072 14560 2304 ) (2396 14560 2304 ) 
4 112 131 (3072 14560 555 ) (2396 14560 555 ) (2396 14568 555 ) (3072 14568 555 ) 
4 112 113 (2396 14568 2304 ) (2396 14568 698.684937 ) (2396 14560 698.684937 ) (2396 14560 2304 ) 
4 113 134 (2396 14560 698.684937 ) (2396 14560 2304 ) (2062 14560 2304 ) (2062 14560 942.774658 ) 
4 113 115 (2062 14560 942.774658 ) (2062 14560 2304 ) (2062 14568 2304 ) (2062 14568 942.774658 ) 
4 113 114 (2062 14560 942.773438 ) (2062 14568 942.773438 ) (2204 14568 839 ) (2204 14560 839 ) 
3 114 134 (2204 14560 839 ) (2062 14560 942.774658 ) (2062 14560 735.227478 ) 
4 114 115 (2062 14560 735.227478 ) (2062 14560 942.774658 ) (2062 14568 942.774658 ) (2062 14568 735.227478 ) 
4 115 141 (2048 14560 724.996399 ) (2048 14560 2304 ) (2048 14568 2304 ) (2048 14568 724.996338 ) 
4 115 134 (2048 14560 2304 ) (2048 14560 724.996338 ) (2062 14560 735.227478 ) (2062 14560 2304 ) 
4 116 134 (2364 14560 665 ) (2362 14560 665 ) (2362 14560 587 ) (2364 14560 587 ) 
4 116 119 (2362 14564 663 ) (2362 14566 663 ) (2362 14566 589 ) (2362 14564 589 ) 
4 116 118 (2362 14566 663 ) (2362 14568 663 ) (2362 14568 589 ) (2362 14566 589 ) 
4 116 120 (2362 14560 589 ) (2362 14560 663 ) (2362 14564 663 ) (2362 14564 589 ) 
4 116 117 (2362 14560 663 ) (2362 14560 665 ) (2362 14568 665 ) (2362 14568 663 ) 
4 116 121 (2362 14568 587 ) (2362 14560 587 ) (2362 14560 589 ) (2362 14568 589 ) 
4 117 134 (2362 14560 665 ) (2302 14560 665 ) (2302 14560 663 ) (2362 14560 663 ) 
4 117 122 (2302 14560 663 ) (2302 14560 665 ) (2302 14568 665 ) (2302 14568 663 ) 
4 117 119 (2302 14564 663 ) (2302 14566 663 ) (2362 14566 663 ) (2362 14564 663 ) 
4 117 118 (2302 14566 663 ) (2302 14568 663 ) (2362 14568 663 ) (2362 14566 663 ) 
4 117 120 (2302 14560 663 ) (2302 14564 663 ) (2362 14564 663 ) (2362 14560 663 ) 
4 118 122 (2302 14566 663 ) (2302 14568 663 ) (2302 14568 589 ) (2302 14566 589 ) 
4 118 121 (2302 14566 589 ) (2302 14568 589 ) (2362 14568 589 ) (2362 14566 589 ) 
4 118 119 (2302 14566 589 ) (2362 14566 589 ) (2362 14566 663 ) (2302 14566 663 ) 
4 119 122 (2302 14564 663 ) (2302 14566 663 ) (2302 14566 589 ) (2302 14564 589 ) 
4 119 120 (2302 14564 589 ) (2362 14564 589 ) (2362 14564 663 ) (2302 14564 663 ) 
4 119 121 (2302 14564 589 ) (2302 14566 589 ) (2362 14566 589 ) (2362 14564 589 ) 
4 120 134 (2302 14560 663 ) (2302 14560 589 ) (2362 14560 589 ) (2362 14560 663 ) 
4 120 122 (2302 14560 589 ) (2302 14560 663 ) (2302 14564 663 ) (2302 14564 589 ) 
4 120 121 (2302 14560 589 ) (2302 14564 589 ) (2362 14564 589 ) (2362 14560 589 ) 
4 121 134 (2302 14560 589 ) (2302 14560 587 ) (2362 14560 587 ) (2362 14560 589 ) 
4 121 122 (2302 14568 587 ) (2302 14560 587 ) (2302 14560 589 ) (2302 14568 589 ) 
4 122 134 (2302 14560 665 ) (2300 14560 665 ) (2300 14560 587 ) (2302 14560 587 ) 
4 123 134 (2236 14560 665 ) (2234 14560 665 ) (2234 14560 587 ) (2236 14560 587 ) 
4 123 126 (2234 14564 663 ) (2234 14566 663 ) (2234 14566 589 ) (2234 14564 589 ) 
4 123 125 (2234 14566 663 ) (2234 14568 663 ) (2234 14568 589 ) (2234 14566 589 ) 
4 123 127 (2234 14560 589 ) (2234 14560 663 ) (2234 14564 663 ) (2234 14564 589 ) 
4 123 124 (2234 14560 663 ) (2234 14560 665 ) (2234 14568 665 ) (2234 14568 663 ) 
4 123 128 (2234 14568 587 ) (2234 14560 587 ) (2234 14560 589 ) (2234 14568 589 ) 
4 124 134 (2234 14560 665 ) (2174 14560 665 ) (2174 14560 663 ) (2234 14560 663 ) 
4 124 126 (2174 14564 663 ) (2174 14566 663 ) (2234 14566 663 ) (2234 14564 663 ) 
4 124 125 (2174 14566 663 ) (2174 14568 663 ) (2234 14568 663 ) (2234 14566 663 ) 
4 124 127 (2174 14560 663 ) (2174 14564 663 ) (2234 14564 663 ) (2234 14560 663 ) 
4 124 129 (2174 14560 663 ) (2174 14560 665 ) (2174 14568 665 ) (2174 14568 663 ) 
4 125 128 (2174 14566 589 ) (2174 14568 589 ) (2234 14568 589 ) (2234 14566 589 ) 
4 125 129 (2174 14566 663 ) (2174 14568 663 ) (2174 14568 589 ) (2174 14566 589 ) 
4 125 126 (2174 14566 589 ) (2234 14566 589 ) (2234 14566 663 ) (2174 14566 663 ) 
4 126 127 (2174 14564 589 ) (2234 14564 589 ) (2234 14564 663 ) (2174 14564 663 ) 
4 126 128 (2174 14564 589 ) (2174 14566 589 ) (2234 14566 589 ) (2234 14564 589 ) 
4 126 129 (2174 14564 663 ) (2174 14566 663 ) (2174 14566 589 ) (2174 14564 589 ) 
4 127 134 (2174 14560 663 ) (2174 14560 589 ) (2234 14560 589 ) (2234 14560 663 ) 
4 127 129 (2174 14560 589 ) (2174 14560 663 ) (2174 14564 663 ) (2174 14564 589 ) 
4 127 128 (2174 14560 589 ) (2174 14564 589 ) (2234 14564 589 ) (2234 14560 589 ) 
4 128 134 (2174 14560 589 ) (2174 14560 587 ) (2234 14560 587 ) (2234 14560 589 ) 
4 128 129 (2174 14568 587 ) (2174 14560 587 ) (2174 14560 589 ) (2174 14568 589 ) 
4 129 134 (2174 14560 665 ) (2172 14560 665 ) (2172 14560 587 ) (2174 14560 587 ) 
4 130 134 (2062 14560 555 ) (2114 14560 555 ) (2114 14560 663 ) (2062 14560 663 ) 
4 131 134 (2396 14560 517 ) (3072 14560 517 ) (3072 14560 555 ) (2396 14560 555 ) 
4 131 133 (3072 14560 517 ) (2396 14560 517 ) (2396 15360 517 ) (3072 15360 517 ) 
4 131 132 (2396 15360 517 ) (2396 15072 517 ) (2396 15072 555 ) (2396 15360 555 ) 
4 132 145 (2048 15072 555 ) (2048 15360 555 ) (2048 15360 517 ) (2048 15072 517 ) 
4 132 133 (2048 15072 517 ) (2048 15360 517 ) (2396 15360 517 ) (2396 15072 517 ) 
4 133 146 (2048 14560 0 ) (2048 14560 517 ) (2048 15072 517 ) (2048 15072 0 ) 
4 133 145 (2048 15072 517 ) (2048 15360 517 ) (2048 15360 0 ) (2048 15072 0 ) 
4 133 134 (2048 14560 517 ) (2048 14560 0 ) (3072 14560 0 ) (3072 14560 517 ) 
4 134 192 (3072 14336 0 ) (3072 14336 2304 ) (2048 14336 2304 ) (2048 14336 0 ) 
4 134 147 (2048 14336 0 ) (2048 14336 555 ) (2048 14560 555 ) (2048 14560 0 ) 
4 134 144 (2048 14336 555 ) (2048 14336 2304 ) (2048 14560 2304 ) (2048 14560 555 ) 
4 135 145 (2048 15360 0 ) (2048 15360 555 ) (2012 15360 555 ) (2012 15360 0 ) 
4 135 148 (2012 15360 555 ) (1024 15360 555 ) (1024 15360 0 ) (2012 15360 0 ) 
4 135 137 (2048 15360 555 ) (2048 15360 2304 ) (1024 15360 2304 ) (1024 15360 555 ) 
4 135 136 (1024 15360 0 ) (1024 15360 2304 ) (1024 15584 2304 ) (1024 15584 0 ) 
4 136 150 (0 15360 0 ) (0 15360 2304 ) (0 15584 2304 ) (0 15584 0 ) 
4 136 149 (1024 15360 0 ) (1024 15360 2304 ) (0 15360 2304 ) (0 15360 0 ) 
4 137 149 (1024 15360 2304 ) (1024 15360 555 ) (1024 15072 555 ) (1024 15072 2304 ) 
4 137 145 (2012 15360 555 ) (2048 15360 555 ) (2048 15072 555 ) (2012 15072 555 ) 
4 137 148 (1024 15360 555 ) (2012 15360 555 ) (2012 15072 555 ) (1024 15072 555 ) 
4 137 142 (2020 15072 704.534302 ) (2020 15072 2304 ) (2012 15072 2304 ) (2012 15072 698.687988 ) 
4 137 138 (2048 15072 724.996399 ) (2048 15072 2304 ) (2020 15072 2304 ) (2020 15072 704.534424 ) 
4 137 143 (1024 15072 555 ) (2012 15072 555 ) (2012 15072 2304 ) (1024 15072 2304 ) 
4 138 142 (2020 15064 2304 ) (2020 15072 2304 ) (2020 15072 704.534424 ) (2020 15064 704.534302 ) 
4 138 139 (2020 15064 2304 ) (2020 15064 704.534424 ) (2048 15064 724.996399 ) (2048 15064 2304 ) 
4 139 142 (2020 14568 2304 ) (2020 15064 2304 ) (2020 15064 704.534302 ) (2020 14568 704.534363 ) 
4 139 141 (2020 14568 2304 ) (2020 14568 704.534302 ) (2048 14568 724.996460 ) (2048 14568 2304 ) 
4 141 144 (2048 14560 724.996399 ) (2048 14560 2304 ) (2020 14560 2304 ) (2020 14560 704.534424 ) 
4 141 142 (2020 14560 704.534302 ) (2020 14560 2304 ) (2020 14568 2304 ) (2020 14568 704.534424 ) 
4 142 144 (2020 14560 704.534302 ) (2020 14560 2304 ) (2012 14560 2304 ) (2012 14560 698.687988 ) 
4 142 143 (2012 14560 698.687988 ) (2012 14560 2304 ) (2012 15072 2304 ) (2012 15072 698.687988 ) 
4 143 149 (1024 15072 555 ) (1024 14560 555 ) (1024 14560 2304 ) (1024 15072 2304 ) 
4 143 148 (2012 14560 555 ) (1024 14560 555 ) (1024 15072 555 ) (2012 15072 555 ) 
4 143 144 (1024 14560 2304 ) (1024 14560 555 ) (2012 14560 555 ) (2012 14560 2304 ) 
4 144 193 (2048 14336 555 ) (2048 14336 2304 ) (1024 14336 2304 ) (1024 14336 555 ) 
4 144 149 (1024 14560 555 ) (1024 14336 555 ) (1024 14336 2304 ) (1024 14560 2304 ) 
4 144 147 (2048 14560 555 ) (2048 14336 555 ) (2012 14336 555 ) (2012 14560 555 ) 
4 144 148 (2012 14336 555 ) (1024 14336 555 ) (1024 14560 555 ) (2012 14560 555 ) 
4 145 146 (2012 15072 517 ) (2012 15072 0 ) (2048 15072 0 ) (2048 15072 517 ) 
4 145 148 (2012 15360 0 ) (2012 15072 0 ) (2012 15072 555 ) (2012 15360 555 ) 
4 146 148 (2012 15072 0 ) (2012 14560 0 ) (2012 14560 517 ) (2012 15072 517 ) 
4 146 147 (2012 14560 517 ) (2012 14560 0 ) (2048 14560 0 ) (2048 14560 517 ) 
4 147 193 (2048 14336 0 ) (2048 14336 555 ) (2012 14336 555 ) (2012 14336 0 ) 
4 147 148 (2012 14560 0 ) (2012 14336 0 ) (2012 14336 555 ) (2012 14560 555 ) 
4 148 193 (2012 14336 555 ) (1024 14336 555 ) (1024 14336 0 ) (2012 14336 0 ) 
4 148 149 (1024 15360 555 ) (1024 15360 0 ) (1024 14336 0 ) (1024 14336 555 ) 
4 149 194 (1024 14336 0 ) (1024 14336 2304 ) (0 14336 2304 ) (0 14336 0 ) 
4 149 151 (0 14336 0 ) (0 14336 2304 ) (0 15360 2304 ) (0 15360 0 ) 
4 150 190 (-1024 15360 0 ) (-1024 15360 2304 ) (-1024 15584 2304 ) (-1024 15584 0 ) 
4 150 189 (-1024 15360 530 ) (-1024 15360 0 ) (-28 15360 0 ) (-28 15360 530 ) 
4 150 186 (-540 15360 530 ) (-28 15360 530 ) (-28 15360 571 ) (-540 15360 571 ) 
4 150 188 (-1024 15360 571 ) (-1024 15360 530 ) (-540 15360 530 ) (-540 15360 571 ) 
4 150 152 (-28 15360 2304 ) (-1024 15360 2304 ) (-1024 15360 571 ) (-28 15360 571 ) 
4 150 151 (0 15360 0 ) (0 15360 2304 ) (-28 15360 2304 ) (-28 15360 0 ) 
4 151 209 (0 14336 0 ) (0 14336 2304 ) (-28 14336 2304 ) (-28 14336 0 ) 
4 151 189 (-28 15360 530 ) (-28 15360 0 ) (-28 14336 0 ) (-28 14336 530 ) 
4 151 186 (-28 15360 571 ) (-28 15360 530 ) (-28 15136 530 ) (-28 15136 571 ) 
4 151 187 (-28 14624 530 ) (-28 14336 530 ) (-28 14336 571 ) (-28 14624 571 ) 
4 151 184 (-28 14624 571 ) (-28 14336 571 ) (-28 14336 2304 ) (-28 14624 2304 ) 
4 151 179 (-28 14624 706.294861 ) (-28 14624 2304 ) (-28 14674 2304 ) (-28 14674 729.088623 ) 
4 151 177 (-28 14674 729.088745 ) (-28 14674 2304 ) (-28 14726 2304 ) (-28 14726 752.794800 ) 
4 151 178 (-28 14726 571 ) (-28 14674 571 ) (-28 14674 679 ) (-28 14726 679 ) 
4 151 174 (-28 14784 675 ) (-28 14786 675 ) (-28 14786 607 ) (-28 14784 607 ) 
4 151 170 (-28 14846 673 ) (-28 14846 609 ) (-28 14786 609 ) (-28 14786 673 ) 
4 151 169 (-28 14786 675 ) (-28 14846 675 ) (-28 14846 673 ) (-28 14786 673 ) 
4 151 173 (-28 14846 609 ) (-28 14846 607 ) (-28 14786 607 ) (-28 14786 609 ) 
4 151 168 (-28 14846 675 ) (-28 14848 675 ) (-28 14848 607 ) (-28 14846 607 ) 
4 151 167 (-28 15008 675 ) (-28 15010 675 ) (-28 15010 607 ) (-28 15008 607 ) 
4 151 163 (-28 15070 673 ) (-28 15070 609 ) (-28 15010 609 ) (-28 15010 673 ) 
4 151 162 (-28 15010 675 ) (-28 15070 675 ) (-28 15070 673 ) (-28 15010 673 ) 
4 151 166 (-28 15070 609 ) (-28 15070 607 ) (-28 15010 607 ) (-28 15010 609 ) 
4 151 161 (-28 15070 675 ) (-28 15072 675 ) (-28 15072 607 ) (-28 15070 607 ) 
3 151 155 (-28 14726 752.794800 ) (-28 14726 893.200012 ) (-28 14880 823 ) 
4 151 154 (-28 14726 893.200012 ) (-28 14726 2304 ) (-28 15128 2304 ) (-28 15128 709.949463 ) 
4 151 153 (-28 15128 2304 ) (-28 15136 2304 ) (-28 15136 706.302612 ) (-28 15128 709.949524 ) 
4 151 152 (-28 15360 2304 ) (-28 15360 571 ) (-28 15136 571 ) (-28 15136 2304 ) 
4 152 191 (-1024 15360 2304 ) (-1024 15360 571 ) (-1024 15136 571 ) (-1024 15136 2304 ) 
4 152 186 (-28 15360 571 ) (-28 15136 571 ) (-540 15136 571 ) (-540 15360 571 ) 
4 152 188 (-540 15136 571 ) (-1024 15136 571 ) (-1024 15360 571 ) (-540 15360 571 ) 
4 152 185 (-1024 15136 2304 ) (-1024 15136 571 ) (-540 15136 571 ) (-540 15136 2304 ) 
4 152 153 (-28 15136 706.302673 ) (-28 15136 2304 ) (-540 15136 2304 ) (-540 15136 706.302612 ) 
4 153 185 (-540 15136 2304 ) (-540 15136 706.302612 ) (-540 15128 709.949524 ) (-540 15128 2304 ) 
4 153 159 (-532 15128 2304 ) (-540 15128 2304 ) (-540 15128 709.949463 ) (-532 15128 709.949463 ) 
4 153 156 (-36 15128 2304 ) (-532 15128 2304 ) (-532 15128 709.949463 ) (-36 15128 709.949524 ) 
4 153 154 (-28 15128 709.949524 ) (-28 15128 2304 ) (-36 15128 2304 ) (-36 15128 709.949524 ) 
4 154 177 (-28 14726 893.200012 ) (-28 14726 2304 ) (-36 14726 2304 ) (-36 14726 893.199951 ) 
4 154 156 (-36 15128 2304 ) (-36 15128 709.949463 ) (-36 14726 893.200012 ) (-36 14726 2304 ) 
4 154 155 (-28 14726 893.199951 ) (-36 14726 893.199951 ) (-36 14880 823 ) (-28 14880 823 ) 
4 155 177 (-28 14726 752.794800 ) (-28 14726 893.200012 ) (-36 14726 893.199951 ) (-36 14726 752.794800 ) 
3 155 157 (-36 14726 752.794800 ) (-36 14726 893.200012 ) (-36 14880 823 ) 
4 156 180 (-36 14726 893.200134 ) (-36 14726 2304 ) (-532 14726 2304 ) (-532 14726 893.200073 ) 
4 156 159 (-532 15128 2304 ) (-532 15128 709.949585 ) (-532 14726 893.200134 ) (-532 14726 2304 ) 
4 156 157 (-532 14726 893.199951 ) (-532 14880 823 ) (-36 14880 823 ) (-36 14726 893.199646 ) 
4 157 180 (-36 14726 752.794800 ) (-36 14726 893.200134 ) (-532 14726 893.200073 ) (-532 14726 752.794800 ) 
3 157 160 (-532 14726 752.794800 ) (-532 14726 893.200134 ) (-532 14880 823 ) 
4 158 181 (-532 14726 675 ) (-36 14726 675 ) (-36 14726 691 ) (-532 14726 691 ) 
4 158 175 (-36 14726 675 ) (-532 14726 675 ) (-532 15128 675 ) (-36 15128 675 ) 
4 159 185 (-540 14726 893.200012 ) (-540 14726 2304 ) (-540 15128 2304 ) (-540 15128 709.949463 ) 
4 159 183 (-540 14726 2304 ) (-540 14726 893.199951 ) (-532 14726 893.200012 ) (-532 14726 2304 ) 
4 159 160 (-532 14880 823 ) (-532 14726 893.200073 ) (-540 14726 893.200073 ) (-540 14880 823 ) 
3 160 185 (-540 14726 752.794800 ) (-540 14726 893.200012 ) (-540 14880 823 ) 
4 160 183 (-540 14726 893.199951 ) (-540 14726 752.794800 ) (-532 14726 752.794800 ) (-532 14726 893.200012 ) 
4 161 175 (-36 15072 607 ) (-36 15070 607 ) (-36 15070 675 ) (-36 15072 675 ) 
4 161 164 (-34 15070 609 ) (-32 15070 609 ) (-32 15070 673 ) (-34 15070 673 ) 
4 161 163 (-32 15070 609 ) (-28 15070 609 ) (-28 15070 673 ) (-32 15070 673 ) 
4 161 165 (-36 15070 673 ) (-36 15070 609 ) (-34 15070 609 ) (-34 15070 673 ) 
4 161 162 (-36 15070 675 ) (-36 15070 673 ) (-28 15070 673 ) (-28 15070 675 ) 
4 161 166 (-36 15070 609 ) (-36 15070 607 ) (-28 15070 607 ) (-28 15070 609 ) 
4 162 175 (-36 15010 673 ) (-36 15010 675 ) (-36 15070 675 ) (-36 15070 673 ) 
4 162 167 (-36 15010 675 ) (-36 15010 673 ) (-28 15010 673 ) (-28 15010 675 ) 
4 162 164 (-32 15010 673 ) (-34 15010 673 ) (-34 15070 673 ) (-32 15070 673 ) 
4 162 163 (-28 15010 673 ) (-32 15010 673 ) (-32 15070 673 ) (-28 15070 673 ) 
4 162 165 (-34 15010 673 ) (-36 15010 673 ) (-36 15070 673 ) (-34 15070 673 ) 
4 163 167 (-32 15010 609 ) (-28 15010 609 ) (-28 15010 673 ) (-32 15010 673 ) 
4 163 166 (-28 15010 609 ) (-32 15010 609 ) (-32 15070 609 ) (-28 15070 609 ) 
4 163 164 (-32 15070 609 ) (-32 15010 609 ) (-32 15010 673 ) (-32 15070 673 ) 
4 164 167 (-34 15010 609 ) (-32 15010 609 ) (-32 15010 673 ) (-34 15010 673 ) 
4 164 165 (-34 15070 609 ) (-34 15010 609 ) (-34 15010 673 ) (-34 15070 673 ) 
4 164 166 (-32 15010 609 ) (-34 15010 609 ) (-34 15070 609 ) (-32 15070 609 ) 
4 165 175 (-36 15010 609 ) (-36 15010 673 ) (-36 15070 673 ) (-36 15070 609 ) 
4 165 167 (-36 15010 673 ) (-36 15010 609 ) (-34 15010 609 ) (-34 15010 673 ) 
4 165 166 (-34 15010 609 ) (-36 15010 609 ) (-36 15070 609 ) (-34 15070 609 ) 
4 166 175 (-36 15070 607 ) (-36 15010 607 ) (-36 15010 609 ) (-36 15070 609 ) 
4 166 167 (-36 15010 609 ) (-36 15010 607 ) (-28 15010 607 ) (-28 15010 609 ) 
4 167 175 (-36 15010 607 ) (-36 15008 607 ) (-36 15008 675 ) (-36 15010 675 ) 
4 168 175 (-36 14848 607 ) (-36 14846 607 ) (-36 14846 675 ) (-36 14848 675 ) 
4 168 171 (-34 14846 609 ) (-32 14846 609 ) (-32 14846 673 ) (-34 14846 673 ) 
4 168 170 (-32 14846 609 ) (-28 14846 609 ) (-28 14846 673 ) (-32 14846 673 ) 
4 168 172 (-36 14846 673 ) (-36 14846 609 ) (-34 14846 609 ) (-34 14846 673 ) 
4 168 169 (-36 14846 675 ) (-36 14846 673 ) (-28 14846 673 ) (-28 14846 675 ) 
4 168 173 (-36 14846 609 ) (-36 14846 607 ) (-28 14846 607 ) (-28 14846 609 ) 
4 169 175 (-36 14786 673 ) (-36 14786 675 ) (-36 14846 675 ) (-36 14846 673 ) 
4 169 174 (-36 14786 675 ) (-36 14786 673 ) (-28 14786 673 ) (-28 14786 675 ) 
4 169 171 (-32 14786 673 ) (-34 14786 673 ) (-34 14846 673 ) (-32 14846 673 ) 
4 169 170 (-28 14786 673 ) (-32 14786 673 ) (-32 14846 673 ) (-28 14846 673 ) 
4 169 172 (-34 14786 673 ) (-36 14786 673 ) (-36 14846 673 ) (-34 14846 673 ) 
4 170 174 (-32 14786 609 ) (-28 14786 609 ) (-28 14786 673 ) (-32 14786 673 ) 
4 170 173 (-28 14786 609 ) (-32 14786 609 ) (-32 14846 609 ) (-28 14846 609 ) 
4 170 171 (-32 14846 609 ) (-32 14786 609 ) (-32 14786 673 ) (-32 14846 673 ) 
4 171 174 (-34 14786 609 ) (-32 14786 609 ) (-32 14786 673 ) (-34 14786 673 ) 
4 171 172 (-34 14846 609 ) (-34 14786 609 ) (-34 14786 673 ) (-34 14846 673 ) 
4 171 173 (-32 14786 609 ) (-34 14786 609 ) (-34 14846 609 ) (-32 14846 609 ) 
4 172 175 (-36 14786 609 ) (-36 14786 673 ) (-36 14846 673 ) (-36 14846 609 ) 
4 172 174 (-36 14786 673 ) (-36 14786 609 ) (-34 14786 609 ) (-34 14786 673 ) 
4 172 173 (-34 14786 609 ) (-36 14786 609 ) (-36 14846 609 ) (-34 14846 609 ) 
4 173 175 (-36 14846 607 ) (-36 14786 607 ) (-36 14786 609 ) (-36 14846 609 ) 
4 173 174 (-36 14786 609 ) (-36 14786 607 ) (-28 14786 607 ) (-28 14786 609 ) 
4 174 175 (-36 14786 607 ) (-36 14784 607 ) (-36 14784 675 ) (-36 14786 675 ) 
4 175 181 (-532 14726 607 ) (-36 14726 607 ) (-36 14726 675 ) (-532 14726 675 ) 
4 175 176 (-36 14726 607 ) (-532 14726 607 ) (-532 15128 607 ) (-36 15128 607 ) 
4 176 181 (-532 14726 571 ) (-36 14726 571 ) (-36 14726 607 ) (-532 14726 607 ) 
4 177 180 (-36 14726 2304 ) (-36 14726 752.794800 ) (-36 14674 729.088745 ) (-36 14674 2304 ) 
4 177 179 (-28 14674 2304 ) (-36 14674 2304 ) (-36 14674 729.088745 ) (-28 14674 729.088745 ) 
4 178 181 (-36 14726 679 ) (-36 14726 571 ) (-36 14674 571 ) (-36 14674 679 ) 
4 179 184 (-28 14624 706.294861 ) (-28 14624 2304 ) (-36 14624 2304 ) (-36 14624 706.294922 ) 
4 179 182 (-36 14624 706.294861 ) (-36 14624 2304 ) (-36 14632 2304 ) (-36 14632 709.941895 ) 
4 179 180 (-36 14632 2304 ) (-36 14674 2304 ) (-36 14674 729.088623 ) (-36 14632 709.941895 ) 
4 180 183 (-532 14632 2304 ) (-532 14726 2304 ) (-532 14726 752.794678 ) (-532 14632 709.941833 ) 
4 180 182 (-532 14632 2304 ) (-532 14632 709.941895 ) (-36 14632 709.941833 ) (-36 14632 2304 ) 
4 182 184 (-36 14624 706.294861 ) (-36 14624 2304 ) (-532 14624 2304 ) (-532 14624 706.294922 ) 
4 182 183 (-532 14624 706.294861 ) (-532 14624 2304 ) (-532 14632 2304 ) (-532 14632 709.941772 ) 
4 183 185 (-540 14624 706.294861 ) (-540 14624 2304 ) (-540 14726 2304 ) (-540 14726 752.794556 ) 
4 183 184 (-540 14624 2304 ) (-540 14624 706.294922 ) (-532 14624 706.294861 ) (-532 14624 2304 ) 
4 184 209 (-28 14336 571 ) (-28 14336 2304 ) (-540 14336 2304 ) (-540 14336 571 ) 
4 184 187 (-28 14624 571 ) (-28 14336 571 ) (-540 14336 571 ) (-540 14624 571 ) 
4 184 185 (-540 14624 571 ) (-540 14336 571 ) (-540 14336 2304 ) (-540 14624 2304 ) 
4 185 209 (-1024 14336 2304 ) (-1024 14336 571 ) (-540 14336 571 ) (-540 14336 2304 ) 
4 185 191 (-1024 14336 571 ) (-1024 14336 2304 ) (-1024 15136 2304 ) (-1024 15136 571 ) 
4 185 188 (-540 14336 571 ) (-1024 14336 571 ) (-1024 15136 571 ) (-540 15136 571 ) 
4 186 189 (-540 15360 530 ) (-28 15360 530 ) (-28 15136 530 ) (-540 15136 530 ) 
4 186 188 (-540 15360 530 ) (-540 15136 530 ) (-540 15136 571 ) (-540 15360 571 ) 
4 187 209 (-28 14336 530 ) (-28 14336 571 ) (-540 14336 571 ) (-540 14336 530 ) 
4 187 189 (-28 14624 530 ) (-28 14336 530 ) (-540 14336 530 ) (-540 14624 530 ) 
4 187 188 (-540 14624 530 ) (-540 14336 530 ) (-540 14336 571 ) (-540 14624 571 ) 
4 188 209 (-540 14336 571 ) (-1024 14336 571 ) (-1024 14336 530 ) (-540 14336 530 ) 
4 188 191 (-1024 14336 530 ) (-1024 14336 571 ) (-1024 15360 571 ) (-1024 15360 530 ) 
4 188 189 (-1024 14336 530 ) (-1024 15360 530 ) (-540 15360 530 ) (-540 14336 530 ) 
4 189 209 (-28 14336 0 ) (-28 14336 530 ) (-1024 14336 530 ) (-1024 14336 0 ) 
4 189 191 (-1024 14336 0 ) (-1024 14336 530 ) (-1024 15360 530 ) (-1024 15360 0 ) 
4 190 191 (-1024 15360 0 ) (-1024 15360 2304 ) (-1280 15360 2304 ) (-1280 15360 0 ) 
4 191 210 (-1024 14336 0 ) (-1024 14336 2304 ) (-1280 14336 2304 ) (-1280 14336 0 ) 
4 192 195 (3072 13312 0 ) (3072 13312 2304 ) (2048 13312 2304 ) (2048 13312 0 ) 
4 192 193 (2048 14336 2304 ) (2048 14336 0 ) (2048 13312 0 ) (2048 13312 2304 ) 
4 193 205 (2048 13312 0 ) (2048 13312 2304 ) (1024 13312 2304 ) (1024 13312 0 ) 
4 193 194 (1024 13312 0 ) (1024 13312 2304 ) (1024 14336 2304 ) (1024 14336 0 ) 
4 194 209 (0 14336 2304 ) (0 14336 0 ) (0 13312 0 ) (0 13312 2304 ) 
4 194 206 (1024 13312 0 ) (1024 13312 2304 ) (0 13312 2304 ) (0 13312 0 ) 
4 195 205 (2048 13312 2304 ) (2048 13312 0 ) (2048 12288 0 ) (2048 12288 2304 ) 
4 195 204 (3072 12288 0 ) (3072 12288 464 ) (2048 12288 464 ) (2048 12288 0 ) 
4 195 200 (3008 12288 492 ) (2656 12288 492 ) (2656 12288 464 ) (3008 12288 464 ) 
4 195 203 (2656 12288 492 ) (2048 12288 492 ) (2048 12288 464 ) (2656 12288 464 ) 
4 195 197 (3072 12288 464 ) (3072 12288 492 ) (3008 12288 492 ) (3008 12288 464 ) 
4 195 196 (3072 12288 492 ) (3072 12288 2304 ) (2048 12288 2304 ) (2048 12288 492 ) 
4 196 228 (3072 11264 492 ) (3072 11264 2304 ) (2048 11264 2304 ) (2048 11264 492 ) 
4 196 207 (2048 11264 492 ) (2048 11264 2304 ) (2048 12288 2304 ) (2048 12288 492 ) 
4 196 201 (2656 11728 492 ) (2656 12080 492 ) (3008 12080 492 ) (3008 11728 492 ) 
4 196 200 (2656 12080 492 ) (2656 12288 492 ) (3008 12288 492 ) (3008 12080 492 ) 
4 196 202 (3008 11264 492 ) (2656 11264 492 ) (2656 11728 492 ) (3008 11728 492 ) 
4 196 203 (2656 11264 492 ) (2048 11264 492 ) (2048 12288 492 ) (2656 12288 492 ) 
4 196 198 (3008 11824 492 ) (3008 11984 492 ) (3072 11984 492 ) (3072 11824 492 ) 
4 196 197 (3008 11984 492 ) (3008 12288 492 ) (3072 12288 492 ) (3072 11984 492 ) 
4 196 199 (3072 11264 492 ) (3008 11264 492 ) (3008 11824 492 ) (3072 11824 492 ) 
4 197 204 (3072 12288 464 ) (3072 11984 464 ) (3008 11984 464 ) (3008 12288 464 ) 
4 197 201 (3008 12080 464 ) (3008 11984 464 ) (3008 11984 492 ) (3008 12080 492 ) 
4 197 200 (3008 12288 464 ) (3008 12080 464 ) (3008 12080 492 ) (3008 12288 492 ) 
4 197 198 (3008 11984 492 ) (3008 11984 464 ) (3072 11984 464 ) (3072 11984 492 ) 
4 198 204 (3072 11984 464 ) (3072 11824 464 ) (3008 11824 464 ) (3008 11984 464 ) 
4 198 201 (3008 11984 464 ) (3008 11824 464 ) (3008 11824 492 ) (3008 11984 492 ) 
4 198 199 (3008 11824 492 ) (3008 11824 464 ) (3072 11824 464 ) (3072 11824 492 ) 
4 199 228 (3072 11264 464 ) (3072 11264 492 ) (3008 11264 492 ) (3008 11264 464 ) 
4 199 204 (3072 11824 464 ) (3072 11264 464 ) (3008 11264 464 ) (3008 11824 464 ) 
4 199 201 (3008 11824 464 ) (3008 11728 464 ) (3008 11728 492 ) (3008 11824 492 ) 
4 199 202 (3008 11728 464 ) (3008 11264 464 ) (3008 11264 492 ) (3008 11728 492 ) 
4 200 204 (2656 12080 464 ) (2656 12288 464 ) (3008 12288 464 ) (3008 12080 464 ) 
4 200 203 (2656 12288 464 ) (2656 12080 464 ) (2656 12080 492 ) (2656 12288 492 ) 
4 200 201 (2656 12080 492 ) (2656 12080 464 ) (3008 12080 464 ) (3008 12080 492 ) 
4 201 204 (2656 11728 464 ) (2656 12080 464 ) (3008 12080 464 ) (3008 11728 464 ) 
4 201 202 (2656 11728 492 ) (2656 11728 464 ) (3008 11728 464 ) (3008 11728 492 ) 
4 201 203 (2656 12080 464 ) (2656 11728 464 ) (2656 11728 492 ) (2656 12080 492 ) 
4 202 228 (3008 11264 492 ) (2656 11264 492 ) (2656 11264 464 ) (3008 11264 464 ) 
4 202 204 (3008 11264 464 ) (2656 11264 464 ) (2656 11728 464 ) (3008 11728 464 ) 
4 202 203 (2656 11728 464 ) (2656 11264 464 ) (2656 11264 492 ) (2656 11728 492 ) 
4 203 228 (2656 11264 492 ) (2048 11264 492 ) (2048 11264 464 ) (2656 11264 464 ) 
4 203 207 (2048 11264 464 ) (2048 11264 492 ) (2048 12288 492 ) (2048 12288 464 ) 
4 203 204 (2656 11264 464 ) (2048 11264 464 ) (2048 12288 464 ) (2656 12288 464 ) 
4 204 228 (3072 11264 0 ) (3072 11264 464 ) (2048 11264 464 ) (2048 11264 0 ) 
4 204 207 (2048 11264 0 ) (2048 11264 464 ) (2048 12288 464 ) (2048 12288 0 ) 
4 205 207 (2048 12288 0 ) (2048 12288 2304 ) (1024 12288 2304 ) (1024 12288 0 ) 
4 205 206 (1024 13312 2304 ) (1024 13312 0 ) (1024 12288 0 ) (1024 12288 2304 ) 
4 206 211 (0 12288 0 ) (0 12288 2304 ) (0 13312 2304 ) (0 13312 0 ) 
4 206 208 (1024 12288 0 ) (1024 12288 2304 ) (0 12288 2304 ) (0 12288 0 ) 
4 207 229 (2048 11264 0 ) (2048 11264 2304 ) (1024 11264 2304 ) (1024 11264 0 ) 
4 207 208 (1024 12288 2304 ) (1024 12288 0 ) (1024 11264 0 ) (1024 11264 2304 ) 
4 208 230 (1024 11264 0 ) (1024 11264 2304 ) (0 11264 2304 ) (0 11264 0 ) 
4 208 212 (0 11264 0 ) (0 11264 2304 ) (0 12288 2304 ) (0 12288 0 ) 
4 209 211 (0 13312 0 ) (0 13312 2304 ) (-1024 13312 2304 ) (-1024 13312 0 ) 
4 209 210 (-1024 14336 2304 ) (-1024 14336 0 ) (-1024 13312 0 ) (-1024 13312 2304 ) 
4 210 213 (-1024 13312 0 ) (-1024 13312 2304 ) (-1280 13312 2304 ) (-1280 13312 0 ) 
4 211 213 (-1024 13312 2304 ) (-1024 13312 0 ) (-1024 12288 0 ) (-1024 12288 2304 ) 
4 211 212 (0 12288 0 ) (0 12288 2304 ) (-1024 12288 2304 ) (-1024 12288 0 ) 
4 212 236 (0 11264 0 ) (0 11264 2304 ) (-1024 11264 2304 ) (-1024 11264 0 ) 
4 212 214 (-1024 11264 0 ) (-1024 11264 2304 ) (-1024 12288 2304 ) (-1024 12288 0 ) 
4 213 214 (-1024 12288 0 ) (-1024 12288 2304 ) (-1280 12288 2304 ) (-1280 12288 0 ) 
4 214 237 (-1024 11264 0 ) (-1024 11264 2304 ) (-1280 11264 2304 ) (-1280 11264 0 ) 
4 215 217 (6144 11264 2304 ) (6144 11264 0 ) (6144 10240 0 ) (6144 10240 2304 ) 
4 215 216 (6624 10240 0 ) (6624 10240 2304 ) (6144 10240 2304 ) (6144 10240 0 ) 
4 216 225 (6144 9216 0 ) (6144 9216 2304 ) (6144 10240 2304 ) (6144 10240 0 ) 
4 217 225 (6144 10240 0 ) (6144 10240 2304 ) (5120 10240 2304 ) (5120 10240 0 ) 
4 217 223 (5120 11264 504 ) (5120 11264 0 ) (5120 10240 0 ) (5120 10240 504 ) 
4 217 220 (5120 11264 746 ) (5120 11264 504 ) (5120 10240 504 ) (5120 10240 746 ) 
4 217 218 (5120 11264 2304 ) (5120 11264 746 ) (5120 10240 746 ) (5120 10240 2304 ) 
4 218 226 (5120 10240 746 ) (5120 10240 2304 ) (4096 10240 2304 ) (4096 10240 746 ) 
4 218 224 (4096 10240 746 ) (4096 10240 2304 ) (4096 11264 2304 ) (4096 11264 746 ) 
4 218 222 (4886 11261.400391 746 ) (4888.603516 11264 746 ) (4899.971680 11264 746 ) (4891.655273 11255.695313 746 ) 
4 218 221 (4096 10461.104492 746 ) (4096 10472.456055 746 ) (4886 11261.400391 746 ) (4891.655273 11255.695313 746 ) 
5 218 220 (5120 10240 746 ) (4096 10240 746 ) (4096 10461.104492 746 ) (4899.971680 11264 746 ) (5120 11264 746 ) 
3 218 219 (4096 10472.456055 746 ) (4096 11264 746 ) (4888.603516 11264 746 ) 
4 219 224 (4096 10472.456055 746 ) (4096 11264 746 ) (4096 11264 504 ) (4096 10472.456055 504 ) 
3 219 223 (4096 10472.456055 504 ) (4096 11264 504 ) (4888.603516 11264 504 ) 
4 219 222 (4886 11261.400391 504 ) (4888.603516 11264 504 ) (4888.597168 11264 746 ) (4885.997559 11261.404297 746 ) 
4 219 221 (4096 10472.457031 504 ) (4886 11261.400391 504 ) (4885.997559 11261.404297 746 ) (4096 10472.460938 746 ) 
4 220 226 (5120 10240 504 ) (5120 10240 746 ) (4096 10240 746 ) (4096 10240 504 ) 
4 220 224 (4096 10240 504 ) (4096 10240 746 ) (4096 10461.104492 746 ) (4096 10461.104492 504 ) 
5 220 223 (5120 10240 504 ) (4096 10240 504 ) (4096 10461.104492 504 ) (4899.971680 11264 504 ) (5120 11264 504 ) 
4 220 222 (4899.972656 11264 504 ) (4891.655762 11255.694336 504 ) (4891.655762 11255.694336 746 ) (4899.972656 11264 746 ) 
4 220 221 (4891.655762 11255.694336 504 ) (4096 10461.102539 504 ) (4096 10461.102539 746 ) (4891.655762 11255.694336 746 ) 
4 221 224 (4096 10461.104492 746 ) (4096 10472.456055 746 ) (4096 10472.456055 504 ) (4096 10461.104492 504 ) 
4 221 223 (4096 10461.104492 504 ) (4096 10472.456055 504 ) (4886 11261.400391 504 ) (4891.655273 11255.695313 504 ) 
4 221 222 (4891.656250 11255.695313 746 ) (4891.656250 11255.695313 504 ) (4886 11261.401367 504 ) (4886 11261.401367 746 ) 
4 222 223 (4886 11261.400391 504 ) (4888.603516 11264 504 ) (4899.971680 11264 504 ) (4891.655273 11255.695313 504 ) 
4 223 226 (5120 10240 0 ) (5120 10240 504 ) (4096 10240 504 ) (4096 10240 0 ) 
4 223 224 (4096 10240 0 ) (4096 10240 504 ) (4096 11264 504 ) (4096 11264 0 ) 
4 224 228 (3072 11264 2304 ) (3072 11264 0 ) (3072 10240 0 ) (3072 10240 2304 ) 
4 224 227 (4096 10240 0 ) (4096 10240 2304 ) (3072 10240 2304 ) (3072 10240 0 ) 
4 225 226 (5120 10240 2304 ) (5120 10240 0 ) (5120 9216 0 ) (5120 9216 2304 ) 
4 226 227 (4096 10240 2304 ) (4096 10240 0 ) (4096 9216 0 ) (4096 9216 2304 ) 
4 227 231 (3072 9216 0 ) (3072 9216 2304 ) (3072 10240 2304 ) (3072 10240 0 ) 
4 228 231 (3072 10240 0 ) (3072 10240 2304 ) (2048 10240 2304 ) (2048 10240 0 ) 
4 228 229 (2048 11264 2304 ) (2048 11264 0 ) (2048 10240 0 ) (2048 10240 2304 ) 
4 229 232 (2048 10240 0 ) (2048 10240 2304 ) (1024 10240 2304 ) (1024 10240 0 ) 
4 229 230 (1024 10240 0 ) (1024 10240 2304 ) (1024 11264 2304 ) (1024 11264 0 ) 
4 230 236 (0 11264 2304 ) (0 11264 0 ) (0 10240 0 ) (0 10240 2304 ) 
4 230 233 (1024 10240 0 ) (1024 10240 2304 ) (0 10240 2304 ) (0 10240 0 ) 
4 231 232 (2048 10240 2304 ) (2048 10240 0 ) (2048 9216 0 ) (2048 9216 2304 ) 
4 232 234 (1344 9216 896 ) (1024 9216 896 ) (1024 9216 512 ) (1344 9216 512 ) 
4 232 233 (1024 10240 2304 ) (1024 10240 0 ) (1024 9216 0 ) (1024 9216 2304 ) 
4 233 238 (0 9216 0 ) (0 9216 2304 ) (0 10240 2304 ) (0 10240 0 ) 
4 233 235 (1024 9216 512 ) (1024 9216 896 ) (704 9216 896 ) (704 9216 512 ) 
4 234 240 (1344 8192 896 ) (1024 8192 896 ) (1024 8192 512 ) (1344 8192 512 ) 
4 234 235 (1024 9216 896 ) (1024 9216 512 ) (1024 8192 512 ) (1024 8192 896 ) 
4 235 241 (1024 8192 512 ) (1024 8192 896 ) (704 8192 896 ) (704 8192 512 ) 
4 236 238 (0 10240 0 ) (0 10240 2304 ) (-1024 10240 2304 ) (-1024 10240 0 ) 
4 236 237 (-1024 11264 2304 ) (-1024 11264 0 ) (-1024 10240 0 ) (-1024 10240 2304 ) 
4 237 239 (-1024 10240 0 ) (-1024 10240 2304 ) (-1280 10240 2304 ) (-1280 10240 0 ) 
4 238 239 (-1024 10240 2304 ) (-1024 10240 0 ) (-1024 9216 0 ) (-1024 9216 2304 ) 
4 240 242 (1344 7168 896 ) (1024 7168 896 ) (1024 7168 512 ) (1344 7168 512 ) 
4 240 241 (1024 8192 896 ) (1024 8192 512 ) (1024 7168 512 ) (1024 7168 896 ) 
4 241 243 (1024 7168 512 ) (1024 7168 896 ) (704 7168 896 ) (704 7168 512 ) 
4 242 243 (1024 7168 896 ) (1024 7168 512 ) (1024 6144 512 ) (1024 6144 896 ) 
