PRT1
180
558
4 0 4 (6512 15360 492 ) (6144 15360 492 ) (6144 15360 0 ) (6512 15360 0 ) 
4 0 3 (6624 15360 0 ) (6624 15360 492 ) (6512 15360 492 ) (6512 15360 0 ) 
4 0 2 (6624 15360 492 ) (6624 15360 1328 ) (6144 15360 1328 ) (6144 15360 492 ) 
4 0 1 (6144 15360 0 ) (6144 15360 1328 ) (6144 15584 1328 ) (6144 15584 0 ) 
4 1 45 (5120 15360 0 ) (5120 15360 1328 ) (5120 15584 1328 ) (5120 15584 0 ) 
4 1 10 (5120 15360 280 ) (5120 15360 0 ) (6144 15360 0 ) (6144 15360 280 ) 
4 1 8 (5120 15360 492 ) (5120 15360 280 ) (6144 15360 280 ) (6144 15360 492 ) 
4 1 7 (5120 15360 1328 ) (5120 15360 492 ) (6144 15360 492 ) (6144 15360 1328 ) 
4 2 11 (6144 14336 1328 ) (6144 14336 492 ) (6624 14336 492 ) (6624 14336 1328 ) 
4 2 7 (6144 15360 1328 ) (6144 15360 492 ) (6144 14336 492 ) (6144 14336 1328 ) 
4 2 5 (6512 14336 492 ) (6144 14336 492 ) (6144 15248 492 ) (6512 15248 492 ) 
4 2 4 (6144 15248 492 ) (6144 15360 492 ) (6512 15360 492 ) (6512 15248 492 ) 
4 2 3 (6624 14336 492 ) (6512 14336 492 ) (6512 15360 492 ) (6624 15360 492 ) 
4 3 12 (6624 14336 0 ) (6624 14336 492 ) (6512 14336 492 ) (6512 14336 0 ) 
4 3 6 (6512 15248 0 ) (6512 14336 0 ) (6512 14336 280 ) (6512 15248 280 ) 
4 3 5 (6512 14336 280 ) (6512 14336 492 ) (6512 15248 492 ) (6512 15248 280 ) 
4 3 4 (6512 15360 0 ) (6512 15248 0 ) (6512 15248 492 ) (6512 15360 492 ) 
4 4 10 (6144 15360 280 ) (6144 15360 0 ) (6144 15248 0 ) (6144 15248 280 ) 
4 4 8 (6144 15360 492 ) (6144 15360 280 ) (6144 15248 280 ) (6144 15248 492 ) 
4 4 6 (6144 15248 0 ) (6512 15248 0 ) (6512 15248 280 ) (6144 15248 280 ) 
4 4 5 (6512 15248 280 ) (6512 15248 492 ) (6144 15248 492 ) (6144 15248 280 ) 
4 5 13 (6512 14336 492 ) (6144 14336 492 ) (6144 14336 280 ) (6512 14336 280 ) 
4 5 9 (6144 14336 280 ) (6144 14336 492 ) (6144 15248 492 ) (6144 15248 280 ) 
4 5 6 (6144 14336 280 ) (6144 15248 280 ) (6512 15248 280 ) (6512 14336 280 ) 
4 6 14 (6144 14336 280 ) (6144 14336 0 ) (6512 14336 0 ) (6512 14336 280 ) 
4 6 10 (6144 15248 0 ) (6144 14336 0 ) (6144 14336 280 ) (6144 15248 280 ) 
4 7 48 (5120 14336 492 ) (5120 14336 1328 ) (5120 15360 1328 ) (5120 15360 492 ) 
4 7 15 (6144 14336 492 ) (6144 14336 1328 ) (5120 14336 1328 ) (5120 14336 492 ) 
4 7 9 (5120 14336 492 ) (5120 15248 492 ) (6144 15248 492 ) (6144 14336 492 ) 
4 7 8 (5120 15248 492 ) (5120 15360 492 ) (6144 15360 492 ) (6144 15248 492 ) 
4 8 49 (5120 15248 492 ) (5120 15360 492 ) (5120 15360 280 ) (5120 15248 280 ) 
4 8 10 (5120 15248 280 ) (5120 15360 280 ) (6144 15360 280 ) (6144 15248 280 ) 
4 8 9 (5120 15248 280 ) (6144 15248 280 ) (6144 15248 492 ) (5120 15248 492 ) 
4 9 50 (5120 14336 280 ) (5120 14336 492 ) (5120 15248 492 ) (5120 15248 280 ) 
4 9 16 (6144 14336 280 ) (6144 14336 492 ) (5120 14336 492 ) (5120 14336 280 ) 
4 9 10 (6144 14336 280 ) (5120 14336 280 ) (5120 15248 280 ) (6144 15248 280 ) 
4 10 52 (5120 14336 0 ) (5120 14336 280 ) (5120 15360 280 ) (5120 15360 0 ) 
4 10 17 (6144 14336 0 ) (6144 14336 280 ) (5120 14336 280 ) (5120 14336 0 ) 
4 11 18 (6144 13312 1328 ) (6144 13312 492 ) (6624 13312 492 ) (6624 13312 1328 ) 
4 11 15 (6144 14336 1328 ) (6144 14336 492 ) (6144 13312 492 ) (6144 13312 1328 ) 
4 11 13 (6144 14336 492 ) (6512 14336 492 ) (6512 13312 492 ) (6144 13312 492 ) 
4 11 12 (6512 14336 492 ) (6624 14336 492 ) (6624 13312 492 ) (6512 13312 492 ) 
4 12 19 (6624 13312 0 ) (6624 13312 492 ) (6512 13312 492 ) (6512 13312 0 ) 
4 12 14 (6512 14336 0 ) (6512 13312 0 ) (6512 13312 280 ) (6512 14336 280 ) 
4 12 13 (6512 13312 280 ) (6512 13312 492 ) (6512 14336 492 ) (6512 14336 280 ) 
4 13 20 (6512 13312 492 ) (6144 13312 492 ) (6144 13312 280 ) (6512 13312 280 ) 
4 13 16 (6144 14336 492 ) (6144 14336 280 ) (6144 13312 280 ) (6144 13312 492 ) 
4 13 14 (6144 14336 280 ) (6512 14336 280 ) (6512 13312 280 ) (6144 13312 280 ) 
4 14 21 (6144 13312 280 ) (6144 13312 0 ) (6512 13312 0 ) (6512 13312 280 ) 
4 14 17 (6144 14336 280 ) (6144 14336 0 ) (6144 13312 0 ) (6144 13312 280 ) 
4 15 59 (5120 13312 492 ) (5120 13312 1328 ) (5120 14336 1328 ) (5120 14336 492 ) 
4 15 24 (5504 13312 492 ) (5568 13312 492 ) (5568 13312 1328 ) (5504 13312 1328 ) 
4 15 23 (5568 13312 492 ) (6144 13312 492 ) (6144 13312 1328 ) (5568 13312 1328 ) 
4 15 28 (5120 13312 1328 ) (5120 13312 492 ) (5504 13312 492 ) (5504 13312 1328 ) 
4 15 16 (5120 13312 492 ) (5120 14336 492 ) (6144 14336 492 ) (6144 13312 492 ) 
4 16 67 (5120 13312 280 ) (5120 13312 492 ) (5120 13952 492 ) (5120 13952 280 ) 
4 16 65 (5120 14112 464 ) (5120 14112 280 ) (5120 13952 280 ) (5120 13952 464 ) 
4 16 62 (5120 13952 492 ) (5120 14112 492 ) (5120 14112 464 ) (5120 13952 464 ) 
4 16 60 (5120 14112 492 ) (5120 14336 492 ) (5120 14336 280 ) (5120 14112 280 ) 
4 16 29 (5120 13312 492 ) (5120 13312 280 ) (6144 13312 280 ) (6144 13312 492 ) 
4 16 17 (6144 13312 280 ) (5120 13312 280 ) (5120 14336 280 ) (6144 14336 280 ) 
4 17 69 (5120 13312 0 ) (5120 13312 280 ) (5120 14336 280 ) (5120 14336 0 ) 
4 17 39 (5120 13312 280 ) (5120 13312 0 ) (6144 13312 0 ) (6144 13312 280 ) 
4 18 40 (6144 12288 1328 ) (6144 12288 492 ) (6624 12288 492 ) (6624 12288 1328 ) 
4 18 23 (6144 13312 1328 ) (6144 13312 492 ) (6144 12288 492 ) (6144 12288 1328 ) 
4 18 20 (6144 12896 492 ) (6144 13312 492 ) (6512 13312 492 ) (6512 12896 492 ) 
4 18 22 (6512 12288 492 ) (6144 12288 492 ) (6144 12896 492 ) (6512 12896 492 ) 
4 18 19 (6624 12288 492 ) (6512 12288 492 ) (6512 13312 492 ) (6624 13312 492 ) 
4 19 40 (6624 12288 0 ) (6624 12288 492 ) (6512 12288 492 ) (6512 12288 0 ) 
4 19 21 (6512 13312 0 ) (6512 12896 0 ) (6512 12896 280 ) (6512 13312 280 ) 
4 19 20 (6512 12896 280 ) (6512 12896 492 ) (6512 13312 492 ) (6512 13312 280 ) 
4 19 22 (6512 12896 0 ) (6512 12288 0 ) (6512 12288 492 ) (6512 12896 492 ) 
4 20 29 (6144 13312 492 ) (6144 13312 280 ) (6144 12896 280 ) (6144 12896 492 ) 
4 20 22 (6512 12896 280 ) (6512 12896 492 ) (6144 12896 492 ) (6144 12896 280 ) 
4 20 21 (6512 12896 280 ) (6144 12896 280 ) (6144 13312 280 ) (6512 13312 280 ) 
4 21 39 (6144 13312 280 ) (6144 13312 0 ) (6144 12896 0 ) (6144 12896 280 ) 
4 21 22 (6144 12896 0 ) (6512 12896 0 ) (6512 12896 280 ) (6144 12896 280 ) 
4 22 40 (6512 12288 492 ) (6144 12288 492 ) (6144 12288 0 ) (6512 12288 0 ) 
4 22 39 (6144 12896 0 ) (6144 12288 0 ) (6144 12288 280 ) (6144 12896 280 ) 
4 22 31 (6144 12288 280 ) (6144 12288 492 ) (6144 12676 492 ) (6144 12676 280 ) 
4 22 30 (6144 12676 492 ) (6144 12896 492 ) (6144 12896 280 ) (6144 12676 280 ) 
4 23 41 (5568 12288 492 ) (6144 12288 492 ) (6144 12288 1328 ) (5568 12288 1328 ) 
4 23 32 (6080 12288 492 ) (5568 12288 492 ) (5568 12676 492 ) (6080 12676 492 ) 
4 23 31 (6144 12676 492 ) (6144 12288 492 ) (6080 12288 492 ) (6080 12676 492 ) 
4 23 30 (6144 12896 492 ) (6144 12676 492 ) (5568 12676 492 ) (5568 12896 492 ) 
4 23 29 (6144 13312 492 ) (6144 12896 492 ) (5568 12896 492 ) (5568 13312 492 ) 
4 23 26 (5568 12352 492 ) (5568 12340 492 ) (5568 12340 496 ) (5568 12352 496 ) 
4 23 25 (5568 12340 496 ) (5568 12340 1328 ) (5568 12352 1328 ) (5568 12352 496 ) 
4 23 24 (5568 13312 492 ) (5568 12352 492 ) (5568 12352 1328 ) (5568 13312 1328 ) 
4 23 27 (5568 12340 492 ) (5568 12288 492 ) (5568 12288 1328 ) (5568 12340 1328 ) 
4 24 33 (5504 12352 492 ) (5504 12676 492 ) (5568 12676 492 ) (5568 12352 492 ) 
4 24 30 (5504 12676 492 ) (5504 12896 492 ) (5568 12896 492 ) (5568 12676 492 ) 
4 24 29 (5504 12896 492 ) (5504 13312 492 ) (5568 13312 492 ) (5568 12896 492 ) 
4 24 26 (5504 12352 496 ) (5504 12352 492 ) (5568 12352 492 ) (5568 12352 496 ) 
4 24 25 (5504 12352 1328 ) (5504 12352 496 ) (5568 12352 496 ) (5568 12352 1328 ) 
4 24 28 (5504 13312 492 ) (5504 12352 492 ) (5504 12352 1328 ) (5504 13312 1328 ) 
4 25 28 (5504 12340 496 ) (5504 12340 1328 ) (5504 12352 1328 ) (5504 12352 496 ) 
4 25 27 (5504 12340 1328 ) (5504 12340 496 ) (5568 12340 496 ) (5568 12340 1328 ) 
4 25 26 (5568 12340 496 ) (5504 12340 496 ) (5504 12352 496 ) (5568 12352 496 ) 
4 26 34 (5504 12340 492 ) (5504 12352 492 ) (5568 12352 492 ) (5568 12340 492 ) 
4 26 28 (5504 12352 492 ) (5504 12340 492 ) (5504 12340 496 ) (5504 12352 496 ) 
4 26 27 (5504 12340 496 ) (5504 12340 492 ) (5568 12340 492 ) (5568 12340 496 ) 
4 27 41 (5504 12288 492 ) (5568 12288 492 ) (5568 12288 1328 ) (5504 12288 1328 ) 
4 27 35 (5568 12288 492 ) (5504 12288 492 ) (5504 12340 492 ) (5568 12340 492 ) 
4 27 28 (5504 12340 492 ) (5504 12288 492 ) (5504 12288 1328 ) (5504 12340 1328 ) 
4 28 79 (5120 12288 492 ) (5120 12288 1328 ) (5120 13312 1328 ) (5120 13312 492 ) 
4 28 41 (5120 12288 1328 ) (5120 12288 492 ) (5504 12288 492 ) (5504 12288 1328 ) 
4 28 36 (5504 12288 492 ) (5120 12288 492 ) (5120 12676 492 ) (5504 12676 492 ) 
4 28 30 (5120 12676 492 ) (5120 12896 492 ) (5504 12896 492 ) (5504 12676 492 ) 
4 28 29 (5120 12896 492 ) (5120 13312 492 ) (5504 13312 492 ) (5504 12896 492 ) 
4 29 80 (5120 12896 492 ) (5120 13312 492 ) (5120 13312 280 ) (5120 12896 280 ) 
4 29 39 (5120 12896 280 ) (5120 13312 280 ) (6144 13312 280 ) (6144 12896 280 ) 
4 29 30 (5120 12896 280 ) (6144 12896 280 ) (6144 12896 492 ) (5120 12896 492 ) 
4 30 81 (5120 12676 492 ) (5120 12896 492 ) (5120 12896 280 ) (5120 12676 280 ) 
4 30 39 (5120 12676 280 ) (5120 12896 280 ) (6144 12896 280 ) (6144 12676 280 ) 
4 30 38 (5120 12676 280 ) (6080 12676 280 ) (6080 12676 328 ) (5120 12676 328 ) 
4 30 37 (6080 12676 328 ) (6080 12676 480 ) (5120 12676 480 ) (5120 12676 328 ) 
4 30 33 (5568 12676 492 ) (5504 12676 492 ) (5504 12676 480 ) (5568 12676 480 ) 
4 30 32 (6080 12676 480 ) (6080 12676 492 ) (5568 12676 492 ) (5568 12676 480 ) 
4 30 36 (5504 12676 492 ) (5120 12676 492 ) (5120 12676 480 ) (5504 12676 480 ) 
4 30 31 (6080 12676 280 ) (6144 12676 280 ) (6144 12676 492 ) (6080 12676 492 ) 
4 31 42 (6080 12288 280 ) (6144 12288 280 ) (6144 12288 492 ) (6080 12288 492 ) 
4 31 39 (6144 12288 280 ) (6080 12288 280 ) (6080 12676 280 ) (6144 12676 280 ) 
4 31 38 (6080 12676 328 ) (6080 12676 280 ) (6080 12288 280 ) (6080 12288 328 ) 
4 31 37 (6080 12676 480 ) (6080 12676 328 ) (6080 12288 328 ) (6080 12288 480 ) 
4 31 32 (6080 12676 492 ) (6080 12676 480 ) (6080 12288 480 ) (6080 12288 492 ) 
4 32 43 (5568 12288 480 ) (6080 12288 480 ) (6080 12288 492 ) (5568 12288 492 ) 
4 32 37 (5568 12676 480 ) (6080 12676 480 ) (6080 12288 480 ) (5568 12288 480 ) 
4 32 34 (5568 12352 480 ) (5568 12340 480 ) (5568 12340 492 ) (5568 12352 492 ) 
4 32 33 (5568 12676 492 ) (5568 12676 480 ) (5568 12352 480 ) (5568 12352 492 ) 
4 32 35 (5568 12340 480 ) (5568 12288 480 ) (5568 12288 492 ) (5568 12340 492 ) 
4 33 37 (5504 12676 480 ) (5568 12676 480 ) (5568 12352 480 ) (5504 12352 480 ) 
4 33 36 (5504 12676 492 ) (5504 12676 480 ) (5504 12352 480 ) (5504 12352 492 ) 
4 33 34 (5504 12352 492 ) (5504 12352 480 ) (5568 12352 480 ) (5568 12352 492 ) 
4 34 37 (5568 12352 480 ) (5568 12340 480 ) (5504 12340 480 ) (5504 12352 480 ) 
4 34 35 (5504 12340 492 ) (5504 12340 480 ) (5568 12340 480 ) (5568 12340 492 ) 
4 34 36 (5504 12352 480 ) (5504 12340 480 ) (5504 12340 492 ) (5504 12352 492 ) 
4 35 43 (5504 12288 480 ) (5568 12288 480 ) (5568 12288 492 ) (5504 12288 492 ) 
4 35 37 (5568 12340 480 ) (5568 12288 480 ) (5504 12288 480 ) (5504 12340 480 ) 
4 35 36 (5504 12340 480 ) (5504 12288 480 ) (5504 12288 492 ) (5504 12340 492 ) 
4 36 82 (5120 12288 480 ) (5120 12288 492 ) (5120 12676 492 ) (5120 12676 480 ) 
4 36 43 (5120 12288 492 ) (5120 12288 480 ) (5504 12288 480 ) (5504 12288 492 ) 
4 36 37 (5120 12676 480 ) (5504 12676 480 ) (5504 12288 480 ) (5120 12288 480 ) 
4 37 82 (5120 12288 328 ) (5120 12288 480 ) (5120 12676 480 ) (5120 12676 328 ) 
4 37 43 (5120 12288 480 ) (5120 12288 328 ) (6080 12288 328 ) (6080 12288 480 ) 
4 37 38 (5120 12288 328 ) (5120 12676 328 ) (6080 12676 328 ) (6080 12288 328 ) 
4 38 83 (5120 12288 280 ) (5120 12288 328 ) (5120 12676 328 ) (5120 12676 280 ) 
4 38 44 (5120 12288 328 ) (5120 12288 280 ) (6080 12288 280 ) (6080 12288 328 ) 
4 38 39 (6080 12288 280 ) (5120 12288 280 ) (5120 12676 280 ) (6080 12676 280 ) 
4 39 85 (5120 12288 0 ) (5120 12288 280 ) (5120 13312 280 ) (5120 13312 0 ) 
4 39 44 (5120 12288 280 ) (5120 12288 0 ) (6080 12288 0 ) (6080 12288 280 ) 
4 39 42 (6080 12288 0 ) (6144 12288 0 ) (6144 12288 280 ) (6080 12288 280 ) 
4 40 126 (6624 11264 0 ) (6624 11264 1328 ) (6144 11264 1328 ) (6144 11264 0 ) 
4 40 42 (6144 12288 492 ) (6144 12288 0 ) (6144 11264 0 ) (6144 11264 492 ) 
4 40 41 (6144 12288 1328 ) (6144 12288 492 ) (6144 11264 492 ) (6144 11264 1328 ) 
4 41 127 (6144 11264 492 ) (6144 11264 1328 ) (5120 11264 1328 ) (5120 11264 492 ) 
4 41 95 (5120 11483.733398 746 ) (5120 11495.086914 746 ) (5120 11495.086914 504 ) (5120 11483.733398 504 ) 
4 41 94 (5120 11264 504 ) (5120 11264 746 ) (5120 11483.733398 746 ) (5120 11483.733398 504 ) 
4 41 93 (5120 11495.086914 746 ) (5120 12288 746 ) (5120 12288 504 ) (5120 11495.086914 504 ) 
4 41 92 (5120 11264 746 ) (5120 11264 1328 ) (5120 12288 1328 ) (5120 12288 746 ) 
4 41 97 (5120 11264 492 ) (5120 11264 504 ) (5120 12288 504 ) (5120 12288 492 ) 
4 41 43 (5120 11264 492 ) (5120 12288 492 ) (6080 12288 492 ) (6080 11264 492 ) 
4 41 42 (6080 12288 492 ) (6144 12288 492 ) (6144 11264 492 ) (6080 11264 492 ) 
4 42 127 (6144 11264 0 ) (6144 11264 492 ) (6080 11264 492 ) (6080 11264 0 ) 
4 42 44 (6080 12288 0 ) (6080 11264 0 ) (6080 11264 328 ) (6080 12288 328 ) 
4 42 43 (6080 11264 328 ) (6080 11264 492 ) (6080 12288 492 ) (6080 12288 328 ) 
4 43 127 (6080 11264 492 ) (5120 11264 492 ) (5120 11264 328 ) (6080 11264 328 ) 
4 43 98 (5120 11264 328 ) (5120 11264 492 ) (5120 12288 492 ) (5120 12288 328 ) 
4 43 44 (5120 12288 328 ) (6080 12288 328 ) (6080 11264 328 ) (5120 11264 328 ) 
4 44 127 (5120 11264 328 ) (5120 11264 0 ) (6080 11264 0 ) (6080 11264 328 ) 
4 44 99 (5120 11264 0 ) (5120 11264 328 ) (5120 12288 328 ) (5120 12288 0 ) 
4 45 52 (5120 15360 0 ) (5120 15360 280 ) (4096 15360 280 ) (4096 15360 0 ) 
4 45 49 (5120 15360 280 ) (5120 15360 492 ) (4688 15360 492 ) (4688 15360 280 ) 
4 45 51 (4688 15360 492 ) (4096 15360 492 ) (4096 15360 280 ) (4688 15360 280 ) 
4 45 48 (5120 15360 492 ) (5120 15360 1328 ) (4096 15360 1328 ) (4096 15360 492 ) 
4 45 46 (4096 15360 0 ) (4096 15360 1328 ) (4096 15584 1328 ) (4096 15584 0 ) 
4 46 53 (4096 15360 0 ) (4096 15360 1328 ) (3200 15360 1328 ) (3200 15360 0 ) 
4 46 47 (3200 15584 1328 ) (3200 15584 0 ) (3200 15360 0 ) (3200 15360 1328 ) 
4 47 55 (3072 15360 0 ) (3072 15360 2304 ) (3072 15584 2304 ) (3072 15584 0 ) 
4 47 54 (3072 15360 2304 ) (3072 15360 0 ) (3200 15360 0 ) (3200 15360 2304 ) 
4 48 59 (5120 14336 492 ) (5120 14336 1328 ) (4096 14336 1328 ) (4096 14336 492 ) 
4 48 53 (4096 15360 1328 ) (4096 15360 492 ) (4096 14336 492 ) (4096 14336 1328 ) 
4 48 50 (5120 15248 492 ) (5120 14336 492 ) (4688 14336 492 ) (4688 15248 492 ) 
4 48 49 (4688 15360 492 ) (5120 15360 492 ) (5120 15248 492 ) (4688 15248 492 ) 
4 48 51 (4096 15360 492 ) (4688 15360 492 ) (4688 14336 492 ) (4096 14336 492 ) 
4 49 52 (4688 15248 280 ) (4688 15360 280 ) (5120 15360 280 ) (5120 15248 280 ) 
4 49 51 (4688 15360 280 ) (4688 15248 280 ) (4688 15248 492 ) (4688 15360 492 ) 
4 49 50 (4688 15248 492 ) (4688 15248 280 ) (5120 15248 280 ) (5120 15248 492 ) 
4 50 60 (5120 14336 280 ) (5120 14336 492 ) (4688 14336 492 ) (4688 14336 280 ) 
4 50 52 (5120 14336 280 ) (4688 14336 280 ) (4688 15248 280 ) (5120 15248 280 ) 
4 50 51 (4688 15248 280 ) (4688 14336 280 ) (4688 14336 492 ) (4688 15248 492 ) 
4 51 61 (4688 14336 492 ) (4096 14336 492 ) (4096 14336 280 ) (4688 14336 280 ) 
4 51 53 (4096 15360 492 ) (4096 15360 280 ) (4096 14336 280 ) (4096 14336 492 ) 
4 51 52 (4688 14336 280 ) (4096 14336 280 ) (4096 15360 280 ) (4688 15360 280 ) 
4 52 69 (5120 14336 0 ) (5120 14336 280 ) (4096 14336 280 ) (4096 14336 0 ) 
4 52 53 (4096 15360 280 ) (4096 15360 0 ) (4096 14336 0 ) (4096 14336 280 ) 
4 53 78 (4096 14336 0 ) (4096 14336 464 ) (3200 14336 464 ) (3200 14336 0 ) 
4 53 72 (4096 14336 464 ) (4096 14336 492 ) (3264 14336 492 ) (3264 14336 464 ) 
4 53 74 (3264 14336 492 ) (3200 14336 492 ) (3200 14336 464 ) (3264 14336 464 ) 
4 53 70 (4096 14336 492 ) (4096 14336 1328 ) (3200 14336 1328 ) (3200 14336 492 ) 
4 53 54 (3200 14336 0 ) (3200 14336 1328 ) (3200 15360 1328 ) (3200 15360 0 ) 
4 54 78 (3200 14336 0 ) (3200 14336 464 ) (3072 14336 464 ) (3072 14336 0 ) 
4 54 74 (3200 14336 464 ) (3200 14336 492 ) (3072 14336 492 ) (3072 14336 464 ) 
4 54 71 (3200 14336 492 ) (3200 14336 2304 ) (3072 14336 2304 ) (3072 14336 492 ) 
4 54 57 (3072 14336 0 ) (3072 14336 2304 ) (3072 15360 2304 ) (3072 15360 0 ) 
4 55 57 (3072 15360 0 ) (3072 15360 2304 ) (2048 15360 2304 ) (2048 15360 0 ) 
4 55 56 (2048 15360 0 ) (2048 15360 2304 ) (2048 15584 2304 ) (2048 15584 0 ) 
4 56 148 (1024 15360 0 ) (1024 15360 2304 ) (1024 15584 2304 ) (1024 15584 0 ) 
4 56 58 (1024 15360 2304 ) (1024 15360 0 ) (2048 15360 0 ) (2048 15360 2304 ) 
4 57 112 (3072 14336 0 ) (3072 14336 2304 ) (2048 14336 2304 ) (2048 14336 0 ) 
4 57 58 (2048 15360 2304 ) (2048 15360 0 ) (2048 14336 0 ) (2048 14336 2304 ) 
4 58 149 (1024 14336 0 ) (1024 14336 2304 ) (1024 15360 2304 ) (1024 15360 0 ) 
4 58 113 (2048 14336 0 ) (2048 14336 2304 ) (1024 14336 2304 ) (1024 14336 0 ) 
4 59 79 (5120 13312 492 ) (5120 13312 1328 ) (4096 13312 1328 ) (4096 13312 492 ) 
4 59 70 (4096 14336 1328 ) (4096 14336 492 ) (4096 13312 492 ) (4096 13312 1328 ) 
4 59 68 (4688 13312 492 ) (4096 13312 492 ) (4096 13952 492 ) (4688 13952 492 ) 
4 59 67 (5120 13312 492 ) (4688 13312 492 ) (4688 13952 492 ) (5120 13952 492 ) 
4 59 63 (4688 14112 492 ) (4704 14112 492 ) (4704 13952 492 ) (4688 13952 492 ) 
4 59 62 (4704 14112 492 ) (5120 14112 492 ) (5120 13952 492 ) (4704 13952 492 ) 
4 59 64 (4096 13952 492 ) (4096 14112 492 ) (4688 14112 492 ) (4688 13952 492 ) 
4 59 61 (4096 14112 492 ) (4096 14336 492 ) (4688 14336 492 ) (4688 14112 492 ) 
4 59 60 (4688 14336 492 ) (5120 14336 492 ) (5120 14112 492 ) (4688 14112 492 ) 
4 60 69 (4688 14336 280 ) (5120 14336 280 ) (5120 14112 280 ) (4688 14112 280 ) 
4 60 65 (4688 14112 280 ) (5120 14112 280 ) (5120 14112 464 ) (4688 14112 464 ) 
4 60 63 (4704 14112 492 ) (4688 14112 492 ) (4688 14112 464 ) (4704 14112 464 ) 
4 60 62 (5120 14112 464 ) (5120 14112 492 ) (4704 14112 492 ) (4704 14112 464 ) 
4 60 61 (4688 14336 280 ) (4688 14112 280 ) (4688 14112 492 ) (4688 14336 492 ) 
4 61 78 (4096 14336 464 ) (4096 14336 280 ) (4096 14112 280 ) (4096 14112 464 ) 
4 61 72 (4096 14336 492 ) (4096 14336 464 ) (4096 14112 464 ) (4096 14112 492 ) 
4 61 69 (4096 14112 280 ) (4096 14336 280 ) (4688 14336 280 ) (4688 14112 280 ) 
4 61 66 (4096 14112 280 ) (4688 14112 280 ) (4688 14112 464 ) (4096 14112 464 ) 
4 61 64 (4688 14112 464 ) (4688 14112 492 ) (4096 14112 492 ) (4096 14112 464 ) 
4 62 67 (5120 13952 464 ) (5120 13952 492 ) (4704 13952 492 ) (4704 13952 464 ) 
4 62 65 (5120 13952 464 ) (4704 13952 464 ) (4704 14112 464 ) (5120 14112 464 ) 
4 62 63 (4704 14112 492 ) (4704 14112 464 ) (4704 13952 464 ) (4704 13952 492 ) 
4 63 67 (4704 13952 492 ) (4688 13952 492 ) (4688 13952 464 ) (4704 13952 464 ) 
4 63 65 (4704 13952 464 ) (4688 13952 464 ) (4688 14112 464 ) (4704 14112 464 ) 
4 63 64 (4688 14112 492 ) (4688 14112 464 ) (4688 13952 464 ) (4688 13952 492 ) 
4 64 73 (4096 13952 464 ) (4096 13952 492 ) (4096 14112 492 ) (4096 14112 464 ) 
4 64 68 (4688 13952 492 ) (4096 13952 492 ) (4096 13952 464 ) (4688 13952 464 ) 
4 64 66 (4688 13952 464 ) (4096 13952 464 ) (4096 14112 464 ) (4688 14112 464 ) 
4 65 69 (4688 14112 280 ) (5120 14112 280 ) (5120 13952 280 ) (4688 13952 280 ) 
4 65 67 (4688 13952 280 ) (5120 13952 280 ) (5120 13952 464 ) (4688 13952 464 ) 
4 65 66 (4688 13952 280 ) (4688 13952 464 ) (4688 14112 464 ) (4688 14112 280 ) 
4 66 78 (4096 14112 280 ) (4096 13952 280 ) (4096 13952 464 ) (4096 14112 464 ) 
4 66 69 (4096 13952 280 ) (4096 14112 280 ) (4688 14112 280 ) (4688 13952 280 ) 
4 66 68 (4096 13952 280 ) (4688 13952 280 ) (4688 13952 464 ) (4096 13952 464 ) 
4 67 80 (5120 13312 280 ) (5120 13312 492 ) (4688 13312 492 ) (4688 13312 280 ) 
4 67 69 (4688 13952 280 ) (5120 13952 280 ) (5120 13312 280 ) (4688 13312 280 ) 
4 67 68 (4688 13952 492 ) (4688 13952 280 ) (4688 13312 280 ) (4688 13312 492 ) 
4 68 84 (4688 13312 492 ) (4096 13312 492 ) (4096 13312 280 ) (4688 13312 280 ) 
4 68 78 (4096 13952 280 ) (4096 13312 280 ) (4096 13312 464 ) (4096 13952 464 ) 
4 68 75 (4096 13312 464 ) (4096 13312 492 ) (4096 13952 492 ) (4096 13952 464 ) 
4 68 69 (4096 13312 280 ) (4096 13952 280 ) (4688 13952 280 ) (4688 13312 280 ) 
4 69 85 (5120 13312 0 ) (5120 13312 280 ) (4096 13312 280 ) (4096 13312 0 ) 
4 69 78 (4096 14336 280 ) (4096 14336 0 ) (4096 13312 0 ) (4096 13312 280 ) 
4 70 86 (4096 13312 492 ) (4096 13312 1328 ) (3200 13312 1328 ) (3200 13312 492 ) 
4 70 76 (3936 13312 492 ) (3776 13312 492 ) (3776 13952 492 ) (3936 13952 492 ) 
4 70 75 (4096 13952 492 ) (4096 13312 492 ) (3936 13312 492 ) (3936 13952 492 ) 
4 70 77 (3776 13312 492 ) (3200 13312 492 ) (3200 13952 492 ) (3776 13952 492 ) 
4 70 73 (4096 14112 492 ) (4096 13952 492 ) (3264 13952 492 ) (3264 14112 492 ) 
4 70 72 (3264 14336 492 ) (4096 14336 492 ) (4096 14112 492 ) (3264 14112 492 ) 
4 70 74 (3200 14336 492 ) (3264 14336 492 ) (3264 13952 492 ) (3200 13952 492 ) 
4 70 71 (3200 14336 1328 ) (3200 14336 492 ) (3200 13312 492 ) (3200 13312 1328 ) 
4 71 112 (3072 14336 2304 ) (3072 14336 492 ) (3072 13312 492 ) (3072 13312 2304 ) 
4 71 87 (3072 13312 2304 ) (3072 13312 492 ) (3200 13312 492 ) (3200 13312 2304 ) 
4 71 77 (3200 13952 492 ) (3200 13312 492 ) (3072 13312 492 ) (3072 13952 492 ) 
4 71 74 (3072 14336 492 ) (3200 14336 492 ) (3200 13952 492 ) (3072 13952 492 ) 
4 72 78 (3264 14336 464 ) (4096 14336 464 ) (4096 14112 464 ) (3264 14112 464 ) 
4 72 74 (3264 14336 464 ) (3264 14112 464 ) (3264 14112 492 ) (3264 14336 492 ) 
4 72 73 (3264 14112 492 ) (3264 14112 464 ) (4096 14112 464 ) (4096 14112 492 ) 
4 73 78 (4096 14112 464 ) (4096 13952 464 ) (3264 13952 464 ) (3264 14112 464 ) 
4 73 76 (3776 13952 464 ) (3936 13952 464 ) (3936 13952 492 ) (3776 13952 492 ) 
4 73 75 (3936 13952 464 ) (4096 13952 464 ) (4096 13952 492 ) (3936 13952 492 ) 
4 73 77 (3264 13952 464 ) (3776 13952 464 ) (3776 13952 492 ) (3264 13952 492 ) 
4 73 74 (3264 14112 464 ) (3264 13952 464 ) (3264 13952 492 ) (3264 14112 492 ) 
4 74 112 (3072 14336 492 ) (3072 14336 464 ) (3072 13952 464 ) (3072 13952 492 ) 
4 74 78 (3072 13952 464 ) (3072 14336 464 ) (3264 14336 464 ) (3264 13952 464 ) 
4 74 77 (3072 13952 464 ) (3264 13952 464 ) (3264 13952 492 ) (3072 13952 492 ) 
4 75 88 (4096 13312 464 ) (4096 13312 492 ) (3936 13312 492 ) (3936 13312 464 ) 
4 75 78 (4096 13312 464 ) (3936 13312 464 ) (3936 13952 464 ) (4096 13952 464 ) 
4 75 76 (3936 13952 492 ) (3936 13952 464 ) (3936 13312 464 ) (3936 13312 492 ) 
4 76 89 (3936 13312 492 ) (3776 13312 492 ) (3776 13312 464 ) (3936 13312 464 ) 
4 76 78 (3936 13312 464 ) (3776 13312 464 ) (3776 13952 464 ) (3936 13952 464 ) 
4 76 77 (3776 13952 492 ) (3776 13952 464 ) (3776 13312 464 ) (3776 13312 492 ) 
4 77 112 (3072 13952 464 ) (3072 13312 464 ) (3072 13312 492 ) (3072 13952 492 ) 
4 77 90 (3776 13312 492 ) (3072 13312 492 ) (3072 13312 464 ) (3776 13312 464 ) 
4 77 78 (3776 13312 464 ) (3072 13312 464 ) (3072 13952 464 ) (3776 13952 464 ) 
4 78 112 (3072 14336 464 ) (3072 14336 0 ) (3072 13312 0 ) (3072 13312 464 ) 
4 78 91 (4096 13312 0 ) (4096 13312 464 ) (3072 13312 464 ) (3072 13312 0 ) 
4 79 93 (5120 12288 504 ) (5120 12288 746 ) (4096 12288 746 ) (4096 12288 504 ) 
4 79 92 (5120 12288 746 ) (5120 12288 1328 ) (4096 12288 1328 ) (4096 12288 746 ) 
4 79 97 (5120 12288 492 ) (5120 12288 504 ) (4096 12288 504 ) (4096 12288 492 ) 
4 79 86 (4096 12288 492 ) (4096 12288 1328 ) (4096 13312 1328 ) (4096 13312 492 ) 
4 79 82 (5120 12288 492 ) (4688 12288 492 ) (4688 12676 492 ) (5120 12676 492 ) 
4 79 81 (4688 12676 492 ) (4688 12896 492 ) (5120 12896 492 ) (5120 12676 492 ) 
4 79 80 (4688 12896 492 ) (4688 13312 492 ) (5120 13312 492 ) (5120 12896 492 ) 
4 79 84 (4688 12288 492 ) (4096 12288 492 ) (4096 13312 492 ) (4688 13312 492 ) 
4 80 85 (4688 13312 280 ) (5120 13312 280 ) (5120 12896 280 ) (4688 12896 280 ) 
4 80 81 (4688 12896 492 ) (4688 12896 280 ) (5120 12896 280 ) (5120 12896 492 ) 
4 80 84 (4688 13312 280 ) (4688 12896 280 ) (4688 12896 492 ) (4688 13312 492 ) 
4 81 85 (5120 12896 280 ) (5120 12676 280 ) (4688 12676 280 ) (4688 12896 280 ) 
4 81 83 (4688 12676 328 ) (4688 12676 280 ) (5120 12676 280 ) (5120 12676 328 ) 
4 81 82 (4688 12676 492 ) (4688 12676 328 ) (5120 12676 328 ) (5120 12676 492 ) 
4 81 84 (4688 12896 280 ) (4688 12676 280 ) (4688 12676 492 ) (4688 12896 492 ) 
4 82 98 (5120 12288 328 ) (5120 12288 492 ) (4688 12288 492 ) (4688 12288 328 ) 
4 82 84 (4688 12288 328 ) (4688 12288 492 ) (4688 12676 492 ) (4688 12676 328 ) 
4 82 83 (4688 12288 328 ) (4688 12676 328 ) (5120 12676 328 ) (5120 12288 328 ) 
4 83 99 (5120 12288 280 ) (5120 12288 328 ) (4688 12288 328 ) (4688 12288 280 ) 
4 83 85 (5120 12676 280 ) (5120 12288 280 ) (4688 12288 280 ) (4688 12676 280 ) 
4 83 84 (4688 12676 280 ) (4688 12288 280 ) (4688 12288 328 ) (4688 12676 328 ) 
4 84 100 (4688 12288 492 ) (4096 12288 492 ) (4096 12288 280 ) (4688 12288 280 ) 
4 84 91 (4096 12288 280 ) (4096 12288 464 ) (4096 13312 464 ) (4096 13312 280 ) 
4 84 88 (4096 12288 464 ) (4096 12288 492 ) (4096 13312 492 ) (4096 13312 464 ) 
4 84 85 (4096 12288 280 ) (4096 13312 280 ) (4688 13312 280 ) (4688 12288 280 ) 
4 85 100 (4688 12288 280 ) (4096 12288 280 ) (4096 12288 0 ) (4688 12288 0 ) 
4 85 99 (5120 12288 0 ) (5120 12288 280 ) (4688 12288 280 ) (4688 12288 0 ) 
4 85 91 (4096 12288 0 ) (4096 12288 280 ) (4096 13312 280 ) (4096 13312 0 ) 
4 86 104 (3200 12288 492 ) (4096 12288 492 ) (4096 12288 1328 ) (3200 12288 1328 ) 
4 86 89 (3776 13312 492 ) (3936 13312 492 ) (3936 12288 492 ) (3776 12288 492 ) 
4 86 88 (3936 13312 492 ) (4096 13312 492 ) (4096 12288 492 ) (3936 12288 492 ) 
4 86 90 (3200 13312 492 ) (3776 13312 492 ) (3776 12288 492 ) (3200 12288 492 ) 
4 86 87 (3200 13312 492 ) (3200 12288 492 ) (3200 12288 1328 ) (3200 13312 1328 ) 
4 87 114 (3072 12288 492 ) (3072 12288 2304 ) (3072 13312 2304 ) (3072 13312 492 ) 
4 87 105 (3072 12288 2304 ) (3072 12288 492 ) (3200 12288 492 ) (3200 12288 2304 ) 
4 87 90 (3072 13312 492 ) (3200 13312 492 ) (3200 12288 492 ) (3072 12288 492 ) 
4 88 106 (3936 12288 464 ) (4096 12288 464 ) (4096 12288 492 ) (3936 12288 492 ) 
4 88 91 (4096 12288 464 ) (3936 12288 464 ) (3936 13312 464 ) (4096 13312 464 ) 
4 88 89 (3936 13312 464 ) (3936 12288 464 ) (3936 12288 492 ) (3936 13312 492 ) 
4 89 107 (3776 12288 464 ) (3936 12288 464 ) (3936 12288 492 ) (3776 12288 492 ) 
4 89 91 (3936 12288 464 ) (3776 12288 464 ) (3776 13312 464 ) (3936 13312 464 ) 
4 89 90 (3776 13312 464 ) (3776 12288 464 ) (3776 12288 492 ) (3776 13312 492 ) 
4 90 114 (3072 12288 464 ) (3072 12288 492 ) (3072 13312 492 ) (3072 13312 464 ) 
4 90 108 (3072 12288 492 ) (3072 12288 464 ) (3776 12288 464 ) (3776 12288 492 ) 
4 90 91 (3776 12288 464 ) (3072 12288 464 ) (3072 13312 464 ) (3776 13312 464 ) 
4 91 114 (3072 12288 0 ) (3072 12288 464 ) (3072 13312 464 ) (3072 13312 0 ) 
4 91 111 (3072 12288 464 ) (3072 12288 0 ) (4096 12288 0 ) (4096 12288 464 ) 
4 92 130 (5120 11264 746 ) (5120 11264 1328 ) (4096 11264 1328 ) (4096 11264 746 ) 
4 92 104 (4096 12288 1328 ) (4096 12288 746 ) (4096 11264 746 ) (4096 11264 1328 ) 
4 92 96 (4914.290039 11278.298828 746 ) (4899.971680 11264 746 ) (4888.603516 11264 746 ) (4908.629395 11284 746 ) 
4 92 95 (5120 11495.086914 746 ) (5120 11483.733398 746 ) (4914.290039 11278.298828 746 ) (4908.629395 11284 746 ) 
3 92 94 (5120 11483.733398 746 ) (5120 11264 746 ) (4899.971680 11264 746 ) 
5 92 93 (4096 11264 746 ) (4096 12288 746 ) (5120 12288 746 ) (5120 11495.086914 746 ) (4888.603516 11264 746 ) 
4 93 131 (4888.603516 11264 746 ) (4096 11264 746 ) (4096 11264 504 ) (4888.603516 11264 504 ) 
4 93 104 (4096 12288 746 ) (4096 12288 504 ) (4096 11264 504 ) (4096 11264 746 ) 
4 93 96 (4888.601563 11264 504 ) (4908.627930 11284 504 ) (4908.627930 11284 746 ) (4888.601563 11264 746 ) 
4 93 95 (4908.627930 11284 504 ) (5120 11495.088867 504 ) (5120 11495.089844 746 ) (4908.627930 11284 746 ) 
5 93 97 (4888.603516 11264 504 ) (4096 11264 504 ) (4096 12288 504 ) (5120 12288 504 ) (5120 11495.086914 504 ) 
4 94 132 (5120 11264 504 ) (5120 11264 746 ) (4899.971680 11264 746 ) (4899.971680 11264 504 ) 
4 94 96 (4914.289551 11278.298828 504 ) (4899.971191 11264 504 ) (4899.968750 11264 746 ) (4914.288574 11278.300781 746 ) 
4 94 95 (5120 11483.734375 504 ) (4914.289551 11278.298828 504 ) (4914.288574 11278.300781 746 ) (5120 11483.734375 746 ) 
3 94 97 (5120 11264 504 ) (4899.971680 11264 504 ) (5120 11483.733398 504 ) 
4 95 97 (4908.629395 11284 504 ) (5120 11495.086914 504 ) (5120 11483.733398 504 ) (4914.290039 11278.298828 504 ) 
4 95 96 (4908.630371 11284 746 ) (4908.630371 11284 504 ) (4914.291016 11278.300781 504 ) (4914.291016 11278.300781 746 ) 
4 96 134 (4899.971680 11264 746 ) (4888.603516 11264 746 ) (4888.603516 11264 504 ) (4899.971680 11264 504 ) 
4 96 97 (4899.971680 11264 504 ) (4888.603516 11264 504 ) (4908.629395 11284 504 ) (4914.290039 11278.298828 504 ) 
4 97 135 (5120 11264 492 ) (5120 11264 504 ) (4096 11264 504 ) (4096 11264 492 ) 
4 97 104 (4096 12288 504 ) (4096 12288 492 ) (4096 11264 492 ) (4096 11264 504 ) 
4 97 101 (4096 11824 492 ) (4096 11984 492 ) (4688 11984 492 ) (4688 11824 492 ) 
4 97 100 (4096 11984 492 ) (4096 12288 492 ) (4688 12288 492 ) (4688 11984 492 ) 
4 97 103 (4688 11264 492 ) (4096 11264 492 ) (4096 11824 492 ) (4688 11824 492 ) 
4 97 98 (5120 11264 492 ) (4688 11264 492 ) (4688 12288 492 ) (5120 12288 492 ) 
4 98 135 (5120 11264 328 ) (5120 11264 492 ) (4688 11264 492 ) (4688 11264 328 ) 
4 98 102 (4688 11984 464 ) (4688 11984 328 ) (4688 11824 328 ) (4688 11824 464 ) 
4 98 101 (4688 11824 492 ) (4688 11984 492 ) (4688 11984 464 ) (4688 11824 464 ) 
4 98 100 (4688 11984 492 ) (4688 12288 492 ) (4688 12288 328 ) (4688 11984 328 ) 
4 98 103 (4688 11264 328 ) (4688 11264 492 ) (4688 11824 492 ) (4688 11824 328 ) 
4 98 99 (5120 11264 328 ) (4688 11264 328 ) (4688 12288 328 ) (5120 12288 328 ) 
4 99 135 (5120 11264 0 ) (5120 11264 328 ) (4688 11264 328 ) (4688 11264 0 ) 
4 99 102 (4688 11824 328 ) (4688 11984 328 ) (4688 11984 0 ) (4688 11824 0 ) 
4 99 100 (4688 11984 328 ) (4688 12288 328 ) (4688 12288 0 ) (4688 11984 0 ) 
4 99 103 (4688 11264 0 ) (4688 11264 328 ) (4688 11824 328 ) (4688 11824 0 ) 
4 100 111 (4096 12288 464 ) (4096 12288 0 ) (4096 11984 0 ) (4096 11984 464 ) 
4 100 106 (4096 12288 492 ) (4096 12288 464 ) (4096 11984 464 ) (4096 11984 492 ) 
4 100 102 (4096 11984 0 ) (4688 11984 0 ) (4688 11984 464 ) (4096 11984 464 ) 
4 100 101 (4688 11984 464 ) (4688 11984 492 ) (4096 11984 492 ) (4096 11984 464 ) 
4 101 109 (4096 11824 464 ) (4096 11824 492 ) (4096 11984 492 ) (4096 11984 464 ) 
4 101 103 (4688 11824 464 ) (4688 11824 492 ) (4096 11824 492 ) (4096 11824 464 ) 
4 101 102 (4688 11824 464 ) (4096 11824 464 ) (4096 11984 464 ) (4688 11984 464 ) 
4 102 111 (4096 11984 0 ) (4096 11824 0 ) (4096 11824 464 ) (4096 11984 464 ) 
4 102 103 (4096 11824 0 ) (4688 11824 0 ) (4688 11824 464 ) (4096 11824 464 ) 
4 103 135 (4688 11264 0 ) (4688 11264 492 ) (4096 11264 492 ) (4096 11264 0 ) 
4 103 111 (4096 11824 0 ) (4096 11264 0 ) (4096 11264 464 ) (4096 11824 464 ) 
4 103 110 (4096 11264 464 ) (4096 11264 492 ) (4096 11824 492 ) (4096 11824 464 ) 
4 104 136 (4096 11264 492 ) (4096 11264 1328 ) (3200 11264 1328 ) (3200 11264 492 ) 
4 104 110 (4096 11824 492 ) (4096 11264 492 ) (3200 11264 492 ) (3200 11824 492 ) 
4 104 109 (4096 11984 492 ) (4096 11824 492 ) (3200 11824 492 ) (3200 11984 492 ) 
4 104 107 (3776 12288 492 ) (3936 12288 492 ) (3936 11984 492 ) (3776 11984 492 ) 
4 104 106 (3936 12288 492 ) (4096 12288 492 ) (4096 11984 492 ) (3936 11984 492 ) 
4 104 108 (3200 12288 492 ) (3776 12288 492 ) (3776 11984 492 ) (3200 11984 492 ) 
4 104 105 (3200 12288 1328 ) (3200 12288 492 ) (3200 11264 492 ) (3200 11264 1328 ) 
4 105 137 (3072 11264 2304 ) (3072 11264 492 ) (3200 11264 492 ) (3200 11264 2304 ) 
4 105 116 (3072 11264 492 ) (3072 11264 2304 ) (3072 12288 2304 ) (3072 12288 492 ) 
4 105 110 (3072 11264 492 ) (3072 11824 492 ) (3200 11824 492 ) (3200 11264 492 ) 
4 105 109 (3072 11824 492 ) (3072 11984 492 ) (3200 11984 492 ) (3200 11824 492 ) 
4 105 108 (3072 11984 492 ) (3072 12288 492 ) (3200 12288 492 ) (3200 11984 492 ) 
4 106 111 (3936 12288 464 ) (4096 12288 464 ) (4096 11984 464 ) (3936 11984 464 ) 
4 106 109 (3936 11984 464 ) (4096 11984 464 ) (4096 11984 492 ) (3936 11984 492 ) 
4 106 107 (3936 12288 464 ) (3936 11984 464 ) (3936 11984 492 ) (3936 12288 492 ) 
4 107 111 (3776 12288 464 ) (3936 12288 464 ) (3936 11984 464 ) (3776 11984 464 ) 
4 107 109 (3776 11984 464 ) (3936 11984 464 ) (3936 11984 492 ) (3776 11984 492 ) 
4 107 108 (3776 12288 464 ) (3776 11984 464 ) (3776 11984 492 ) (3776 12288 492 ) 
4 108 117 (3072 11984 492 ) (3072 12288 492 ) (3072 12288 464 ) (3072 11984 464 ) 
4 108 111 (3072 11984 464 ) (3072 12288 464 ) (3776 12288 464 ) (3776 11984 464 ) 
4 108 109 (3072 11984 464 ) (3776 11984 464 ) (3776 11984 492 ) (3072 11984 492 ) 
4 109 118 (3072 11824 492 ) (3072 11984 492 ) (3072 11984 464 ) (3072 11824 464 ) 
4 109 111 (3072 11824 464 ) (3072 11984 464 ) (4096 11984 464 ) (4096 11824 464 ) 
4 109 110 (3072 11824 464 ) (4096 11824 464 ) (4096 11824 492 ) (3072 11824 492 ) 
4 110 137 (3200 11264 492 ) (3072 11264 492 ) (3072 11264 464 ) (3200 11264 464 ) 
4 110 136 (4096 11264 464 ) (4096 11264 492 ) (3200 11264 492 ) (3200 11264 464 ) 
4 110 119 (3072 11264 464 ) (3072 11264 492 ) (3072 11824 492 ) (3072 11824 464 ) 
4 110 111 (4096 11264 464 ) (3072 11264 464 ) (3072 11824 464 ) (4096 11824 464 ) 
4 111 137 (3200 11264 464 ) (3072 11264 464 ) (3072 11264 0 ) (3200 11264 0 ) 
4 111 136 (4096 11264 0 ) (4096 11264 464 ) (3200 11264 464 ) (3200 11264 0 ) 
4 111 124 (3072 11264 0 ) (3072 11264 464 ) (3072 12288 464 ) (3072 12288 0 ) 
4 112 114 (3072 13312 0 ) (3072 13312 2304 ) (2048 13312 2304 ) (2048 13312 0 ) 
4 112 113 (2048 14336 2304 ) (2048 14336 0 ) (2048 13312 0 ) (2048 13312 2304 ) 
4 113 154 (1024 13312 0 ) (1024 13312 2304 ) (1024 14336 2304 ) (1024 14336 0 ) 
4 113 115 (2048 13312 0 ) (2048 13312 2304 ) (1024 13312 2304 ) (1024 13312 0 ) 
4 114 124 (3072 12288 0 ) (3072 12288 464 ) (2048 12288 464 ) (2048 12288 0 ) 
4 114 120 (3008 12288 492 ) (2656 12288 492 ) (2656 12288 464 ) (3008 12288 464 ) 
4 114 123 (2656 12288 492 ) (2048 12288 492 ) (2048 12288 464 ) (2656 12288 464 ) 
4 114 117 (3072 12288 464 ) (3072 12288 492 ) (3008 12288 492 ) (3008 12288 464 ) 
4 114 116 (3072 12288 492 ) (3072 12288 2304 ) (2048 12288 2304 ) (2048 12288 492 ) 
4 114 115 (2048 12288 0 ) (2048 12288 2304 ) (2048 13312 2304 ) (2048 13312 0 ) 
4 115 157 (1024 12288 0 ) (1024 12288 2304 ) (1024 13312 2304 ) (1024 13312 0 ) 
4 115 125 (1024 12288 2304 ) (1024 12288 0 ) (2048 12288 0 ) (2048 12288 2304 ) 
4 116 141 (3072 11264 492 ) (3072 11264 2304 ) (2048 11264 2304 ) (2048 11264 492 ) 
4 116 125 (2048 12288 2304 ) (2048 12288 492 ) (2048 11264 492 ) (2048 11264 2304 ) 
4 116 121 (2656 11728 492 ) (2656 12080 492 ) (3008 12080 492 ) (3008 11728 492 ) 
4 116 120 (2656 12080 492 ) (2656 12288 492 ) (3008 12288 492 ) (3008 12080 492 ) 
4 116 122 (3008 11264 492 ) (2656 11264 492 ) (2656 11728 492 ) (3008 11728 492 ) 
4 116 123 (2656 11264 492 ) (2048 11264 492 ) (2048 12288 492 ) (2656 12288 492 ) 
4 116 118 (3008 11824 492 ) (3008 11984 492 ) (3072 11984 492 ) (3072 11824 492 ) 
4 116 117 (3008 11984 492 ) (3008 12288 492 ) (3072 12288 492 ) (3072 11984 492 ) 
4 116 119 (3072 11264 492 ) (3008 11264 492 ) (3008 11824 492 ) (3072 11824 492 ) 
4 117 124 (3008 12288 464 ) (3072 12288 464 ) (3072 11984 464 ) (3008 11984 464 ) 
4 117 121 (3008 12080 464 ) (3008 11984 464 ) (3008 11984 492 ) (3008 12080 492 ) 
4 117 120 (3008 12288 464 ) (3008 12080 464 ) (3008 12080 492 ) (3008 12288 492 ) 
4 117 118 (3008 11984 492 ) (3008 11984 464 ) (3072 11984 464 ) (3072 11984 492 ) 
4 118 124 (3072 11984 464 ) (3072 11824 464 ) (3008 11824 464 ) (3008 11984 464 ) 
4 118 121 (3008 11984 464 ) (3008 11824 464 ) (3008 11824 492 ) (3008 11984 492 ) 
4 118 119 (3008 11824 492 ) (3008 11824 464 ) (3072 11824 464 ) (3072 11824 492 ) 
4 119 141 (3072 11264 464 ) (3072 11264 492 ) (3008 11264 492 ) (3008 11264 464 ) 
4 119 124 (3072 11824 464 ) (3072 11264 464 ) (3008 11264 464 ) (3008 11824 464 ) 
4 119 121 (3008 11824 464 ) (3008 11728 464 ) (3008 11728 492 ) (3008 11824 492 ) 
4 119 122 (3008 11728 464 ) (3008 11264 464 ) (3008 11264 492 ) (3008 11728 492 ) 
4 120 124 (2656 12288 464 ) (3008 12288 464 ) (3008 12080 464 ) (2656 12080 464 ) 
4 120 123 (2656 12288 464 ) (2656 12080 464 ) (2656 12080 492 ) (2656 12288 492 ) 
4 120 121 (2656 12080 492 ) (2656 12080 464 ) (3008 12080 464 ) (3008 12080 492 ) 
4 121 124 (3008 12080 464 ) (3008 11728 464 ) (2656 11728 464 ) (2656 12080 464 ) 
4 121 122 (2656 11728 492 ) (2656 11728 464 ) (3008 11728 464 ) (3008 11728 492 ) 
4 121 123 (2656 12080 464 ) (2656 11728 464 ) (2656 11728 492 ) (2656 12080 492 ) 
4 122 141 (3008 11264 492 ) (2656 11264 492 ) (2656 11264 464 ) (3008 11264 464 ) 
4 122 124 (3008 11728 464 ) (3008 11264 464 ) (2656 11264 464 ) (2656 11728 464 ) 
4 122 123 (2656 11728 464 ) (2656 11264 464 ) (2656 11264 492 ) (2656 11728 492 ) 
4 123 141 (2656 11264 492 ) (2048 11264 492 ) (2048 11264 464 ) (2656 11264 464 ) 
4 123 125 (2048 12288 492 ) (2048 12288 464 ) (2048 11264 464 ) (2048 11264 492 ) 
4 123 124 (2048 11264 464 ) (2048 12288 464 ) (2656 12288 464 ) (2656 11264 464 ) 
4 124 141 (3072 11264 0 ) (3072 11264 464 ) (2048 11264 464 ) (2048 11264 0 ) 
4 124 125 (2048 12288 464 ) (2048 12288 0 ) (2048 11264 0 ) (2048 11264 464 ) 
4 125 158 (1024 11264 0 ) (1024 11264 2304 ) (1024 12288 2304 ) (1024 12288 0 ) 
4 125 142 (2048 11264 0 ) (2048 11264 2304 ) (1024 11264 2304 ) (1024 11264 0 ) 
4 126 128 (6624 10240 0 ) (6624 10240 1328 ) (6144 10240 1328 ) (6144 10240 0 ) 
4 126 127 (6144 11264 1328 ) (6144 11264 0 ) (6144 10240 0 ) (6144 10240 1328 ) 
4 127 135 (5120 10240 0 ) (5120 10240 504 ) (5120 11264 504 ) (5120 11264 0 ) 
4 127 132 (5120 10240 504 ) (5120 10240 746 ) (5120 11264 746 ) (5120 11264 504 ) 
4 127 130 (5120 10240 746 ) (5120 10240 1328 ) (5120 11264 1328 ) (5120 11264 746 ) 
4 127 129 (6144 10240 0 ) (6144 10240 1328 ) (5120 10240 1328 ) (5120 10240 0 ) 
4 128 129 (6144 10240 1328 ) (6144 10240 0 ) (6144 9216 0 ) (6144 9216 1328 ) 
4 129 138 (5120 9216 0 ) (5120 9216 1328 ) (5120 10240 1328 ) (5120 10240 0 ) 
4 130 138 (5120 10240 746 ) (5120 10240 1328 ) (4096 10240 1328 ) (4096 10240 746 ) 
4 130 136 (4096 11264 1328 ) (4096 11264 746 ) (4096 10240 746 ) (4096 10240 1328 ) 
4 130 134 (4886 11261.400391 746 ) (4888.603516 11264 746 ) (4899.971680 11264 746 ) (4891.655273 11255.695313 746 ) 
4 130 133 (4096 10461.104492 746 ) (4096 10472.456055 746 ) (4886 11261.400391 746 ) (4891.655273 11255.695313 746 ) 
5 130 132 (5120 10240 746 ) (4096 10240 746 ) (4096 10461.104492 746 ) (4899.971680 11264 746 ) (5120 11264 746 ) 
3 130 131 (4096 10472.456055 746 ) (4096 11264 746 ) (4888.603516 11264 746 ) 
4 131 136 (4096 11264 746 ) (4096 11264 504 ) (4096 10472.456055 504 ) (4096 10472.456055 746 ) 
3 131 135 (4096 10472.456055 504 ) (4096 11264 504 ) (4888.603516 11264 504 ) 
4 131 134 (4886 11261.400391 504 ) (4888.603516 11264 504 ) (4888.597168 11264 746 ) (4885.997559 11261.404297 746 ) 
4 131 133 (4096 10472.457031 504 ) (4886 11261.400391 504 ) (4885.997559 11261.404297 746 ) (4096 10472.460938 746 ) 
4 132 138 (5120 10240 504 ) (5120 10240 746 ) (4096 10240 746 ) (4096 10240 504 ) 
4 132 136 (4096 10461.104492 504 ) (4096 10240 504 ) (4096 10240 746 ) (4096 10461.104492 746 ) 
5 132 135 (5120 10240 504 ) (4096 10240 504 ) (4096 10461.104492 504 ) (4899.971680 11264 504 ) (5120 11264 504 ) 
4 132 134 (4899.972656 11264 504 ) (4891.655762 11255.694336 504 ) (4891.656250 11255.694336 746 ) (4899.973145 11264 746 ) 
4 132 133 (4891.655762 11255.694336 504 ) (4096 10461.102539 504 ) (4096 10461.102539 746 ) (4891.656250 11255.694336 746 ) 
4 133 136 (4096 10472.456055 504 ) (4096 10461.104492 504 ) (4096 10461.104492 746 ) (4096 10472.456055 746 ) 
4 133 135 (4096 10461.104492 504 ) (4096 10472.456055 504 ) (4886 11261.400391 504 ) (4891.655273 11255.695313 504 ) 
4 133 134 (4891.656250 11255.695313 746 ) (4891.656250 11255.695313 504 ) (4886 11261.401367 504 ) (4886 11261.401367 746 ) 
4 134 135 (4886 11261.400391 504 ) (4888.603516 11264 504 ) (4899.971680 11264 504 ) (4891.655273 11255.695313 504 ) 
4 135 138 (5120 10240 0 ) (5120 10240 504 ) (4096 10240 504 ) (4096 10240 0 ) 
4 135 136 (4096 11264 504 ) (4096 11264 0 ) (4096 10240 0 ) (4096 10240 504 ) 
4 136 139 (4096 10240 0 ) (4096 10240 1328 ) (3200 10240 1328 ) (3200 10240 0 ) 
4 136 137 (3200 10240 0 ) (3200 10240 1328 ) (3200 11264 1328 ) (3200 11264 0 ) 
4 137 141 (3072 11264 2304 ) (3072 11264 0 ) (3072 10240 0 ) (3072 10240 2304 ) 
4 137 140 (3200 10240 0 ) (3200 10240 2304 ) (3072 10240 2304 ) (3072 10240 0 ) 
4 138 139 (4096 9216 0 ) (4096 9216 1328 ) (4096 10240 1328 ) (4096 10240 0 ) 
4 139 140 (3200 10240 1328 ) (3200 10240 0 ) (3200 9216 0 ) (3200 9216 1328 ) 
4 140 143 (3072 9216 0 ) (3072 9216 2304 ) (3072 10240 2304 ) (3072 10240 0 ) 
4 141 143 (3072 10240 0 ) (3072 10240 2304 ) (2048 10240 2304 ) (2048 10240 0 ) 
4 141 142 (2048 11264 2304 ) (2048 11264 0 ) (2048 10240 0 ) (2048 10240 2304 ) 
4 142 167 (1024 10240 0 ) (1024 10240 2304 ) (1024 11264 2304 ) (1024 11264 0 ) 
4 142 144 (2048 10240 0 ) (2048 10240 2304 ) (1024 10240 2304 ) (1024 10240 0 ) 
4 143 144 (2048 9216 0 ) (2048 9216 2304 ) (2048 10240 2304 ) (2048 10240 0 ) 
4 144 171 (1024 9216 0 ) (1024 9216 2304 ) (1024 10240 2304 ) (1024 10240 0 ) 
4 144 145 (1024 9216 896 ) (1024 9216 512 ) (1344 9216 512 ) (1344 9216 896 ) 
4 145 172 (1024 8192 512 ) (1024 8192 896 ) (1024 9216 896 ) (1024 9216 512 ) 
4 145 146 (1024 8192 896 ) (1024 8192 512 ) (1344 8192 512 ) (1344 8192 896 ) 
4 146 178 (1024 7168 512 ) (1024 7168 896 ) (1024 8192 896 ) (1024 8192 512 ) 
4 146 147 (1024 7168 896 ) (1024 7168 512 ) (1344 7168 512 ) (1344 7168 896 ) 
4 147 179 (1024 6144 512 ) (1024 6144 896 ) (1024 7168 896 ) (1024 7168 512 ) 
4 148 150 (0 15360 0 ) (0 15360 2304 ) (0 15584 2304 ) (0 15584 0 ) 
4 148 149 (1024 15360 0 ) (1024 15360 2304 ) (0 15360 2304 ) (0 15360 0 ) 
4 149 154 (1024 14336 0 ) (1024 14336 2304 ) (0 14336 2304 ) (0 14336 0 ) 
4 149 152 (0 14336 0 ) (0 14336 2304 ) (0 15360 2304 ) (0 15360 0 ) 
4 150 152 (0 15360 0 ) (0 15360 2304 ) (-1024 15360 2304 ) (-1024 15360 0 ) 
4 150 151 (-1024 15360 0 ) (-1024 15360 2304 ) (-1024 15584 2304 ) (-1024 15584 0 ) 
4 151 153 (-1024 15360 0 ) (-1024 15360 2304 ) (-1248 15360 2304 ) (-1248 15360 0 ) 
4 152 155 (0 14336 0 ) (0 14336 2304 ) (-1024 14336 2304 ) (-1024 14336 0 ) 
4 152 153 (-1024 15360 2304 ) (-1024 15360 0 ) (-1024 14336 0 ) (-1024 14336 2304 ) 
4 153 156 (-1024 14336 0 ) (-1024 14336 2304 ) (-1248 14336 2304 ) (-1248 14336 0 ) 
4 154 157 (1024 13312 0 ) (1024 13312 2304 ) (0 13312 2304 ) (0 13312 0 ) 
4 154 155 (0 13312 0 ) (0 13312 2304 ) (0 14336 2304 ) (0 14336 0 ) 
4 155 159 (0 13312 0 ) (0 13312 2304 ) (-1024 13312 2304 ) (-1024 13312 0 ) 
4 155 156 (-1024 14336 2304 ) (-1024 14336 0 ) (-1024 13312 0 ) (-1024 13312 2304 ) 
4 156 160 (-1024 13312 0 ) (-1024 13312 2304 ) (-1248 13312 2304 ) (-1248 13312 0 ) 
4 157 159 (0 13312 2304 ) (0 13312 0 ) (0 12288 0 ) (0 12288 2304 ) 
4 157 158 (1024 12288 0 ) (1024 12288 2304 ) (0 12288 2304 ) (0 12288 0 ) 
4 158 167 (1024 11264 0 ) (1024 11264 2304 ) (0 11264 2304 ) (0 11264 0 ) 
4 158 161 (0 11264 0 ) (0 11264 2304 ) (0 12288 2304 ) (0 12288 0 ) 
4 159 161 (0 12288 0 ) (0 12288 2304 ) (-1024 12288 2304 ) (-1024 12288 0 ) 
4 159 160 (-1024 13312 2304 ) (-1024 13312 0 ) (-1024 12288 0 ) (-1024 12288 2304 ) 
4 160 162 (-1024 12288 0 ) (-1024 12288 2304 ) (-1248 12288 2304 ) (-1248 12288 0 ) 
4 161 168 (0 11264 0 ) (0 11264 2304 ) (-1024 11264 2304 ) (-1024 11264 0 ) 
4 161 162 (-1024 12288 2304 ) (-1024 12288 0 ) (-1024 11264 0 ) (-1024 11264 2304 ) 
4 162 169 (-1024 11264 0 ) (-1024 11264 2304 ) (-1248 11264 2304 ) (-1248 11264 0 ) 
4 162 163 (-1248 11264 512 ) (-1248 11264 896 ) (-1248 11808 896 ) (-1248 11808 512 ) 
4 163 170 (-1248 11264 512 ) (-1248 11264 896 ) (-2048 11264 896 ) (-2048 11264 512 ) 
4 163 164 (-2048 11264 512 ) (-2048 11264 896 ) (-2048 11808 896 ) (-2048 11808 512 ) 
4 164 175 (-2048 11264 512 ) (-2048 11264 896 ) (-3072 11264 896 ) (-3072 11264 512 ) 
4 164 165 (-3072 11264 512 ) (-3072 11264 896 ) (-3072 11808 896 ) (-3072 11808 512 ) 
4 165 176 (-3072 11264 512 ) (-3072 11264 896 ) (-4096 11264 896 ) (-4096 11264 512 ) 
4 165 166 (-4096 11264 512 ) (-4096 11264 896 ) (-4096 11808 896 ) (-4096 11808 512 ) 
4 166 177 (-4096 11264 512 ) (-4096 11264 896 ) (-4320 11264 896 ) (-4320 11264 512 ) 
4 167 171 (1024 10240 0 ) (1024 10240 2304 ) (0 10240 2304 ) (0 10240 0 ) 
4 167 168 (0 10240 0 ) (0 10240 2304 ) (0 11264 2304 ) (0 11264 0 ) 
4 168 173 (0 10240 0 ) (0 10240 2304 ) (-1024 10240 2304 ) (-1024 10240 0 ) 
4 168 169 (-1024 11264 2304 ) (-1024 11264 0 ) (-1024 10240 0 ) (-1024 10240 2304 ) 
4 169 174 (-1024 10240 0 ) (-1024 10240 2304 ) (-1248 10240 2304 ) (-1248 10240 0 ) 
4 169 170 (-1248 11264 896 ) (-1248 11264 512 ) (-1248 11168 512 ) (-1248 11168 896 ) 
4 170 175 (-2048 11264 896 ) (-2048 11264 512 ) (-2048 11168 512 ) (-2048 11168 896 ) 
4 171 173 (0 10240 2304 ) (0 10240 0 ) (0 9216 0 ) (0 9216 2304 ) 
4 171 172 (1024 9216 512 ) (1024 9216 896 ) (704 9216 896 ) (704 9216 512 ) 
4 172 178 (1024 8192 512 ) (1024 8192 896 ) (704 8192 896 ) (704 8192 512 ) 
4 173 174 (-1024 10240 2304 ) (-1024 10240 0 ) (-1024 9216 0 ) (-1024 9216 2304 ) 
4 175 176 (-3072 11264 896 ) (-3072 11264 512 ) (-3072 11168 512 ) (-3072 11168 896 ) 
4 176 177 (-4096 11264 896 ) (-4096 11264 512 ) (-4096 11168 512 ) (-4096 11168 896 ) 
4 178 179 (1024 7168 512 ) (1024 7168 896 ) (704 7168 896 ) (704 7168 512 ) 
