PRT1
30
66
4 0 13 (1280 0 0 ) (1280 0 400 ) (1024 0 400 ) (1024 0 0 ) 
4 0 12 (1280 0 400 ) (1280 0 768 ) (1024 0 768 ) (1024 0 400 ) 
4 0 8 (1024 0 0 ) (1024 0 256 ) (1024 256 256 ) (1024 256 0 ) 
4 0 3 (1024 0 256 ) (1024 0 384 ) (1024 256 384 ) (1024 256 256 ) 
4 0 1 (1024 0 384 ) (1024 0 768 ) (1024 256 768 ) (1024 256 384 ) 
4 1 18 (1024 0 384 ) (1024 0 400 ) (944 0 400 ) (944 0 384 ) 
4 1 19 (944 0 400 ) (80 0 400 ) (80 0 384 ) (944 0 384 ) 
4 1 17 (1024 0 400 ) (1024 0 768 ) (80 0 768 ) (80 0 400 ) 
4 1 6 (448 0 384 ) (80 0 384 ) (80 256 384 ) (448 256 384 ) 
4 1 5 (576 0 384 ) (448 0 384 ) (448 256 384 ) (576 256 384 ) 
4 1 3 (1024 0 384 ) (576 0 384 ) (576 256 384 ) (1024 256 384 ) 
4 1 2 (80 0 768 ) (80 256 768 ) (80 256 400 ) (80 0 400 ) 
4 2 17 (80 0 768 ) (0 0 768 ) (0 0 400 ) (80 0 400 ) 
4 2 9 (0 0 400 ) (0 0 768 ) (0 256 768 ) (0 256 400 ) 
4 3 21 (1024 0 256 ) (1024 0 384 ) (576 0 384 ) (576 0 256 ) 
4 3 8 (1024 256 256 ) (1024 0 256 ) (576 0 256 ) (576 256 256 ) 
4 3 5 (576 256 256 ) (576 0 256 ) (576 0 384 ) (576 256 384 ) 
4 4 10 (0 400 384 ) (0 528 384 ) (0 528 256 ) (0 400 256 ) 
4 4 5 (448 400 256 ) (576 400 256 ) (576 400 384 ) (448 400 384 ) 
4 4 7 (0 400 256 ) (64 400 256 ) (64 400 384 ) (0 400 384 ) 
4 5 21 (576 0 384 ) (448 0 384 ) (448 0 256 ) (576 0 256 ) 
4 5 8 (576 256 256 ) (576 0 256 ) (448 0 256 ) (448 256 256 ) 
4 5 6 (448 256 256 ) (448 0 256 ) (448 0 384 ) (448 256 384 ) 
4 6 21 (448 0 384 ) (64 0 384 ) (64 0 256 ) (448 0 256 ) 
4 6 8 (448 256 256 ) (448 0 256 ) (64 0 256 ) (64 256 256 ) 
4 6 7 (64 256 256 ) (64 0 256 ) (64 0 384 ) (64 256 384 ) 
4 7 21 (64 0 384 ) (0 0 384 ) (0 0 256 ) (64 0 256 ) 
4 7 11 (0 0 256 ) (0 0 384 ) (0 256 384 ) (0 256 256 ) 
4 7 10 (0 256 384 ) (0 400 384 ) (0 400 256 ) (0 256 256 ) 
4 7 8 (0 0 256 ) (0 256 256 ) (64 256 256 ) (64 0 256 ) 
4 8 21 (1024 0 0 ) (1024 0 256 ) (0 0 256 ) (0 0 0 ) 
4 8 11 (0 0 0 ) (0 0 256 ) (0 256 256 ) (0 256 0 ) 
4 9 24 (0 0 400 ) (0 0 768 ) (-256 0 768 ) (-256 0 400 ) 
4 10 11 (0 256 384 ) (-64 256 384 ) (-64 256 256 ) (0 256 256 ) 
4 11 25 (0 0 0 ) (0 0 384 ) (-256 0 384 ) (-256 0 0 ) 
4 12 17 (1024 0 768 ) (1024 0 400 ) (1024 -896 400 ) (1024 -896 768 ) 
4 12 13 (1280 0 400 ) (1280 -560 400 ) (1024 -560 400 ) (1024 0 400 ) 
4 13 18 (1024 0 400 ) (1024 0 384 ) (1024 -560 384 ) (1024 -560 400 ) 
4 13 21 (1024 0 384 ) (1024 0 0 ) (1024 -560 0 ) (1024 -560 384 ) 
4 13 14 (1024 -560 0 ) (1280 -560 0 ) (1280 -560 384 ) (1024 -560 384 ) 
4 14 21 (1024 -560 0 ) (1024 -896 0 ) (1024 -896 384 ) (1024 -560 384 ) 
4 14 15 (1088 -896 384 ) (1024 -896 384 ) (1024 -896 256 ) (1088 -896 256 ) 
4 15 22 (1024 -1024 256 ) (1024 -1024 384 ) (1024 -896 384 ) (1024 -896 256 ) 
4 15 16 (1088 -1024 256 ) (1088 -1024 384 ) (1024 -1024 384 ) (1024 -1024 256 ) 
4 16 27 (1024 -1168 384 ) (1024 -1024 384 ) (1024 -1024 256 ) (1024 -1168 256 ) 
4 17 24 (0 0 768 ) (0 0 400 ) (0 -80 400 ) (0 -80 768 ) 
4 17 26 (0 -80 400 ) (0 -896 400 ) (0 -896 768 ) (0 -80 768 ) 
4 17 20 (80 -896 400 ) (0 -896 400 ) (0 -80 400 ) (80 -80 400 ) 
4 17 18 (944 -560 400 ) (944 0 400 ) (1024 0 400 ) (1024 -560 400 ) 
4 17 19 (944 -896 400 ) (80 -896 400 ) (80 0 400 ) (944 0 400 ) 
4 18 19 (944 0 384 ) (944 -560 384 ) (944 -560 400 ) (944 0 400 ) 
4 18 21 (944 -560 384 ) (944 0 384 ) (1024 0 384 ) (1024 -560 384 ) 
4 19 20 (80 -80 384 ) (80 -896 384 ) (80 -896 400 ) (80 -80 400 ) 
4 19 21 (944 -896 384 ) (80 -896 384 ) (80 0 384 ) (944 0 384 ) 
4 20 26 (0 -80 384 ) (0 -896 384 ) (0 -896 400 ) (0 -80 400 ) 
4 20 21 (80 -896 384 ) (0 -896 384 ) (0 -80 384 ) (80 -80 384 ) 
4 21 25 (0 0 384 ) (0 0 0 ) (0 -80 0 ) (0 -80 384 ) 
4 21 26 (0 -80 0 ) (0 -896 0 ) (0 -896 384 ) (0 -80 384 ) 
4 21 22 (1024 -896 256 ) (1024 -896 384 ) (960 -896 384 ) (960 -896 256 ) 
4 21 23 (576 -896 384 ) (448 -896 384 ) (448 -896 256 ) (576 -896 256 ) 
4 22 27 (1024 -1024 256 ) (1024 -1024 384 ) (960 -1024 384 ) (960 -1024 256 ) 
4 23 29 (576 -1024 384 ) (448 -1024 384 ) (448 -1024 256 ) (576 -1024 256 ) 
4 24 26 (0 -80 400 ) (0 -80 768 ) (-256 -80 768 ) (-256 -80 400 ) 
4 25 26 (-256 -80 0 ) (0 -80 0 ) (0 -80 384 ) (-256 -80 384 ) 
4 27 28 (960 -1040 256 ) (960 -1168 256 ) (960 -1168 384 ) (960 -1040 384 ) 
4 28 29 (576 -1040 256 ) (576 -1168 256 ) (576 -1168 384 ) (576 -1040 384 ) 
