


materialPath: D:\SteamLibrary\steamapps\common\GarrysMod\garrysmod\materials
Loading c:\users\linventif\documents\github\linventif-maps\little maps\arena\linv_arena.vmf
fixing up env_cubemap materials on brush sides...
0...1...2...3...4...5...6...7...8...9...100...1...2...3...4...5...6...7...8...9...10Processing areas...done (0)
Building Faces...done (0)
Chop Details...done (0)
Find Visible Detail Sides...
Merged 18 detail faces...done (0)
Merging details...done (0)
FixTjuncs...
PruneNodes...
WriteBSP...
done (0)
writing c:\users\linventif\documents\github\linventif-maps\little maps\arena\linv_arena.prt...Building visibility clusters...
done (0)
Creating default LDR cubemaps for env_cubemap using skybox materials:
   skybox/sky_day01_01*.vmt
 ! Run buildcubemaps in the engine to get the correct cube maps.
Creating default HDR cubemaps for env_cubemap using skybox materials:
   skybox/sky_day01_01*.vmt
 ! Run buildcubemaps in the engine to get the correct cube maps.
Finding displacement neighbors...
Finding lightmap sample positions...
Displacement Alpha : 0...1...2...3...4...5...6...7...8...9...10
Building Physics collision data...
done (0) (31461 bytes)
Placing detail props : 0...1...2...3...4...5...6...7...8...9...10
Compacting texture/material tables...
Reduced 168 texinfos to 127
Reduced 8 texdatas to 8 (201 bytes to 201)
Writing c:\users\linventif\documents\github\linventif-maps\little maps\arena\linv_arena.bsp
0 seconds elapsed



24 threads
reading c:\users\linventif\documents\github\linventif-maps\little maps\arena\linv_arena.bsp
reading c:\users\linventif\documents\github\linventif-maps\little maps\arena\linv_arena.prt
  17 portalclusters
  36 numportals
0...1...2...3...4...5...6...7...8...9...100...1...2...3...4...5...6...7...8...9...10Optimized: 0 visible clusters (0.00%)
Total clusters visible: 275
Average clusters visible: 16
Building PAS...
Average clusters audible: 17
visdatasize:242  compressed from 272
writing c:\users\linventif\documents\github\linventif-maps\little maps\arena\linv_arena.bsp
0 seconds elapsed



[Reading texlights from 'lights.rad']
[45 texlights parsed from 'lights.rad']

Loading c:\users\linventif\documents\github\linventif-maps\little maps\arena\linv_arena.bsp
PREP OK
335 faces
67593 square feet [9733462.00 square inches]
0 Displacements
0 Square Feet [0.00 Square Inches]
335 patches before subdivision
6761 patches after subdivision
0 direct lights
0...1...2.. warning - face vectors parallel to face normal. bad lighting will be produced
.3 warning - face vectors parallel to face normal. bad lighting will be produced
.. warning - face vectors parallel to face normal. bad lighting will be produced
 warning - face vectors parallel to face normal. bad lighting will be produced
.4...5...6...7 warning - face vectors parallel to face normal. bad lighting will be produced
 warning - face vectors parallel to face normal. bad lighting will be produced
...8...9...100...1...2...3...4...5...6...7...8...9...10transfers 515066, max 237
transfer lists:   3.9 megs
0...1...2...3...4...5...6...7...8...9...10	Bounce #1 added RGB(0, 0, 0)
Build Patch/Sample Hash Table(s).....Done<0.0009 sec>
0...1.. warning - face vectors parallel to face normal. bad lighting will be produced
.2... warning - face vectors parallel to face normal. bad lighting will be produced
3. warning - face vectors parallel to face normal. bad lighting will be produced
SampleRadial: Punting, Waiting for fix
 warning - face vectors parallel to face normal. bad lighting will be produced
 warning - face vectors parallel to face normal. bad lighting will be produced
.. warning - face vectors parallel to face normal. bad lighting will be produced
 warning - face vectors parallel to face normal. bad lighting will be produced
4 warning - face vectors parallel to face normal. bad lighting will be produced
 warning - face vectors parallel to face normal. bad lighting will be produced
...5...6 warning - face vectors parallel to face normal. bad lighting will be produced
...7. warning - face vectors parallel to face normal. bad lighting will be produced
 warning - face vectors parallel to face normal. bad lighting will be produced
. warning - face vectors parallel to face normal. bad lighting will be produced
. warning - face vectors parallel to face normal. bad lighting will be produced
8. warning - face vectors parallel to face normal. bad lighting will be produced
..9 warning - face vectors parallel to face normal. bad lighting will be produced
...10FinalLightFace Done
0 of 0 (0% of) surface lights went in leaf ambient cubes.
0...1...2...3...4...5...6...7...8...9...10Writing leaf ambient...done
Ready to Finish

Object names       Objects/Maxobjs  Memory / Maxmem  Fullness 
------------       ---------------  ---------------  -------- 
models                   1/4096           48/196608   ( 0.0%) 
brushes                 87/16384        1044/196608   ( 0.5%) 
brushsides             657/163840       5256/1310720  ( 0.4%) 
planes                 422/65536        8440/1310720  ( 0.6%) 
vertexes               449/65536        5388/786432   ( 0.7%) 
nodes                   54/65536        1728/2097152  ( 0.1%) 
texinfos               127/12288        9144/884736   ( 1.0%) 
texdata                  8/2048          256/65536    ( 0.4%) 
dispinfos                0/0               0/0        ( 0.0%) 
disp_verts               0/0               0/0        ( 0.0%) 
disp_tris                0/0               0/0        ( 0.0%) 
disp_lmsamples           0/0               0/0        ( 0.0%) 
faces                  335/65536       18760/3670016  ( 0.5%) 
hdr faces                0/65536           0/3670016  ( 0.0%) 
origfaces              286/65536       16016/3670016  ( 0.4%) 
leaves                  56/65536        1792/2097152  ( 0.1%) 
leaffaces              426/65536         852/131072   ( 0.7%) 
leafbrushes            140/65536         280/131072   ( 0.2%) 
areas                    2/1024           16/8192     ( 0.2%) 
surfedges             2649/512000      10596/2048000  ( 0.5%) 
edges                 1598/256000       6392/1024000  ( 0.6%) 
LDR worldlights          0/8192            0/720896   ( 0.0%) 
HDR worldlights          0/8192            0/720896   ( 0.0%) 
leafwaterdata            0/32768           0/393216   ( 0.0%) 
waterstrips             14/32768         140/327680   ( 0.0%) 
waterverts               0/65536           0/786432   ( 0.0%) 
waterindices           315/65536         630/131072   ( 0.5%) 
cubemapsamples           0/1024            0/16384    ( 0.0%) 
overlays                 0/1024            0/360448   ( 0.0%) 
LDR lightdata         [variable]      125372/0        ( 0.0%) 
HDR lightdata         [variable]           0/0        ( 0.0%) 
visdata               [variable]         242/16777216 ( 0.0%) 
entdata               [variable]         423/393216   ( 0.1%) 
LDR ambient table       56/65536         224/262144   ( 0.1%) 
HDR ambient table       56/65536         224/262144   ( 0.1%) 
LDR leaf ambient       107/65536        2996/1835008  ( 0.2%) 
HDR leaf ambient        56/65536        1568/1835008  ( 0.1%) 
occluders                0/0               0/0        ( 0.0%) 
occluder polygons        0/0               0/0        ( 0.0%) 
occluder vert ind        0/0               0/0        ( 0.0%) 
detail props          [variable]           1/12       ( 8.3%) 
static props          [variable]           1/12       ( 8.3%) 
pakfile               [variable]      105671/0        ( 0.0%) 
physics               [variable]       31461/4194304  ( 0.8%) 
physics terrain       [variable]           2/1048576  ( 0.0%) 

Level flags = 0

Total triangle count: 835
Writing c:\users\linventif\documents\github\linventif-maps\little maps\arena\linv_arena.bsp
0 seconds elapsed



[Reading texlights from 'lights.rad']
[45 texlights parsed from 'lights.rad']

Loading c:\users\linventif\documents\github\linventif-maps\little maps\arena\linv_arena.bsp
PREP OK
335 faces
67593 square feet [9733462.00 square inches]
0 Displacements
0 Square Feet [0.00 Square Inches]
335 patches before subdivision
6761 patches after subdivision
0 direct lights
0...1...2.. warning - face vectors parallel to face normal. bad lighting will be produced
.3 warning - face vectors parallel to face normal. bad lighting will be produced
.. warning - face vectors parallel to face normal. bad lighting will be produced
 warning - face vectors parallel to face normal. bad lighting will be produced
.4...5...6...7 warning - face vectors parallel to face normal. bad lighting will be produced
 warning - face vectors parallel to face normal. bad lighting will be produced
...8...9...100...1...2...3...4...5...6...7...8...9...10transfers 515066, max 237
transfer lists:   3.9 megs
0...1...2...3...4...5...6...7...8...9...10	Bounce #1 added RGB(0, 0, 0)
Build Patch/Sample Hash Table(s).....Done<0.0009 sec>
0...1.. warning - face vectors parallel to face normal. bad lighting will be produced
.2... warning - face vectors parallel to face normal. bad lighting will be produced
3 warning - face vectors parallel to face normal. bad lighting will be produced
SampleRadial: Punting, Waiting for fix
. warning - face vectors parallel to face normal. bad lighting will be produced
. warning - face vectors parallel to face normal. bad lighting will be produced
. warning - face vectors parallel to face normal. bad lighting will be produced
 warning - face vectors parallel to face normal. bad lighting will be produced
 warning - face vectors parallel to face normal. bad lighting will be produced
 warning - face vectors parallel to face normal. bad lighting will be produced
4...5...6 warning - face vectors parallel to face normal. bad lighting will be produced
...7. warning - face vectors parallel to face normal. bad lighting will be produced
 warning - face vectors parallel to face normal. bad lighting will be produced
. warning - face vectors parallel to face normal. bad lighting will be produced
 warning - face vectors parallel to face normal. bad lighting will be produced
.8. warning - face vectors parallel to face normal. bad lighting will be produced
..9 warning - face vectors parallel to face normal. bad lighting will be produced
...10FinalLightFace Done
0 of 0 (0% of) surface lights went in leaf ambient cubes.
0...1...2...3...4...5...6...7...8...9...10Writing leaf ambient...done
Ready to Finish

Object names       Objects/Maxobjs  Memory / Maxmem  Fullness 
------------       ---------------  ---------------  -------- 
models                   1/4096           48/196608   ( 0.0%) 
brushes                 87/16384        1044/196608   ( 0.5%) 
brushsides             657/163840       5256/1310720  ( 0.4%) 
planes                 422/65536        8440/1310720  ( 0.6%) 
vertexes               449/65536        5388/786432   ( 0.7%) 
nodes                   54/65536        1728/2097152  ( 0.1%) 
texinfos               127/12288        9144/884736   ( 1.0%) 
texdata                  8/2048          256/65536    ( 0.4%) 
dispinfos                0/0               0/0        ( 0.0%) 
disp_verts               0/0               0/0        ( 0.0%) 
disp_tris                0/0               0/0        ( 0.0%) 
disp_lmsamples           0/0               0/0        ( 0.0%) 
faces                  335/65536       18760/3670016  ( 0.5%) 
hdr faces              335/65536       18760/3670016  ( 0.5%) 
origfaces              286/65536       16016/3670016  ( 0.4%) 
leaves                  56/65536        1792/2097152  ( 0.1%) 
leaffaces              426/65536         852/131072   ( 0.7%) 
leafbrushes            140/65536         280/131072   ( 0.2%) 
areas                    2/1024           16/8192     ( 0.2%) 
surfedges             2649/512000      10596/2048000  ( 0.5%) 
edges                 1598/256000       6392/1024000  ( 0.6%) 
LDR worldlights          0/8192            0/720896   ( 0.0%) 
HDR worldlights          0/8192            0/720896   ( 0.0%) 
leafwaterdata            0/32768           0/393216   ( 0.0%) 
waterstrips             14/32768         140/327680   ( 0.0%) 
waterverts               0/65536           0/786432   ( 0.0%) 
waterindices           315/65536         630/131072   ( 0.5%) 
cubemapsamples           0/1024            0/16384    ( 0.0%) 
overlays                 0/1024            0/360448   ( 0.0%) 
LDR lightdata         [variable]      125372/0        ( 0.0%) 
HDR lightdata         [variable]      125372/0        ( 0.0%) 
visdata               [variable]         242/16777216 ( 0.0%) 
entdata               [variable]         423/393216   ( 0.1%) 
LDR ambient table       56/65536         224/262144   ( 0.1%) 
HDR ambient table       56/65536         224/262144   ( 0.1%) 
LDR leaf ambient       107/65536        2996/1835008  ( 0.2%) 
HDR leaf ambient       107/65536        2996/1835008  ( 0.2%) 
occluders                0/0               0/0        ( 0.0%) 
occluder polygons        0/0               0/0        ( 0.0%) 
occluder vert ind        0/0               0/0        ( 0.0%) 
detail props          [variable]           1/12       ( 8.3%) 
static props          [variable]           1/12       ( 8.3%) 
pakfile               [variable]      105671/0        ( 0.0%) 
physics               [variable]       31461/4194304  ( 0.8%) 
physics terrain       [variable]           2/1048576  ( 0.0%) 

Level flags = 0

Total triangle count: 835
Writing c:\users\linventif\documents\github\linventif-maps\little maps\arena\linv_arena.bsp
1 second elapsed



materialPath: D:\SteamLibrary\steamapps\common\GarrysMod\garrysmod\materials
Loading c:\users\linventif\documents\github\linventif-maps\little maps\arena\linv_arena.vmf
fixing up env_cubemap materials on brush sides...
0...1...2...3...4...5...6...7...8...9...100...1...2...3...4...5...6...7...8...9...10Processing areas...done (0)
Building Faces...done (0)
Chop Details...done (0)
Find Visible Detail Sides...
Merged 18 detail faces...done (0)
Merging details...done (0)
FixTjuncs...
PruneNodes...
WriteBSP...
done (0)
writing c:\users\linventif\documents\github\linventif-maps\little maps\arena\linv_arena.prt...Building visibility clusters...
done (0)
Creating default LDR cubemaps for env_cubemap using skybox materials:
   skybox/sky_day01_01*.vmt
 ! Run buildcubemaps in the engine to get the correct cube maps.
Creating default HDR cubemaps for env_cubemap using skybox materials:
   skybox/sky_day01_01*.vmt
 ! Run buildcubemaps in the engine to get the correct cube maps.
Finding displacement neighbors...
Finding lightmap sample positions...
Displacement Alpha : 0...1...2...3...4...5...6...7...8...9...10
Building Physics collision data...
done (0) (31461 bytes)
Placing detail props : 0...1...2...3...4...5...6...7...8...9...10
Compacting texture/material tables...
Reduced 168 texinfos to 127
Reduced 8 texdatas to 8 (201 bytes to 201)
Writing c:\users\linventif\documents\github\linventif-maps\little maps\arena\linv_arena.bsp
0 seconds elapsed



24 threads
reading c:\users\linventif\documents\github\linventif-maps\little maps\arena\linv_arena.bsp
reading c:\users\linventif\documents\github\linventif-maps\little maps\arena\linv_arena.prt
  17 portalclusters
  36 numportals
0...1...2...3...4...5...6...7...8...9...100...1...2...3...4...5...6...7...8...9...10Optimized: 0 visible clusters (0.00%)
Total clusters visible: 275
Average clusters visible: 16
Building PAS...
Average clusters audible: 17
visdatasize:242  compressed from 272
writing c:\users\linventif\documents\github\linventif-maps\little maps\arena\linv_arena.bsp
0 seconds elapsed



[Reading texlights from 'lights.rad']
[45 texlights parsed from 'lights.rad']

Loading c:\users\linventif\documents\github\linventif-maps\little maps\arena\linv_arena.bsp
PREP OK
335 faces
67593 square feet [9733462.00 square inches]
0 Displacements
0 Square Feet [0.00 Square Inches]
335 patches before subdivision
6761 patches after subdivision
0 direct lights
0...1...2.. warning - face vectors parallel to face normal. bad lighting will be produced
.3 warning - face vectors parallel to face normal. bad lighting will be produced
.. warning - face vectors parallel to face normal. bad lighting will be produced
 warning - face vectors parallel to face normal. bad lighting will be produced
.4...5...6...7 warning - face vectors parallel to face normal. bad lighting will be produced
 warning - face vectors parallel to face normal. bad lighting will be produced
...8...9...100...1...2...3...4...5...6...7...8...9...10transfers 515066, max 237
transfer lists:   3.9 megs
0...1...2...3...4...5...6...7...8...9...10	Bounce #1 added RGB(0, 0, 0)
Build Patch/Sample Hash Table(s).....Done<0.0009 sec>
0...1... warning - face vectors parallel to face normal. bad lighting will be produced
2... warning - face vectors parallel to face normal. bad lighting will be produced
3 warning - face vectors parallel to face normal. bad lighting will be produced
 warning - face vectors parallel to face normal. bad lighting will be produced
.SampleRadial: Punting, Waiting for fix
 warning - face vectors parallel to face normal. bad lighting will be produced
.. warning - face vectors parallel to face normal. bad lighting will be produced
 warning - face vectors parallel to face normal. bad lighting will be produced
 warning - face vectors parallel to face normal. bad lighting will be produced
4 warning - face vectors parallel to face normal. bad lighting will be produced
...5...6 warning - face vectors parallel to face normal. bad lighting will be produced
...7. warning - face vectors parallel to face normal. bad lighting will be produced
 warning - face vectors parallel to face normal. bad lighting will be produced
. warning - face vectors parallel to face normal. bad lighting will be produced
 warning - face vectors parallel to face normal. bad lighting will be produced
.8.. warning - face vectors parallel to face normal. bad lighting will be produced
.9 warning - face vectors parallel to face normal. bad lighting will be produced
...10FinalLightFace Done
0 of 0 (0% of) surface lights went in leaf ambient cubes.
0...1...2...3...4...5...6...7...8...9...10Writing leaf ambient...done
Ready to Finish

Object names       Objects/Maxobjs  Memory / Maxmem  Fullness 
------------       ---------------  ---------------  -------- 
models                   1/4096           48/196608   ( 0.0%) 
brushes                 87/16384        1044/196608   ( 0.5%) 
brushsides             657/163840       5256/1310720  ( 0.4%) 
planes                 422/65536        8440/1310720  ( 0.6%) 
vertexes               449/65536        5388/786432   ( 0.7%) 
nodes                   54/65536        1728/2097152  ( 0.1%) 
texinfos               127/12288        9144/884736   ( 1.0%) 
texdata                  8/2048          256/65536    ( 0.4%) 
dispinfos                0/0               0/0        ( 0.0%) 
disp_verts               0/0               0/0        ( 0.0%) 
disp_tris                0/0               0/0        ( 0.0%) 
disp_lmsamples           0/0               0/0        ( 0.0%) 
faces                  335/65536       18760/3670016  ( 0.5%) 
hdr faces                0/65536           0/3670016  ( 0.0%) 
origfaces              286/65536       16016/3670016  ( 0.4%) 
leaves                  56/65536        1792/2097152  ( 0.1%) 
leaffaces              426/65536         852/131072   ( 0.7%) 
leafbrushes            140/65536         280/131072   ( 0.2%) 
areas                    2/1024           16/8192     ( 0.2%) 
surfedges             2649/512000      10596/2048000  ( 0.5%) 
edges                 1598/256000       6392/1024000  ( 0.6%) 
LDR worldlights          0/8192            0/720896   ( 0.0%) 
HDR worldlights          0/8192            0/720896   ( 0.0%) 
leafwaterdata            0/32768           0/393216   ( 0.0%) 
waterstrips             14/32768         140/327680   ( 0.0%) 
waterverts               0/65536           0/786432   ( 0.0%) 
waterindices           315/65536         630/131072   ( 0.5%) 
cubemapsamples           0/1024            0/16384    ( 0.0%) 
overlays                 0/1024            0/360448   ( 0.0%) 
LDR lightdata         [variable]      125372/0        ( 0.0%) 
HDR lightdata         [variable]           0/0        ( 0.0%) 
visdata               [variable]         242/16777216 ( 0.0%) 
entdata               [variable]         423/393216   ( 0.1%) 
LDR ambient table       56/65536         224/262144   ( 0.1%) 
HDR ambient table       56/65536         224/262144   ( 0.1%) 
LDR leaf ambient       107/65536        2996/1835008  ( 0.2%) 
HDR leaf ambient        56/65536        1568/1835008  ( 0.1%) 
occluders                0/0               0/0        ( 0.0%) 
occluder polygons        0/0               0/0        ( 0.0%) 
occluder vert ind        0/0               0/0        ( 0.0%) 
detail props          [variable]           1/12       ( 8.3%) 
static props          [variable]           1/12       ( 8.3%) 
pakfile               [variable]      105671/0        ( 0.0%) 
physics               [variable]       31461/4194304  ( 0.8%) 
physics terrain       [variable]           2/1048576  ( 0.0%) 

Level flags = 0

Total triangle count: 835
Writing c:\users\linventif\documents\github\linventif-maps\little maps\arena\linv_arena.bsp
0 seconds elapsed



[Reading texlights from 'lights.rad']
[45 texlights parsed from 'lights.rad']

Loading c:\users\linventif\documents\github\linventif-maps\little maps\arena\linv_arena.bsp
PREP OK
335 faces
67593 square feet [9733462.00 square inches]
0 Displacements
0 Square Feet [0.00 Square Inches]
335 patches before subdivision
6761 patches after subdivision
0 direct lights
0...1...2.. warning - face vectors parallel to face normal. bad lighting will be produced
.3 warning - face vectors parallel to face normal. bad lighting will be produced
.. warning - face vectors parallel to face normal. bad lighting will be produced
 warning - face vectors parallel to face normal. bad lighting will be produced
.4...5...6...7 warning - face vectors parallel to face normal. bad lighting will be produced
 warning - face vectors parallel to face normal. bad lighting will be produced
...8...9...100...1...2...3...4...5...6...7...8...9...10transfers 515066, max 237
transfer lists:   3.9 megs
0...1...2...3...4...5...6...7...8...9...10	Bounce #1 added RGB(0, 0, 0)
Build Patch/Sample Hash Table(s).....Done<0.0012 sec>
0...1... warning - face vectors parallel to face normal. bad lighting will be produced
2... warning - face vectors parallel to face normal. bad lighting will be produced
3 warning - face vectors parallel to face normal. bad lighting will be produced
SampleRadial: Punting, Waiting for fix
. warning - face vectors parallel to face normal. bad lighting will be produced
. warning - face vectors parallel to face normal. bad lighting will be produced
. warning - face vectors parallel to face normal. bad lighting will be produced
 warning - face vectors parallel to face normal. bad lighting will be produced
 warning - face vectors parallel to face normal. bad lighting will be produced
4 warning - face vectors parallel to face normal. bad lighting will be produced
...5...6 warning - face vectors parallel to face normal. bad lighting will be produced
...7. warning - face vectors parallel to face normal. bad lighting will be produced
 warning - face vectors parallel to face normal. bad lighting will be produced
. warning - face vectors parallel to face normal. bad lighting will be produced
 warning - face vectors parallel to face normal. bad lighting will be produced
.8.. warning - face vectors parallel to face normal. bad lighting will be produced
.9 warning - face vectors parallel to face normal. bad lighting will be produced
...10FinalLightFace Done
0 of 0 (0% of) surface lights went in leaf ambient cubes.
0...1...2...3...4...5...6...7...8...9...10Writing leaf ambient...done
Ready to Finish

Object names       Objects/Maxobjs  Memory / Maxmem  Fullness 
------------       ---------------  ---------------  -------- 
models                   1/4096           48/196608   ( 0.0%) 
brushes                 87/16384        1044/196608   ( 0.5%) 
brushsides             657/163840       5256/1310720  ( 0.4%) 
planes                 422/65536        8440/1310720  ( 0.6%) 
vertexes               449/65536        5388/786432   ( 0.7%) 
nodes                   54/65536        1728/2097152  ( 0.1%) 
texinfos               127/12288        9144/884736   ( 1.0%) 
texdata                  8/2048          256/65536    ( 0.4%) 
dispinfos                0/0               0/0        ( 0.0%) 
disp_verts               0/0               0/0        ( 0.0%) 
disp_tris                0/0               0/0        ( 0.0%) 
disp_lmsamples           0/0               0/0        ( 0.0%) 
faces                  335/65536       18760/3670016  ( 0.5%) 
hdr faces              335/65536       18760/3670016  ( 0.5%) 
origfaces              286/65536       16016/3670016  ( 0.4%) 
leaves                  56/65536        1792/2097152  ( 0.1%) 
leaffaces              426/65536         852/131072   ( 0.7%) 
leafbrushes            140/65536         280/131072   ( 0.2%) 
areas                    2/1024           16/8192     ( 0.2%) 
surfedges             2649/512000      10596/2048000  ( 0.5%) 
edges                 1598/256000       6392/1024000  ( 0.6%) 
LDR worldlights          0/8192            0/720896   ( 0.0%) 
HDR worldlights          0/8192            0/720896   ( 0.0%) 
leafwaterdata            0/32768           0/393216   ( 0.0%) 
waterstrips             14/32768         140/327680   ( 0.0%) 
waterverts               0/65536           0/786432   ( 0.0%) 
waterindices           315/65536         630/131072   ( 0.5%) 
cubemapsamples           0/1024            0/16384    ( 0.0%) 
overlays                 0/1024            0/360448   ( 0.0%) 
LDR lightdata         [variable]      125372/0        ( 0.0%) 
HDR lightdata         [variable]      125372/0        ( 0.0%) 
visdata               [variable]         242/16777216 ( 0.0%) 
entdata               [variable]         423/393216   ( 0.1%) 
LDR ambient table       56/65536         224/262144   ( 0.1%) 
HDR ambient table       56/65536         224/262144   ( 0.1%) 
LDR leaf ambient       107/65536        2996/1835008  ( 0.2%) 
HDR leaf ambient       107/65536        2996/1835008  ( 0.2%) 
occluders                0/0               0/0        ( 0.0%) 
occluder polygons        0/0               0/0        ( 0.0%) 
occluder vert ind        0/0               0/0        ( 0.0%) 
detail props          [variable]           1/12       ( 8.3%) 
static props          [variable]           1/12       ( 8.3%) 
pakfile               [variable]      105671/0        ( 0.0%) 
physics               [variable]       31461/4194304  ( 0.8%) 
physics terrain       [variable]           2/1048576  ( 0.0%) 

Level flags = 0

Total triangle count: 835
Writing c:\users\linventif\documents\github\linventif-maps\little maps\arena\linv_arena.bsp
1 second elapsed



materialPath: D:\SteamLibrary\steamapps\common\GarrysMod\garrysmod\materials
Loading c:\users\linventif\documents\github\linventif-maps\little maps\arena\linv_arena.vmf
fixing up env_cubemap materials on brush sides...
0...1...2...3...4...5...6...7...8...9...100...1...2...3...4...5...6...7...8...9...10Processing areas...done (0)
Building Faces...done (0)
Chop Details...done (0)
Find Visible Detail Sides...
Merged 12 detail faces...done (0)
Merging details...done (0)
FixTjuncs...
PruneNodes...
WriteBSP...
done (0)
writing c:\users\linventif\documents\github\linventif-maps\little maps\arena\linv_arena.prt...Building visibility clusters...
done (0)
Creating default LDR cubemaps for env_cubemap using skybox materials:
   skybox/sky_day01_01*.vmt
 ! Run buildcubemaps in the engine to get the correct cube maps.
Creating default HDR cubemaps for env_cubemap using skybox materials:
   skybox/sky_day01_01*.vmt
 ! Run buildcubemaps in the engine to get the correct cube maps.
Finding displacement neighbors...
Finding lightmap sample positions...
Displacement Alpha : 0...1...2...3...4...5...6...7...8...9...10
Building Physics collision data...
done (0) (49571 bytes)
Placing detail props : 0...1...2...3...4...5...6...7...8...9...10
Compacting texture/material tables...
Reduced 220 texinfos to 156
Reduced 7 texdatas to 7 (192 bytes to 192)
Writing c:\users\linventif\documents\github\linventif-maps\little maps\arena\linv_arena.bsp
0 seconds elapsed



24 threads
reading c:\users\linventif\documents\github\linventif-maps\little maps\arena\linv_arena.bsp
reading c:\users\linventif\documents\github\linventif-maps\little maps\arena\linv_arena.prt
  30 portalclusters
  66 numportals
0...1...2...3...4...5...6...7...8...9...100...1...2...3...4...5...6...7...8...9...10Optimized: 0 visible clusters (0.00%)
Total clusters visible: 836
Average clusters visible: 27
Building PAS...
Average clusters audible: 30
visdatasize:484  compressed from 480
writing c:\users\linventif\documents\github\linventif-maps\little maps\arena\linv_arena.bsp
0 seconds elapsed



[Reading texlights from 'lights.rad']
[45 texlights parsed from 'lights.rad']

Loading c:\users\linventif\documents\github\linventif-maps\little maps\arena\linv_arena.bsp
PREP OK
444 faces
74043 square feet [10662228.00 square inches]
0 Displacements
0 Square Feet [0.00 Square Inches]
444 patches before subdivision
8750 patches after subdivision
0 direct lights
0...1...2.. warning - face vectors parallel to face normal. bad lighting will be produced
 warning - face vectors parallel to face normal. bad lighting will be produced
no samples 118
no samples 119
.3...4...5. warning - face vectors parallel to face normal. bad lighting will be produced
 warning - face vectors parallel to face normal. bad lighting will be produced
.no samples 240
no samples 239
 warning - face vectors parallel to face normal. bad lighting will be produced
no samples 250
.6...7...8...9...100...1...2...3...4...5...6...7...8...9...10transfers 737671, max 264
transfer lists:   5.6 megs
0...1...2...3...4...5...6...7...8...9...10	Bounce #1 added RGB(0, 0, 0)
Build Patch/Sample Hash Table(s).....Done<0.0012 sec>
0. warning - face vectors parallel to face normal. bad lighting will be produced
..1... warning - face vectors parallel to face normal. bad lighting will be produced
2 warning - face vectors parallel to face normal. bad lighting will be produced
... warning - face vectors parallel to face normal. bad lighting will be produced
 warning - face vectors parallel to face normal. bad lighting will be produced
 warning - face vectors parallel to face normal. bad lighting will be produced
SampleRadial: Punting, Waiting for fix
 warning - face vectors parallel to face normal. bad lighting will be produced
3...4...5. warning - face vectors parallel to face normal. bad lighting will be produced
. warning - face vectors parallel to face normal. bad lighting will be produced
 warning - face vectors parallel to face normal. bad lighting will be produced
 warning - face vectors parallel to face normal. bad lighting will be produced
 warning - face vectors parallel to face normal. bad lighting will be produced
. warning - face vectors parallel to face normal. bad lighting will be produced
6...7...8 warning - face vectors parallel to face normal. bad lighting will be produced
 warning - face vectors parallel to face normal. bad lighting will be produced
...9...10FinalLightFace Done
0 of 0 (0% of) surface lights went in leaf ambient cubes.
0...1...2...3...4...5...6...7...8...9...10Writing leaf ambient...done
Ready to Finish

Object names       Objects/Maxobjs  Memory / Maxmem  Fullness 
------------       ---------------  ---------------  -------- 
models                   1/4096           48/196608   ( 0.0%) 
brushes                141/16384        1692/196608   ( 0.9%) 
brushsides            1065/163840       8520/1310720  ( 0.7%) 
planes                 514/65536       10280/1310720  ( 0.8%) 
vertexes               568/65536        6816/786432   ( 0.9%) 
nodes                   90/65536        2880/2097152  ( 0.1%) 
texinfos               156/12288       11232/884736   ( 1.3%) 
texdata                  7/2048          224/65536    ( 0.3%) 
dispinfos                0/0               0/0        ( 0.0%) 
disp_verts               0/0               0/0        ( 0.0%) 
disp_tris                0/0               0/0        ( 0.0%) 
disp_lmsamples           0/0               0/0        ( 0.0%) 
faces                  444/65536       24864/3670016  ( 0.7%) 
hdr faces                0/65536           0/3670016  ( 0.0%) 
origfaces              367/65536       20552/3670016  ( 0.6%) 
leaves                  92/65536        2944/2097152  ( 0.1%) 
leaffaces              557/65536        1114/131072   ( 0.8%) 
leafbrushes            225/65536         450/131072   ( 0.3%) 
areas                    2/1024           16/8192     ( 0.2%) 
surfedges             3457/512000      13828/2048000  ( 0.7%) 
edges                 2060/256000       8240/1024000  ( 0.8%) 
LDR worldlights          0/8192            0/720896   ( 0.0%) 
HDR worldlights          0/8192            0/720896   ( 0.0%) 
leafwaterdata            0/32768           0/393216   ( 0.0%) 
waterstrips             18/32768         180/327680   ( 0.1%) 
waterverts               0/65536           0/786432   ( 0.0%) 
waterindices           414/65536         828/131072   ( 0.6%) 
cubemapsamples           0/1024            0/16384    ( 0.0%) 
overlays                 0/1024            0/360448   ( 0.0%) 
LDR lightdata         [variable]      148196/0        ( 0.0%) 
HDR lightdata         [variable]           0/0        ( 0.0%) 
visdata               [variable]         484/16777216 ( 0.0%) 
entdata               [variable]         324/393216   ( 0.1%) 
LDR ambient table       92/65536         368/262144   ( 0.1%) 
HDR ambient table       92/65536         368/262144   ( 0.1%) 
LDR leaf ambient        84/65536        2352/1835008  ( 0.1%) 
HDR leaf ambient        92/65536        2576/1835008  ( 0.1%) 
occluders                0/0               0/0        ( 0.0%) 
occluder polygons        0/0               0/0        ( 0.0%) 
occluder vert ind        0/0               0/0        ( 0.0%) 
detail props          [variable]           1/12       ( 8.3%) 
static props          [variable]           1/12       ( 8.3%) 
pakfile               [variable]      105671/0        ( 0.0%) 
physics               [variable]       49571/4194304  ( 1.2%) 
physics terrain       [variable]           2/1048576  ( 0.0%) 

Level flags = 0

Total triangle count: 1109
Writing c:\users\linventif\documents\github\linventif-maps\little maps\arena\linv_arena.bsp
0 seconds elapsed



[Reading texlights from 'lights.rad']
[45 texlights parsed from 'lights.rad']

Loading c:\users\linventif\documents\github\linventif-maps\little maps\arena\linv_arena.bsp
PREP OK
444 faces
74043 square feet [10662228.00 square inches]
0 Displacements
0 Square Feet [0.00 Square Inches]
444 patches before subdivision
8750 patches after subdivision
0 direct lights
0...1...2.. warning - face vectors parallel to face normal. bad lighting will be produced
no samples 118
 warning - face vectors parallel to face normal. bad lighting will be produced
no samples 119
.3...4...5. warning - face vectors parallel to face normal. bad lighting will be produced
 warning - face vectors parallel to face normal. bad lighting will be produced
no samples 240
no samples 239
. warning - face vectors parallel to face normal. bad lighting will be produced
no samples 250
.6...7...8...9...100...1...2...3...4...5...6...7...8...9...10transfers 737671, max 264
transfer lists:   5.6 megs
0...1...2...3...4...5...6...7...8...9...10	Bounce #1 added RGB(0, 0, 0)
Build Patch/Sample Hash Table(s).....Done<0.0017 sec>
0. warning - face vectors parallel to face normal. bad lighting will be produced
..1...2 warning - face vectors parallel to face normal. bad lighting will be produced
 warning - face vectors parallel to face normal. bad lighting will be produced
... warning - face vectors parallel to face normal. bad lighting will be produced
 warning - face vectors parallel to face normal. bad lighting will be produced
 warning - face vectors parallel to face normal. bad lighting will be produced
SampleRadial: Punting, Waiting for fix
3 warning - face vectors parallel to face normal. bad lighting will be produced
...4...5.. warning - face vectors parallel to face normal. bad lighting will be produced
 warning - face vectors parallel to face normal. bad lighting will be produced
. warning - face vectors parallel to face normal. bad lighting will be produced
 warning - face vectors parallel to face normal. bad lighting will be produced
 warning - face vectors parallel to face normal. bad lighting will be produced
 warning - face vectors parallel to face normal. bad lighting will be produced
6...7...8 warning - face vectors parallel to face normal. bad lighting will be produced
. warning - face vectors parallel to face normal. bad lighting will be produced
..9...10FinalLightFace Done
0 of 0 (0% of) surface lights went in leaf ambient cubes.
0...1...2...3...4...5...6...7...8...9...10Writing leaf ambient...done
Ready to Finish

Object names       Objects/Maxobjs  Memory / Maxmem  Fullness 
------------       ---------------  ---------------  -------- 
models                   1/4096           48/196608   ( 0.0%) 
brushes                141/16384        1692/196608   ( 0.9%) 
brushsides            1065/163840       8520/1310720  ( 0.7%) 
planes                 514/65536       10280/1310720  ( 0.8%) 
vertexes               568/65536        6816/786432   ( 0.9%) 
nodes                   90/65536        2880/2097152  ( 0.1%) 
texinfos               156/12288       11232/884736   ( 1.3%) 
texdata                  7/2048          224/65536    ( 0.3%) 
dispinfos                0/0               0/0        ( 0.0%) 
disp_verts               0/0               0/0        ( 0.0%) 
disp_tris                0/0               0/0        ( 0.0%) 
disp_lmsamples           0/0               0/0        ( 0.0%) 
faces                  444/65536       24864/3670016  ( 0.7%) 
hdr faces              444/65536       24864/3670016  ( 0.7%) 
origfaces              367/65536       20552/3670016  ( 0.6%) 
leaves                  92/65536        2944/2097152  ( 0.1%) 
leaffaces              557/65536        1114/131072   ( 0.8%) 
leafbrushes            225/65536         450/131072   ( 0.3%) 
areas                    2/1024           16/8192     ( 0.2%) 
surfedges             3457/512000      13828/2048000  ( 0.7%) 
edges                 2060/256000       8240/1024000  ( 0.8%) 
LDR worldlights          0/8192            0/720896   ( 0.0%) 
HDR worldlights          0/8192            0/720896   ( 0.0%) 
leafwaterdata            0/32768           0/393216   ( 0.0%) 
waterstrips             18/32768         180/327680   ( 0.1%) 
waterverts               0/65536           0/786432   ( 0.0%) 
waterindices           414/65536         828/131072   ( 0.6%) 
cubemapsamples           0/1024            0/16384    ( 0.0%) 
overlays                 0/1024            0/360448   ( 0.0%) 
LDR lightdata         [variable]      148196/0        ( 0.0%) 
HDR lightdata         [variable]      148196/0        ( 0.0%) 
visdata               [variable]         484/16777216 ( 0.0%) 
entdata               [variable]         324/393216   ( 0.1%) 
LDR ambient table       92/65536         368/262144   ( 0.1%) 
HDR ambient table       92/65536         368/262144   ( 0.1%) 
LDR leaf ambient        84/65536        2352/1835008  ( 0.1%) 
HDR leaf ambient        84/65536        2352/1835008  ( 0.1%) 
occluders                0/0               0/0        ( 0.0%) 
occluder polygons        0/0               0/0        ( 0.0%) 
occluder vert ind        0/0               0/0        ( 0.0%) 
detail props          [variable]           1/12       ( 8.3%) 
static props          [variable]           1/12       ( 8.3%) 
pakfile               [variable]      105671/0        ( 0.0%) 
physics               [variable]       49571/4194304  ( 1.2%) 
physics terrain       [variable]           2/1048576  ( 0.0%) 

Level flags = 0

Total triangle count: 1109
Writing c:\users\linventif\documents\github\linventif-maps\little maps\arena\linv_arena.bsp
1 second elapsed
