PRT1
51
177
4 1 27 (992 0 992 ) (0 0 992 ) (0 0 112 ) (992 0 112 ) 
4 1 14 (0 0 112 ) (0 0 992 ) (0 992 992 ) (0 992 112 ) 
4 1 9 (272 240 112 ) (496 240 112 ) (496 16 112 ) (272 16 112 ) 
4 1 8 (496 240 112 ) (992 240 112 ) (992 16 112 ) (496 16 112 ) 
4 1 10 (112 240 112 ) (272 240 112 ) (272 16 112 ) (112 16 112 ) 
4 1 11 (0 16 112 ) (0 240 112 ) (112 240 112 ) (112 16 112 ) 
4 1 12 (992 0 112 ) (0 0 112 ) (0 16 112 ) (992 16 112 ) 
4 1 4 (272 624 112 ) (496 624 112 ) (496 400 112 ) (272 400 112 ) 
4 1 3 (496 624 112 ) (992 624 112 ) (992 400 112 ) (496 400 112 ) 
4 1 5 (112 624 112 ) (272 624 112 ) (272 400 112 ) (112 400 112 ) 
4 1 6 (0 400 112 ) (0 624 112 ) (112 624 112 ) (112 400 112 ) 
4 1 7 (0 240 112 ) (0 400 112 ) (992 400 112 ) (992 240 112 ) 
4 1 2 (0 624 112 ) (0 992 112 ) (992 992 112 ) (992 624 112 ) 
4 2 15 (0 624 112 ) (0 992 112 ) (0 992 48 ) (0 624 48 ) 
4 2 13 (0 624 48 ) (0 992 48 ) (992 992 48 ) (992 624 48 ) 
4 2 4 (272 624 48 ) (496 624 48 ) (496 624 112 ) (272 624 112 ) 
4 2 3 (496 624 48 ) (992 624 48 ) (992 624 112 ) (496 624 112 ) 
4 2 5 (112 624 48 ) (272 624 48 ) (272 624 112 ) (112 624 112 ) 
4 2 6 (0 624 48 ) (112 624 48 ) (112 624 112 ) (0 624 112 ) 
4 3 13 (496 624 48 ) (992 624 48 ) (992 400 48 ) (496 400 48 ) 
4 3 7 (496 400 48 ) (992 400 48 ) (992 400 112 ) (496 400 112 ) 
4 3 4 (496 624 112 ) (496 624 48 ) (496 400 48 ) (496 400 112 ) 
4 4 13 (272 624 48 ) (496 624 48 ) (496 400 48 ) (272 400 48 ) 
4 4 5 (272 624 112 ) (272 624 48 ) (272 400 48 ) (272 400 112 ) 
4 4 7 (272 400 48 ) (496 400 48 ) (496 400 112 ) (272 400 112 ) 
4 5 13 (112 624 48 ) (272 624 48 ) (272 400 48 ) (112 400 48 ) 
4 5 6 (112 624 112 ) (112 624 48 ) (112 400 48 ) (112 400 112 ) 
4 5 7 (112 400 48 ) (272 400 48 ) (272 400 112 ) (112 400 112 ) 
4 6 16 (0 400 112 ) (0 624 112 ) (0 624 48 ) (0 400 48 ) 
4 6 13 (0 400 48 ) (0 624 48 ) (112 624 48 ) (112 400 48 ) 
4 6 7 (0 400 48 ) (112 400 48 ) (112 400 112 ) (0 400 112 ) 
4 7 20 (0 240 112 ) (0 400 112 ) (0 400 48 ) (0 240 48 ) 
4 7 13 (0 240 48 ) (0 400 48 ) (992 400 48 ) (992 240 48 ) 
4 7 9 (272 240 48 ) (496 240 48 ) (496 240 112 ) (272 240 112 ) 
4 7 8 (496 240 48 ) (992 240 48 ) (992 240 112 ) (496 240 112 ) 
4 7 10 (112 240 48 ) (272 240 48 ) (272 240 112 ) (112 240 112 ) 
4 7 11 (0 240 48 ) (112 240 48 ) (112 240 112 ) (0 240 112 ) 
4 8 13 (496 240 48 ) (992 240 48 ) (992 16 48 ) (496 16 48 ) 
4 8 12 (496 16 48 ) (992 16 48 ) (992 16 112 ) (496 16 112 ) 
4 8 9 (496 240 112 ) (496 240 48 ) (496 16 48 ) (496 16 112 ) 
4 9 13 (272 240 48 ) (496 240 48 ) (496 16 48 ) (272 16 48 ) 
4 9 10 (272 240 112 ) (272 240 48 ) (272 16 48 ) (272 16 112 ) 
4 9 12 (272 16 48 ) (496 16 48 ) (496 16 112 ) (272 16 112 ) 
4 10 13 (112 240 48 ) (272 240 48 ) (272 16 48 ) (112 16 48 ) 
4 10 11 (112 240 112 ) (112 240 48 ) (112 16 48 ) (112 16 112 ) 
4 10 12 (112 16 48 ) (272 16 48 ) (272 16 112 ) (112 16 112 ) 
4 11 21 (0 16 112 ) (0 240 112 ) (0 240 48 ) (0 16 48 ) 
4 11 13 (0 16 48 ) (0 240 48 ) (112 240 48 ) (112 16 48 ) 
4 11 12 (0 16 48 ) (112 16 48 ) (112 16 112 ) (0 16 112 ) 
4 12 28 (992 0 112 ) (0 0 112 ) (0 0 48 ) (992 0 48 ) 
4 12 25 (0 0 48 ) (0 0 112 ) (0 16 112 ) (0 16 48 ) 
4 12 13 (0 0 48 ) (0 16 48 ) (992 16 48 ) (992 0 48 ) 
4 13 38 (0 0 48 ) (0 0 32 ) (992 0 32 ) (992 0 48 ) 
4 13 26 (0 0 32 ) (0 0 48 ) (0 992 48 ) (0 992 32 ) 
4 14 39 (0 0 112 ) (0 0 992 ) (-992 0 992 ) (-992 0 112 ) 
4 14 25 (0 0 112 ) (-992 0 112 ) (-992 16 112 ) (0 16 112 ) 
4 14 24 (-992 16 112 ) (-992 240 112 ) (-880 240 112 ) (-880 16 112 ) 
4 14 22 (-272 240 112 ) (-112 240 112 ) (-112 16 112 ) (-272 16 112 ) 
4 14 23 (-656 240 112 ) (-496 240 112 ) (-496 16 112 ) (-656 16 112 ) 
4 14 21 (-112 240 112 ) (0 240 112 ) (0 16 112 ) (-112 16 112 ) 
4 14 20 (-992 240 112 ) (-992 400 112 ) (0 400 112 ) (0 240 112 ) 
4 14 19 (-992 400 112 ) (-992 624 112 ) (-880 624 112 ) (-880 400 112 ) 
4 14 17 (-272 624 112 ) (-112 624 112 ) (-112 400 112 ) (-272 400 112 ) 
4 14 18 (-656 624 112 ) (-496 624 112 ) (-496 400 112 ) (-656 400 112 ) 
4 14 16 (-112 624 112 ) (0 624 112 ) (0 400 112 ) (-112 400 112 ) 
4 14 15 (-992 624 112 ) (-992 992 112 ) (0 992 112 ) (0 624 112 ) 
4 15 26 (0 992 48 ) (0 624 48 ) (-992 624 48 ) (-992 992 48 ) 
4 15 19 (-992 624 48 ) (-880 624 48 ) (-880 624 112 ) (-992 624 112 ) 
4 15 17 (-272 624 48 ) (-112 624 48 ) (-112 624 112 ) (-272 624 112 ) 
4 15 18 (-656 624 48 ) (-496 624 48 ) (-496 624 112 ) (-656 624 112 ) 
4 15 16 (-112 624 48 ) (0 624 48 ) (0 624 112 ) (-112 624 112 ) 
4 16 26 (0 624 48 ) (0 400 48 ) (-112 400 48 ) (-112 624 48 ) 
4 16 20 (-112 400 48 ) (0 400 48 ) (0 400 112 ) (-112 400 112 ) 
4 16 17 (-112 624 112 ) (-112 624 48 ) (-112 400 48 ) (-112 400 112 ) 
4 17 26 (-112 400 48 ) (-272 400 48 ) (-272 624 48 ) (-112 624 48 ) 
4 17 20 (-272 400 48 ) (-112 400 48 ) (-112 400 112 ) (-272 400 112 ) 
4 18 26 (-496 400 48 ) (-656 400 48 ) (-656 624 48 ) (-496 624 48 ) 
4 18 20 (-656 400 48 ) (-496 400 48 ) (-496 400 112 ) (-656 400 112 ) 
4 19 26 (-880 400 48 ) (-992 400 48 ) (-992 624 48 ) (-880 624 48 ) 
4 19 20 (-992 400 48 ) (-880 400 48 ) (-880 400 112 ) (-992 400 112 ) 
4 20 26 (0 400 48 ) (0 240 48 ) (-992 240 48 ) (-992 400 48 ) 
4 20 24 (-992 240 48 ) (-880 240 48 ) (-880 240 112 ) (-992 240 112 ) 
4 20 22 (-272 240 48 ) (-112 240 48 ) (-112 240 112 ) (-272 240 112 ) 
4 20 23 (-656 240 48 ) (-496 240 48 ) (-496 240 112 ) (-656 240 112 ) 
4 20 21 (-112 240 48 ) (0 240 48 ) (0 240 112 ) (-112 240 112 ) 
4 21 26 (0 240 48 ) (0 16 48 ) (-112 16 48 ) (-112 240 48 ) 
4 21 25 (-112 16 48 ) (0 16 48 ) (0 16 112 ) (-112 16 112 ) 
4 21 22 (-112 240 112 ) (-112 240 48 ) (-112 16 48 ) (-112 16 112 ) 
4 22 26 (-112 16 48 ) (-272 16 48 ) (-272 240 48 ) (-112 240 48 ) 
4 22 25 (-272 16 48 ) (-112 16 48 ) (-112 16 112 ) (-272 16 112 ) 
4 23 26 (-496 16 48 ) (-656 16 48 ) (-656 240 48 ) (-496 240 48 ) 
4 23 25 (-656 16 48 ) (-496 16 48 ) (-496 16 112 ) (-656 16 112 ) 
4 24 26 (-880 16 48 ) (-992 16 48 ) (-992 240 48 ) (-880 240 48 ) 
4 24 25 (-992 16 48 ) (-880 16 48 ) (-880 16 112 ) (-992 16 112 ) 
4 25 40 (0 0 48 ) (0 0 112 ) (-992 0 112 ) (-992 0 48 ) 
4 25 26 (0 16 48 ) (0 0 48 ) (-992 0 48 ) (-992 16 48 ) 
4 26 50 (0 0 32 ) (0 0 48 ) (-992 0 48 ) (-992 0 32 ) 
4 27 39 (0 0 992 ) (0 0 112 ) (0 -992 112 ) (0 -992 992 ) 
4 27 37 (0 -992 112 ) (0 -752 112 ) (992 -752 112 ) (992 -992 112 ) 
4 27 35 (272 -528 112 ) (496 -528 112 ) (496 -752 112 ) (272 -752 112 ) 
4 27 34 (496 -528 112 ) (992 -528 112 ) (992 -752 112 ) (496 -752 112 ) 
4 27 36 (112 -528 112 ) (272 -528 112 ) (272 -752 112 ) (112 -752 112 ) 
4 27 33 (0 -528 112 ) (0 -368 112 ) (992 -368 112 ) (992 -528 112 ) 
4 27 32 (0 -368 112 ) (0 -144 112 ) (112 -144 112 ) (112 -368 112 ) 
4 27 31 (112 -144 112 ) (272 -144 112 ) (272 -368 112 ) (112 -368 112 ) 
4 27 30 (272 -144 112 ) (496 -144 112 ) (496 -368 112 ) (272 -368 112 ) 
4 27 29 (496 -144 112 ) (992 -144 112 ) (992 -368 112 ) (496 -368 112 ) 
4 27 28 (0 -144 112 ) (0 0 112 ) (992 0 112 ) (992 -144 112 ) 
4 28 40 (0 0 112 ) (0 0 48 ) (0 -144 48 ) (0 -144 112 ) 
4 28 38 (0 0 48 ) (992 0 48 ) (992 -144 48 ) (0 -144 48 ) 
4 28 32 (0 -144 48 ) (112 -144 48 ) (112 -144 112 ) (0 -144 112 ) 
4 28 31 (112 -144 48 ) (272 -144 48 ) (272 -144 112 ) (112 -144 112 ) 
4 28 30 (272 -144 48 ) (496 -144 48 ) (496 -144 112 ) (272 -144 112 ) 
4 28 29 (496 -144 48 ) (992 -144 48 ) (992 -144 112 ) (496 -144 112 ) 
4 29 38 (992 -144 48 ) (992 -368 48 ) (496 -368 48 ) (496 -144 48 ) 
4 29 33 (496 -368 48 ) (992 -368 48 ) (992 -368 112 ) (496 -368 112 ) 
4 29 30 (496 -144 112 ) (496 -144 48 ) (496 -368 48 ) (496 -368 112 ) 
4 30 38 (496 -368 48 ) (272 -368 48 ) (272 -144 48 ) (496 -144 48 ) 
4 30 33 (272 -368 48 ) (496 -368 48 ) (496 -368 112 ) (272 -368 112 ) 
4 30 31 (272 -144 112 ) (272 -144 48 ) (272 -368 48 ) (272 -368 112 ) 
4 31 38 (272 -368 48 ) (112 -368 48 ) (112 -144 48 ) (272 -144 48 ) 
4 31 33 (112 -368 48 ) (272 -368 48 ) (272 -368 112 ) (112 -368 112 ) 
4 31 32 (112 -144 112 ) (112 -144 48 ) (112 -368 48 ) (112 -368 112 ) 
4 32 41 (0 -144 48 ) (0 -368 48 ) (0 -368 112 ) (0 -144 112 ) 
4 32 38 (112 -368 48 ) (0 -368 48 ) (0 -144 48 ) (112 -144 48 ) 
4 32 33 (0 -368 48 ) (112 -368 48 ) (112 -368 112 ) (0 -368 112 ) 
4 33 45 (0 -368 48 ) (0 -528 48 ) (0 -528 112 ) (0 -368 112 ) 
4 33 38 (992 -368 48 ) (992 -528 48 ) (0 -528 48 ) (0 -368 48 ) 
4 33 35 (272 -528 48 ) (496 -528 48 ) (496 -528 112 ) (272 -528 112 ) 
4 33 34 (496 -528 48 ) (992 -528 48 ) (992 -528 112 ) (496 -528 112 ) 
4 33 36 (112 -528 48 ) (272 -528 48 ) (272 -528 112 ) (112 -528 112 ) 
4 34 38 (992 -528 48 ) (992 -752 48 ) (496 -752 48 ) (496 -528 48 ) 
4 34 37 (496 -752 48 ) (992 -752 48 ) (992 -752 112 ) (496 -752 112 ) 
4 34 35 (496 -528 112 ) (496 -528 48 ) (496 -752 48 ) (496 -752 112 ) 
4 35 38 (496 -752 48 ) (272 -752 48 ) (272 -528 48 ) (496 -528 48 ) 
4 35 37 (272 -752 48 ) (496 -752 48 ) (496 -752 112 ) (272 -752 112 ) 
4 35 36 (272 -528 112 ) (272 -528 48 ) (272 -752 48 ) (272 -752 112 ) 
4 36 38 (272 -752 48 ) (112 -752 48 ) (112 -528 48 ) (272 -528 48 ) 
4 36 37 (112 -752 48 ) (272 -752 48 ) (272 -752 112 ) (112 -752 112 ) 
4 37 49 (0 -752 48 ) (0 -992 48 ) (0 -992 112 ) (0 -752 112 ) 
4 37 38 (992 -752 48 ) (992 -992 48 ) (0 -992 48 ) (0 -752 48 ) 
4 38 50 (0 0 48 ) (0 0 32 ) (0 -992 32 ) (0 -992 48 ) 
4 39 49 (-992 -992 112 ) (-992 -752 112 ) (0 -752 112 ) (0 -992 112 ) 
4 39 48 (-992 -752 112 ) (-992 -528 112 ) (-880 -528 112 ) (-880 -752 112 ) 
4 39 46 (-272 -528 112 ) (-112 -528 112 ) (-112 -752 112 ) (-272 -752 112 ) 
4 39 47 (-656 -528 112 ) (-496 -528 112 ) (-496 -752 112 ) (-656 -752 112 ) 
4 39 45 (-992 -528 112 ) (-992 -368 112 ) (0 -368 112 ) (0 -528 112 ) 
4 39 44 (-992 -368 112 ) (-992 -144 112 ) (-880 -144 112 ) (-880 -368 112 ) 
4 39 43 (-656 -144 112 ) (-496 -144 112 ) (-496 -368 112 ) (-656 -368 112 ) 
4 39 42 (-272 -144 112 ) (-112 -144 112 ) (-112 -368 112 ) (-272 -368 112 ) 
4 39 41 (-112 -144 112 ) (0 -144 112 ) (0 -368 112 ) (-112 -368 112 ) 
4 39 40 (-992 -144 112 ) (-992 0 112 ) (0 0 112 ) (0 -144 112 ) 
4 40 50 (-992 0 48 ) (0 0 48 ) (0 -144 48 ) (-992 -144 48 ) 
4 40 44 (-992 -144 48 ) (-880 -144 48 ) (-880 -144 112 ) (-992 -144 112 ) 
4 40 43 (-656 -144 48 ) (-496 -144 48 ) (-496 -144 112 ) (-656 -144 112 ) 
4 40 42 (-272 -144 48 ) (-112 -144 48 ) (-112 -144 112 ) (-272 -144 112 ) 
4 40 41 (-112 -144 48 ) (0 -144 48 ) (0 -144 112 ) (-112 -144 112 ) 
4 41 50 (-112 -144 48 ) (0 -144 48 ) (0 -368 48 ) (-112 -368 48 ) 
4 41 45 (-112 -368 48 ) (0 -368 48 ) (0 -368 112 ) (-112 -368 112 ) 
4 41 42 (-112 -144 112 ) (-112 -144 48 ) (-112 -368 48 ) (-112 -368 112 ) 
4 42 50 (-272 -144 48 ) (-112 -144 48 ) (-112 -368 48 ) (-272 -368 48 ) 
4 42 45 (-272 -368 48 ) (-112 -368 48 ) (-112 -368 112 ) (-272 -368 112 ) 
4 43 50 (-656 -144 48 ) (-496 -144 48 ) (-496 -368 48 ) (-656 -368 48 ) 
4 43 45 (-656 -368 48 ) (-496 -368 48 ) (-496 -368 112 ) (-656 -368 112 ) 
4 44 50 (-992 -144 48 ) (-880 -144 48 ) (-880 -368 48 ) (-992 -368 48 ) 
4 44 45 (-992 -368 48 ) (-880 -368 48 ) (-880 -368 112 ) (-992 -368 112 ) 
4 45 50 (-992 -368 48 ) (0 -368 48 ) (0 -528 48 ) (-992 -528 48 ) 
4 45 48 (-992 -528 48 ) (-880 -528 48 ) (-880 -528 112 ) (-992 -528 112 ) 
4 45 46 (-272 -528 48 ) (-112 -528 48 ) (-112 -528 112 ) (-272 -528 112 ) 
4 45 47 (-656 -528 48 ) (-496 -528 48 ) (-496 -528 112 ) (-656 -528 112 ) 
4 46 50 (-272 -528 48 ) (-112 -528 48 ) (-112 -752 48 ) (-272 -752 48 ) 
4 46 49 (-272 -752 48 ) (-112 -752 48 ) (-112 -752 112 ) (-272 -752 112 ) 
4 47 50 (-656 -528 48 ) (-496 -528 48 ) (-496 -752 48 ) (-656 -752 48 ) 
4 47 49 (-656 -752 48 ) (-496 -752 48 ) (-496 -752 112 ) (-656 -752 112 ) 
4 48 50 (-992 -528 48 ) (-880 -528 48 ) (-880 -752 48 ) (-992 -752 48 ) 
4 48 49 (-992 -752 48 ) (-880 -752 48 ) (-880 -752 112 ) (-992 -752 112 ) 
4 49 50 (-992 -752 48 ) (0 -752 48 ) (0 -992 48 ) (-992 -992 48 ) 
