


materialPath: C:\Program Files (x86)\Steam\steamapps\common\GarrysMod\garrysmod\materials
Loading c:\users\linventif\documents\github\linventif-maps\little or short or part\other\6945.vmf
fixing up env_cubemap materials on brush sides...
0...1...2...3...4...5...6...7...8...9...10**** leaked ****
Entity info_player_start (0.00 0.00 1.00) leaked!

FindPortalSide: Couldn't find a good match for which brush to assign to a portal near (1040.0 1024.0 -8.0)
Leaf 0 contents: CONTENTS_SOLID 
Leaf 1 contents: 
viscontents (node 0 contents ^ node 1 contents): CONTENTS_SOLID 
This means that none of the brushes in leaf 0 or 1 that touches the portal has CONTENTS_SOLID 
Check for a huge brush enclosing the coordinates above that has contents CONTENTS_SOLID 
Candidate brush IDs: 


FindPortalSide: Couldn't find a good match for which brush to assign to a portal near (1552.0 1024.0 120.0)
Leaf 0 contents: CONTENTS_SOLID 
Leaf 1 contents: 
viscontents (node 0 contents ^ node 1 contents): CONTENTS_SOLID 
This means that none of the brushes in leaf 0 or 1 that touches the portal has CONTENTS_SOLID 
Check for a huge brush enclosing the coordinates above that has contents CONTENTS_SOLID 
Candidate brush IDs: 


FindPortalSide: Couldn't find a good match for which brush to assign to a portal near (1040.0 1024.0 536.0)
Leaf 0 contents: CONTENTS_SOLID 
Leaf 1 contents: 
viscontents (node 0 contents ^ node 1 contents): CONTENTS_SOLID 
This means that none of the brushes in leaf 0 or 1 that touches the portal has CONTENTS_SOLID 
Check for a huge brush enclosing the coordinates above that has contents CONTENTS_SOLID 
Candidate brush IDs: 


FindPortalSide: Couldn't find a good match for which brush to assign to a portal near (1552.0 1024.0 408.0)
Leaf 0 contents: CONTENTS_SOLID 
Leaf 1 contents: 
viscontents (node 0 contents ^ node 1 contents): CONTENTS_SOLID 
This means that none of the brushes in leaf 0 or 1 that touches the portal has CONTENTS_SOLID 
Check for a huge brush enclosing the coordinates above that has contents CONTENTS_SOLID 
Candidate brush IDs: 


FindPortalSide: Couldn't find a good match for which brush to assign to a portal near (1024.0 1040.0 -8.0)
Leaf 0 contents: CONTENTS_SOLID 
Leaf 1 contents: 
viscontents (node 0 contents ^ node 1 contents): CONTENTS_SOLID 
This means that none of the brushes in leaf 0 or 1 that touches the portal has CONTENTS_SOLID 
Check for a huge brush enclosing the coordinates above that has contents CONTENTS_SOLID 
Candidate brush IDs: 


FindPortalSide: Couldn't find a good match for which brush to assign to a portal near (1024.0 1552.0 120.0)
Leaf 0 contents: CONTENTS_SOLID 
Leaf 1 contents: 
viscontents (node 0 contents ^ node 1 contents): CONTENTS_SOLID 
This means that none of the brushes in leaf 0 or 1 that touches the portal has CONTENTS_SOLID 
Check for a huge brush enclosing the coordinates above that has contents CONTENTS_SOLID 
Candidate brush IDs: 


FindPortalSide: Couldn't find a good match for which brush to assign to a portal near (1024.0 1040.0 536.0)
Leaf 0 contents: CONTENTS_SOLID 
Leaf 1 contents: 
viscontents (node 0 contents ^ node 1 contents): CONTENTS_SOLID 
This means that none of the brushes in leaf 0 or 1 that touches the portal has CONTENTS_SOLID 
Check for a huge brush enclosing the coordinates above that has contents CONTENTS_SOLID 
Candidate brush IDs: 


FindPortalSide: Couldn't find a good match for which brush to assign to a portal near (1024.0 1552.0 408.0)
Leaf 0 contents: CONTENTS_SOLID 
Leaf 1 contents: 
viscontents (node 0 contents ^ node 1 contents): CONTENTS_SOLID 
This means that none of the brushes in leaf 0 or 1 that touches the portal has CONTENTS_SOLID 
Check for a huge brush enclosing the coordinates above that has contents CONTENTS_SOLID 
Candidate brush IDs: 

*** Suppressing further FindPortalSide errors.... ***
Processing areas...done (0)
Building Faces...done (0)
FixTjuncs...
PruneNodes...
WriteBSP...
done (0)
Creating default LDR cubemaps for env_cubemap using skybox materials:
   skybox/sky_day01_01*.vmt
 ! Run buildcubemaps in the engine to get the correct cube maps.
Creating default HDR cubemaps for env_cubemap using skybox materials:
   skybox/sky_day01_01*.vmt
 ! Run buildcubemaps in the engine to get the correct cube maps.
Finding displacement neighbors...
Finding lightmap sample positions...
Displacement Alpha : 0...1...2...3...4...5...6...7...8...9...10
Building Physics collision data...
WARNING: Map using power 4 displacements, terrain physics cannot be compressed, map will need additional memory and CPU.
done (0) (241542 bytes)
Placing detail props : 0...1...2...3...4...5...6...7...8...9...10
Compacting texture/material tables...
Reduced 38 texinfos to 26
Reduced 6 texdatas to 6 (138 bytes to 138)
Writing c:\users\linventif\documents\github\linventif-maps\little or short or part\other\6945.bsp
1 second elapsed



24 threads
reading c:\users\linventif\documents\github\linventif-maps\little or short or part\other\6945.bsp
reading c:\users\linventif\documents\github\linventif-maps\little or short or part\other\6945.prt
LoadPortals: couldn't read c:\users\linventif\documents\github\linventif-maps\little or short or part\other\6945.prt



[Reading texlights from 'lights.rad']
[45 texlights parsed from 'lights.rad']

Loading c:\users\linventif\documents\github\linventif-maps\little or short or part\other\6945.bsp
PREP OK
No vis information, direct lighting only.
129 faces
62630 square feet [9018816.00 square inches]
4 Displacements
29127 Square Feet [4194304.00 Square Inches]
0 direct lights
0...1...2...3...4...5...6...7...8...9...10Build Patch/Sample Hash Table(s).....Done<0.0007 sec>
0...1...2...3...4...5...6...7...8...9...10FinalLightFace Done
Computing detail prop lighting : 0...1...2...3...4...5...6...7...8...9...10
0 of 0 (0% of) surface lights went in leaf ambient cubes.
0...1...2...3...4...5...6...7...8...9...10Writing leaf ambient...done
Ready to Finish

Object names       Objects/Maxobjs  Memory / Maxmem  Fullness 
------------       ---------------  ---------------  -------- 
models                   1/4096           48/196608   ( 0.0%) 
brushes                 26/16384         312/196608   ( 0.2%) 
brushsides             156/163840       1248/1310720  ( 0.1%) 
planes                 136/65536        2720/1310720  ( 0.2%) 
vertexes               265/65536        3180/786432   ( 0.4%) 
nodes                  167/65536        5344/2097152  ( 0.3%) 
texinfos                26/12288        1872/884736   ( 0.2%) 
texdata                  6/2048          192/65536    ( 0.3%) 
dispinfos                4/0             704/0        ( 0.0%) 
disp_verts            1156/0           23120/0        ( 0.0%) 
disp_tris             2048/0            4096/0        ( 0.0%) 
disp_lmsamples       78432/0           78432/0        ( 0.0%) 
faces                  129/65536        7224/3670016  ( 0.2%) 
hdr faces                0/65536           0/3670016  ( 0.0%) 
origfaces               86/65536        4816/3670016  ( 0.1%) 
leaves                 169/65536        5408/2097152  ( 0.3%) 
leaffaces              210/65536         420/131072   ( 0.3%) 
leafbrushes             47/65536          94/131072   ( 0.1%) 
areas                    2/1024           16/8192     ( 0.2%) 
surfedges              892/512000       3568/2048000  ( 0.2%) 
edges                  501/256000       2004/1024000  ( 0.2%) 
LDR worldlights          0/8192            0/720896   ( 0.0%) 
HDR worldlights          0/8192            0/720896   ( 0.0%) 
leafwaterdata            0/32768           0/393216   ( 0.0%) 
waterstrips              8/32768          80/327680   ( 0.0%) 
waterverts               0/65536           0/786432   ( 0.0%) 
waterindices           117/65536         234/131072   ( 0.2%) 
cubemapsamples           0/1024            0/16384    ( 0.0%) 
overlays                 0/1024            0/360448   ( 0.0%) 
LDR lightdata         [variable]      120624/0        ( 0.0%) 
HDR lightdata         [variable]           0/0        ( 0.0%) 
visdata               [variable]           0/16777216 ( 0.0%) 
entdata               [variable]         323/393216   ( 0.1%) 
LDR ambient table      169/65536         676/262144   ( 0.3%) 
HDR ambient table      169/65536         676/262144   ( 0.3%) 
LDR leaf ambient       118/65536        3304/1835008  ( 0.2%) 
HDR leaf ambient       169/65536        4732/1835008  ( 0.3%) 
occluders                0/0               0/0        ( 0.0%) 
occluder polygons        0/0               0/0        ( 0.0%) 
occluder vert ind        0/0               0/0        ( 0.0%) 
detail props          [variable]           1/131068   ( 0.0%) 
dtl prp lght          [variable]           1/4        (25.0%) 
HDR dtl prp lght      [variable]           1/4        (25.0%) 
static props          [variable]           1/12       ( 8.3%) 
pakfile               [variable]      105647/0        ( 0.0%) 
physics               [variable]      241542/4194304  ( 5.8%) 
physics terrain       [variable]           0/1048576  ( 0.0%) 

Level flags = 0

Total triangle count: 290
Writing c:\users\linventif\documents\github\linventif-maps\little or short or part\other\6945.bsp
1 second elapsed



[Reading texlights from 'lights.rad']
[45 texlights parsed from 'lights.rad']

Loading c:\users\linventif\documents\github\linventif-maps\little or short or part\other\6945.bsp
PREP OK
No vis information, direct lighting only.
129 faces
62630 square feet [9018816.00 square inches]
4 Displacements
29127 Square Feet [4194304.00 Square Inches]
0 direct lights
0...1...2...3...4...5...6...7...8...9...10Build Patch/Sample Hash Table(s).....Done<0.0008 sec>
0...1...2...3...4...5...6...7...8...9...10FinalLightFace Done
Computing detail prop lighting : 0...1...2...3...4...5...6...7...8...9...10
0 of 0 (0% of) surface lights went in leaf ambient cubes.
0...1...2...3...4...5...6...7...8...9...10Writing leaf ambient...done
Ready to Finish

Object names       Objects/Maxobjs  Memory / Maxmem  Fullness 
------------       ---------------  ---------------  -------- 
models                   1/4096           48/196608   ( 0.0%) 
brushes                 26/16384         312/196608   ( 0.2%) 
brushsides             156/163840       1248/1310720  ( 0.1%) 
planes                 136/65536        2720/1310720  ( 0.2%) 
vertexes               265/65536        3180/786432   ( 0.4%) 
nodes                  167/65536        5344/2097152  ( 0.3%) 
texinfos                26/12288        1872/884736   ( 0.2%) 
texdata                  6/2048          192/65536    ( 0.3%) 
dispinfos                4/0             704/0        ( 0.0%) 
disp_verts            1156/0           23120/0        ( 0.0%) 
disp_tris             2048/0            4096/0        ( 0.0%) 
disp_lmsamples       78432/0           78432/0        ( 0.0%) 
faces                  129/65536        7224/3670016  ( 0.2%) 
hdr faces              129/65536        7224/3670016  ( 0.2%) 
origfaces               86/65536        4816/3670016  ( 0.1%) 
leaves                 169/65536        5408/2097152  ( 0.3%) 
leaffaces              210/65536         420/131072   ( 0.3%) 
leafbrushes             47/65536          94/131072   ( 0.1%) 
areas                    2/1024           16/8192     ( 0.2%) 
surfedges              892/512000       3568/2048000  ( 0.2%) 
edges                  501/256000       2004/1024000  ( 0.2%) 
LDR worldlights          0/8192            0/720896   ( 0.0%) 
HDR worldlights          0/8192            0/720896   ( 0.0%) 
leafwaterdata            0/32768           0/393216   ( 0.0%) 
waterstrips              8/32768          80/327680   ( 0.0%) 
waterverts               0/65536           0/786432   ( 0.0%) 
waterindices           117/65536         234/131072   ( 0.2%) 
cubemapsamples           0/1024            0/16384    ( 0.0%) 
overlays                 0/1024            0/360448   ( 0.0%) 
LDR lightdata         [variable]      120624/0        ( 0.0%) 
HDR lightdata         [variable]      120624/0        ( 0.0%) 
visdata               [variable]           0/16777216 ( 0.0%) 
entdata               [variable]         323/393216   ( 0.1%) 
LDR ambient table      169/65536         676/262144   ( 0.3%) 
HDR ambient table      169/65536         676/262144   ( 0.3%) 
LDR leaf ambient       118/65536        3304/1835008  ( 0.2%) 
HDR leaf ambient       118/65536        3304/1835008  ( 0.2%) 
occluders                0/0               0/0        ( 0.0%) 
occluder polygons        0/0               0/0        ( 0.0%) 
occluder vert ind        0/0               0/0        ( 0.0%) 
detail props          [variable]           1/131068   ( 0.0%) 
dtl prp lght          [variable]           1/4        (25.0%) 
HDR dtl prp lght      [variable]           1/4        (25.0%) 
static props          [variable]           1/12       ( 8.3%) 
pakfile               [variable]      105647/0        ( 0.0%) 
physics               [variable]      241542/4194304  ( 5.8%) 
physics terrain       [variable]           0/1048576  ( 0.0%) 

Level flags = 0

Total triangle count: 290
Writing c:\users\linventif\documents\github\linventif-maps\little or short or part\other\6945.bsp
1 second elapsed



materialPath: C:\Program Files (x86)\Steam\steamapps\common\GarrysMod\garrysmod\materials
Loading c:\users\linventif\documents\github\linventif-maps\little or short or part\other\6945.vmf
fixing up env_cubemap materials on brush sides...
0...1...2...3...4...5...6...7...8...9...10**** leaked ****
Entity info_player_start (0.00 0.00 1.00) leaked!

FindPortalSide: Couldn't find a good match for which brush to assign to a portal near (1040.0 1024.0 -8.0)
Leaf 0 contents: CONTENTS_SOLID 
Leaf 1 contents: 
viscontents (node 0 contents ^ node 1 contents): CONTENTS_SOLID 
This means that none of the brushes in leaf 0 or 1 that touches the portal has CONTENTS_SOLID 
Check for a huge brush enclosing the coordinates above that has contents CONTENTS_SOLID 
Candidate brush IDs: 


FindPortalSide: Couldn't find a good match for which brush to assign to a portal near (1552.0 1024.0 120.0)
Leaf 0 contents: CONTENTS_SOLID 
Leaf 1 contents: 
viscontents (node 0 contents ^ node 1 contents): CONTENTS_SOLID 
This means that none of the brushes in leaf 0 or 1 that touches the portal has CONTENTS_SOLID 
Check for a huge brush enclosing the coordinates above that has contents CONTENTS_SOLID 
Candidate brush IDs: 


FindPortalSide: Couldn't find a good match for which brush to assign to a portal near (1040.0 1024.0 536.0)
Leaf 0 contents: CONTENTS_SOLID 
Leaf 1 contents: 
viscontents (node 0 contents ^ node 1 contents): CONTENTS_SOLID 
This means that none of the brushes in leaf 0 or 1 that touches the portal has CONTENTS_SOLID 
Check for a huge brush enclosing the coordinates above that has contents CONTENTS_SOLID 
Candidate brush IDs: 


FindPortalSide: Couldn't find a good match for which brush to assign to a portal near (1552.0 1024.0 408.0)
Leaf 0 contents: CONTENTS_SOLID 
Leaf 1 contents: 
viscontents (node 0 contents ^ node 1 contents): CONTENTS_SOLID 
This means that none of the brushes in leaf 0 or 1 that touches the portal has CONTENTS_SOLID 
Check for a huge brush enclosing the coordinates above that has contents CONTENTS_SOLID 
Candidate brush IDs: 


FindPortalSide: Couldn't find a good match for which brush to assign to a portal near (1024.0 1040.0 -8.0)
Leaf 0 contents: CONTENTS_SOLID 
Leaf 1 contents: 
viscontents (node 0 contents ^ node 1 contents): CONTENTS_SOLID 
This means that none of the brushes in leaf 0 or 1 that touches the portal has CONTENTS_SOLID 
Check for a huge brush enclosing the coordinates above that has contents CONTENTS_SOLID 
Candidate brush IDs: 


FindPortalSide: Couldn't find a good match for which brush to assign to a portal near (1024.0 1552.0 120.0)
Leaf 0 contents: CONTENTS_SOLID 
Leaf 1 contents: 
viscontents (node 0 contents ^ node 1 contents): CONTENTS_SOLID 
This means that none of the brushes in leaf 0 or 1 that touches the portal has CONTENTS_SOLID 
Check for a huge brush enclosing the coordinates above that has contents CONTENTS_SOLID 
Candidate brush IDs: 


FindPortalSide: Couldn't find a good match for which brush to assign to a portal near (1024.0 1040.0 536.0)
Leaf 0 contents: CONTENTS_SOLID 
Leaf 1 contents: 
viscontents (node 0 contents ^ node 1 contents): CONTENTS_SOLID 
This means that none of the brushes in leaf 0 or 1 that touches the portal has CONTENTS_SOLID 
Check for a huge brush enclosing the coordinates above that has contents CONTENTS_SOLID 
Candidate brush IDs: 


FindPortalSide: Couldn't find a good match for which brush to assign to a portal near (1024.0 1552.0 408.0)
Leaf 0 contents: CONTENTS_SOLID 
Leaf 1 contents: 
viscontents (node 0 contents ^ node 1 contents): CONTENTS_SOLID 
This means that none of the brushes in leaf 0 or 1 that touches the portal has CONTENTS_SOLID 
Check for a huge brush enclosing the coordinates above that has contents CONTENTS_SOLID 
Candidate brush IDs: 

*** Suppressing further FindPortalSide errors.... ***
Processing areas...done (0)
Building Faces...done (0)
FixTjuncs...
PruneNodes...
WriteBSP...
done (0)
Creating default LDR cubemaps for env_cubemap using skybox materials:
   skybox/sky_day01_01*.vmt
 ! Run buildcubemaps in the engine to get the correct cube maps.
Creating default HDR cubemaps for env_cubemap using skybox materials:
   skybox/sky_day01_01*.vmt
 ! Run buildcubemaps in the engine to get the correct cube maps.
Finding displacement neighbors...
Finding lightmap sample positions...
Displacement Alpha : 0...1...2...3...4...5...6...7...8...9...10
Building Physics collision data...
WARNING: Map using power 4 displacements, terrain physics cannot be compressed, map will need additional memory and CPU.
done (0) (241542 bytes)
Placing detail props : 0...1...2...3...4...5...6...7...8...9...10
Compacting texture/material tables...
Reduced 38 texinfos to 26
Reduced 6 texdatas to 6 (138 bytes to 138)
Writing c:\users\linventif\documents\github\linventif-maps\little or short or part\other\6945.bsp
1 second elapsed



24 threads
reading c:\users\linventif\documents\github\linventif-maps\little or short or part\other\6945.bsp
reading c:\users\linventif\documents\github\linventif-maps\little or short or part\other\6945.prt
LoadPortals: couldn't read c:\users\linventif\documents\github\linventif-maps\little or short or part\other\6945.prt



[Reading texlights from 'lights.rad']
[45 texlights parsed from 'lights.rad']

Loading c:\users\linventif\documents\github\linventif-maps\little or short or part\other\6945.bsp
PREP OK
No vis information, direct lighting only.
129 faces
62630 square feet [9018816.00 square inches]
4 Displacements
29127 Square Feet [4194304.00 Square Inches]
2 direct lights
0...1...2...3...4...5...6...7...8...9...10Build Patch/Sample Hash Table(s).....Done<0.0008 sec>
0...1...2...3...4...5...6...7...8...9...10FinalLightFace Done
Computing detail prop lighting : 0...1...2...3...4...5...6...7...8...9...10
0 of 0 (0% of) surface lights went in leaf ambient cubes.
0...1...2...3...4...5...6...7...8...9...10Writing leaf ambient...done
Ready to Finish

Object names       Objects/Maxobjs  Memory / Maxmem  Fullness 
------------       ---------------  ---------------  -------- 
models                   1/4096           48/196608   ( 0.0%) 
brushes                 26/16384         312/196608   ( 0.2%) 
brushsides             156/163840       1248/1310720  ( 0.1%) 
planes                 136/65536        2720/1310720  ( 0.2%) 
vertexes               265/65536        3180/786432   ( 0.4%) 
nodes                  167/65536        5344/2097152  ( 0.3%) 
texinfos                26/12288        1872/884736   ( 0.2%) 
texdata                  6/2048          192/65536    ( 0.3%) 
dispinfos                4/0             704/0        ( 0.0%) 
disp_verts            1156/0           23120/0        ( 0.0%) 
disp_tris             2048/0            4096/0        ( 0.0%) 
disp_lmsamples       78432/0           78432/0        ( 0.0%) 
faces                  129/65536        7224/3670016  ( 0.2%) 
hdr faces                0/65536           0/3670016  ( 0.0%) 
origfaces               86/65536        4816/3670016  ( 0.1%) 
leaves                 169/65536        5408/2097152  ( 0.3%) 
leaffaces              210/65536         420/131072   ( 0.3%) 
leafbrushes             47/65536          94/131072   ( 0.1%) 
areas                    2/1024           16/8192     ( 0.2%) 
surfedges              892/512000       3568/2048000  ( 0.2%) 
edges                  501/256000       2004/1024000  ( 0.2%) 
LDR worldlights          2/8192          176/720896   ( 0.0%) 
HDR worldlights          0/8192            0/720896   ( 0.0%) 
leafwaterdata            0/32768           0/393216   ( 0.0%) 
waterstrips              8/32768          80/327680   ( 0.0%) 
waterverts               0/65536           0/786432   ( 0.0%) 
waterindices           117/65536         234/131072   ( 0.2%) 
cubemapsamples           0/1024            0/16384    ( 0.0%) 
overlays                 0/1024            0/360448   ( 0.0%) 
LDR lightdata         [variable]      120624/0        ( 0.0%) 
HDR lightdata         [variable]           0/0        ( 0.0%) 
visdata               [variable]           0/16777216 ( 0.0%) 
entdata               [variable]        1031/393216   ( 0.3%) 
LDR ambient table      169/65536         676/262144   ( 0.3%) 
HDR ambient table      169/65536         676/262144   ( 0.3%) 
LDR leaf ambient      1230/65536       34440/1835008  ( 1.9%) 
HDR leaf ambient       169/65536        4732/1835008  ( 0.3%) 
occluders                0/0               0/0        ( 0.0%) 
occluder polygons        0/0               0/0        ( 0.0%) 
occluder vert ind        0/0               0/0        ( 0.0%) 
detail props          [variable]           1/131068   ( 0.0%) 
dtl prp lght          [variable]           1/4        (25.0%) 
HDR dtl prp lght      [variable]           1/4        (25.0%) 
static props          [variable]           1/12       ( 8.3%) 
pakfile               [variable]      105647/0        ( 0.0%) 
physics               [variable]      241542/4194304  ( 5.8%) 
physics terrain       [variable]           0/1048576  ( 0.0%) 

Level flags = 0

Total triangle count: 290
Writing c:\users\linventif\documents\github\linventif-maps\little or short or part\other\6945.bsp
1 second elapsed



[Reading texlights from 'lights.rad']
[45 texlights parsed from 'lights.rad']

Loading c:\users\linventif\documents\github\linventif-maps\little or short or part\other\6945.bsp
PREP OK
No vis information, direct lighting only.
129 faces
62630 square feet [9018816.00 square inches]
4 Displacements
29127 Square Feet [4194304.00 Square Inches]
2 direct lights
0...1...2...3...4...5...6...7...8...9...10Build Patch/Sample Hash Table(s).....Done<0.0010 sec>
0...1...2...3...4...5...6...7...8...9...10FinalLightFace Done
Computing detail prop lighting : 0...1...2...3...4...5...6...7...8...9...10
0 of 0 (0% of) surface lights went in leaf ambient cubes.
0...1...2...3...4...5...6...7...8...9...10Writing leaf ambient...done
Ready to Finish

Object names       Objects/Maxobjs  Memory / Maxmem  Fullness 
------------       ---------------  ---------------  -------- 
models                   1/4096           48/196608   ( 0.0%) 
brushes                 26/16384         312/196608   ( 0.2%) 
brushsides             156/163840       1248/1310720  ( 0.1%) 
planes                 136/65536        2720/1310720  ( 0.2%) 
vertexes               265/65536        3180/786432   ( 0.4%) 
nodes                  167/65536        5344/2097152  ( 0.3%) 
texinfos                26/12288        1872/884736   ( 0.2%) 
texdata                  6/2048          192/65536    ( 0.3%) 
dispinfos                4/0             704/0        ( 0.0%) 
disp_verts            1156/0           23120/0        ( 0.0%) 
disp_tris             2048/0            4096/0        ( 0.0%) 
disp_lmsamples       78432/0           78432/0        ( 0.0%) 
faces                  129/65536        7224/3670016  ( 0.2%) 
hdr faces              129/65536        7224/3670016  ( 0.2%) 
origfaces               86/65536        4816/3670016  ( 0.1%) 
leaves                 169/65536        5408/2097152  ( 0.3%) 
leaffaces              210/65536         420/131072   ( 0.3%) 
leafbrushes             47/65536          94/131072   ( 0.1%) 
areas                    2/1024           16/8192     ( 0.2%) 
surfedges              892/512000       3568/2048000  ( 0.2%) 
edges                  501/256000       2004/1024000  ( 0.2%) 
LDR worldlights          2/8192          176/720896   ( 0.0%) 
HDR worldlights          2/8192          176/720896   ( 0.0%) 
leafwaterdata            0/32768           0/393216   ( 0.0%) 
waterstrips              8/32768          80/327680   ( 0.0%) 
waterverts               0/65536           0/786432   ( 0.0%) 
waterindices           117/65536         234/131072   ( 0.2%) 
cubemapsamples           0/1024            0/16384    ( 0.0%) 
overlays                 0/1024            0/360448   ( 0.0%) 
LDR lightdata         [variable]      120624/0        ( 0.0%) 
HDR lightdata         [variable]      120624/0        ( 0.0%) 
visdata               [variable]           0/16777216 ( 0.0%) 
entdata               [variable]        1031/393216   ( 0.3%) 
LDR ambient table      169/65536         676/262144   ( 0.3%) 
HDR ambient table      169/65536         676/262144   ( 0.3%) 
LDR leaf ambient      1230/65536       34440/1835008  ( 1.9%) 
HDR leaf ambient      1230/65536       34440/1835008  ( 1.9%) 
occluders                0/0               0/0        ( 0.0%) 
occluder polygons        0/0               0/0        ( 0.0%) 
occluder vert ind        0/0               0/0        ( 0.0%) 
detail props          [variable]           1/131068   ( 0.0%) 
dtl prp lght          [variable]           1/4        (25.0%) 
HDR dtl prp lght      [variable]           1/4        (25.0%) 
static props          [variable]           1/12       ( 8.3%) 
pakfile               [variable]      105647/0        ( 0.0%) 
physics               [variable]      241542/4194304  ( 5.8%) 
physics terrain       [variable]           0/1048576  ( 0.0%) 

Level flags = 0

Total triangle count: 290
Writing c:\users\linventif\documents\github\linventif-maps\little or short or part\other\6945.bsp
1 second elapsed
