PRT1
362
1100
4 0 2 (2808 1024 1032 ) (2048 1024 1032 ) (2048 1024 -488 ) (2808 1024 -488 ) 
4 0 1 (2048 1024 -488 ) (2048 1024 1032 ) (2048 1864 1032 ) (2048 1864 -488 ) 
4 1 27 (1024 1024 -488 ) (1024 1024 1032 ) (1024 1864 1032 ) (1024 1864 -488 ) 
4 1 12 (1024 1024 28 ) (1024 1024 -488 ) (1384 1024 -488 ) (1384 1024 28 ) 
4 1 11 (1384 1024 -488 ) (2048 1024 -488 ) (2048 1024 28 ) (1384 1024 28 ) 
4 1 5 (1024 1024 40 ) (1024 1024 28 ) (1408 1024 28 ) (1408 1024 40 ) 
4 1 4 (1408 1024 28 ) (2048 1024 28 ) (2048 1024 40 ) (1408 1024 40 ) 
4 1 3 (1024 1024 1032 ) (1024 1024 40 ) (2048 1024 40 ) (2048 1024 1032 ) 
4 2 15 (2808 0 1032 ) (2048 0 1032 ) (2048 0 -488 ) (2808 0 -488 ) 
4 2 11 (2048 1024 28 ) (2048 1024 -488 ) (2048 0 -488 ) (2048 0 28 ) 
4 2 8 (2048 288 28 ) (2048 0 28 ) (2048 0 40 ) (2048 288 40 ) 
4 2 4 (2048 1024 40 ) (2048 1024 28 ) (2048 288 28 ) (2048 288 40 ) 
4 2 3 (2048 1024 1032 ) (2048 1024 40 ) (2048 0 40 ) (2048 0 1032 ) 
4 3 29 (1024 0 40 ) (1024 0 1032 ) (1024 1024 1032 ) (1024 1024 40 ) 
4 3 17 (1408 0 1032 ) (1024 0 1032 ) (1024 0 40 ) (1408 0 40 ) 
4 3 16 (2048 0 40 ) (2048 0 1032 ) (1408 0 1032 ) (1408 0 40 ) 
4 3 9 (1408 0 40 ) (1024 0 40 ) (1024 288 40 ) (1408 288 40 ) 
4 3 8 (2048 0 40 ) (1408 0 40 ) (1408 288 40 ) (2048 288 40 ) 
4 3 6 (1024 288 40 ) (1024 768 40 ) (1408 768 40 ) (1408 288 40 ) 
4 3 5 (1024 768 40 ) (1024 1024 40 ) (1408 1024 40 ) (1408 768 40 ) 
4 3 4 (1408 1024 40 ) (2048 1024 40 ) (2048 288 40 ) (1408 288 40 ) 
4 4 11 (1408 1024 28 ) (2048 1024 28 ) (2048 288 28 ) (1408 288 28 ) 
4 4 8 (1408 288 28 ) (2048 288 28 ) (2048 288 40 ) (1408 288 40 ) 
4 4 7 (1408 768 28 ) (1408 288 28 ) (1408 288 32 ) (1408 768 32 ) 
4 4 6 (1408 288 32 ) (1408 288 40 ) (1408 768 40 ) (1408 768 32 ) 
4 4 5 (1408 1024 28 ) (1408 768 28 ) (1408 768 40 ) (1408 1024 40 ) 
4 5 33 (1024 768 40 ) (1024 1024 40 ) (1024 1024 28 ) (1024 768 28 ) 
4 5 12 (1024 768 28 ) (1024 1024 28 ) (1384 1024 28 ) (1384 768 28 ) 
4 5 11 (1384 1024 28 ) (1408 1024 28 ) (1408 768 28 ) (1384 768 28 ) 
4 5 7 (1024 768 28 ) (1408 768 28 ) (1408 768 32 ) (1024 768 32 ) 
4 5 6 (1408 768 32 ) (1408 768 40 ) (1024 768 40 ) (1024 768 32 ) 
4 6 34 (1024 288 40 ) (1024 768 40 ) (1024 768 32 ) (1024 288 32 ) 
4 6 9 (1408 288 32 ) (1408 288 40 ) (1024 288 40 ) (1024 288 32 ) 
4 6 7 (1024 768 32 ) (1408 768 32 ) (1408 288 32 ) (1024 288 32 ) 
4 7 35 (1024 768 32 ) (1024 768 28 ) (1024 288 28 ) (1024 288 32 ) 
4 7 13 (1024 288 28 ) (1024 740 28 ) (1384 740 28 ) (1384 288 28 ) 
4 7 12 (1024 740 28 ) (1024 768 28 ) (1384 768 28 ) (1384 740 28 ) 
4 7 11 (1384 768 28 ) (1408 768 28 ) (1408 288 28 ) (1384 288 28 ) 
4 7 10 (1024 288 28 ) (1408 288 28 ) (1408 288 32 ) (1024 288 32 ) 
4 8 16 (2048 0 28 ) (2048 0 40 ) (1408 0 40 ) (1408 0 28 ) 
4 8 11 (1408 288 28 ) (2048 288 28 ) (2048 0 28 ) (1408 0 28 ) 
4 8 10 (1408 288 32 ) (1408 288 28 ) (1408 0 28 ) (1408 0 32 ) 
4 8 9 (1408 288 40 ) (1408 288 32 ) (1408 0 32 ) (1408 0 40 ) 
4 9 45 (1024 0 32 ) (1024 0 40 ) (1024 288 40 ) (1024 288 32 ) 
4 9 18 (1408 0 40 ) (1024 0 40 ) (1024 0 32 ) (1408 0 32 ) 
4 9 10 (1024 0 32 ) (1024 288 32 ) (1408 288 32 ) (1408 0 32 ) 
4 10 46 (1024 0 28 ) (1024 0 32 ) (1024 288 32 ) (1024 288 28 ) 
4 10 19 (1024 0 32 ) (1024 0 28 ) (1408 0 28 ) (1408 0 32 ) 
4 10 13 (1024 0 28 ) (1024 288 28 ) (1384 288 28 ) (1384 0 28 ) 
4 10 11 (1384 288 28 ) (1408 288 28 ) (1408 0 28 ) (1384 0 28 ) 
4 11 21 (2048 0 -488 ) (2048 0 28 ) (1384 0 28 ) (1384 0 -488 ) 
4 11 14 (1384 740 -488 ) (1384 0 -488 ) (1384 0 -128 ) (1384 740 -128 ) 
4 11 13 (1384 0 -128 ) (1384 0 28 ) (1384 740 28 ) (1384 740 -128 ) 
4 11 12 (1384 1024 -488 ) (1384 740 -488 ) (1384 740 28 ) (1384 1024 28 ) 
4 12 73 (1024 1024 -128 ) (1024 1024 -488 ) (1024 740 -488 ) (1024 740 -128 ) 
4 12 62 (1024 740 28 ) (1024 1024 28 ) (1024 1024 -128 ) (1024 740 -128 ) 
4 12 14 (1024 740 -488 ) (1384 740 -488 ) (1384 740 -128 ) (1024 740 -128 ) 
4 12 13 (1384 740 -128 ) (1384 740 28 ) (1024 740 28 ) (1024 740 -128 ) 
4 13 64 (1024 404 28 ) (1024 416 28 ) (1024 416 -128 ) (1024 404 -128 ) 
4 13 63 (1024 416 28 ) (1024 740 28 ) (1024 740 -128 ) (1024 416 -128 ) 
4 13 68 (1024 0 -128 ) (1024 0 28 ) (1024 404 28 ) (1024 404 -128 ) 
4 13 22 (1384 0 28 ) (1024 0 28 ) (1024 0 -128 ) (1384 0 -128 ) 
4 13 14 (1024 0 -128 ) (1024 740 -128 ) (1384 740 -128 ) (1384 0 -128 ) 
4 14 73 (1024 0 -488 ) (1024 0 -128 ) (1024 740 -128 ) (1024 740 -488 ) 
4 14 23 (1024 0 -128 ) (1024 0 -488 ) (1384 0 -488 ) (1384 0 -128 ) 
4 15 25 (2808 -1024 1032 ) (2048 -1024 1032 ) (2048 -1024 -488 ) (2808 -1024 -488 ) 
4 15 21 (2048 0 28 ) (2048 0 -488 ) (2048 -1024 -488 ) (2048 -1024 28 ) 
4 15 16 (2048 0 1032 ) (2048 0 28 ) (2048 -1024 28 ) (2048 -1024 1032 ) 
4 16 26 (1408 -1024 28 ) (2048 -1024 28 ) (2048 -1024 1032 ) (1408 -1024 1032 ) 
4 16 21 (1408 0 28 ) (2048 0 28 ) (2048 -1024 28 ) (1408 -1024 28 ) 
4 16 18 (1408 -800 32 ) (1408 -800 40 ) (1408 0 40 ) (1408 0 32 ) 
4 16 17 (1408 -800 40 ) (1408 -800 1032 ) (1408 0 1032 ) (1408 0 40 ) 
4 16 19 (1408 0 28 ) (1408 -800 28 ) (1408 -800 32 ) (1408 0 32 ) 
4 16 20 (1408 -800 28 ) (1408 -1024 28 ) (1408 -1024 1032 ) (1408 -800 1032 ) 
4 17 209 (1024 0 290 ) (1024 0 48 ) (1024 -800 48 ) (1024 -800 290 ) 
4 17 213 (1024 0 48 ) (1024 0 40 ) (1024 -800 40 ) (1024 -800 48 ) 
4 17 207 (1024 -800 1032 ) (1024 0 1032 ) (1024 0 290 ) (1024 -800 290 ) 
4 17 20 (1408 -800 40 ) (1408 -800 1032 ) (1024 -800 1032 ) (1024 -800 40 ) 
4 17 18 (1408 -800 40 ) (1024 -800 40 ) (1024 0 40 ) (1408 0 40 ) 
4 18 214 (1024 0 40 ) (1024 0 32 ) (1024 -800 32 ) (1024 -800 40 ) 
4 18 19 (1408 -800 32 ) (1024 -800 32 ) (1024 0 32 ) (1408 0 32 ) 
4 18 20 (1408 -800 32 ) (1408 -800 40 ) (1024 -800 40 ) (1024 -800 32 ) 
4 19 215 (1024 0 32 ) (1024 0 28 ) (1024 -800 28 ) (1024 -800 32 ) 
4 19 22 (1024 -672 28 ) (1024 0 28 ) (1384 0 28 ) (1384 -672 28 ) 
4 19 24 (1024 -800 28 ) (1024 -672 28 ) (1384 -672 28 ) (1384 -800 28 ) 
4 19 21 (1384 0 28 ) (1408 0 28 ) (1408 -800 28 ) (1384 -800 28 ) 
4 19 20 (1024 -800 28 ) (1408 -800 28 ) (1408 -800 32 ) (1024 -800 32 ) 
4 20 216 (1024 -1024 28 ) (1024 -1024 40 ) (1024 -800 40 ) (1024 -800 28 ) 
4 20 209 (1024 -1024 48 ) (1024 -1024 290 ) (1024 -800 290 ) (1024 -800 48 ) 
4 20 213 (1024 -1024 40 ) (1024 -1024 48 ) (1024 -800 48 ) (1024 -800 40 ) 
4 20 207 (1024 -1024 290 ) (1024 -1024 1032 ) (1024 -800 1032 ) (1024 -800 290 ) 
4 20 26 (1024 -1024 1032 ) (1024 -1024 28 ) (1408 -1024 28 ) (1408 -1024 1032 ) 
4 20 24 (1024 -1024 28 ) (1024 -800 28 ) (1384 -800 28 ) (1384 -1024 28 ) 
4 20 21 (1384 -800 28 ) (1408 -800 28 ) (1408 -1024 28 ) (1384 -1024 28 ) 
4 21 26 (1384 -1024 -488 ) (2048 -1024 -488 ) (2048 -1024 28 ) (1384 -1024 28 ) 
4 21 23 (1384 0 -488 ) (1384 -672 -488 ) (1384 -672 -128 ) (1384 0 -128 ) 
4 21 22 (1384 -672 -128 ) (1384 -672 28 ) (1384 0 28 ) (1384 0 -128 ) 
4 21 24 (1384 -672 -488 ) (1384 -1024 -488 ) (1384 -1024 28 ) (1384 -672 28 ) 
4 22 238 (1024 0 -24 ) (1024 0 -128 ) (1024 -672 -128 ) (1024 -672 -24 ) 
4 22 233 (1024 -672 28 ) (1024 0 28 ) (1024 0 -24 ) (1024 -672 -24 ) 
4 22 24 (1384 -672 -128 ) (1384 -672 28 ) (1024 -672 28 ) (1024 -672 -128 ) 
4 22 23 (1384 -672 -128 ) (1024 -672 -128 ) (1024 0 -128 ) (1384 0 -128 ) 
4 23 239 (1024 0 -128 ) (1024 0 -488 ) (1024 -672 -488 ) (1024 -672 -128 ) 
4 23 24 (1024 -672 -488 ) (1384 -672 -488 ) (1384 -672 -128 ) (1024 -672 -128 ) 
4 24 240 (1024 -1024 -488 ) (1024 -1024 -24 ) (1024 -672 -24 ) (1024 -672 -488 ) 
4 24 234 (1024 -1024 -24 ) (1024 -1024 28 ) (1024 -672 28 ) (1024 -672 -24 ) 
4 24 26 (1024 -1024 28 ) (1024 -1024 -488 ) (1384 -1024 -488 ) (1384 -1024 28 ) 
4 25 26 (2048 -1024 1032 ) (2048 -1024 -488 ) (2048 -1408 -488 ) (2048 -1408 1032 ) 
4 26 319 (1024 -1408 1032 ) (1024 -1024 1032 ) (1024 -1024 -488 ) (1024 -1408 -488 ) 
4 27 77 (0 1024 -24 ) (0 1024 -488 ) (2 1024 -488 ) (2 1024 -24 ) 
4 27 74 (2 1024 28 ) (0 1024 28 ) (0 1024 -24 ) (2 1024 -24 ) 
4 27 73 (1024 1024 -488 ) (1024 1024 -128 ) (2 1024 -128 ) (2 1024 -488 ) 
4 27 69 (6.957787 1024 28 ) (2 1024 28 ) (2 1024 -128 ) (6.957787 1024 -128 ) 
4 27 62 (1024 1024 -128 ) (1024 1024 28 ) (6.957787 1024 28 ) (6.957787 1024 -128 ) 
4 27 53 (2 1024 1032 ) (0 1024 1032 ) (0 1024 28 ) (2 1024 28 ) 
4 27 33 (1024 1024 28 ) (1024 1024 40 ) (2 1024 40 ) (2 1024 28 ) 
4 27 30 (6.957787 1024 1032 ) (2 1024 1032 ) (2 1024 40 ) (6.957787 1024 40 ) 
4 27 29 (1024 1024 40 ) (1024 1024 1032 ) (6.957787 1024 1032 ) (6.957787 1024 40 ) 
4 27 28 (0 1864 -488 ) (0 1024 -488 ) (0 1024 1032 ) (0 1864 1032 ) 
4 28 164 (-1024 1024 -488 ) (-1024 1024 1032 ) (-1024 1864 1032 ) (-1024 1864 -488 ) 
4 28 163 (-1024 1024 0 ) (-1024 1024 -488 ) (-838 1024 -488 ) (-838 1024 0 ) 
4 28 161 (-1024 1024 28 ) (-1024 1024 0 ) (-838 1024 0 ) (-838 1024 28 ) 
4 28 160 (-838 1024 -488 ) (-820 1024 -488 ) (-820 1024 -24 ) (-838 1024 -24 ) 
4 28 159 (-820 1024 -24 ) (-820 1024 28 ) (-838 1024 28 ) (-838 1024 -24 ) 
4 28 157 (-820 1024 -488 ) (-564 1024 -488 ) (-564 1024 0 ) (-820 1024 0 ) 
4 28 155 (-564 1024 0 ) (-564 1024 28 ) (-820 1024 28 ) (-820 1024 0 ) 
4 28 154 (-564 1024 -488 ) (-546 1024 -488 ) (-546 1024 -24 ) (-564 1024 -24 ) 
4 28 153 (-546 1024 -24 ) (-546 1024 28 ) (-564 1024 28 ) (-564 1024 -24 ) 
4 28 151 (-546 1024 -488 ) (-290 1024 -488 ) (-290 1024 0 ) (-546 1024 0 ) 
4 28 149 (-290 1024 0 ) (-290 1024 28 ) (-546 1024 28 ) (-546 1024 0 ) 
4 28 148 (-290 1024 -488 ) (-272 1024 -488 ) (-272 1024 -24 ) (-290 1024 -24 ) 
4 28 147 (-272 1024 -24 ) (-272 1024 28 ) (-290 1024 28 ) (-290 1024 -24 ) 
4 28 145 (-272 1024 -488 ) (-16 1024 -488 ) (-16 1024 0 ) (-272 1024 0 ) 
4 28 142 (-16 1024 0 ) (-16 1024 28 ) (-272 1024 28 ) (-272 1024 0 ) 
4 28 141 (-16 1024 -488 ) (0 1024 -488 ) (0 1024 -128 ) (-16 1024 -128 ) 
4 28 139 (0 1024 -128 ) (0 1024 -24 ) (-16 1024 -24 ) (-16 1024 -128 ) 
4 28 136 (0 1024 -24 ) (0 1024 28 ) (-16 1024 28 ) (-16 1024 -24 ) 
4 28 132 (-1024 1024 192 ) (-1024 1024 28 ) (-838 1024 28 ) (-838 1024 192 ) 
4 28 131 (-1024 1024 1032 ) (-1024 1024 192 ) (-838 1024 192 ) (-838 1024 1032 ) 
4 28 122 (-838 1024 28 ) (-820 1024 28 ) (-820 1024 1032 ) (-838 1024 1032 ) 
4 28 117 (-820 1024 28 ) (-564 1024 28 ) (-564 1024 1032 ) (-820 1024 1032 ) 
4 28 108 (-564 1024 28 ) (-546 1024 28 ) (-546 1024 1032 ) (-564 1024 1032 ) 
4 28 103 (-546 1024 28 ) (-290 1024 28 ) (-290 1024 1032 ) (-546 1024 1032 ) 
4 28 94 (-290 1024 28 ) (-272 1024 28 ) (-272 1024 1032 ) (-290 1024 1032 ) 
4 28 89 (-272 1024 28 ) (-16 1024 28 ) (-16 1024 1032 ) (-272 1024 1032 ) 
4 28 80 (-16 1024 28 ) (0 1024 28 ) (0 1024 1032 ) (-16 1024 1032 ) 
4 29 210 (875.940552 0 290 ) (864.626587 0 290 ) (864.626587 0 48 ) (875.940552 0 48 ) 
4 29 209 (1024 0 48 ) (1024 0 290 ) (875.940552 0 290 ) (875.940552 0 48 ) 
4 29 208 (864.626587 0 290 ) (6.957787 0 290 ) (6.957787 0 48 ) (864.626587 0 48 ) 
4 29 213 (1024 0 40 ) (1024 0 48 ) (6.957787 0 48 ) (6.957787 0 40 ) 
4 29 207 (1024 0 290 ) (1024 0 1032 ) (6.957787 0 1032 ) (6.957787 0 290 ) 
4 29 49 (8 0 40 ) (6.957787 0 40 ) (6.957787 43 40 ) (8 43 40 ) 
4 29 48 (6.957787 43 40 ) (6.957787 64 40 ) (8 64 40 ) (8 43 40 ) 
4 29 47 (6.957787 64 40 ) (6.957787 288 40 ) (8 288 40 ) (8 64 40 ) 
4 29 45 (1024 288 40 ) (1024 0 40 ) (8 0 40 ) (8 288 40 ) 
4 29 42 (776 288 40 ) (8 288 40 ) (8 768 40 ) (776 768 40 ) 
4 29 44 (8 288 40 ) (6.957787 288 40 ) (6.957787 768 40 ) (8 768 40 ) 
4 29 40 (872 288 40 ) (808 288 40 ) (808 404 40 ) (872 404 40 ) 
4 29 39 (808 404 40 ) (808 416 40 ) (872 416 40 ) (872 404 40 ) 
4 29 38 (904 288 40 ) (872 288 40 ) (872 416 40 ) (904 416 40 ) 
4 29 41 (808 288 40 ) (776 288 40 ) (776 416 40 ) (808 416 40 ) 
4 29 36 (776 416 40 ) (776 768 40 ) (904 768 40 ) (904 416 40 ) 
4 29 34 (1024 768 40 ) (1024 288 40 ) (904 288 40 ) (904 768 40 ) 
4 29 33 (6.957787 1024 40 ) (1024 1024 40 ) (1024 768 40 ) (6.957787 768 40 ) 
8 29 32 (6.957787 38.153847 40 ) (6.957787 0 40 ) (6.957787 0 176.352921 ) (6.957787 2 176 ) (6.957787 30 158 ) (6.957787 44 130 ) (6.957787 50 96 ) (6.957787 50 62 ) 
4 29 31 (6.957787 0 192 ) (6.957787 0 1032 ) (6.957787 64 1032 ) (6.957787 64 192 ) 
4 29 30 (6.957787 1024 1032 ) (6.957787 1024 40 ) (6.957787 64 40 ) (6.957787 64 1032 ) 
4 30 53 (2 1024 1032 ) (2 1024 40 ) (2 64 40 ) (2 64 1032 ) 
4 30 47 (2 64 40 ) (2 288 40 ) (6.957787 288 40 ) (6.957787 64 40 ) 
4 30 44 (2 288 40 ) (2 768 40 ) (6.957787 768 40 ) (6.957787 288 40 ) 
4 30 33 (2 768 40 ) (2 1024 40 ) (6.957787 1024 40 ) (6.957787 768 40 ) 
4 30 31 (2 64 1032 ) (2 64 192 ) (6.957787 64 192 ) (6.957787 64 1032 ) 
4 31 220 (2 0 1032 ) (2 0 192 ) (6.957787 0 192 ) (6.957787 0 1032 ) 
5 31 59 (2 0 246 ) (2 0 1032 ) (2 50 1032 ) (2 50 192 ) (2 14.400005 192 ) 
3 31 56 (2 0 192 ) (2 0 246 ) (2 14.400005 192 ) 
4 31 53 (2 50 1032 ) (2 64 1032 ) (2 64 192 ) (2 50 192 ) 
4 32 221 (2 0 176.352921 ) (2 0 40 ) (6.957787 0 40 ) (6.957787 0 176.352921 ) 
7 32 54 (2 34.923077 40 ) (2 0 40 ) (2 0 167 ) (2 20 152 ) (2 32 126 ) (2 40 96 ) (2 40 62 ) 
4 32 51 (2 0 40 ) (2 38.153847 40 ) (6.957787 38.153847 40 ) (6.957787 0 40 ) 
4 33 69 (2 1024 28 ) (6.957787 1024 28 ) (6.957787 768 28 ) (2 768 28 ) 
4 33 62 (6.957787 1024 28 ) (1024 1024 28 ) (1024 768 28 ) (6.957787 768 28 ) 
4 33 53 (2 1024 40 ) (2 1024 28 ) (2 768 28 ) (2 768 40 ) 
4 33 43 (8 768 32 ) (8 768 28 ) (776 768 28 ) (776 768 32 ) 
4 33 42 (776 768 40 ) (8 768 40 ) (8 768 32 ) (776 768 32 ) 
4 33 44 (8 768 40 ) (2 768 40 ) (2 768 28 ) (8 768 28 ) 
4 33 37 (776 768 32 ) (776 768 28 ) (904 768 28 ) (904 768 32 ) 
4 33 36 (904 768 40 ) (776 768 40 ) (776 768 32 ) (904 768 32 ) 
4 33 35 (904 768 32 ) (904 768 28 ) (1024 768 28 ) (1024 768 32 ) 
4 33 34 (1024 768 40 ) (904 768 40 ) (904 768 32 ) (1024 768 32 ) 
4 34 45 (1024 288 40 ) (904 288 40 ) (904 288 32 ) (1024 288 32 ) 
4 34 38 (904 416 32 ) (904 288 32 ) (904 288 40 ) (904 416 40 ) 
4 34 36 (904 768 40 ) (904 768 32 ) (904 416 32 ) (904 416 40 ) 
4 34 35 (1024 288 32 ) (904 288 32 ) (904 768 32 ) (1024 768 32 ) 
4 35 64 (1024 416 28 ) (1024 404 28 ) (904 404 28 ) (904 416 28 ) 
4 35 63 (1024 740 28 ) (1024 416 28 ) (904 416 28 ) (904 740 28 ) 
4 35 62 (1024 768 28 ) (1024 740 28 ) (904 740 28 ) (904 768 28 ) 
4 35 68 (1024 404 28 ) (1024 288 28 ) (904 288 28 ) (904 404 28 ) 
4 35 46 (904 288 32 ) (904 288 28 ) (1024 288 28 ) (1024 288 32 ) 
4 35 38 (904 416 28 ) (904 288 28 ) (904 288 32 ) (904 416 32 ) 
4 35 37 (904 768 32 ) (904 768 28 ) (904 416 28 ) (904 416 32 ) 
4 36 42 (776 768 40 ) (776 768 32 ) (776 416 32 ) (776 416 40 ) 
4 36 39 (808 416 32 ) (872 416 32 ) (872 416 40 ) (808 416 40 ) 
4 36 38 (872 416 32 ) (904 416 32 ) (904 416 40 ) (872 416 40 ) 
4 36 41 (776 416 40 ) (776 416 32 ) (808 416 32 ) (808 416 40 ) 
4 36 37 (904 416 32 ) (776 416 32 ) (776 768 32 ) (904 768 32 ) 
4 37 63 (776 416 28 ) (776 740 28 ) (904 740 28 ) (904 416 28 ) 
4 37 62 (776 740 28 ) (776 768 28 ) (904 768 28 ) (904 740 28 ) 
4 37 43 (776 768 32 ) (776 768 28 ) (776 416 28 ) (776 416 32 ) 
4 37 39 (808 416 28 ) (872 416 28 ) (872 416 32 ) (808 416 32 ) 
4 37 38 (872 416 28 ) (904 416 28 ) (904 416 32 ) (872 416 32 ) 
4 37 41 (776 416 32 ) (776 416 28 ) (808 416 28 ) (808 416 32 ) 
4 38 64 (872 404 28 ) (872 416 28 ) (904 416 28 ) (904 404 28 ) 
4 38 68 (904 288 28 ) (872 288 28 ) (872 404 28 ) (904 404 28 ) 
4 38 46 (872 288 32 ) (872 288 28 ) (904 288 28 ) (904 288 32 ) 
4 38 45 (904 288 40 ) (872 288 40 ) (872 288 32 ) (904 288 32 ) 
4 38 40 (872 404 28 ) (872 288 28 ) (872 288 40 ) (872 404 40 ) 
4 38 39 (872 416 40 ) (872 416 28 ) (872 404 28 ) (872 404 40 ) 
4 39 65 (808 404 28 ) (808 416 28 ) (872 416 28 ) (872 404 28 ) 
4 39 41 (808 416 40 ) (808 416 28 ) (808 404 28 ) (808 404 40 ) 
4 39 40 (808 404 40 ) (808 404 28 ) (872 404 28 ) (872 404 40 ) 
4 40 68 (872 288 28 ) (808 288 28 ) (808 404 28 ) (872 404 28 ) 
4 40 46 (808 288 32 ) (808 288 28 ) (872 288 28 ) (872 288 32 ) 
4 40 45 (872 288 40 ) (808 288 40 ) (808 288 32 ) (872 288 32 ) 
4 40 41 (808 404 28 ) (808 288 28 ) (808 288 40 ) (808 404 40 ) 
4 41 67 (776 404 28 ) (776 416 28 ) (808 416 28 ) (808 404 28 ) 
4 41 68 (808 288 28 ) (776 288 28 ) (776 404 28 ) (808 404 28 ) 
4 41 46 (776 288 32 ) (776 288 28 ) (808 288 28 ) (808 288 32 ) 
4 41 45 (808 288 40 ) (776 288 40 ) (776 288 32 ) (808 288 32 ) 
4 41 43 (776 416 28 ) (776 288 28 ) (776 288 32 ) (776 416 32 ) 
4 41 42 (776 288 32 ) (776 288 40 ) (776 416 40 ) (776 416 32 ) 
4 42 45 (776 288 40 ) (8 288 40 ) (8 288 32 ) (776 288 32 ) 
4 42 44 (8 768 40 ) (8 768 32 ) (8 288 32 ) (8 288 40 ) 
4 42 43 (8 288 32 ) (8 768 32 ) (776 768 32 ) (776 288 32 ) 
4 43 67 (8 404 28 ) (8 416 28 ) (776 416 28 ) (776 404 28 ) 
4 43 63 (8 416 28 ) (8 740 28 ) (776 740 28 ) (776 416 28 ) 
4 43 62 (8 740 28 ) (8 768 28 ) (776 768 28 ) (776 740 28 ) 
4 43 68 (776 288 28 ) (8 288 28 ) (8 404 28 ) (776 404 28 ) 
4 43 46 (8 288 32 ) (8 288 28 ) (776 288 28 ) (776 288 32 ) 
4 43 44 (8 768 32 ) (8 768 28 ) (8 288 28 ) (8 288 32 ) 
4 44 70 (6.957787 288 28 ) (2 288 28 ) (2 740 28 ) (6.957787 740 28 ) 
4 44 69 (2 740 28 ) (2 768 28 ) (6.957787 768 28 ) (6.957787 740 28 ) 
4 44 67 (6.957787 404 28 ) (6.957787 416 28 ) (8 416 28 ) (8 404 28 ) 
4 44 63 (6.957787 416 28 ) (6.957787 740 28 ) (8 740 28 ) (8 416 28 ) 
4 44 62 (6.957787 740 28 ) (6.957787 768 28 ) (8 768 28 ) (8 740 28 ) 
4 44 68 (8 288 28 ) (6.957787 288 28 ) (6.957787 404 28 ) (8 404 28 ) 
4 44 53 (2 768 28 ) (2 288 28 ) (2 288 40 ) (2 768 40 ) 
4 44 47 (8 288 40 ) (2 288 40 ) (2 288 28 ) (8 288 28 ) 
4 45 214 (1024 0 32 ) (1024 0 40 ) (8 0 40 ) (8 0 32 ) 
4 45 49 (8 43 32 ) (8 0 32 ) (8 0 40 ) (8 43 40 ) 
4 45 48 (8 64 32 ) (8 43 32 ) (8 43 40 ) (8 64 40 ) 
4 45 47 (8 288 40 ) (8 288 32 ) (8 64 32 ) (8 64 40 ) 
4 45 46 (1024 0 32 ) (8 0 32 ) (8 288 32 ) (1024 288 32 ) 
4 46 215 (1024 0 28 ) (1024 0 32 ) (8 0 32 ) (8 0 28 ) 
4 46 68 (1024 288 28 ) (1024 0 28 ) (8 0 28 ) (8 288 28 ) 
4 46 50 (8 43 28 ) (8 0 28 ) (8 0 32 ) (8 43 32 ) 
4 46 48 (8 64 28 ) (8 43 28 ) (8 43 32 ) (8 64 32 ) 
4 46 47 (8 288 32 ) (8 288 28 ) (8 64 28 ) (8 64 32 ) 
4 47 70 (2 64 28 ) (2 288 28 ) (6.957787 288 28 ) (6.957787 64 28 ) 
4 47 68 (6.957787 288 28 ) (8 288 28 ) (8 64 28 ) (6.957787 64 28 ) 
4 47 53 (2 288 28 ) (2 64 28 ) (2 64 40 ) (2 288 40 ) 
4 47 48 (8 64 28 ) (8 64 40 ) (6.957787 64 40 ) (6.957787 64 28 ) 
4 48 68 (6.957787 64 28 ) (8 64 28 ) (8 43 28 ) (6.957787 43 28 ) 
4 48 50 (8 43 28 ) (8 43 32 ) (6.957787 43 32 ) (6.957787 43 28 ) 
4 48 49 (8 43 32 ) (8 43 40 ) (6.957787 43 40 ) (6.957787 43 32 ) 
4 49 217 (8 0 40 ) (6.957787 0 40 ) (6.957787 0 32 ) (8 0 32 ) 
5 49 51 (6.957787 32.666668 32 ) (6.957787 0 32 ) (6.957787 0 40 ) (6.957787 38.153847 40 ) (6.957787 36 36 ) 
4 49 50 (6.957787 0 32 ) (6.957787 43 32 ) (8 43 32 ) (8 0 32 ) 
4 50 218 (6.957787 0 32 ) (6.957787 0 28 ) (8 0 28 ) (8 0 32 ) 
4 50 68 (8 0 28 ) (6.957787 0 28 ) (6.957787 43 28 ) (8 43 28 ) 
4 50 52 (6.957787 29.333332 28 ) (6.957787 0 28 ) (6.957787 0 32 ) (6.957787 32.666664 32 ) 
4 51 222 (6.957787 0 40 ) (2 0 40 ) (2 0 32 ) (6.957787 0 32 ) 
5 51 60 (2 0 32 ) (2 0 40 ) (2 34.923077 40 ) (2 34 36 ) (2 30.727272 32 ) 
4 51 52 (2 0 32 ) (2 32.666668 32 ) (6.957787 32.666668 32 ) (6.957787 0 32 ) 
4 52 223 (2 0 32 ) (2 0 28 ) (6.957787 0 28 ) (6.957787 0 32 ) 
4 52 71 (6.957787 0 28 ) (2 0 28 ) (2 29.333332 28 ) (6.957787 29.333332 28 ) 
4 52 61 (2 27.454544 28 ) (2 0 28 ) (2 0 32 ) (2 30.727272 32 ) 
5 53 80 (0 1024 1032 ) (0 1024 28 ) (0 55.534851 28 ) (0 50 62 ) (0 50 1032 ) 
4 53 75 (2 740 28 ) (2 55.534851 28 ) (0 55.534885 28 ) (0 740 28 ) 
4 53 74 (0 1024 28 ) (2 1024 28 ) (2 740 28 ) (0 740 28 ) 
4 53 58 (2 50 96 ) (2 50 145.142868 ) (0 50 145.142883 ) (0 50 96 ) 
4 53 59 (2 50 145.142868 ) (2 50 1032 ) (0 50 1032 ) (0 50 145.142883 ) 
4 54 226 (0 0 167 ) (0 0 40 ) (2 0 40 ) (2 0 167 ) 
7 54 81 (0 0 40 ) (0 0 167 ) (0 20 152 ) (0 32 126 ) (0 40 96 ) (0 40 62 ) (0 34.923080 40 ) 
4 54 60 (2 34.923080 40 ) (2 0 40 ) (0 0 40 ) (0 34.923077 40 ) 
4 55 227 (0 0 177.285736 ) (0 0 176.352936 ) (2 0 176.352936 ) (2 0 177.285721 ) 
3 55 82 (0 0 176.352936 ) (0 0 177.285721 ) (0 2 176 ) 
4 55 56 (0 2.004694 176 ) (0 0 177.287872 ) (2 0 177.287872 ) (2 2.004694 176 ) 
4 56 227 (0 0 187.647064 ) (0 0 177.285736 ) (2 0 177.285721 ) (2 0 187.647064 ) 
4 56 228 (0 0 246 ) (0 0 187.647064 ) (2 0 187.647064 ) (2 0 246 ) 
3 56 83 (0 0 177.285721 ) (0 0 246 ) (0 22.114931 163.068985 ) 
4 56 59 (0 22.114433 163.069305 ) (0 0 245.998352 ) (2 0 245.998413 ) (2 22.114447 163.069290 ) 
3 57 84 (0 30 158 ) (0 40.218014 151.431259 ) (0 44 130 ) 
4 57 58 (0 44 129.998138 ) (0 40.219238 151.427734 ) (2 40.219238 151.427734 ) (2 44 129.998138 ) 
4 57 59 (0 40.217598 151.433609 ) (0 29.998470 158.003067 ) (2 29.998470 158.003067 ) (2 40.217598 151.433609 ) 
3 58 85 (0 50 145.142822 ) (0 50 96 ) (0 40.218014 151.431259 ) 
4 58 59 (2 50 145.144897 ) (0 50 145.144897 ) (0 40.217598 151.433609 ) (2 40.217598 151.433609 ) 
4 59 228 (0 0 1032 ) (0 0 246 ) (2 0 246 ) (2 0 1032 ) 
5 59 86 (0 0 246 ) (0 0 1032 ) (0 50 1032 ) (0 50 145.142822 ) (0 22.114935 163.068970 ) 
4 60 230 (0 0 40 ) (0 0 32 ) (2 0 32 ) (2 0 40 ) 
5 60 87 (0 0 32 ) (0 0 40 ) (0 34.923077 40 ) (0 34 36 ) (0 30.727276 32 ) 
4 60 61 (2 30.727276 32 ) (2 0 32 ) (0 0 32 ) (0 30.727274 32 ) 
4 61 231 (0 0 32 ) (0 0 28 ) (2 0 28 ) (2 0 32 ) 
4 61 88 (0 27.454548 28 ) (0 0 28 ) (0 0 32 ) (0 30.727274 32 ) 
4 61 76 (2 27.454548 28 ) (2 0 28 ) (0 0 28 ) (0 27.454546 28 ) 
4 62 73 (6.957787 1024 -128 ) (1024 1024 -128 ) (1024 740 -128 ) (6.957787 740 -128 ) 
4 62 69 (6.957787 1024 -128 ) (6.957787 740 -128 ) (6.957787 740 28 ) (6.957787 1024 28 ) 
4 62 63 (6.957787 740 28 ) (6.957787 740 -128 ) (1024 740 -128 ) (1024 740 28 ) 
4 63 73 (1024 740 -128 ) (1024 416 -128 ) (6.957787 416 -128 ) (6.957787 740 -128 ) 
4 63 70 (6.957787 740 -128 ) (6.957787 416 -128 ) (6.957787 416 28 ) (6.957787 740 28 ) 
4 63 66 (808 416 -128 ) (872 416 -128 ) (872 416 24 ) (808 416 24 ) 
4 63 65 (872 416 24 ) (872 416 28 ) (808 416 28 ) (808 416 24 ) 
4 63 64 (872 416 -128 ) (1024 416 -128 ) (1024 416 28 ) (872 416 28 ) 
4 63 67 (6.957787 416 28 ) (6.957787 416 -128 ) (808 416 -128 ) (808 416 28 ) 
4 64 73 (1024 416 -128 ) (1024 404 -128 ) (872 404 -128 ) (872 416 -128 ) 
4 64 66 (872 416 24 ) (872 416 -128 ) (872 404 -128 ) (872 404 24 ) 
4 64 65 (872 416 28 ) (872 416 24 ) (872 404 24 ) (872 404 28 ) 
4 64 68 (872 404 -128 ) (1024 404 -128 ) (1024 404 28 ) (872 404 28 ) 
4 65 68 (872 404 24 ) (872 404 28 ) (808 404 28 ) (808 404 24 ) 
4 65 67 (808 416 28 ) (808 416 24 ) (808 404 24 ) (808 404 28 ) 
4 65 66 (808 404 24 ) (808 416 24 ) (872 416 24 ) (872 404 24 ) 
4 66 73 (872 404 -128 ) (808 404 -128 ) (808 416 -128 ) (872 416 -128 ) 
4 66 68 (808 404 -128 ) (872 404 -128 ) (872 404 24 ) (808 404 24 ) 
4 66 67 (808 416 24 ) (808 416 -128 ) (808 404 -128 ) (808 404 24 ) 
4 67 73 (808 404 -128 ) (6.957787 404 -128 ) (6.957787 416 -128 ) (808 416 -128 ) 
4 67 70 (6.957787 416 -128 ) (6.957787 404 -128 ) (6.957787 404 28 ) (6.957787 416 28 ) 
4 67 68 (6.957787 404 28 ) (6.957787 404 -128 ) (808 404 -128 ) (808 404 28 ) 
4 68 238 (1024 0 -128 ) (1024 0 -24 ) (6.957787 0 -24 ) (6.957787 0 -128 ) 
4 68 233 (1024 0 -24 ) (1024 0 28 ) (6.957787 0 28 ) (6.957787 0 -24 ) 
4 68 73 (1024 404 -128 ) (1024 0 -128 ) (6.957787 0 -128 ) (6.957787 404 -128 ) 
4 68 71 (6.957787 0 10.666668 ) (6.957787 0 28 ) (6.957787 29.333334 28 ) (6.957787 16 12 ) 
4 68 72 (6.957787 64 -128 ) (6.957787 0 -128 ) (6.957787 0 -24 ) (6.957787 64 -24 ) 
4 68 70 (6.957787 404 -128 ) (6.957787 64 -128 ) (6.957787 64 28 ) (6.957787 404 28 ) 
4 69 77 (2 1024 -24 ) (2 1024 -128 ) (2 740 -128 ) (2 740 -24 ) 
4 69 74 (2 740 28 ) (2 1024 28 ) (2 1024 -24 ) (2 740 -24 ) 
4 69 73 (2 740 -128 ) (2 1024 -128 ) (6.957787 1024 -128 ) (6.957787 740 -128 ) 
4 69 70 (2 740 28 ) (2 740 -128 ) (6.957787 740 -128 ) (6.957787 740 28 ) 
4 70 78 (2 740 -24 ) (2 740 -128 ) (2 64 -128 ) (2 64 -24 ) 
4 70 75 (2 64 28 ) (2 740 28 ) (2 740 -24 ) (2 64 -24 ) 
4 70 73 (2 64 -128 ) (2 740 -128 ) (6.957787 740 -128 ) (6.957787 64 -128 ) 
4 70 72 (2 64 -24 ) (2 64 -128 ) (6.957787 64 -128 ) (6.957787 64 -24 ) 
4 71 235 (6.957787 0 28 ) (2 0 28 ) (2 0 10.666668 ) (6.957787 0 10.666668 ) 
4 71 76 (2 0 12.666666 ) (2 0 28 ) (2 27.454544 28 ) (2 16 14 ) 
4 72 238 (2 0 -24 ) (2 0 -128 ) (6.957787 0 -128 ) (6.957787 0 -24 ) 
4 72 78 (2 0 -128 ) (2 0 -24 ) (2 64 -24 ) (2 64 -128 ) 
4 72 73 (2 0 -128 ) (2 64 -128 ) (6.957787 64 -128 ) (6.957787 0 -128 ) 
4 73 239 (1024 0 -488 ) (1024 0 -128 ) (2 0 -128 ) (2 0 -488 ) 
4 73 79 (2 0 -488 ) (2 0 -128 ) (2 740 -128 ) (2 740 -488 ) 
4 73 77 (2 740 -128 ) (2 1024 -128 ) (2 1024 -488 ) (2 740 -488 ) 
4 74 136 (0 1024 28 ) (0 1024 -24 ) (0 740 -24 ) (0 740 28 ) 
4 74 77 (0 1024 -24 ) (2 1024 -24 ) (2 740 -24 ) (0 740 -24 ) 
4 74 75 (0 740 -24 ) (2 740 -24 ) (2 740 28 ) (0 740 28 ) 
4 75 138 (0 740 -24 ) (0 64 -24 ) (0 55.534885 28 ) (0 740 28 ) 
4 75 78 (2 740 -24 ) (2 64 -24 ) (0 64 -24 ) (0 740 -24 ) 
4 76 241 (2 0 12.666664 ) (2 0 28 ) (0 0 28 ) (0 0 12.666666 ) 
4 76 137 (0 0 12.666664 ) (0 0 28 ) (0 27.454544 28 ) (0 16 14 ) 
4 77 141 (0 1024 -128 ) (0 1024 -488 ) (0 740 -488 ) (0 740 -128 ) 
4 77 139 (0 1024 -24 ) (0 1024 -128 ) (0 740 -128 ) (0 740 -24 ) 
4 77 79 (0 740 -488 ) (2 740 -488 ) (2 740 -128 ) (0 740 -128 ) 
4 77 78 (2 740 -128 ) (2 740 -24 ) (0 740 -24 ) (0 740 -128 ) 
4 78 244 (2 0 -128 ) (2 0 -24 ) (0 0 -24 ) (0 0 -128 ) 
4 78 140 (0 0 -128 ) (0 0 -24 ) (0 740 -24 ) (0 740 -128 ) 
4 78 79 (0 0 -128 ) (0 740 -128 ) (2 740 -128 ) (2 0 -128 ) 
4 79 245 (2 0 -488 ) (2 0 -128 ) (0 0 -128 ) (0 0 -488 ) 
4 79 141 (0 740 -488 ) (0 0 -488 ) (0 0 -128 ) (0 740 -128 ) 
4 80 138 (0 740 28 ) (0 55.534851 28 ) (-16 55.534885 28 ) (-16 740 28 ) 
4 80 136 (-16 1024 28 ) (0 1024 28 ) (0 740 28 ) (-16 740 28 ) 
4 80 90 (-16 50 192 ) (-16 50 1032 ) (-16 64 1032 ) (-16 64 192 ) 
4 80 89 (-16 1024 1032 ) (-16 1024 28 ) (-16 64 28 ) (-16 64 1032 ) 
4 80 85 (-16 50 145.142883 ) (-16 50 96 ) (0 50 96 ) (0 50 145.142868 ) 
4 80 86 (0 50 1032 ) (-16 50 1032 ) (-16 50 145.142883 ) (0 50 145.142868 ) 
4 81 248 (0 0 40 ) (0 0 167 ) (-16 0 167 ) (-16 0 40 ) 
7 81 91 (-16 0 40 ) (-16 0 167 ) (-16 20 152 ) (-16 32 126 ) (-16 40 96 ) (-16 40 62 ) (-16 34.923080 40 ) 
4 81 87 (-16 0 40 ) (-16 34.923077 40 ) (0 34.923080 40 ) (0 0 40 ) 
4 82 249 (0 0 176.352936 ) (0 0 177.285721 ) (-16 0 177.285736 ) (-16 0 176.352936 ) 
4 82 83 (-16 2.004694 176 ) (-16 0 177.287872 ) (0 0 177.287872 ) (0 2.004694 176 ) 
4 83 249 (0 0 177.285721 ) (0 0 187.647064 ) (-16 0 187.647064 ) (-16 0 177.285736 ) 
4 83 250 (0 0 187.647064 ) (0 0 246 ) (-16 0 246 ) (-16 0 187.647064 ) 
3 83 90 (-16 0 192 ) (-16 0 246 ) (-16 14.399998 192 ) 
4 83 86 (-16 22.114433 163.069305 ) (-16 0 245.998352 ) (0 0 245.998352 ) (0 22.114437 163.069305 ) 
4 84 85 (-16 44 129.998138 ) (-16 40.219238 151.427734 ) (0 40.219238 151.427734 ) (0 44 129.998138 ) 
4 84 86 (-16 40.217598 151.433609 ) (-16 29.998470 158.003067 ) (0 29.998470 158.003067 ) (0 40.217598 151.433609 ) 
4 85 86 (0 50 145.144897 ) (-16 50 145.144897 ) (-16 40.217598 151.433609 ) (0 40.217598 151.433609 ) 
4 86 250 (0 0 246 ) (0 0 1032 ) (-16 0 1032 ) (-16 0 246 ) 
5 86 90 (-16 0 246 ) (-16 0 1032 ) (-16 50 1032 ) (-16 50 192 ) (-16 14.399998 192 ) 
4 87 252 (0 0 32 ) (0 0 40 ) (-16 0 40 ) (-16 0 32 ) 
5 87 92 (-16 0 32 ) (-16 0 40 ) (-16 34.923077 40 ) (-16 34 36 ) (-16 30.727276 32 ) 
4 87 88 (-16 0 32 ) (-16 30.727274 32 ) (0 30.727276 32 ) (0 0 32 ) 
4 88 253 (0 0 28 ) (0 0 32 ) (-16 0 32 ) (-16 0 28 ) 
4 88 137 (0 27.454548 28 ) (0 0 28 ) (-16 0 28 ) (-16 27.454546 28 ) 
4 88 93 (-16 27.454548 28 ) (-16 0 28 ) (-16 0 32 ) (-16 30.727274 32 ) 
4 89 142 (-272 1024 28 ) (-16 1024 28 ) (-16 64 28 ) (-272 64 28 ) 
4 89 94 (-272 1024 28 ) (-272 64 28 ) (-272 64 1032 ) (-272 1024 1032 ) 
4 89 90 (-272 64 1032 ) (-272 64 192 ) (-16 64 192 ) (-16 64 1032 ) 
4 90 254 (-272 0 1032 ) (-272 0 192 ) (-16 0 192 ) (-16 0 1032 ) 
5 90 100 (-272 0 246 ) (-272 0 1032 ) (-272 50 1032 ) (-272 50 192 ) (-272 14.400005 192 ) 
3 90 97 (-272 0 192 ) (-272 0 246 ) (-272 14.400005 192 ) 
4 90 94 (-272 50 1032 ) (-272 64 1032 ) (-272 64 192 ) (-272 50 192 ) 
4 91 255 (-272 0 176.352921 ) (-272 0 40 ) (-16 0 40 ) (-16 0 176.352921 ) 
7 91 95 (-272 0 40 ) (-272 0 167 ) (-272 20 152 ) (-272 32 126 ) (-272 40 96 ) (-272 40 62 ) (-272 34.923077 40 ) 
4 91 92 (-272 0 40 ) (-272 38.153847 40 ) (-16 38.153847 40 ) (-16 0 40 ) 
4 92 256 (-272 0 40 ) (-272 0 32 ) (-16 0 32 ) (-16 0 40 ) 
5 92 101 (-272 0 32 ) (-272 0 40 ) (-272 34.923077 40 ) (-272 34 36 ) (-272 30.727272 32 ) 
4 92 93 (-272 0 32 ) (-272 32.666668 32 ) (-16 32.666668 32 ) (-16 0 32 ) 
4 93 257 (-272 0 32 ) (-272 0 28 ) (-16 0 28 ) (-16 0 32 ) 
4 93 144 (-17.656401 0 28 ) (-272 0 28 ) (-272 29.333332 28 ) (-17.656401 29.333332 28 ) 
4 93 143 (-16 29.333332 28 ) (-16 0 28 ) (-17.656401 0 28 ) (-17.656401 29.333332 28 ) 
4 93 102 (-272 27.454544 28 ) (-272 0 28 ) (-272 0 32 ) (-272 30.727272 32 ) 
4 94 147 (-290 1024 28 ) (-272 1024 28 ) (-272 55.534851 28 ) (-290 55.534885 28 ) 
4 94 104 (-290 50 192 ) (-290 50 1032 ) (-290 64 1032 ) (-290 64 192 ) 
4 94 103 (-290 1024 1032 ) (-290 1024 28 ) (-290 64 28 ) (-290 64 1032 ) 
4 94 99 (-272 50 96 ) (-272 50 145.142868 ) (-290 50 145.142883 ) (-290 50 96 ) 
4 94 100 (-272 50 145.142868 ) (-272 50 1032 ) (-290 50 1032 ) (-290 50 145.142883 ) 
4 95 259 (-290 0 167 ) (-290 0 40 ) (-272 0 40 ) (-272 0 167 ) 
7 95 105 (-290 0 40 ) (-290 0 167 ) (-290 20 152 ) (-290 32 126 ) (-290 40 96 ) (-290 40 62 ) (-290 34.923080 40 ) 
4 95 101 (-290 0 40 ) (-290 34.923077 40 ) (-272 34.923080 40 ) (-272 0 40 ) 
4 96 260 (-290 0 177.285736 ) (-290 0 176.352936 ) (-272 0 176.352936 ) (-272 0 177.285721 ) 
4 96 97 (-290 2.004694 176 ) (-290 0 177.287872 ) (-272 0 177.287872 ) (-272 2.004694 176 ) 
4 97 260 (-290 0 187.647064 ) (-290 0 177.285736 ) (-272 0 177.285721 ) (-272 0 187.647064 ) 
4 97 261 (-290 0 246 ) (-290 0 187.647064 ) (-272 0 187.647064 ) (-272 0 246 ) 
3 97 104 (-290 0 192 ) (-290 0 246 ) (-290 14.399998 192 ) 
4 97 100 (-290 22.114437 163.069305 ) (-290 0 245.998367 ) (-272 0 245.998413 ) (-272 22.114450 163.069290 ) 
4 98 99 (-290 44 129.998138 ) (-290 40.219242 151.427719 ) (-272 40.219242 151.427719 ) (-272 44 129.998138 ) 
4 98 100 (-290 40.217594 151.433609 ) (-290 29.998465 158.003067 ) (-272 29.998466 158.003067 ) (-272 40.217598 151.433609 ) 
4 99 100 (-272 50 145.144897 ) (-290 50 145.144897 ) (-290 40.217594 151.433609 ) (-272 40.217598 151.433609 ) 
4 100 261 (-290 0 1032 ) (-290 0 246 ) (-272 0 246 ) (-272 0 1032 ) 
5 100 104 (-290 0 246 ) (-290 0 1032 ) (-290 50 1032 ) (-290 50 192 ) (-290 14.399998 192 ) 
4 101 263 (-290 0 40 ) (-290 0 32 ) (-272 0 32 ) (-272 0 40 ) 
5 101 106 (-290 0 32 ) (-290 0 40 ) (-290 34.923077 40 ) (-290 34 36 ) (-290 30.727276 32 ) 
4 101 102 (-290 0 32 ) (-290 30.727274 32 ) (-272 30.727276 32 ) (-272 0 32 ) 
4 102 264 (-290 0 32 ) (-290 0 28 ) (-272 0 28 ) (-272 0 32 ) 
4 102 146 (-272 27.454548 28 ) (-272 0 28 ) (-290 0 28 ) (-290 27.454546 28 ) 
4 102 107 (-290 27.454548 28 ) (-290 0 28 ) (-290 0 32 ) (-290 30.727274 32 ) 
4 103 149 (-546 1024 28 ) (-290 1024 28 ) (-290 64 28 ) (-546 64 28 ) 
4 103 108 (-546 1024 1032 ) (-546 1024 28 ) (-546 64 28 ) (-546 64 1032 ) 
4 103 104 (-546 64 1032 ) (-546 64 192 ) (-290 64 192 ) (-290 64 1032 ) 
4 104 265 (-546 0 1032 ) (-546 0 192 ) (-290 0 192 ) (-290 0 1032 ) 
5 104 114 (-546 0 246 ) (-546 0 1032 ) (-546 50 1032 ) (-546 50 192 ) (-546 14.400005 192 ) 
3 104 111 (-546 0 192 ) (-546 0 246 ) (-546 14.400005 192 ) 
4 104 108 (-546 50 1032 ) (-546 64 1032 ) (-546 64 192 ) (-546 50 192 ) 
4 105 266 (-546 0 176.352921 ) (-546 0 40 ) (-290 0 40 ) (-290 0 176.352921 ) 
7 105 109 (-546 0 40 ) (-546 0 167 ) (-546 20 152 ) (-546 32 126 ) (-546 40 96 ) (-546 40 62 ) (-546 34.923077 40 ) 
4 105 106 (-546 0 40 ) (-546 38.153847 40 ) (-290 38.153847 40 ) (-290 0 40 ) 
4 106 267 (-546 0 40 ) (-546 0 32 ) (-290 0 32 ) (-290 0 40 ) 
5 106 115 (-546 0 32 ) (-546 0 40 ) (-546 34.923077 40 ) (-546 34 36 ) (-546 30.727272 32 ) 
4 106 107 (-546 0 32 ) (-546 32.666668 32 ) (-290 32.666668 32 ) (-290 0 32 ) 
4 107 268 (-546 0 32 ) (-546 0 28 ) (-290 0 28 ) (-290 0 32 ) 
4 107 150 (-290 29.333332 28 ) (-290 0 28 ) (-546 0 28 ) (-546 29.333332 28 ) 
4 107 116 (-546 27.454544 28 ) (-546 0 28 ) (-546 0 32 ) (-546 30.727272 32 ) 
4 108 153 (-564 1024 28 ) (-546 1024 28 ) (-546 55.534851 28 ) (-564 55.534885 28 ) 
4 108 118 (-564 50 192 ) (-564 50 1032 ) (-564 64 1032 ) (-564 64 192 ) 
4 108 117 (-564 1024 1032 ) (-564 1024 28 ) (-564 64 28 ) (-564 64 1032 ) 
4 108 113 (-546 50 96 ) (-546 50 145.142868 ) (-564 50 145.142883 ) (-564 50 96 ) 
4 108 114 (-546 50 145.142868 ) (-546 50 1032 ) (-564 50 1032 ) (-564 50 145.142883 ) 
4 109 270 (-564 0 167 ) (-564 0 40 ) (-546 0 40 ) (-546 0 167 ) 
7 109 119 (-564 0 40 ) (-564 0 167 ) (-564 20 152 ) (-564 32 126 ) (-564 40 96 ) (-564 40 62 ) (-564 34.923080 40 ) 
4 109 115 (-564 0 40 ) (-564 34.923077 40 ) (-546 34.923080 40 ) (-546 0 40 ) 
4 110 271 (-564 0 177.285736 ) (-564 0 176.352936 ) (-546 0 176.352936 ) (-546 0 177.285721 ) 
4 110 111 (-564 2.004725 176 ) (-564 0 177.287888 ) (-546 0 177.287888 ) (-546 2.004725 176 ) 
4 111 271 (-564 0 187.647064 ) (-564 0 177.285736 ) (-546 0 177.285721 ) (-546 0 187.647064 ) 
4 111 272 (-564 0 246 ) (-564 0 187.647064 ) (-546 0 187.647064 ) (-546 0 246 ) 
3 111 118 (-564 0 192 ) (-564 0 246 ) (-564 14.399998 192 ) 
4 111 114 (-564 22.114449 163.069290 ) (-564 0 245.998383 ) (-546 0 245.998352 ) (-546 22.114443 163.069290 ) 
4 112 113 (-564 44 129.998138 ) (-564 40.219242 151.427719 ) (-546 40.219242 151.427719 ) (-546 44 129.998138 ) 
4 112 114 (-564 40.217598 151.433609 ) (-564 29.998470 158.003067 ) (-546 29.998468 158.003067 ) (-546 40.217598 151.433609 ) 
4 113 114 (-546 50 145.144897 ) (-564 50 145.144897 ) (-564 40.217598 151.433609 ) (-546 40.217598 151.433609 ) 
4 114 272 (-564 0 1032 ) (-564 0 246 ) (-546 0 246 ) (-546 0 1032 ) 
5 114 118 (-564 0 246 ) (-564 0 1032 ) (-564 50 1032 ) (-564 50 192 ) (-564 14.399998 192 ) 
4 115 274 (-564 0 40 ) (-564 0 32 ) (-546 0 32 ) (-546 0 40 ) 
5 115 120 (-564 0 32 ) (-564 0 40 ) (-564 34.923077 40 ) (-564 34 36 ) (-564 30.727276 32 ) 
4 115 116 (-564 0 32 ) (-564 30.727274 32 ) (-546 30.727276 32 ) (-546 0 32 ) 
4 116 275 (-564 0 32 ) (-564 0 28 ) (-546 0 28 ) (-546 0 32 ) 
4 116 152 (-546 27.454548 28 ) (-546 0 28 ) (-564 0 28 ) (-564 27.454546 28 ) 
4 116 121 (-564 27.454548 28 ) (-564 0 28 ) (-564 0 32 ) (-564 30.727274 32 ) 
4 117 155 (-820 1024 28 ) (-564 1024 28 ) (-564 64 28 ) (-820 64 28 ) 
4 117 122 (-820 1024 28 ) (-820 64 28 ) (-820 64 1032 ) (-820 1024 1032 ) 
4 117 118 (-820 64 1032 ) (-820 64 192 ) (-564 64 192 ) (-564 64 1032 ) 
4 118 276 (-820 0 1032 ) (-820 0 192 ) (-564 0 192 ) (-564 0 1032 ) 
5 118 128 (-820 0 246 ) (-820 0 1032 ) (-820 50 1032 ) (-820 50 192 ) (-820 14.400005 192 ) 
3 118 125 (-820 0 192 ) (-820 0 246 ) (-820 14.400005 192 ) 
4 118 122 (-820 50 1032 ) (-820 64 1032 ) (-820 64 192 ) (-820 50 192 ) 
4 119 277 (-820 0 176.352921 ) (-820 0 40 ) (-564 0 40 ) (-564 0 176.352921 ) 
7 119 123 (-820 0 40 ) (-820 0 167 ) (-820 20 152 ) (-820 32 126 ) (-820 40 96 ) (-820 40 62 ) (-820 34.923077 40 ) 
4 119 120 (-820 0 40 ) (-820 38.153847 40 ) (-564 38.153847 40 ) (-564 0 40 ) 
4 120 278 (-820 0 40 ) (-820 0 32 ) (-564 0 32 ) (-564 0 40 ) 
5 120 129 (-820 0 32 ) (-820 0 40 ) (-820 34.923077 40 ) (-820 34 36 ) (-820 30.727272 32 ) 
4 120 121 (-820 0 32 ) (-820 32.666668 32 ) (-564 32.666668 32 ) (-564 0 32 ) 
4 121 279 (-820 0 32 ) (-820 0 28 ) (-564 0 28 ) (-564 0 32 ) 
4 121 156 (-564 29.333332 28 ) (-564 0 28 ) (-820 0 28 ) (-820 29.333332 28 ) 
4 121 130 (-820 27.454544 28 ) (-820 0 28 ) (-820 0 32 ) (-820 30.727272 32 ) 
4 122 159 (-838 1024 28 ) (-820 1024 28 ) (-820 55.534851 28 ) (-838 55.534885 28 ) 
4 122 132 (-838 1024 192 ) (-838 1024 28 ) (-838 64 28 ) (-838 64 192 ) 
4 122 131 (-838 1024 1032 ) (-838 1024 192 ) (-838 50 192 ) (-838 50 1032 ) 
4 122 127 (-820 50 96 ) (-820 50 145.142868 ) (-838 50 145.142883 ) (-838 50 96 ) 
4 122 128 (-820 50 145.142868 ) (-820 50 1032 ) (-838 50 1032 ) (-838 50 145.142883 ) 
4 123 281 (-838 0 167 ) (-838 0 40 ) (-820 0 40 ) (-820 0 167 ) 
7 123 133 (-838 0 40 ) (-838 0 167 ) (-838 20 152 ) (-838 32 126 ) (-838 40 96 ) (-838 40 62 ) (-838 34.923080 40 ) 
4 123 129 (-838 0 40 ) (-838 34.923077 40 ) (-820 34.923080 40 ) (-820 0 40 ) 
4 124 282 (-838 0 177.285736 ) (-838 0 176.352936 ) (-820 0 176.352936 ) (-820 0 177.285721 ) 
4 124 125 (-838 2.004725 176 ) (-838 0 177.287888 ) (-820 0 177.287888 ) (-820 2.004726 176 ) 
4 125 282 (-838 0 187.647064 ) (-838 0 177.285736 ) (-820 0 177.285721 ) (-820 0 187.647064 ) 
4 125 283 (-838 0 246 ) (-838 0 187.647064 ) (-820 0 187.647064 ) (-820 0 246 ) 
3 125 131 (-838 0 192 ) (-838 0 246 ) (-838 14.399998 192 ) 
4 125 128 (-838 22.114452 163.069290 ) (-838 0 245.998398 ) (-820 0 245.998352 ) (-820 22.114443 163.069290 ) 
4 126 127 (-838 44 129.998138 ) (-838 40.219246 151.427704 ) (-820 40.219246 151.427704 ) (-820 44 129.998123 ) 
4 126 128 (-838 40.217598 151.433624 ) (-838 29.998465 158.003082 ) (-820 29.998465 158.003082 ) (-820 40.217598 151.433624 ) 
4 127 128 (-820 50 145.144913 ) (-838 50 145.144913 ) (-838 40.217598 151.433624 ) (-820 40.217598 151.433624 ) 
4 128 283 (-838 0 1032 ) (-838 0 246 ) (-820 0 246 ) (-820 0 1032 ) 
5 128 131 (-838 0 246 ) (-838 0 1032 ) (-838 50 1032 ) (-838 50 192 ) (-838 14.399998 192 ) 
4 129 285 (-838 0 40 ) (-838 0 32 ) (-820 0 32 ) (-820 0 40 ) 
5 129 134 (-838 0 32 ) (-838 0 40 ) (-838 34.923077 40 ) (-838 34 36 ) (-838 30.727276 32 ) 
4 129 130 (-838 0 32 ) (-838 30.727274 32 ) (-820 30.727276 32 ) (-820 0 32 ) 
4 130 286 (-838 0 32 ) (-838 0 28 ) (-820 0 28 ) (-820 0 32 ) 
4 130 158 (-820 27.454548 28 ) (-820 0 28 ) (-838 0 28 ) (-838 27.454546 28 ) 
4 130 135 (-838 27.454548 28 ) (-838 0 28 ) (-838 0 32 ) (-838 30.727274 32 ) 
4 131 287 (-1024 0 1032 ) (-1024 0 192 ) (-838 0 192 ) (-838 0 1032 ) 
4 131 165 (-1024 0 192 ) (-1024 0 1032 ) (-1024 1024 1032 ) (-1024 1024 192 ) 
4 131 132 (-1024 64 192 ) (-1024 1024 192 ) (-838 1024 192 ) (-838 64 192 ) 
4 132 166 (-1024 64 192 ) (-1024 1024 192 ) (-1024 1024 28 ) (-1024 64 28 ) 
4 132 161 (-1024 64 28 ) (-1024 1024 28 ) (-838 1024 28 ) (-838 64 28 ) 
4 133 288 (-1024 0 176.352921 ) (-1024 0 40 ) (-838 0 40 ) (-838 0 176.352921 ) 
8 133 167 (-1024 0 40 ) (-1024 0 176.352921 ) (-1024 2 176 ) (-1024 30 158 ) (-1024 44 130 ) (-1024 50 96 ) (-1024 50 62 ) (-1024 38.153847 40 ) 
4 133 134 (-1024 0 40 ) (-1024 38.153847 40 ) (-838 38.153847 40 ) (-838 0 40 ) 
4 134 289 (-1024 0 40 ) (-1024 0 32 ) (-838 0 32 ) (-838 0 40 ) 
5 134 168 (-1024 0 32 ) (-1024 0 40 ) (-1024 38.153847 40 ) (-1024 36 36 ) (-1024 32.666668 32 ) 
4 134 135 (-1024 0 32 ) (-1024 32.666668 32 ) (-838 32.666668 32 ) (-838 0 32 ) 
4 135 290 (-1024 0 32 ) (-1024 0 28 ) (-838 0 28 ) (-838 0 32 ) 
4 135 169 (-1024 0 28 ) (-1024 0 32 ) (-1024 32.666664 32 ) (-1024 29.333332 28 ) 
4 135 162 (-1024 0 28 ) (-1024 29.333332 28 ) (-838 29.333332 28 ) (-838 0 28 ) 
4 136 145 (-16 1024 0 ) (-16 1024 -24 ) (-16 740 -24 ) (-16 740 0 ) 
4 136 142 (-16 740 28 ) (-16 1024 28 ) (-16 1024 0 ) (-16 740 0 ) 
4 136 139 (-16 740 -24 ) (-16 1024 -24 ) (0 1024 -24 ) (0 740 -24 ) 
4 136 138 (-16 740 28 ) (-16 740 -24 ) (0 740 -24 ) (0 740 28 ) 
4 137 292 (0 0 12.666666 ) (0 0 28 ) (-16 0 28 ) (-16 0 12.666667 ) 
4 137 143 (-16 0 12.666666 ) (-16 0 28 ) (-16 27.454544 28 ) (-16 16 14 ) 
4 138 145 (-16 740 0 ) (-16 740 -24 ) (-16 64 -24 ) (-16 60.093025 0 ) 
4 138 142 (-16 64 28 ) (-16 740 28 ) (-16 740 0 ) (-16 64 0 ) 
4 138 140 (-16 64 -24 ) (-16 740 -24 ) (0 740 -24 ) (0 64 -24 ) 
4 139 145 (-16 740 -24 ) (-16 1024 -24 ) (-16 1024 -128 ) (-16 740 -128 ) 
4 139 141 (-16 740 -128 ) (-16 1024 -128 ) (0 1024 -128 ) (0 740 -128 ) 
4 139 140 (-16 740 -128 ) (0 740 -128 ) (0 740 -24 ) (-16 740 -24 ) 
4 140 293 (0 0 -128 ) (0 0 -24 ) (-16 0 -24 ) (-16 0 -128 ) 
4 140 145 (-16 0 -128 ) (-16 0 -24 ) (-16 740 -24 ) (-16 740 -128 ) 
4 140 141 (-16 0 -128 ) (-16 740 -128 ) (0 740 -128 ) (0 0 -128 ) 
4 141 296 (0 0 -488 ) (0 0 -128 ) (-16 0 -128 ) (-16 0 -488 ) 
4 141 145 (-16 0 -488 ) (-16 0 -128 ) (-16 1024 -128 ) (-16 1024 -488 ) 
4 142 147 (-272 64 28 ) (-272 1024 28 ) (-272 1024 0 ) (-272 64 0 ) 
4 142 145 (-272 64 0 ) (-272 1024 0 ) (-16 1024 0 ) (-16 64 0 ) 
4 143 297 (-16 0 10.666667 ) (-16 0 28 ) (-17.656401 0 28 ) (-17.656401 0 10.666667 ) 
4 143 144 (-17.656401 16.001312 12.001575 ) (-17.656401 0 10.668133 ) (-17.656401 0 28 ) (-17.656401 29.333334 28 ) 
4 144 298 (-17.656401 0 28 ) (-272 0 28 ) (-272 0 10.666668 ) (-17.656401 0 10.666667 ) 
4 144 146 (-272 0 12.666666 ) (-272 0 28 ) (-272 27.454544 28 ) (-272 16 14 ) 
4 145 300 (-16 0 -488 ) (-16 0 0 ) (-272 0 0 ) (-272 0 -488 ) 
4 145 148 (-272 0 -488 ) (-272 0 -24 ) (-272 1024 -24 ) (-272 1024 -488 ) 
4 145 147 (-272 60.093021 0 ) (-272 1024 0 ) (-272 1024 -24 ) (-272 64 -24 ) 
4 146 301 (-272 0 12.666666 ) (-272 0 28 ) (-290 0 28 ) (-290 0 12.666667 ) 
4 146 150 (-290 0 12.666666 ) (-290 0 28 ) (-290 27.454544 28 ) (-290 16 14 ) 
4 147 151 (-290 1024 0 ) (-290 1024 -24 ) (-290 64 -24 ) (-290 60.093025 0 ) 
4 147 149 (-290 64 28 ) (-290 1024 28 ) (-290 1024 0 ) (-290 64 0 ) 
4 147 148 (-290 64 -24 ) (-290 1024 -24 ) (-272 1024 -24 ) (-272 64 -24 ) 
4 148 302 (-272 0 -488 ) (-272 0 -24 ) (-290 0 -24 ) (-290 0 -488 ) 
4 148 151 (-290 0 -488 ) (-290 0 -24 ) (-290 1024 -24 ) (-290 1024 -488 ) 
4 149 153 (-546 64 28 ) (-546 1024 28 ) (-546 1024 0 ) (-546 64 0 ) 
4 149 151 (-546 64 0 ) (-546 1024 0 ) (-290 1024 0 ) (-290 64 0 ) 
4 150 304 (-290 0 10.666667 ) (-290 0 28 ) (-546 0 28 ) (-546 0 10.666668 ) 
4 150 152 (-546 0 12.666666 ) (-546 0 28 ) (-546 27.454544 28 ) (-546 16 14 ) 
4 151 306 (-290 0 -488 ) (-290 0 0 ) (-546 0 0 ) (-546 0 -488 ) 
4 151 154 (-546 0 -488 ) (-546 0 -24 ) (-546 1024 -24 ) (-546 1024 -488 ) 
4 151 153 (-546 60.093021 0 ) (-546 1024 0 ) (-546 1024 -24 ) (-546 64 -24 ) 
4 152 307 (-546 0 12.666666 ) (-546 0 28 ) (-564 0 28 ) (-564 0 12.666667 ) 
4 152 156 (-564 0 12.666666 ) (-564 0 28 ) (-564 27.454544 28 ) (-564 16 14 ) 
4 153 157 (-564 1024 0 ) (-564 1024 -24 ) (-564 64 -24 ) (-564 60.093025 0 ) 
4 153 155 (-564 64 28 ) (-564 1024 28 ) (-564 1024 0 ) (-564 64 0 ) 
4 153 154 (-564 64 -24 ) (-564 1024 -24 ) (-546 1024 -24 ) (-546 64 -24 ) 
4 154 308 (-546 0 -488 ) (-546 0 -24 ) (-564 0 -24 ) (-564 0 -488 ) 
4 154 157 (-564 0 -488 ) (-564 0 -24 ) (-564 1024 -24 ) (-564 1024 -488 ) 
4 155 159 (-820 64 28 ) (-820 1024 28 ) (-820 1024 0 ) (-820 64 0 ) 
4 155 157 (-820 64 0 ) (-820 1024 0 ) (-564 1024 0 ) (-564 64 0 ) 
4 156 310 (-564 0 10.666667 ) (-564 0 28 ) (-820 0 28 ) (-820 0 10.666668 ) 
4 156 158 (-820 0 12.666666 ) (-820 0 28 ) (-820 27.454544 28 ) (-820 16 14 ) 
4 157 312 (-564 0 -488 ) (-564 0 0 ) (-820 0 0 ) (-820 0 -488 ) 
4 157 160 (-820 0 -488 ) (-820 0 -24 ) (-820 1024 -24 ) (-820 1024 -488 ) 
4 157 159 (-820 60.093021 0 ) (-820 1024 0 ) (-820 1024 -24 ) (-820 64 -24 ) 
4 158 313 (-820 0 12.666666 ) (-820 0 28 ) (-838 0 28 ) (-838 0 12.666667 ) 
4 158 162 (-838 0 12.666666 ) (-838 0 28 ) (-838 27.454544 28 ) (-838 16 14 ) 
4 159 163 (-838 1024 0 ) (-838 1024 -24 ) (-838 64 -24 ) (-838 60.093025 0 ) 
4 159 161 (-838 64 28 ) (-838 1024 28 ) (-838 1024 0 ) (-838 64 0 ) 
4 159 160 (-838 64 -24 ) (-838 1024 -24 ) (-820 1024 -24 ) (-820 64 -24 ) 
4 160 314 (-820 0 -488 ) (-820 0 -24 ) (-838 0 -24 ) (-838 0 -488 ) 
4 160 163 (-838 0 -488 ) (-838 0 -24 ) (-838 1024 -24 ) (-838 1024 -488 ) 
4 161 194 (-1024 64 28 ) (-1024 1024 28 ) (-1024 1024 0 ) (-1024 64 0 ) 
4 161 163 (-1024 64 0 ) (-1024 1024 0 ) (-838 1024 0 ) (-838 64 0 ) 
4 162 316 (-838 0 10.666667 ) (-838 0 28 ) (-1024 0 28 ) (-1024 0 10.666668 ) 
4 162 195 (-1024 0 10.666667 ) (-1024 0 28 ) (-1024 29.333334 28 ) (-1024 16 12 ) 
4 163 318 (-838 0 -488 ) (-838 0 0 ) (-1024 0 0 ) (-1024 0 -488 ) 
4 163 196 (-1024 0 -488 ) (-1024 0 0 ) (-1024 1024 0 ) (-1024 1024 -488 ) 
4 164 206 (-1386 1024 28 ) (-1512 1024 28 ) (-1512 1024 -488 ) (-1386 1024 -488 ) 
4 164 205 (-1386 1024 -24 ) (-1386 1024 -488 ) (-1368 1024 -488 ) (-1368 1024 -24 ) 
4 164 204 (-1368 1024 28 ) (-1386 1024 28 ) (-1386 1024 -24 ) (-1368 1024 -24 ) 
4 164 202 (-1368 1024 0 ) (-1368 1024 -488 ) (-1112 1024 -488 ) (-1112 1024 0 ) 
4 164 200 (-1112 1024 28 ) (-1368 1024 28 ) (-1368 1024 0 ) (-1112 1024 0 ) 
4 164 199 (-1112 1024 -24 ) (-1112 1024 -488 ) (-1094 1024 -488 ) (-1094 1024 -24 ) 
4 164 198 (-1094 1024 28 ) (-1112 1024 28 ) (-1112 1024 -24 ) (-1094 1024 -24 ) 
4 164 196 (-1024 1024 -488 ) (-1024 1024 0 ) (-1094 1024 0 ) (-1094 1024 -488 ) 
4 164 194 (-1024 1024 0 ) (-1024 1024 28 ) (-1094 1024 28 ) (-1094 1024 0 ) 
4 164 193 (-1386 1024 1032 ) (-1512 1024 1032 ) (-1512 1024 28 ) (-1386 1024 28 ) 
4 164 184 (-1368 1024 1032 ) (-1386 1024 1032 ) (-1386 1024 28 ) (-1368 1024 28 ) 
4 164 179 (-1112 1024 1032 ) (-1368 1024 1032 ) (-1368 1024 28 ) (-1112 1024 28 ) 
4 164 170 (-1094 1024 1032 ) (-1112 1024 1032 ) (-1112 1024 28 ) (-1094 1024 28 ) 
4 164 166 (-1024 1024 28 ) (-1024 1024 192 ) (-1094 1024 192 ) (-1094 1024 28 ) 
4 164 165 (-1024 1024 192 ) (-1024 1024 1032 ) (-1094 1024 1032 ) (-1094 1024 192 ) 
4 165 321 (-1024 0 192 ) (-1024 0 1032 ) (-1094 0 1032 ) (-1094 0 192 ) 
4 165 176 (-1094 0 192 ) (-1094 0 1032 ) (-1094 50 1032 ) (-1094 50 192 ) 
4 165 170 (-1094 50 1032 ) (-1094 1024 1032 ) (-1094 1024 192 ) (-1094 50 192 ) 
4 165 166 (-1094 64 192 ) (-1094 1024 192 ) (-1024 1024 192 ) (-1024 64 192 ) 
4 166 194 (-1094 64 28 ) (-1094 1024 28 ) (-1024 1024 28 ) (-1024 64 28 ) 
4 166 170 (-1094 1024 28 ) (-1094 64 28 ) (-1094 64 192 ) (-1094 1024 192 ) 
4 167 322 (-1024 0 40 ) (-1024 0 176.352921 ) (-1094 0 176.352921 ) (-1094 0 40 ) 
7 167 171 (-1094 0 40 ) (-1094 0 167 ) (-1094 20 152 ) (-1094 32 126 ) (-1094 40 96 ) (-1094 40 62 ) (-1094 34.923077 40 ) 
4 167 168 (-1094 0 40 ) (-1094 38.153847 40 ) (-1024 38.153847 40 ) (-1024 0 40 ) 
4 168 323 (-1024 0 32 ) (-1024 0 40 ) (-1094 0 40 ) (-1094 0 32 ) 
5 168 177 (-1094 0 32 ) (-1094 0 40 ) (-1094 34.923077 40 ) (-1094 34 36 ) (-1094 30.727272 32 ) 
4 168 169 (-1094 0 32 ) (-1094 32.666668 32 ) (-1024 32.666668 32 ) (-1024 0 32 ) 
4 169 324 (-1024 0 28 ) (-1024 0 32 ) (-1094 0 32 ) (-1094 0 28 ) 
4 169 195 (-1024 0 28 ) (-1094 0 28 ) (-1094 29.333332 28 ) (-1024 29.333332 28 ) 
4 169 178 (-1094 27.454544 28 ) (-1094 0 28 ) (-1094 0 32 ) (-1094 30.727272 32 ) 
4 170 198 (-1112 55.534885 28 ) (-1112 1024 28 ) (-1094 1024 28 ) (-1094 55.534851 28 ) 
4 170 180 (-1112 50 192 ) (-1112 50 1032 ) (-1112 64 1032 ) (-1112 64 192 ) 
4 170 179 (-1112 1024 1032 ) (-1112 1024 28 ) (-1112 64 28 ) (-1112 64 1032 ) 
4 170 174 (-1112 50 145.142883 ) (-1112 50 129.500000 ) (-1094 50 129.500015 ) (-1094 50 145.142868 ) 
4 170 176 (-1112 50 1032 ) (-1112 50 145.142883 ) (-1094 50 145.142868 ) (-1094 50 1032 ) 
4 170 173 (-1112 50 129.500000 ) (-1112 50 96 ) (-1094 50 96 ) (-1094 50 129.500015 ) 
4 171 326 (-1112 0 167 ) (-1112 0 40 ) (-1094 0 40 ) (-1094 0 167 ) 
7 171 181 (-1112 0 40 ) (-1112 0 167 ) (-1112 20 152 ) (-1112 32 126 ) (-1112 40 96 ) (-1112 40 62 ) (-1112 34.923080 40 ) 
4 171 177 (-1112 0 40 ) (-1112 34.923077 40 ) (-1094 34.923080 40 ) (-1094 0 40 ) 
4 172 174 (-1112 43.186352 134.610657 ) (-1112 40.799667 136.400665 ) (-1094 40.799675 136.400665 ) (-1094 43.186356 134.610657 ) 
4 172 173 (-1112 44 129.998764 ) (-1112 43.186619 134.611603 ) (-1094 43.186619 134.611603 ) (-1094 44 129.998764 ) 
4 173 174 (-1094 50 129.500427 ) (-1112 50 129.500427 ) (-1112 43.186352 134.610657 ) (-1094 43.186356 134.610657 ) 
4 174 176 (-1094 50 145.143829 ) (-1112 50 145.143829 ) (-1112 30 158.001480 ) (-1094 30 158.001480 ) 
4 175 327 (-1112 0 177.285706 ) (-1112 0 176.352936 ) (-1094 0 176.352936 ) (-1094 0 177.285721 ) 
4 175 176 (-1112 2.002285 176 ) (-1112 0 177.286774 ) (-1094 0 177.286774 ) (-1094 2.002284 176 ) 
4 176 327 (-1112 0 187.647034 ) (-1112 0 177.285706 ) (-1094 0 177.285721 ) (-1094 0 187.647064 ) 
4 176 329 (-1112 0 1032 ) (-1112 0 187.647034 ) (-1094 0 187.647064 ) (-1094 0 1032 ) 
4 176 180 (-1112 0 192 ) (-1112 0 1032 ) (-1112 50 1032 ) (-1112 50 192 ) 
4 177 330 (-1112 0 40 ) (-1112 0 32 ) (-1094 0 32 ) (-1094 0 40 ) 
5 177 182 (-1112 0 32 ) (-1112 0 40 ) (-1112 34.923077 40 ) (-1112 34 36 ) (-1112 30.727272 32 ) 
4 177 178 (-1112 0 32 ) (-1112 30.727272 32 ) (-1094 30.727272 32 ) (-1094 0 32 ) 
4 178 331 (-1112 0 32 ) (-1112 0 28 ) (-1094 0 28 ) (-1094 0 32 ) 
4 178 197 (-1094 0 28 ) (-1112 0 28 ) (-1112 27.454546 28 ) (-1094 27.454548 28 ) 
4 178 183 (-1112 27.454548 28 ) (-1112 0 28 ) (-1112 0 32 ) (-1112 30.727274 32 ) 
4 179 200 (-1368 64 28 ) (-1368 1024 28 ) (-1112 1024 28 ) (-1112 64 28 ) 
4 179 184 (-1368 1024 28 ) (-1368 64 28 ) (-1368 64 1032 ) (-1368 1024 1032 ) 
4 179 180 (-1368 64 1032 ) (-1368 64 192 ) (-1112 64 192 ) (-1112 64 1032 ) 
4 180 334 (-1368 0 1032 ) (-1368 0 192 ) (-1112 0 192 ) (-1112 0 1032 ) 
5 180 190 (-1368 0 246 ) (-1368 0 1032 ) (-1368 50 1032 ) (-1368 50 192 ) (-1368 14.400005 192 ) 
3 180 187 (-1368 0 192 ) (-1368 0 246 ) (-1368 14.400005 192 ) 
4 180 184 (-1368 50 1032 ) (-1368 64 1032 ) (-1368 64 192 ) (-1368 50 192 ) 
4 181 335 (-1368 0 176.352921 ) (-1368 0 40 ) (-1112 0 40 ) (-1112 0 176.352921 ) 
7 181 185 (-1368 0 40 ) (-1368 0 167 ) (-1368 20 152 ) (-1368 32 126 ) (-1368 40 96 ) (-1368 40 62 ) (-1368 34.923077 40 ) 
4 181 182 (-1368 0 40 ) (-1368 38.153847 40 ) (-1112 38.153847 40 ) (-1112 0 40 ) 
4 182 336 (-1368 0 40 ) (-1368 0 32 ) (-1112 0 32 ) (-1112 0 40 ) 
5 182 191 (-1368 0 32 ) (-1368 0 40 ) (-1368 34.923077 40 ) (-1368 34 36 ) (-1368 30.727272 32 ) 
4 182 183 (-1368 0 32 ) (-1368 32.666668 32 ) (-1112 32.666668 32 ) (-1112 0 32 ) 
4 183 337 (-1368 0 32 ) (-1368 0 28 ) (-1112 0 28 ) (-1112 0 32 ) 
4 183 201 (-1112 0 28 ) (-1368 0 28 ) (-1368 29.333332 28 ) (-1112 29.333332 28 ) 
4 183 192 (-1368 27.454544 28 ) (-1368 0 28 ) (-1368 0 32 ) (-1368 30.727272 32 ) 
4 184 204 (-1386 55.534885 28 ) (-1386 1024 28 ) (-1368 1024 28 ) (-1368 55.534851 28 ) 
5 184 193 (-1386 1024 1032 ) (-1386 1024 28 ) (-1386 55.534851 28 ) (-1386 50 62 ) (-1386 50 1032 ) 
4 184 189 (-1368 50 96 ) (-1368 50 145.142868 ) (-1386 50 145.142883 ) (-1386 50 96 ) 
4 184 190 (-1368 50 145.142868 ) (-1368 50 1032 ) (-1386 50 1032 ) (-1386 50 145.142883 ) 
4 185 340 (-1386 0 167 ) (-1386 0 40 ) (-1368 0 40 ) (-1368 0 167 ) 
7 185 193 (-1386 0 40 ) (-1386 0 167 ) (-1386 20 152 ) (-1386 32 126 ) (-1386 40 96 ) (-1386 40 62 ) (-1386 34.923080 40 ) 
4 185 191 (-1386 0 40 ) (-1386 34.923077 40 ) (-1368 34.923080 40 ) (-1368 0 40 ) 
4 186 341 (-1386 0 177.285736 ) (-1386 0 176.352936 ) (-1368 0 176.352936 ) (-1368 0 177.285721 ) 
3 186 193 (-1386 0 176.352936 ) (-1386 0 177.285721 ) (-1386 2 176 ) 
4 186 187 (-1386 2.004694 176 ) (-1386 0 177.287872 ) (-1368 0 177.287872 ) (-1368 2.004694 176 ) 
4 187 341 (-1386 0 187.647064 ) (-1386 0 177.285736 ) (-1368 0 177.285721 ) (-1368 0 187.647064 ) 
4 187 342 (-1386 0 246 ) (-1386 0 187.647064 ) (-1368 0 187.647064 ) (-1368 0 246 ) 
3 187 193 (-1386 0 177.285721 ) (-1386 0 246 ) (-1386 22.114931 163.068985 ) 
4 187 190 (-1386 22.114452 163.069290 ) (-1386 0 245.998413 ) (-1368 0 245.998413 ) (-1368 22.114456 163.069290 ) 
3 188 193 (-1386 30 158 ) (-1386 40.218014 151.431259 ) (-1386 44 130 ) 
4 188 189 (-1386 44 129.998138 ) (-1386 40.219250 151.427689 ) (-1368 40.219250 151.427689 ) (-1368 44 129.998123 ) 
4 188 190 (-1386 40.217598 151.433624 ) (-1386 29.998463 158.003082 ) (-1368 29.998463 158.003082 ) (-1368 40.217598 151.433624 ) 
3 189 193 (-1386 50 145.142822 ) (-1386 50 96 ) (-1386 40.218014 151.431259 ) 
4 189 190 (-1368 50 145.144913 ) (-1386 50 145.144913 ) (-1386 40.217598 151.433624 ) (-1368 40.217598 151.433624 ) 
4 190 342 (-1386 0 1032 ) (-1386 0 246 ) (-1368 0 246 ) (-1368 0 1032 ) 
5 190 193 (-1386 0 246 ) (-1386 0 1032 ) (-1386 50 1032 ) (-1386 50 145.142822 ) (-1386 22.114935 163.068970 ) 
4 191 344 (-1386 0 40 ) (-1386 0 32 ) (-1368 0 32 ) (-1368 0 40 ) 
5 191 193 (-1386 0 32 ) (-1386 0 40 ) (-1386 34.923077 40 ) (-1386 34 36 ) (-1386 30.727276 32 ) 
4 191 192 (-1386 0 32 ) (-1386 30.727274 32 ) (-1368 30.727276 32 ) (-1368 0 32 ) 
4 192 345 (-1386 0 32 ) (-1386 0 28 ) (-1368 0 28 ) (-1368 0 32 ) 
4 192 203 (-1368 0 28 ) (-1386 0 28 ) (-1386 27.454546 28 ) (-1368 27.454548 28 ) 
4 192 193 (-1386 27.454548 28 ) (-1386 0 28 ) (-1386 0 32 ) (-1386 30.727274 32 ) 
4 193 347 (-1512 0 28 ) (-1386 0 28 ) (-1386 0 1032 ) (-1512 0 1032 ) 
4 193 206 (-1386 0 28 ) (-1512 0 28 ) (-1512 1024 28 ) (-1386 1024 28 ) 
4 194 198 (-1094 64 28 ) (-1094 1024 28 ) (-1094 1024 0 ) (-1094 64 0 ) 
4 194 196 (-1094 64 0 ) (-1094 1024 0 ) (-1024 1024 0 ) (-1024 64 0 ) 
4 195 348 (-1024 0 10.666667 ) (-1024 0 28 ) (-1094 0 28 ) (-1094 0 10.666668 ) 
4 195 197 (-1094 0 12.666666 ) (-1094 0 28 ) (-1094 27.454544 28 ) (-1094 16 14 ) 
4 196 350 (-1024 0 -488 ) (-1024 0 0 ) (-1094 0 0 ) (-1094 0 -488 ) 
4 196 199 (-1094 0 -488 ) (-1094 0 -24 ) (-1094 1024 -24 ) (-1094 1024 -488 ) 
4 196 198 (-1094 60.093021 0 ) (-1094 1024 0 ) (-1094 1024 -24 ) (-1094 64 -24 ) 
4 197 351 (-1094 0 12.666666 ) (-1094 0 28 ) (-1112 0 28 ) (-1112 0 12.666667 ) 
4 197 201 (-1112 0 12.666666 ) (-1112 0 28 ) (-1112 27.454544 28 ) (-1112 16 14 ) 
4 198 202 (-1112 1024 0 ) (-1112 1024 -24 ) (-1112 64 -24 ) (-1112 60.093025 0 ) 
4 198 200 (-1112 64 28 ) (-1112 1024 28 ) (-1112 1024 0 ) (-1112 64 0 ) 
4 198 199 (-1112 64 -24 ) (-1112 1024 -24 ) (-1094 1024 -24 ) (-1094 64 -24 ) 
4 199 352 (-1094 0 -488 ) (-1094 0 -24 ) (-1112 0 -24 ) (-1112 0 -488 ) 
4 199 202 (-1112 0 -488 ) (-1112 0 -24 ) (-1112 1024 -24 ) (-1112 1024 -488 ) 
4 200 204 (-1368 64 28 ) (-1368 1024 28 ) (-1368 1024 0 ) (-1368 64 0 ) 
4 200 202 (-1368 64 0 ) (-1368 1024 0 ) (-1112 1024 0 ) (-1112 64 0 ) 
4 201 354 (-1112 0 10.666667 ) (-1112 0 28 ) (-1368 0 28 ) (-1368 0 10.666668 ) 
4 201 203 (-1368 0 12.666666 ) (-1368 0 28 ) (-1368 27.454544 28 ) (-1368 16 14 ) 
4 202 356 (-1112 0 -488 ) (-1112 0 0 ) (-1368 0 0 ) (-1368 0 -488 ) 
4 202 205 (-1368 0 -488 ) (-1368 0 -24 ) (-1368 1024 -24 ) (-1368 1024 -488 ) 
4 202 204 (-1368 60.093021 0 ) (-1368 1024 0 ) (-1368 1024 -24 ) (-1368 64 -24 ) 
4 203 357 (-1368 0 12.666666 ) (-1368 0 28 ) (-1386 0 28 ) (-1386 0 12.666667 ) 
4 203 206 (-1386 0 12.666666 ) (-1386 0 28 ) (-1386 27.454544 28 ) (-1386 16 14 ) 
4 204 206 (-1386 55.534885 28 ) (-1386 1024 28 ) (-1386 1024 -24 ) (-1386 64 -24 ) 
4 204 205 (-1386 64 -24 ) (-1386 1024 -24 ) (-1368 1024 -24 ) (-1368 64 -24 ) 
4 205 358 (-1368 0 -488 ) (-1368 0 -24 ) (-1386 0 -24 ) (-1386 0 -488 ) 
4 205 206 (-1386 0 -488 ) (-1386 0 -24 ) (-1386 1024 -24 ) (-1386 1024 -488 ) 
4 206 360 (-1386 0 -488 ) (-1386 0 28 ) (-1512 0 28 ) (-1512 0 -488 ) 
4 207 319 (1024 -1024 290 ) (1024 -1024 1032 ) (6.957787 -1024 1032 ) (6.957787 -1024 290 ) 
4 207 220 (6.957787 -1024 290 ) (6.957787 -1024 1032 ) (6.957787 0 1032 ) (6.957787 0 290 ) 
4 207 212 (190 -674.627014 290 ) (212.627014 -652 290 ) (218.283997 -657.656921 290 ) (195.656982 -680.283936 290 ) 
4 207 211 (6.957787 -868.983276 290 ) (6.957787 -857.669312 290 ) (190 -674.627014 290 ) (195.656982 -680.283936 290 ) 
4 207 210 (212.627014 -652 290 ) (864.626587 0 290 ) (875.940552 0 290 ) (218.283997 -657.656921 290 ) 
5 207 209 (1024 -1024 290 ) (6.957787 -1024 290 ) (6.957787 -868.983276 290 ) (875.940552 0 290 ) (1024 0 290 ) 
3 207 208 (6.957787 -857.669312 290 ) (6.957787 0 290 ) (864.626587 0 290 ) 
9 208 221 (6.957787 0 176.352921 ) (6.957787 0 48 ) (6.957787 -106.461533 48 ) (6.957787 -114 62 ) (6.957787 -114 96 ) (6.957787 -108 130 ) (6.957787 -94 158 ) (6.957787 -66 176 ) (6.957787 -32 182 ) 
4 208 224 (6.957787 -128 48 ) (6.957787 -857.669312 48 ) (6.957787 -857.669312 192 ) (6.957787 -128 192 ) 
4 208 220 (6.957787 -857.669312 290 ) (6.957787 0 290 ) (6.957787 0 192 ) (6.957787 -857.669312 192 ) 
4 208 212 (190 -674.626343 48 ) (212.626312 -652 48 ) (212.628235 -652.001282 290 ) (190.001251 -674.628296 290 ) 
4 208 211 (6.957787 -857.667969 48 ) (190 -674.626343 48 ) (190.001251 -674.628296 290 ) (6.957787 -857.671875 290 ) 
4 208 210 (212.626312 -652 48 ) (864.625305 0 48 ) (864.629028 0 290 ) (212.628235 -652.001282 290 ) 
3 208 213 (6.957787 -857.669312 48 ) (6.957787 0 48 ) (864.626587 0 48 ) 
4 209 319 (1024 -1024 48 ) (1024 -1024 290 ) (6.957787 -1024 290 ) (6.957787 -1024 48 ) 
4 209 224 (6.957787 -1024 48 ) (6.957787 -1024 192 ) (6.957787 -868.983276 192 ) (6.957787 -868.983276 48 ) 
4 209 220 (6.957787 -1024 192 ) (6.957787 -1024 290 ) (6.957787 -868.983276 290 ) (6.957787 -868.983276 192 ) 
4 209 212 (218.280579 -657.653564 48 ) (195.653580 -680.280579 48 ) (195.655579 -680.282593 290 ) (218.282562 -657.655579 290 ) 
4 209 211 (195.653580 -680.280579 48 ) (6.957787 -868.976563 48 ) (6.957787 -868.980469 290 ) (195.655579 -680.282593 290 ) 
4 209 210 (875.933594 0 48 ) (218.280579 -657.653564 48 ) (218.282562 -657.655579 290 ) (875.937683 0 290 ) 
5 209 213 (6.957787 -1024 48 ) (6.957787 -868.983276 48 ) (875.940552 0 48 ) (1024 0 48 ) (1024 -1024 48 ) 
4 210 212 (212.625504 -652 290 ) (212.625504 -652 48 ) (218.287109 -657.662109 48 ) (218.287109 -657.662109 290 ) 
4 210 213 (212.627014 -652 48 ) (864.626587 0 48 ) (875.940552 0 48 ) (218.283997 -657.656921 48 ) 
4 211 224 (6.957787 -857.669312 192 ) (6.957787 -857.669312 48 ) (6.957787 -868.983276 48 ) (6.957787 -868.983276 192 ) 
4 211 220 (6.957787 -868.983276 290 ) (6.957787 -857.669312 290 ) (6.957787 -857.669312 192 ) (6.957787 -868.983276 192 ) 
4 211 213 (6.957787 -868.983276 48 ) (6.957787 -857.669312 48 ) (190 -674.627014 48 ) (195.656982 -680.283936 48 ) 
4 211 212 (195.656250 -680.283203 290 ) (195.656250 -680.283203 48 ) (190 -674.627441 48 ) (190 -674.627441 290 ) 
4 212 213 (190 -674.627014 48 ) (212.627014 -652 48 ) (218.283997 -657.656921 48 ) (195.656982 -680.283936 48 ) 
4 213 319 (1024 -1024 40 ) (1024 -1024 48 ) (6.957787 -1024 48 ) (6.957787 -1024 40 ) 
4 213 221 (6.957787 -106.461533 48 ) (6.957787 0 48 ) (6.957787 0 40 ) (6.957787 -102.153839 40 ) 
4 213 224 (6.957787 -1024 40 ) (6.957787 -1024 48 ) (6.957787 -128 48 ) (6.957787 -128 40 ) 
4 213 217 (6.957787 -107 40 ) (6.957787 0 40 ) (8 0 40 ) (8 -107 40 ) 
4 213 219 (6.957787 -1024 40 ) (6.957787 -107 40 ) (8 -107 40 ) (8 -1024 40 ) 
4 213 214 (8 0 40 ) (1024 0 40 ) (1024 -800 40 ) (8 -800 40 ) 
4 213 216 (1024 -800 40 ) (1024 -1024 40 ) (8 -1024 40 ) (8 -800 40 ) 
4 214 217 (8 -107 40 ) (8 0 40 ) (8 0 32 ) (8 -107 32 ) 
4 214 219 (8 -800 32 ) (8 -800 40 ) (8 -107 40 ) (8 -107 32 ) 
4 214 216 (8 -800 40 ) (8 -800 32 ) (1024 -800 32 ) (1024 -800 40 ) 
4 214 215 (1024 -800 32 ) (8 -800 32 ) (8 0 32 ) (1024 0 32 ) 
4 215 234 (8 -800 28 ) (8 -672 28 ) (1024 -672 28 ) (1024 -800 28 ) 
4 215 233 (8 -672 28 ) (8 0 28 ) (1024 0 28 ) (1024 -672 28 ) 
4 215 218 (8 0 28 ) (8 -107 28 ) (8 -107 32 ) (8 0 32 ) 
4 215 219 (8 -107 28 ) (8 -800 28 ) (8 -800 32 ) (8 -107 32 ) 
4 215 216 (8 -800 32 ) (8 -800 28 ) (1024 -800 28 ) (1024 -800 32 ) 
4 216 319 (1024 -1024 28 ) (1024 -1024 40 ) (8 -1024 40 ) (8 -1024 28 ) 
4 216 234 (1024 -1024 28 ) (8 -1024 28 ) (8 -800 28 ) (1024 -800 28 ) 
4 216 219 (8 -800 28 ) (8 -1024 28 ) (8 -1024 40 ) (8 -800 40 ) 
5 217 222 (6.957787 -102.153847 40 ) (6.957787 0 40 ) (6.957787 0 32 ) (6.957787 -96.666672 32 ) (6.957787 -100 36 ) 
4 217 219 (8 -107 32 ) (8 -107 40 ) (6.957787 -107 40 ) (6.957787 -107 32 ) 
4 217 218 (8 -107 32 ) (6.957787 -107 32 ) (6.957787 0 32 ) (8 0 32 ) 
4 218 233 (6.957787 -107 28 ) (6.957787 0 28 ) (8 0 28 ) (8 -107 28 ) 
4 218 223 (6.957787 0 28 ) (6.957787 -93.333336 28 ) (6.957787 -96.666664 32 ) (6.957787 0 32 ) 
4 218 219 (8 -107 28 ) (8 -107 32 ) (6.957787 -107 32 ) (6.957787 -107 28 ) 
4 219 319 (8 -1024 40 ) (6.957787 -1024 40 ) (6.957787 -1024 28 ) (8 -1024 28 ) 
4 219 234 (8 -1024 28 ) (6.957787 -1024 28 ) (6.957787 -672 28 ) (8 -672 28 ) 
4 219 233 (6.957787 -672 28 ) (6.957787 -107 28 ) (8 -107 28 ) (8 -672 28 ) 
4 219 224 (6.957787 -128 28 ) (6.957787 -1024 28 ) (6.957787 -1024 40 ) (6.957787 -128 40 ) 
4 220 319 (2 -1024 1032 ) (2 -1024 192 ) (6.957787 -1024 192 ) (6.957787 -1024 1032 ) 
4 220 232 (2 -128 192 ) (2 -1024 192 ) (2 -1024 1032 ) (2 -128 1032 ) 
4 220 229 (2 -108 192 ) (2 -128 192 ) (2 -128 1032 ) (2 -108 1032 ) 
4 220 228 (2 0 1032 ) (2 0 192 ) (2 -108 192 ) (2 -108 1032 ) 
4 220 224 (2 -1024 192 ) (2 -128 192 ) (6.957787 -128 192 ) (6.957787 -1024 192 ) 
10 221 226 (2 0 167 ) (2 0 40 ) (2 -100.222214 40 ) (2 -108 54 ) (2 -108 96 ) (2 -100 126 ) (2 -86 150 ) (2 -60 168 ) (2 -32 172 ) (2 -4 170 ) 
4 221 222 (2 -102.153839 40 ) (2 0 40 ) (6.957787 0 40 ) (6.957787 -102.153847 40 ) 
5 222 230 (2 0 40 ) (2 0 32 ) (2 -94.727272 32 ) (2 -98 36 ) (2 -100.222214 40 ) 
4 222 223 (2 -96.666664 32 ) (2 0 32 ) (6.957787 0 32 ) (6.957787 -96.666672 32 ) 
4 223 235 (2 -93.333328 28 ) (2 0 28 ) (6.957787 0 28 ) (6.957787 -93.333336 28 ) 
4 223 231 (2 0 32 ) (2 0 28 ) (2 -91.454552 28 ) (2 -94.727272 32 ) 
4 224 319 (2 -1024 192 ) (2 -1024 28 ) (6.957787 -1024 28 ) (6.957787 -1024 192 ) 
4 224 237 (6.957787 -1024 28 ) (2 -1024 28 ) (2 -672 28 ) (6.957787 -672 28 ) 
4 224 236 (2 -672 28 ) (2 -128 28 ) (6.957787 -128 28 ) (6.957787 -672 28 ) 
4 224 232 (2 -128 28 ) (2 -1024 28 ) (2 -1024 192 ) (2 -128 192 ) 
3 225 247 (0 -108 148.941193 ) (0 -108 168.588226 ) (0 -66.250046 175.955856 ) 
4 225 229 (2 -108 148.941193 ) (2 -108 168.588226 ) (0 -108 168.588196 ) (0 -108 148.941177 ) 
4 225 228 (0 -66.252800 175.954071 ) (0 -108 168.586914 ) (2 -108 168.586914 ) (2 -66.252823 175.954071 ) 
10 226 248 (0 0 167 ) (0 0 40 ) (0 -100.222221 40 ) (0 -108 54 ) (0 -108 96 ) (0 -100 126 ) (0 -86 150 ) (0 -60 168 ) (0 -32 172 ) (0 -4 170 ) 
4 226 230 (0 -100.222221 40 ) (0 0 40 ) (2 0 40 ) (2 -100.222221 40 ) 
3 227 249 (0 0 187.647034 ) (0 0 176.352921 ) (0 -32 182 ) 
4 227 228 (0 0 187.645752 ) (0 -31.996317 182 ) (2 -31.996304 182 ) (2 0 187.645737 ) 
4 228 250 (0 0 1032 ) (0 0 187.647034 ) (0 -108 168.588226 ) (0 -108 1032 ) 
4 228 229 (2 -108 168.588226 ) (2 -108 1032 ) (0 -108 1032 ) (0 -108 168.588196 ) 
4 229 251 (0 -128 136 ) (0 -128 1032 ) (0 -108 1032 ) (0 -108 148.941162 ) 
4 229 232 (2 -128 136 ) (2 -128 1032 ) (0 -128 1032 ) (0 -128 136 ) 
5 230 252 (0 0 40 ) (0 0 32 ) (0 -94.727272 32 ) (0 -98 36 ) (0 -100.222214 40 ) 
4 230 231 (0 -94.727272 32 ) (0 0 32 ) (2 0 32 ) (2 -94.727272 32 ) 
4 231 253 (0 0 32 ) (0 0 28 ) (0 -91.454552 28 ) (0 -94.727272 32 ) 
4 231 241 (0 -91.454544 28 ) (0 0 28 ) (2 0 28 ) (2 -91.454552 28 ) 
4 232 319 (0 -1024 1032 ) (0 -1024 28 ) (2 -1024 28 ) (2 -1024 1032 ) 
4 232 291 (0 -128 28 ) (0 -1024 28 ) (0 -1024 1032 ) (0 -128 1032 ) 
4 232 243 (2 -1024 28 ) (0 -1024 28 ) (0 -672 28 ) (2 -672 28 ) 
4 232 242 (0 -672 28 ) (0 -128 28 ) (2 -128 28 ) (2 -672 28 ) 
4 233 238 (6.957787 -672 -24 ) (6.957787 0 -24 ) (1024 0 -24 ) (1024 -672 -24 ) 
4 233 236 (6.957787 -128 -24 ) (6.957787 -672 -24 ) (6.957787 -672 28 ) (6.957787 -128 28 ) 
5 233 235 (6.957787 -93.333328 28 ) (6.957787 0 28 ) (6.957787 0 10.666668 ) (6.957787 -32 8 ) (6.957787 -80 12 ) 
4 233 234 (6.957787 -672 28 ) (6.957787 -672 -24 ) (1024 -672 -24 ) (1024 -672 28 ) 
4 234 319 (1024 -1024 -24 ) (1024 -1024 28 ) (6.957787 -1024 28 ) (6.957787 -1024 -24 ) 
4 234 240 (1024 -1024 -24 ) (6.957787 -1024 -24 ) (6.957787 -672 -24 ) (1024 -672 -24 ) 
4 234 237 (6.957787 -672 -24 ) (6.957787 -1024 -24 ) (6.957787 -1024 28 ) (6.957787 -672 28 ) 
5 235 241 (2 -91.454544 28 ) (2 0 28 ) (2 0 12.666665 ) (2 -32 10 ) (2 -80 14 ) 
4 236 242 (2 -672 28 ) (2 -128 28 ) (2 -128 -24 ) (2 -672 -24 ) 
4 236 238 (2 -672 -24 ) (2 -128 -24 ) (6.957787 -128 -24 ) (6.957787 -672 -24 ) 
4 236 237 (2 -672 28 ) (2 -672 -24 ) (6.957787 -672 -24 ) (6.957787 -672 28 ) 
4 237 319 (6.957787 -1024 28 ) (2 -1024 28 ) (2 -1024 -24 ) (6.957787 -1024 -24 ) 
4 237 243 (2 -1024 28 ) (2 -672 28 ) (2 -672 -24 ) (2 -1024 -24 ) 
4 237 240 (6.957787 -1024 -24 ) (2 -1024 -24 ) (2 -672 -24 ) (6.957787 -672 -24 ) 
4 238 244 (2 0 -24 ) (2 0 -128 ) (2 -672 -128 ) (2 -672 -24 ) 
4 238 240 (1024 -672 -128 ) (1024 -672 -24 ) (2 -672 -24 ) (2 -672 -128 ) 
4 238 239 (1024 -672 -128 ) (2 -672 -128 ) (2 0 -128 ) (1024 0 -128 ) 
4 239 245 (2 0 -128 ) (2 0 -488 ) (2 -672 -488 ) (2 -672 -128 ) 
4 239 240 (2 -672 -488 ) (1024 -672 -488 ) (1024 -672 -128 ) (2 -672 -128 ) 
4 240 319 (1024 -1024 -488 ) (1024 -1024 -24 ) (2 -1024 -24 ) (2 -1024 -488 ) 
4 240 246 (2 -672 -488 ) (2 -1024 -488 ) (2 -1024 -24 ) (2 -672 -24 ) 
5 241 292 (0 0 28 ) (0 0 12.666666 ) (0 -32 10 ) (0 -80 14 ) (0 -91.454544 28 ) 
4 242 294 (0 -128 -24 ) (0 -672 -24 ) (0 -672 28 ) (0 -128 28 ) 
4 242 244 (2 -128 -24 ) (2 -672 -24 ) (0 -672 -24 ) (0 -128 -24 ) 
4 242 243 (0 -672 -24 ) (2 -672 -24 ) (2 -672 28 ) (0 -672 28 ) 
4 243 319 (2 -1024 -24 ) (2 -1024 28 ) (0 -1024 28 ) (0 -1024 -24 ) 
4 243 295 (0 -672 -24 ) (0 -1024 -24 ) (0 -1024 28 ) (0 -672 28 ) 
4 243 246 (2 -672 -24 ) (2 -1024 -24 ) (0 -1024 -24 ) (0 -672 -24 ) 
4 244 294 (0 -128 -128 ) (0 -672 -128 ) (0 -672 -24 ) (0 -128 -24 ) 
4 244 293 (0 0 -24 ) (0 0 -128 ) (0 -128 -128 ) (0 -128 -24 ) 
4 244 246 (2 -672 -128 ) (2 -672 -24 ) (0 -672 -24 ) (0 -672 -128 ) 
4 244 245 (2 -672 -128 ) (0 -672 -128 ) (0 0 -128 ) (2 0 -128 ) 
4 245 296 (0 0 -128 ) (0 0 -488 ) (0 -672 -488 ) (0 -672 -128 ) 
4 245 246 (0 -672 -488 ) (2 -672 -488 ) (2 -672 -128 ) (0 -672 -128 ) 
4 246 319 (2 -1024 -488 ) (2 -1024 -24 ) (0 -1024 -24 ) (0 -1024 -488 ) 
4 246 296 (0 -672 -488 ) (0 -1024 -488 ) (0 -1024 -128 ) (0 -672 -128 ) 
4 246 295 (0 -1024 -128 ) (0 -1024 -24 ) (0 -672 -24 ) (0 -672 -128 ) 
4 247 251 (0 -108 148.941193 ) (0 -108 168.588226 ) (-16 -108 168.588196 ) (-16 -108 148.941177 ) 
4 247 250 (-16 -66.252800 175.954071 ) (-16 -108 168.586914 ) (0 -108 168.586914 ) (0 -66.252800 175.954071 ) 
10 248 255 (-16 0 167 ) (-16 0 40 ) (-16 -100.222221 40 ) (-16 -108 54 ) (-16 -108 96 ) (-16 -100 126 ) (-16 -86 150 ) (-16 -60 168 ) (-16 -32 172 ) (-16 -4 170 ) 
4 248 252 (-16 -100.222221 40 ) (-16 0 40 ) (0 0 40 ) (0 -100.222221 40 ) 
4 249 250 (0 0 187.645752 ) (-16 0 187.645752 ) (-16 -31.996317 182 ) (0 -31.996319 182 ) 
4 250 254 (-16 -108 1032 ) (-16 0 1032 ) (-16 0 192 ) (-16 -108 192 ) 
4 250 251 (0 -108 168.588226 ) (0 -108 1032 ) (-16 -108 1032 ) (-16 -108 168.588196 ) 
4 251 291 (0 -128 136 ) (0 -128 1032 ) (-16 -128 1032 ) (-16 -128 136 ) 
4 251 254 (-16 -128 192 ) (-16 -128 1032 ) (-16 -108 1032 ) (-16 -108 192 ) 
5 252 256 (-16 -100.222214 40 ) (-16 0 40 ) (-16 0 32 ) (-16 -94.727272 32 ) (-16 -98 36 ) 
4 252 253 (-16 -94.727272 32 ) (-16 0 32 ) (0 0 32 ) (0 -94.727272 32 ) 
4 253 292 (-16 0 28 ) (0 0 28 ) (0 -91.454552 28 ) (-16 -91.454544 28 ) 
4 253 257 (-16 0 28 ) (-16 -91.454552 28 ) (-16 -94.727272 32 ) (-16 0 32 ) 
4 254 291 (-16 -128 192 ) (-16 -128 1032 ) (-272 -128 1032 ) (-272 -128 192 ) 
4 254 262 (-272 -108 192 ) (-272 -128 192 ) (-272 -128 1032 ) (-272 -108 1032 ) 
4 254 261 (-272 0 1032 ) (-272 0 192 ) (-272 -108 192 ) (-272 -108 1032 ) 
10 255 259 (-272 0 167 ) (-272 0 40 ) (-272 -100.222214 40 ) (-272 -108 54 ) (-272 -108 96 ) (-272 -100 126 ) (-272 -86 150 ) (-272 -60 168 ) (-272 -32 172 ) (-272 -4 170 ) 
4 255 256 (-272 -102.153847 40 ) (-272 0 40 ) (-16 0 40 ) (-16 -102.153847 40 ) 
5 256 263 (-272 0 40 ) (-272 0 32 ) (-272 -94.727272 32 ) (-272 -98 36 ) (-272 -100.222214 40 ) 
4 256 257 (-272 -96.666664 32 ) (-272 0 32 ) (-16 0 32 ) (-16 -96.666672 32 ) 
4 257 298 (-272 0 28 ) (-17.656401 0 28 ) (-17.656401 -93.333336 28 ) (-272 -93.333328 28 ) 
4 257 297 (-17.656401 0 28 ) (-16 0 28 ) (-16 -93.333336 28 ) (-17.656401 -93.333336 28 ) 
4 257 264 (-272 0 32 ) (-272 0 28 ) (-272 -91.454552 28 ) (-272 -94.727272 32 ) 
4 258 262 (-272 -108 148.941193 ) (-272 -108 168.588226 ) (-290 -108 168.588196 ) (-290 -108 148.941177 ) 
4 258 261 (-290 -66.252800 175.954071 ) (-290 -108 168.586914 ) (-272 -108 168.586914 ) (-272 -66.252823 175.954071 ) 
10 259 266 (-290 0 167 ) (-290 0 40 ) (-290 -100.222221 40 ) (-290 -108 54 ) (-290 -108 96 ) (-290 -100 126 ) (-290 -86 150 ) (-290 -60 168 ) (-290 -32 172 ) (-290 -4 170 ) 
4 259 263 (-290 -100.222221 40 ) (-290 0 40 ) (-272 0 40 ) (-272 -100.222221 40 ) 
4 260 261 (-290 0 187.645752 ) (-290 -31.996317 182 ) (-272 -31.996304 182 ) (-272 0 187.645737 ) 
4 261 265 (-290 -108 1032 ) (-290 0 1032 ) (-290 0 192 ) (-290 -108 192 ) 
4 261 262 (-272 -108 168.588226 ) (-272 -108 1032 ) (-290 -108 1032 ) (-290 -108 168.588196 ) 
4 262 291 (-272 -128 136 ) (-272 -128 1032 ) (-290 -128 1032 ) (-290 -128 136 ) 
4 262 265 (-290 -128 192 ) (-290 -128 1032 ) (-290 -108 1032 ) (-290 -108 192 ) 
5 263 267 (-290 -100.222214 40 ) (-290 0 40 ) (-290 0 32 ) (-290 -94.727272 32 ) (-290 -98 36 ) 
4 263 264 (-290 -94.727272 32 ) (-290 0 32 ) (-272 0 32 ) (-272 -94.727272 32 ) 
4 264 301 (-290 0 28 ) (-272 0 28 ) (-272 -91.454552 28 ) (-290 -91.454544 28 ) 
4 264 268 (-290 0 28 ) (-290 -91.454552 28 ) (-290 -94.727272 32 ) (-290 0 32 ) 
4 265 291 (-290 -128 192 ) (-290 -128 1032 ) (-546 -128 1032 ) (-546 -128 192 ) 
4 265 273 (-546 -128 192 ) (-546 -128 1032 ) (-546 -108 1032 ) (-546 -108 192 ) 
4 265 272 (-546 -108 1032 ) (-546 0 1032 ) (-546 0 192 ) (-546 -108 192 ) 
10 266 270 (-546 -60 168 ) (-546 -32 172 ) (-546 -4 170 ) (-546 0 167 ) (-546 0 40 ) (-546 -100.222214 40 ) (-546 -108 54 ) (-546 -108 96 ) (-546 -100 126 ) (-546 -86 150 ) 
4 266 267 (-546 -102.153839 40 ) (-546 0 40 ) (-290 0 40 ) (-290 -102.153854 40 ) 
5 267 274 (-546 -100.222214 40 ) (-546 0 40 ) (-546 0 32 ) (-546 -94.727272 32 ) (-546 -98 36 ) 
4 267 268 (-546 -96.666664 32 ) (-546 0 32 ) (-290 0 32 ) (-290 -96.666672 32 ) 
4 268 304 (-546 0 28 ) (-290 0 28 ) (-290 -93.333336 28 ) (-546 -93.333328 28 ) 
4 268 275 (-546 0 28 ) (-546 -91.454552 28 ) (-546 -94.727272 32 ) (-546 0 32 ) 
4 269 273 (-546 -108 148.941193 ) (-546 -108 168.588226 ) (-564 -108 168.588196 ) (-564 -108 148.941177 ) 
4 269 272 (-564 -66.252800 175.954071 ) (-564 -108 168.586914 ) (-546 -108 168.586914 ) (-546 -66.252823 175.954071 ) 
10 270 277 (-564 0 167 ) (-564 0 40 ) (-564 -100.222221 40 ) (-564 -108 54 ) (-564 -108 96 ) (-564 -100 126 ) (-564 -86 150 ) (-564 -60 168 ) (-564 -32 172 ) (-564 -4 170 ) 
4 270 274 (-564 -100.222221 40 ) (-564 0 40 ) (-546 0 40 ) (-546 -100.222221 40 ) 
4 271 272 (-564 0 187.645752 ) (-564 -31.996317 182 ) (-546 -31.996304 182 ) (-546 0 187.645737 ) 
4 272 276 (-564 -108 1032 ) (-564 0 1032 ) (-564 0 192 ) (-564 -108 192 ) 
4 272 273 (-546 -108 168.588226 ) (-546 -108 1032 ) (-564 -108 1032 ) (-564 -108 168.588196 ) 
4 273 291 (-546 -128 136 ) (-546 -128 1032 ) (-564 -128 1032 ) (-564 -128 136 ) 
4 273 276 (-564 -128 192 ) (-564 -128 1032 ) (-564 -108 1032 ) (-564 -108 192 ) 
5 274 278 (-564 -100.222214 40 ) (-564 0 40 ) (-564 0 32 ) (-564 -94.727272 32 ) (-564 -98 36 ) 
4 274 275 (-564 -94.727272 32 ) (-564 0 32 ) (-546 0 32 ) (-546 -94.727272 32 ) 
4 275 307 (-564 0 28 ) (-546 0 28 ) (-546 -91.454552 28 ) (-564 -91.454544 28 ) 
4 275 279 (-564 0 28 ) (-564 -91.454552 28 ) (-564 -94.727272 32 ) (-564 0 32 ) 
4 276 291 (-564 -128 192 ) (-564 -128 1032 ) (-820 -128 1032 ) (-820 -128 192 ) 
4 276 284 (-820 -108 192 ) (-820 -128 192 ) (-820 -128 1032 ) (-820 -108 1032 ) 
4 276 283 (-820 0 1032 ) (-820 0 192 ) (-820 -108 192 ) (-820 -108 1032 ) 
10 277 281 (-820 0 167 ) (-820 0 40 ) (-820 -100.222214 40 ) (-820 -108 54 ) (-820 -108 96 ) (-820 -100 126 ) (-820 -86 150 ) (-820 -60 168 ) (-820 -32 172 ) (-820 -4 170 ) 
4 277 278 (-820 -102.153847 40 ) (-820 0 40 ) (-564 0 40 ) (-564 -102.153847 40 ) 
5 278 285 (-820 0 40 ) (-820 0 32 ) (-820 -94.727272 32 ) (-820 -98 36 ) (-820 -100.222214 40 ) 
4 278 279 (-820 -96.666664 32 ) (-820 0 32 ) (-564 0 32 ) (-564 -96.666672 32 ) 
4 279 310 (-820 0 28 ) (-564 0 28 ) (-564 -93.333336 28 ) (-820 -93.333328 28 ) 
4 279 286 (-820 0 32 ) (-820 0 28 ) (-820 -91.454552 28 ) (-820 -94.727272 32 ) 
4 280 284 (-820 -108 148.941193 ) (-820 -108 168.588226 ) (-838 -108 168.588196 ) (-838 -108 148.941177 ) 
4 280 283 (-838 -66.252800 175.954071 ) (-838 -108 168.586914 ) (-820 -108 168.586914 ) (-820 -66.252823 175.954071 ) 
10 281 288 (-838 0 167 ) (-838 0 40 ) (-838 -100.222221 40 ) (-838 -108 54 ) (-838 -108 96 ) (-838 -100 126 ) (-838 -86 150 ) (-838 -60 168 ) (-838 -32 172 ) (-838 -4 170 ) 
4 281 285 (-838 -100.222221 40 ) (-838 0 40 ) (-820 0 40 ) (-820 -100.222221 40 ) 
4 282 283 (-838 0 187.645752 ) (-838 -31.996317 182 ) (-820 -31.996304 182 ) (-820 0 187.645737 ) 
4 283 287 (-838 -108 1032 ) (-838 0 1032 ) (-838 0 192 ) (-838 -108 192 ) 
4 283 284 (-820 -108 168.588226 ) (-820 -108 1032 ) (-838 -108 1032 ) (-838 -108 168.588196 ) 
4 284 291 (-820 -128 136 ) (-820 -128 1032 ) (-838 -128 1032 ) (-838 -128 136 ) 
4 284 287 (-838 -128 192 ) (-838 -128 1032 ) (-838 -108 1032 ) (-838 -108 192 ) 
5 285 289 (-838 -100.222214 40 ) (-838 0 40 ) (-838 0 32 ) (-838 -94.727272 32 ) (-838 -98 36 ) 
4 285 286 (-838 -94.727272 32 ) (-838 0 32 ) (-820 0 32 ) (-820 -94.727272 32 ) 
4 286 313 (-838 0 28 ) (-820 0 28 ) (-820 -91.454552 28 ) (-838 -91.454544 28 ) 
4 286 290 (-838 0 28 ) (-838 -91.454552 28 ) (-838 -94.727272 32 ) (-838 0 32 ) 
4 287 321 (-1024 0 1032 ) (-1024 0 192 ) (-1024 -128 192 ) (-1024 -128 1032 ) 
4 287 291 (-1024 -128 1032 ) (-1024 -128 192 ) (-838 -128 192 ) (-838 -128 1032 ) 
9 288 322 (-1024 0 176.352921 ) (-1024 0 40 ) (-1024 -102.153839 40 ) (-1024 -114 62 ) (-1024 -114 96 ) (-1024 -108 130 ) (-1024 -94 158 ) (-1024 -66 176 ) (-1024 -32 182 ) 
4 288 289 (-1024 -102.153839 40 ) (-1024 0 40 ) (-838 0 40 ) (-838 -102.153847 40 ) 
5 289 323 (-1024 0 40 ) (-1024 0 32 ) (-1024 -96.666672 32 ) (-1024 -100 36 ) (-1024 -102.153847 40 ) 
4 289 290 (-1024 -96.666664 32 ) (-1024 0 32 ) (-838 0 32 ) (-838 -96.666672 32 ) 
4 290 324 (-1024 0 32 ) (-1024 0 28 ) (-1024 -93.333336 28 ) (-1024 -96.666664 32 ) 
4 290 316 (-1024 0 28 ) (-838 0 28 ) (-838 -93.333336 28 ) (-1024 -93.333328 28 ) 
4 291 325 (-1024 -128 28 ) (-1024 -1024 28 ) (-1024 -1024 1032 ) (-1024 -128 1032 ) 
4 291 320 (0 -1024 28 ) (0 -1024 1032 ) (-1024 -1024 1032 ) (-1024 -1024 28 ) 
4 291 317 (-838 -1024 28 ) (-1024 -1024 28 ) (-1024 -128 28 ) (-838 -128 28 ) 
4 291 315 (-820 -1024 28 ) (-838 -1024 28 ) (-838 -128 28 ) (-820 -128 28 ) 
4 291 311 (-564 -1024 28 ) (-820 -1024 28 ) (-820 -128 28 ) (-564 -128 28 ) 
4 291 309 (-546 -1024 28 ) (-564 -1024 28 ) (-564 -128 28 ) (-546 -128 28 ) 
4 291 305 (-290 -1024 28 ) (-546 -1024 28 ) (-546 -128 28 ) (-290 -128 28 ) 
4 291 303 (-272 -1024 28 ) (-290 -1024 28 ) (-290 -128 28 ) (-272 -128 28 ) 
4 291 299 (-16 -1024 28 ) (-272 -1024 28 ) (-272 -128 28 ) (-16 -128 28 ) 
4 291 295 (0 -672 28 ) (0 -1024 28 ) (-16 -1024 28 ) (-16 -672 28 ) 
4 291 294 (0 -128 28 ) (0 -672 28 ) (-16 -672 28 ) (-16 -128 28 ) 
5 292 297 (-16 -91.454544 28 ) (-16 0 28 ) (-16 0 12.666667 ) (-16 -32 10 ) (-16 -80 14 ) 
4 293 300 (-16 0 -24 ) (-16 0 -128 ) (-16 -128 -128 ) (-16 -128 -24 ) 
4 293 296 (-16 -128 -128 ) (-16 0 -128 ) (0 0 -128 ) (0 -128 -128 ) 
4 293 294 (-16 -128 -24 ) (-16 -128 -128 ) (0 -128 -128 ) (0 -128 -24 ) 
4 294 300 (-16 -128 0 ) (-16 -128 -128 ) (-16 -672 -128 ) (-16 -672 0 ) 
4 294 299 (-16 -672 28 ) (-16 -128 28 ) (-16 -128 0 ) (-16 -672 0 ) 
4 294 296 (-16 -672 -128 ) (-16 -128 -128 ) (0 -128 -128 ) (0 -672 -128 ) 
4 294 295 (-16 -672 28 ) (-16 -672 -128 ) (0 -672 -128 ) (0 -672 28 ) 
4 295 320 (0 -1024 -128 ) (0 -1024 28 ) (-16 -1024 28 ) (-16 -1024 -128 ) 
4 295 300 (-16 -672 0 ) (-16 -672 -128 ) (-16 -1024 -128 ) (-16 -1024 0 ) 
4 295 299 (-16 -1024 28 ) (-16 -672 28 ) (-16 -672 0 ) (-16 -1024 0 ) 
4 295 296 (-16 -1024 -128 ) (-16 -672 -128 ) (0 -672 -128 ) (0 -1024 -128 ) 
4 296 320 (0 -1024 -488 ) (0 -1024 -128 ) (-16 -1024 -128 ) (-16 -1024 -488 ) 
4 296 300 (-16 0 -128 ) (-16 0 -488 ) (-16 -1024 -488 ) (-16 -1024 -128 ) 
5 297 298 (-17.656401 -32.024086 7.997993 ) (-17.656401 -80 11.996094 ) (-17.656401 -93.336586 28 ) (-17.656401 0 28 ) (-17.656401 0 10.666666 ) 
5 298 301 (-272 -91.454544 28 ) (-272 0 28 ) (-272 0 12.666668 ) (-272 -32 10 ) (-272 -80 14 ) 
4 299 320 (-16 -1024 0 ) (-16 -1024 28 ) (-272 -1024 28 ) (-272 -1024 0 ) 
4 299 303 (-272 -1024 0 ) (-272 -1024 28 ) (-272 -128 28 ) (-272 -128 0 ) 
4 299 300 (-272 -1024 0 ) (-272 -128 0 ) (-16 -128 0 ) (-16 -1024 0 ) 
4 300 320 (-16 -1024 -488 ) (-16 -1024 0 ) (-272 -1024 0 ) (-272 -1024 -488 ) 
4 300 302 (-272 0 -24 ) (-272 0 -488 ) (-272 -128 -488 ) (-272 -128 -24 ) 
4 300 303 (-272 -1024 -488 ) (-272 -1024 0 ) (-272 -128 0 ) (-272 -128 -488 ) 
5 301 304 (-290 -91.454544 28 ) (-290 0 28 ) (-290 0 12.666667 ) (-290 -32 10 ) (-290 -80 14 ) 
4 302 306 (-290 0 -24 ) (-290 0 -488 ) (-290 -128 -488 ) (-290 -128 -24 ) 
4 302 303 (-290 -128 -24 ) (-290 -128 -488 ) (-272 -128 -488 ) (-272 -128 -24 ) 
4 303 320 (-272 -1024 -488 ) (-272 -1024 28 ) (-290 -1024 28 ) (-290 -1024 -488 ) 
4 303 306 (-290 -128 0 ) (-290 -128 -488 ) (-290 -1024 -488 ) (-290 -1024 0 ) 
4 303 305 (-290 -1024 28 ) (-290 -128 28 ) (-290 -128 0 ) (-290 -1024 0 ) 
5 304 307 (-546 -91.454544 28 ) (-546 0 28 ) (-546 0 12.666668 ) (-546 -32 10 ) (-546 -80 14 ) 
4 305 320 (-290 -1024 0 ) (-290 -1024 28 ) (-546 -1024 28 ) (-546 -1024 0 ) 
4 305 309 (-546 -1024 28 ) (-546 -128 28 ) (-546 -128 0 ) (-546 -1024 0 ) 
4 305 306 (-546 -1024 0 ) (-546 -128 0 ) (-290 -128 0 ) (-290 -1024 0 ) 
4 306 320 (-290 -1024 -488 ) (-290 -1024 0 ) (-546 -1024 0 ) (-546 -1024 -488 ) 
4 306 308 (-546 0 -24 ) (-546 0 -488 ) (-546 -128 -488 ) (-546 -128 -24 ) 
4 306 309 (-546 -128 -488 ) (-546 -1024 -488 ) (-546 -1024 0 ) (-546 -128 0 ) 
5 307 310 (-564 -91.454544 28 ) (-564 0 28 ) (-564 0 12.666667 ) (-564 -32 10 ) (-564 -80 14 ) 
4 308 312 (-564 0 -24 ) (-564 0 -488 ) (-564 -128 -488 ) (-564 -128 -24 ) 
4 308 309 (-564 -128 -24 ) (-564 -128 -488 ) (-546 -128 -488 ) (-546 -128 -24 ) 
4 309 320 (-546 -1024 -488 ) (-546 -1024 28 ) (-564 -1024 28 ) (-564 -1024 -488 ) 
4 309 312 (-564 -128 0 ) (-564 -128 -488 ) (-564 -1024 -488 ) (-564 -1024 0 ) 
4 309 311 (-564 -1024 28 ) (-564 -128 28 ) (-564 -128 0 ) (-564 -1024 0 ) 
5 310 313 (-820 -91.454544 28 ) (-820 0 28 ) (-820 0 12.666668 ) (-820 -32 10 ) (-820 -80 14 ) 
4 311 320 (-564 -1024 0 ) (-564 -1024 28 ) (-820 -1024 28 ) (-820 -1024 0 ) 
4 311 315 (-820 -1024 0 ) (-820 -1024 28 ) (-820 -128 28 ) (-820 -128 0 ) 
4 311 312 (-820 -1024 0 ) (-820 -128 0 ) (-564 -128 0 ) (-564 -1024 0 ) 
4 312 320 (-564 -1024 -488 ) (-564 -1024 0 ) (-820 -1024 0 ) (-820 -1024 -488 ) 
4 312 314 (-820 0 -24 ) (-820 0 -488 ) (-820 -128 -488 ) (-820 -128 -24 ) 
4 312 315 (-820 -1024 -488 ) (-820 -1024 0 ) (-820 -128 0 ) (-820 -128 -488 ) 
5 313 316 (-838 -91.454544 28 ) (-838 0 28 ) (-838 0 12.666667 ) (-838 -32 10 ) (-838 -80 14 ) 
4 314 318 (-838 0 -24 ) (-838 0 -488 ) (-838 -128 -488 ) (-838 -128 -24 ) 
4 314 315 (-838 -128 -24 ) (-838 -128 -488 ) (-820 -128 -488 ) (-820 -128 -24 ) 
4 315 320 (-820 -1024 -488 ) (-820 -1024 28 ) (-838 -1024 28 ) (-838 -1024 -488 ) 
4 315 318 (-838 -128 0 ) (-838 -128 -488 ) (-838 -1024 -488 ) (-838 -1024 0 ) 
4 315 317 (-838 -1024 28 ) (-838 -128 28 ) (-838 -128 0 ) (-838 -1024 0 ) 
5 316 348 (-1024 0 28 ) (-1024 0 10.666666 ) (-1024 -32 8 ) (-1024 -80 12 ) (-1024 -93.333328 28 ) 
4 317 349 (-1024 -128 0 ) (-1024 -1024 0 ) (-1024 -1024 28 ) (-1024 -128 28 ) 
4 317 320 (-838 -1024 0 ) (-838 -1024 28 ) (-1024 -1024 28 ) (-1024 -1024 0 ) 
4 317 318 (-838 -128 0 ) (-838 -1024 0 ) (-1024 -1024 0 ) (-1024 -128 0 ) 
4 318 350 (-1024 0 0 ) (-1024 0 -488 ) (-1024 -1024 -488 ) (-1024 -1024 0 ) 
4 318 320 (-838 -1024 -488 ) (-838 -1024 0 ) (-1024 -1024 0 ) (-1024 -1024 -488 ) 
4 319 320 (0 -1408 1032 ) (0 -1024 1032 ) (0 -1024 -488 ) (0 -1408 -488 ) 
4 320 361 (-1024 -1408 1032 ) (-1024 -1024 1032 ) (-1024 -1024 -488 ) (-1024 -1408 -488 ) 
4 321 332 (-1094 -128 192 ) (-1094 -128 1032 ) (-1094 -108 1032 ) (-1094 -108 192 ) 
4 321 329 (-1094 -108 1032 ) (-1094 0 1032 ) (-1094 0 192 ) (-1094 -108 192 ) 
4 321 325 (-1094 -128 1032 ) (-1094 -128 192 ) (-1024 -128 192 ) (-1024 -128 1032 ) 
10 322 326 (-1094 -32 172 ) (-1094 -4 170 ) (-1094 0 167 ) (-1094 0 40 ) (-1094 -100.222214 40 ) (-1094 -108 54 ) (-1094 -108 96 ) (-1094 -100 126 ) (-1094 -86 150 ) (-1094 -60 168 ) 
4 322 323 (-1094 -102.153839 40 ) (-1094 0 40 ) (-1024 0 40 ) (-1024 -102.153839 40 ) 
5 323 330 (-1094 -100.222214 40 ) (-1094 0 40 ) (-1094 0 32 ) (-1094 -94.727272 32 ) (-1094 -98 36 ) 
4 323 324 (-1094 -96.666664 32 ) (-1094 0 32 ) (-1024 0 32 ) (-1024 -96.666672 32 ) 
4 324 348 (-1094 -93.333328 28 ) (-1094 0 28 ) (-1024 0 28 ) (-1024 -93.333336 28 ) 
4 324 331 (-1094 0 28 ) (-1094 -91.454552 28 ) (-1094 -94.727272 32 ) (-1094 0 32 ) 
4 325 361 (-1024 -1024 28 ) (-1024 -1024 1032 ) (-1094 -1024 1032 ) (-1094 -1024 28 ) 
4 325 349 (-1024 -1024 28 ) (-1094 -1024 28 ) (-1094 -128 28 ) (-1024 -128 28 ) 
4 325 333 (-1094 -128 28 ) (-1094 -1024 28 ) (-1094 -1024 1032 ) (-1094 -128 1032 ) 
10 326 335 (-1112 0 167 ) (-1112 0 40 ) (-1112 -100.222221 40 ) (-1112 -108 54 ) (-1112 -108 96 ) (-1112 -100 126 ) (-1112 -86 150 ) (-1112 -60 168 ) (-1112 -32 172 ) (-1112 -4 170 ) 
4 326 330 (-1112 -100.222221 40 ) (-1112 0 40 ) (-1094 0 40 ) (-1094 -100.222221 40 ) 
4 327 329 (-1112 0 187.646301 ) (-1112 -31.997890 182 ) (-1094 -31.997913 182 ) (-1094 0 187.646317 ) 
4 328 332 (-1094 -108 149 ) (-1094 -108 168.588211 ) (-1112 -108 168.588257 ) (-1112 -108 149 ) 
4 328 329 (-1112 -66.001587 175.998978 ) (-1112 -108 168.587494 ) (-1094 -108 168.587494 ) (-1094 -66.001587 175.998978 ) 
4 329 334 (-1112 0 1032 ) (-1112 0 192 ) (-1112 -108 192 ) (-1112 -108 1032 ) 
4 329 332 (-1094 -108 168.588211 ) (-1094 -108 1032 ) (-1112 -108 1032 ) (-1112 -108 168.588257 ) 
5 330 336 (-1112 0 40 ) (-1112 0 32 ) (-1112 -94.727272 32 ) (-1112 -98 36 ) (-1112 -100.222214 40 ) 
4 330 331 (-1112 -94.727272 32 ) (-1112 0 32 ) (-1094 0 32 ) (-1094 -94.727272 32 ) 
4 331 351 (-1112 -91.454544 28 ) (-1112 0 28 ) (-1094 0 28 ) (-1094 -91.454552 28 ) 
4 331 337 (-1112 0 32 ) (-1112 0 28 ) (-1112 -91.454552 28 ) (-1112 -94.727272 32 ) 
4 332 334 (-1112 -128 192 ) (-1112 -128 1032 ) (-1112 -108 1032 ) (-1112 -108 192 ) 
4 332 333 (-1112 -128 1032 ) (-1112 -128 136 ) (-1094 -128 136 ) (-1094 -128 1032 ) 
4 333 361 (-1112 -1024 1032 ) (-1112 -1024 28 ) (-1094 -1024 28 ) (-1094 -1024 1032 ) 
4 333 353 (-1094 -1024 28 ) (-1112 -1024 28 ) (-1112 -128 28 ) (-1094 -128 28 ) 
4 333 338 (-1112 -128 28 ) (-1112 -1024 28 ) (-1112 -1024 192 ) (-1112 -128 192 ) 
4 333 334 (-1112 -1024 192 ) (-1112 -1024 1032 ) (-1112 -128 1032 ) (-1112 -128 192 ) 
4 334 361 (-1368 -1024 1032 ) (-1368 -1024 192 ) (-1112 -1024 192 ) (-1112 -1024 1032 ) 
4 334 346 (-1368 -1024 192 ) (-1368 -1024 1032 ) (-1368 -128 1032 ) (-1368 -128 192 ) 
4 334 343 (-1368 -128 1032 ) (-1368 -108 1032 ) (-1368 -108 192 ) (-1368 -128 192 ) 
4 334 342 (-1368 -108 1032 ) (-1368 0 1032 ) (-1368 0 192 ) (-1368 -108 192 ) 
4 334 338 (-1368 -1024 192 ) (-1368 -128 192 ) (-1112 -128 192 ) (-1112 -1024 192 ) 
10 335 340 (-1368 -60 168 ) (-1368 -32 172 ) (-1368 -4 170 ) (-1368 0 167 ) (-1368 0 40 ) (-1368 -100.222214 40 ) (-1368 -108 54 ) (-1368 -108 96 ) (-1368 -100 126 ) (-1368 -86 150 ) 
4 335 336 (-1368 -102.153847 40 ) (-1368 0 40 ) (-1112 0 40 ) (-1112 -102.153839 40 ) 
5 336 344 (-1368 -100.222214 40 ) (-1368 0 40 ) (-1368 0 32 ) (-1368 -94.727272 32 ) (-1368 -98 36 ) 
4 336 337 (-1368 -96.666664 32 ) (-1368 0 32 ) (-1112 0 32 ) (-1112 -96.666672 32 ) 
4 337 354 (-1368 -93.333328 28 ) (-1368 0 28 ) (-1112 0 28 ) (-1112 -93.333336 28 ) 
4 337 345 (-1368 0 28 ) (-1368 -91.454552 28 ) (-1368 -94.727272 32 ) (-1368 0 32 ) 
4 338 361 (-1368 -1024 192 ) (-1368 -1024 28 ) (-1112 -1024 28 ) (-1112 -1024 192 ) 
4 338 355 (-1112 -1024 28 ) (-1368 -1024 28 ) (-1368 -128 28 ) (-1112 -128 28 ) 
4 338 346 (-1368 -128 28 ) (-1368 -1024 28 ) (-1368 -1024 192 ) (-1368 -128 192 ) 
3 339 347 (-1386 -108 148.941193 ) (-1386 -108 168.588226 ) (-1386 -66.250046 175.955856 ) 
4 339 343 (-1368 -108 148.941193 ) (-1368 -108 168.588226 ) (-1386 -108 168.588196 ) (-1386 -108 148.941177 ) 
4 339 342 (-1386 -66.252800 175.954071 ) (-1386 -108 168.586914 ) (-1368 -108 168.586914 ) (-1368 -66.252823 175.954071 ) 
10 340 347 (-1386 0 167 ) (-1386 0 40 ) (-1386 -100.222221 40 ) (-1386 -108 54 ) (-1386 -108 96 ) (-1386 -100 126 ) (-1386 -86 150 ) (-1386 -60 168 ) (-1386 -32 172 ) (-1386 -4 170 ) 
4 340 344 (-1386 -100.222221 40 ) (-1386 0 40 ) (-1368 0 40 ) (-1368 -100.222221 40 ) 
3 341 347 (-1386 0 187.647034 ) (-1386 0 176.352921 ) (-1386 -32 182 ) 
4 341 342 (-1386 0 187.645752 ) (-1386 -31.996317 182 ) (-1368 -31.996304 182 ) (-1368 0 187.645737 ) 
4 342 347 (-1386 0 1032 ) (-1386 0 187.647034 ) (-1386 -108 168.588226 ) (-1386 -108 1032 ) 
4 342 343 (-1368 -108 168.588226 ) (-1368 -108 1032 ) (-1386 -108 1032 ) (-1386 -108 168.588196 ) 
4 343 347 (-1386 -128 136 ) (-1386 -128 1032 ) (-1386 -108 1032 ) (-1386 -108 148.941162 ) 
4 343 346 (-1386 -128 1032 ) (-1386 -128 136 ) (-1368 -128 136 ) (-1368 -128 1032 ) 
5 344 347 (-1386 0 40 ) (-1386 0 32 ) (-1386 -94.727272 32 ) (-1386 -98 36 ) (-1386 -100.222214 40 ) 
4 344 345 (-1386 -94.727272 32 ) (-1386 0 32 ) (-1368 0 32 ) (-1368 -94.727272 32 ) 
4 345 357 (-1386 -91.454544 28 ) (-1386 0 28 ) (-1368 0 28 ) (-1368 -91.454552 28 ) 
4 345 347 (-1386 0 32 ) (-1386 0 28 ) (-1386 -91.454552 28 ) (-1386 -94.727272 32 ) 
4 346 361 (-1386 -1024 1032 ) (-1386 -1024 28 ) (-1368 -1024 28 ) (-1368 -1024 1032 ) 
4 346 359 (-1368 -1024 28 ) (-1386 -1024 28 ) (-1386 -128 28 ) (-1368 -128 28 ) 
4 346 347 (-1386 -128 28 ) (-1386 -1024 28 ) (-1386 -1024 1032 ) (-1386 -128 1032 ) 
4 347 361 (-1512 -1024 28 ) (-1386 -1024 28 ) (-1386 -1024 1032 ) (-1512 -1024 1032 ) 
4 347 360 (-1386 -1024 28 ) (-1512 -1024 28 ) (-1512 0 28 ) (-1386 0 28 ) 
5 348 351 (-1094 -91.454544 28 ) (-1094 0 28 ) (-1094 0 12.666668 ) (-1094 -32 10 ) (-1094 -80 14 ) 
4 349 361 (-1024 -1024 0 ) (-1024 -1024 28 ) (-1094 -1024 28 ) (-1094 -1024 0 ) 
4 349 353 (-1094 -1024 0 ) (-1094 -1024 28 ) (-1094 -128 28 ) (-1094 -128 0 ) 
4 349 350 (-1094 -1024 0 ) (-1094 -128 0 ) (-1024 -128 0 ) (-1024 -1024 0 ) 
4 350 361 (-1024 -1024 -488 ) (-1024 -1024 0 ) (-1094 -1024 0 ) (-1094 -1024 -488 ) 
4 350 352 (-1094 0 -24 ) (-1094 0 -488 ) (-1094 -128 -488 ) (-1094 -128 -24 ) 
4 350 353 (-1094 -1024 -488 ) (-1094 -1024 0 ) (-1094 -128 0 ) (-1094 -128 -488 ) 
5 351 354 (-1112 -91.454544 28 ) (-1112 0 28 ) (-1112 0 12.666666 ) (-1112 -32 10 ) (-1112 -80 14 ) 
4 352 356 (-1112 0 -24 ) (-1112 0 -488 ) (-1112 -128 -488 ) (-1112 -128 -24 ) 
4 352 353 (-1112 -128 -24 ) (-1112 -128 -488 ) (-1094 -128 -488 ) (-1094 -128 -24 ) 
4 353 361 (-1094 -1024 -488 ) (-1094 -1024 28 ) (-1112 -1024 28 ) (-1112 -1024 -488 ) 
4 353 356 (-1112 -128 0 ) (-1112 -128 -488 ) (-1112 -1024 -488 ) (-1112 -1024 0 ) 
4 353 355 (-1112 -1024 28 ) (-1112 -128 28 ) (-1112 -128 0 ) (-1112 -1024 0 ) 
5 354 357 (-1368 -91.454544 28 ) (-1368 0 28 ) (-1368 0 12.666668 ) (-1368 -32 10 ) (-1368 -80 14 ) 
4 355 361 (-1112 -1024 0 ) (-1112 -1024 28 ) (-1368 -1024 28 ) (-1368 -1024 0 ) 
4 355 359 (-1368 -1024 0 ) (-1368 -1024 28 ) (-1368 -128 28 ) (-1368 -128 0 ) 
4 355 356 (-1368 -1024 0 ) (-1368 -128 0 ) (-1112 -128 0 ) (-1112 -1024 0 ) 
4 356 361 (-1112 -1024 -488 ) (-1112 -1024 0 ) (-1368 -1024 0 ) (-1368 -1024 -488 ) 
4 356 358 (-1368 0 -24 ) (-1368 0 -488 ) (-1368 -128 -488 ) (-1368 -128 -24 ) 
4 356 359 (-1368 -1024 -488 ) (-1368 -1024 0 ) (-1368 -128 0 ) (-1368 -128 -488 ) 
5 357 360 (-1386 -91.454544 28 ) (-1386 0 28 ) (-1386 0 12.666667 ) (-1386 -32 10 ) (-1386 -80 14 ) 
4 358 360 (-1386 0 -24 ) (-1386 0 -488 ) (-1386 -128 -488 ) (-1386 -128 -24 ) 
4 358 359 (-1386 -128 -24 ) (-1386 -128 -488 ) (-1368 -128 -488 ) (-1368 -128 -24 ) 
4 359 361 (-1368 -1024 -488 ) (-1368 -1024 28 ) (-1386 -1024 28 ) (-1386 -1024 -488 ) 
4 359 360 (-1386 -1024 28 ) (-1386 -128 28 ) (-1386 -128 -488 ) (-1386 -1024 -488 ) 
4 360 361 (-1386 -1024 -488 ) (-1386 -1024 28 ) (-1512 -1024 28 ) (-1512 -1024 -488 ) 
