PRT1
39
110
4 0 18 (2016 0 736 ) (1024 0 736 ) (1024 0 -224 ) (2016 0 -224 ) 
4 0 14 (1024 0 -224 ) (1024 0 8 ) (1024 128 8 ) (1024 128 -224 ) 
4 0 9 (1024 0 8 ) (1024 0 112 ) (1024 128 112 ) (1024 128 8 ) 
4 0 5 (1024 128 112 ) (1024 992 112 ) (1024 992 -224 ) (1024 128 -224 ) 
4 0 2 (1024 0 112 ) (1024 0 736 ) (1024 128 736 ) (1024 128 112 ) 
4 0 1 (1024 128 736 ) (1024 992 736 ) (1024 992 112 ) (1024 128 112 ) 
4 1 17 (0 128 736 ) (0 992 736 ) (0 992 112 ) (0 128 112 ) 
4 1 6 (64 992 112 ) (280 992 112 ) (280 136 112 ) (64 136 112 ) 
4 1 5 (280 992 112 ) (1024 992 112 ) (1024 128 112 ) (280 128 112 ) 
4 1 8 (0 128 112 ) (0 992 112 ) (64 992 112 ) (64 128 112 ) 
4 1 3 (280 128 120 ) (280 128 736 ) (64 128 736 ) (64 128 120 ) 
4 1 2 (280 128 112 ) (1024 128 112 ) (1024 128 736 ) (280 128 736 ) 
4 1 4 (0 128 112 ) (64 128 112 ) (64 128 736 ) (0 128 736 ) 
4 2 20 (1024 0 112 ) (1024 0 736 ) (280 0 736 ) (280 0 112 ) 
4 2 9 (1024 0 112 ) (288 0 112 ) (288 128 112 ) (1024 128 112 ) 
4 2 3 (280 128 736 ) (280 128 120 ) (280 0 120 ) (280 0 736 ) 
4 3 21 (280 0 736 ) (64 0 736 ) (64 0 120 ) (280 0 120 ) 
4 3 4 (64 128 736 ) (64 128 120 ) (64 0 120 ) (64 0 736 ) 
4 4 23 (64 0 736 ) (0 0 736 ) (0 0 112 ) (64 0 112 ) 
4 4 17 (0 0 112 ) (0 0 736 ) (0 128 736 ) (0 128 112 ) 
4 4 13 (56 0 112 ) (0 0 112 ) (0 48 112 ) (56 48 112 ) 
4 4 11 (0 48 112 ) (0 128 112 ) (56 128 112 ) (56 48 112 ) 
4 5 14 (1024 128 -224 ) (1024 128 8 ) (280 128 8 ) (280 128 -224 ) 
4 5 9 (1024 128 8 ) (1024 128 112 ) (288 128 112 ) (288 128 8 ) 
4 5 7 (280 136 -224 ) (280 128 -224 ) (280 128 8 ) (280 136 8 ) 
4 5 6 (280 992 112 ) (280 992 -224 ) (280 136 -224 ) (280 136 112 ) 
4 6 7 (64 136 8 ) (64 136 -224 ) (280 136 -224 ) (280 136 8 ) 
4 6 8 (64 992 112 ) (64 992 -224 ) (64 136 -224 ) (64 136 112 ) 
4 7 15 (64 128 0 ) (64 128 -224 ) (280 128 -224 ) (280 128 0 ) 
4 7 8 (64 136 -224 ) (64 128 -224 ) (64 128 8 ) (64 136 8 ) 
4 8 17 (0 128 -224 ) (0 128 112 ) (0 992 112 ) (0 992 -224 ) 
4 8 16 (0 128 8 ) (0 128 -224 ) (64 128 -224 ) (64 128 8 ) 
4 8 11 (56 128 112 ) (0 128 112 ) (0 128 8 ) (56 128 8 ) 
4 9 24 (1024 0 8 ) (1024 0 112 ) (288 0 112 ) (288 0 8 ) 
4 9 14 (1024 0 8 ) (288 0 8 ) (288 128 8 ) (1024 128 8 ) 
4 10 26 (280 0 112 ) (64 0 112 ) (64 0 8 ) (280 0 8 ) 
4 10 12 (64 48 8 ) (64 0 8 ) (64 0 96 ) (64 48 96 ) 
4 11 17 (0 48 112 ) (0 128 112 ) (0 128 8 ) (0 48 8 ) 
4 11 16 (0 48 8 ) (0 128 8 ) (56 128 8 ) (56 48 8 ) 
4 11 13 (0 48 8 ) (56 48 8 ) (56 48 112 ) (0 48 112 ) 
4 12 28 (56 0 96 ) (56 0 8 ) (64 0 8 ) (64 0 96 ) 
4 12 16 (64 0 8 ) (56 0 8 ) (56 48 8 ) (64 48 8 ) 
4 12 13 (56 48 96 ) (56 48 8 ) (56 0 8 ) (56 0 96 ) 
4 13 29 (56 0 112 ) (0 0 112 ) (0 0 8 ) (56 0 8 ) 
4 13 17 (0 0 8 ) (0 0 112 ) (0 48 112 ) (0 48 8 ) 
4 13 16 (56 0 8 ) (0 0 8 ) (0 48 8 ) (56 48 8 ) 
4 14 35 (1024 0 -224 ) (1024 0 0 ) (280 0 0 ) (280 0 -224 ) 
4 14 32 (1024 0 0 ) (1024 0 8 ) (280 0 8 ) (280 0 0 ) 
4 14 15 (280 128 -224 ) (280 0 -224 ) (280 0 0 ) (280 128 0 ) 
4 15 35 (64 0 0 ) (64 0 -224 ) (280 0 -224 ) (280 0 0 ) 
4 15 16 (64 128 -224 ) (64 0 -224 ) (64 0 0 ) (64 128 0 ) 
4 16 35 (0 0 0 ) (0 0 -224 ) (64 0 -224 ) (64 0 0 ) 
4 16 34 (64 0 8 ) (0 0 8 ) (0 0 0 ) (64 0 0 ) 
4 16 17 (0 0 -224 ) (0 0 8 ) (0 128 8 ) (0 128 -224 ) 
4 17 36 (0 0 -224 ) (0 0 736 ) (-992 0 736 ) (-992 0 -224 ) 
4 18 35 (1024 0 0 ) (1024 0 -224 ) (1024 -1024 -224 ) (1024 -1024 0 ) 
4 18 32 (1024 0 8 ) (1024 0 0 ) (1024 -1024 0 ) (1024 -1024 8 ) 
4 18 24 (1024 0 112 ) (1024 0 8 ) (1024 -1024 8 ) (1024 -1024 112 ) 
4 18 20 (1024 0 736 ) (1024 0 112 ) (1024 -1024 112 ) (1024 -1024 736 ) 
4 18 19 (2016 -1024 736 ) (1024 -1024 736 ) (1024 -1024 -224 ) (2016 -1024 -224 ) 
4 19 37 (1024 -2016 736 ) (1024 -1024 736 ) (1024 -1024 -224 ) (1024 -2016 -224 ) 
4 20 37 (1024 -1024 112 ) (1024 -1024 736 ) (280 -1024 736 ) (280 -1024 112 ) 
4 20 25 (288 -1024 112 ) (280 -1024 112 ) (280 -88 112 ) (288 -88 112 ) 
4 20 24 (1024 -1024 112 ) (288 -1024 112 ) (288 0 112 ) (1024 0 112 ) 
4 20 21 (280 -88 120 ) (280 -88 736 ) (280 0 736 ) (280 0 120 ) 
4 20 22 (280 -88 112 ) (280 -1024 112 ) (280 -1024 736 ) (280 -88 736 ) 
4 21 22 (64 -88 736 ) (64 -88 120 ) (280 -88 120 ) (280 -88 736 ) 
4 21 23 (64 -88 120 ) (64 -88 736 ) (64 0 736 ) (64 0 120 ) 
4 22 37 (280 -1024 736 ) (64 -1024 736 ) (64 -1024 112 ) (280 -1024 112 ) 
4 22 27 (280 -1024 112 ) (64 -1024 112 ) (64 -96 112 ) (280 -96 112 ) 
4 22 23 (64 -88 112 ) (64 -1024 112 ) (64 -1024 736 ) (64 -88 736 ) 
4 23 37 (64 -1024 736 ) (0 -1024 736 ) (0 -1024 112 ) (64 -1024 112 ) 
4 23 36 (0 0 736 ) (0 0 112 ) (0 -1024 112 ) (0 -1024 736 ) 
4 23 30 (64 -1024 112 ) (56 -1024 112 ) (56 -88 112 ) (64 -88 112 ) 
4 23 31 (56 -1024 112 ) (0 -1024 112 ) (0 -8 112 ) (56 -8 112 ) 
4 23 29 (0 -8 112 ) (0 0 112 ) (56 0 112 ) (56 -8 112 ) 
4 24 37 (1024 -1024 8 ) (1024 -1024 112 ) (288 -1024 112 ) (288 -1024 8 ) 
4 24 32 (288 0 8 ) (1024 0 8 ) (1024 -1024 8 ) (288 -1024 8 ) 
4 24 25 (288 -88 8 ) (288 -1024 8 ) (288 -1024 112 ) (288 -88 112 ) 
4 25 37 (288 -1024 112 ) (280 -1024 112 ) (280 -1024 8 ) (288 -1024 8 ) 
4 25 32 (288 -88 8 ) (288 -1024 8 ) (280 -1024 8 ) (280 -88 8 ) 
4 25 27 (280 -96 8 ) (280 -1024 8 ) (280 -1024 112 ) (280 -96 112 ) 
4 26 28 (64 0 8 ) (64 -8 8 ) (64 -8 96 ) (64 0 96 ) 
4 27 37 (280 -1024 112 ) (64 -1024 112 ) (64 -1024 8 ) (280 -1024 8 ) 
4 27 33 (280 -96 8 ) (280 -1024 8 ) (64 -1024 8 ) (64 -96 8 ) 
4 27 30 (64 -96 8 ) (64 -1024 8 ) (64 -1024 112 ) (64 -96 112 ) 
4 28 34 (56 0 8 ) (64 0 8 ) (64 -8 8 ) (56 -8 8 ) 
4 28 29 (56 0 8 ) (56 -8 8 ) (56 -8 96 ) (56 0 96 ) 
4 29 36 (0 0 112 ) (0 0 8 ) (0 -8 8 ) (0 -8 112 ) 
4 29 34 (0 -8 8 ) (0 0 8 ) (56 0 8 ) (56 -8 8 ) 
4 29 31 (0 -8 8 ) (56 -8 8 ) (56 -8 112 ) (0 -8 112 ) 
4 30 37 (64 -1024 112 ) (56 -1024 112 ) (56 -1024 8 ) (64 -1024 8 ) 
4 30 34 (64 -88 8 ) (64 -1024 8 ) (56 -1024 8 ) (56 -88 8 ) 
4 30 31 (56 -88 8 ) (56 -1024 8 ) (56 -1024 112 ) (56 -88 112 ) 
4 31 37 (56 -1024 112 ) (0 -1024 112 ) (0 -1024 8 ) (56 -1024 8 ) 
4 31 36 (0 -8 8 ) (0 -1024 8 ) (0 -1024 112 ) (0 -8 112 ) 
4 31 34 (0 -1024 8 ) (0 -8 8 ) (56 -8 8 ) (56 -1024 8 ) 
4 32 37 (1024 -1024 0 ) (1024 -1024 8 ) (280 -1024 8 ) (280 -1024 0 ) 
4 32 35 (1024 -1024 0 ) (280 -1024 0 ) (280 0 0 ) (1024 0 0 ) 
4 32 33 (280 -88 0 ) (280 -1024 0 ) (280 -1024 8 ) (280 -88 8 ) 
4 33 37 (280 -1024 8 ) (64 -1024 8 ) (64 -1024 0 ) (280 -1024 0 ) 
4 33 35 (280 -1024 0 ) (64 -1024 0 ) (64 -88 0 ) (280 -88 0 ) 
4 33 34 (64 -88 0 ) (64 -1024 0 ) (64 -1024 8 ) (64 -88 8 ) 
4 34 37 (64 -1024 8 ) (0 -1024 8 ) (0 -1024 0 ) (64 -1024 0 ) 
4 34 36 (0 0 8 ) (0 0 0 ) (0 -1024 0 ) (0 -1024 8 ) 
4 34 35 (64 -1024 0 ) (0 -1024 0 ) (0 0 0 ) (64 0 0 ) 
4 35 37 (1024 -1024 -224 ) (1024 -1024 0 ) (0 -1024 0 ) (0 -1024 -224 ) 
4 35 36 (0 0 0 ) (0 0 -224 ) (0 -1024 -224 ) (0 -1024 0 ) 
4 36 38 (0 -1024 -224 ) (0 -1024 736 ) (-992 -1024 736 ) (-992 -1024 -224 ) 
4 37 38 (0 -1024 736 ) (0 -1024 -224 ) (0 -2016 -224 ) (0 -2016 736 ) 
