


materialPath: D:\SteamLibrary\steamapps\common\GarrysMod\garrysmod\materials
Loading c:\users\linventif\documents\github\linventif-maps\little maps\ru vs uk\vmf\linv_uk_ru.vmf
fixing up env_cubemap materials on brush sides...
0...1...2...3...4...5...6...7...8...9...100...1...2...3...4...5...6...7...8...9...10Processing areas...done (0)
Building Faces...done (0)
Chop Details...done (0)
Find Visible Detail Sides...
Merged 2 detail faces...done (0)
Merging details...done (0)
FixTjuncs...
PruneNodes...
WriteBSP...
done (0)
writing c:\users\linventif\documents\github\linventif-maps\little maps\ru vs uk\vmf\linv_uk_ru.prt...Building visibility clusters...
done (0)
Creating default LDR cubemaps for env_cubemap using skybox materials:
   skybox/sky_day01_01*.vmt
 ! Run buildcubemaps in the engine to get the correct cube maps.
Creating default HDR cubemaps for env_cubemap using skybox materials:
   skybox/sky_day01_01*.vmt
 ! Run buildcubemaps in the engine to get the correct cube maps.
Finding displacement neighbors...
Finding lightmap sample positions...
Displacement Alpha : 0...1...2...3...4...5...6...7...8...9...10
Building Physics collision data...
WARNING: Map using power 4 displacements, terrain physics cannot be compressed, map will need additional memory and CPU.
done (0) (928482 bytes)
Placing detail props : 0...1...2...3...4...5...6...7...8...9...10
Compacting texture/material tables...
Reduced 42 texinfos to 25
Reduced 4 texdatas to 4 (78 bytes to 78)
Writing c:\users\linventif\documents\github\linventif-maps\little maps\ru vs uk\vmf\linv_uk_ru.bsp
0 seconds elapsed



24 threads
reading c:\users\linventif\documents\github\linventif-maps\little maps\ru vs uk\vmf\linv_uk_ru.bsp
reading c:\users\linventif\documents\github\linventif-maps\little maps\ru vs uk\vmf\linv_uk_ru.prt
  39 portalclusters
 110 numportals
0...1...2...3...4...5...6...7...8...9...100...1...2...3...4...5...6...7...8...9...10Optimized: 0 visible clusters (0.00%)
Total clusters visible: 1371
Average clusters visible: 35
Building PAS...
Average clusters audible: 39
visdatasize:706  compressed from 624
writing c:\users\linventif\documents\github\linventif-maps\little maps\ru vs uk\vmf\linv_uk_ru.bsp
0 seconds elapsed



[Reading texlights from 'lights.rad']
[45 texlights parsed from 'lights.rad']

Loading c:\users\linventif\documents\github\linventif-maps\little maps\ru vs uk\vmf\linv_uk_ru.bsp
PREP OK
82 faces
207796 square feet [29922624.00 square inches]
16 Displacements
29127 Square Feet [4194304.00 Square Inches]
82 patches before subdivision
2348 patches after subdivision
5 direct lights
0...1...2...3...4...5...6...7...8...9...100...1...2...3...4...5...6...7...8...9...10transfers 10990, max 141
transfer lists:   0.1 megs
0...1...2...3...4...5...6...7...8...9...10	Bounce #1 added RGB(190, 188, 154)
0...1...2...3...4...5...6...7...8...9...10	Bounce #2 added RGB(2, 2, 1)
0...1...2...3...4...5...6...7...8...9...10	Bounce #3 added RGB(0, 0, 0)
Build Patch/Sample Hash Table(s).....Done<0.0007 sec>
0...1...2...3...4...5...6...7...8...9...10FinalLightFace Done
0 of 0 (0% of) surface lights went in leaf ambient cubes.
0...1...2...3...4...5...6...7...8...9...10Writing leaf ambient...done
Ready to Finish

Object names       Objects/Maxobjs  Memory / Maxmem  Fullness 
------------       ---------------  ---------------  -------- 
models                   1/4096           48/196608   ( 0.0%) 
brushes                 18/16384         216/196608   ( 0.1%) 
brushsides             108/163840        864/1310720  ( 0.1%) 
planes                  90/65536        1800/1310720  ( 0.1%) 
vertexes               154/65536        1848/786432   ( 0.2%) 
nodes                   99/65536        3168/2097152  ( 0.2%) 
texinfos                25/12288        1800/884736   ( 0.2%) 
texdata                  4/2048          128/65536    ( 0.2%) 
dispinfos               16/0            2816/0        ( 0.0%) 
disp_verts            4624/0           92480/0        ( 0.0%) 
disp_tris             8192/0           16384/0        ( 0.0%) 
disp_lmsamples       83248/0           83248/0        ( 0.0%) 
faces                   82/65536        4592/3670016  ( 0.1%) 
hdr faces                0/65536           0/3670016  ( 0.0%) 
origfaces               51/65536        2856/3670016  ( 0.1%) 
leaves                 101/65536        3232/2097152  ( 0.2%) 
leaffaces              101/65536         202/131072   ( 0.2%) 
leafbrushes             60/65536         120/131072   ( 0.1%) 
areas                    2/1024           16/8192     ( 0.2%) 
surfedges              566/512000       2264/2048000  ( 0.1%) 
edges                  346/256000       1384/1024000  ( 0.1%) 
LDR worldlights          5/8192          440/720896   ( 0.1%) 
HDR worldlights          0/8192            0/720896   ( 0.0%) 
leafwaterdata            0/32768           0/393216   ( 0.0%) 
waterstrips              6/32768          60/327680   ( 0.0%) 
waterverts               0/65536           0/786432   ( 0.0%) 
waterindices            87/65536         174/131072   ( 0.1%) 
cubemapsamples           0/1024            0/16384    ( 0.0%) 
overlays                 0/1024            0/360448   ( 0.0%) 
LDR lightdata         [variable]       95008/0        ( 0.0%) 
HDR lightdata         [variable]           0/0        ( 0.0%) 
visdata               [variable]         706/16777216 ( 0.0%) 
entdata               [variable]        1961/393216   ( 0.5%) 
LDR ambient table      101/65536         404/262144   ( 0.2%) 
HDR ambient table      101/65536         404/262144   ( 0.2%) 
LDR leaf ambient       435/65536       12180/1835008  ( 0.7%) 
HDR leaf ambient       101/65536        2828/1835008  ( 0.2%) 
occluders                0/0               0/0        ( 0.0%) 
occluder polygons        0/0               0/0        ( 0.0%) 
occluder vert ind        0/0               0/0        ( 0.0%) 
detail props          [variable]           1/12       ( 8.3%) 
static props          [variable]           1/1252     ( 0.1%) 
pakfile               [variable]      105671/0        ( 0.0%) 
physics               [variable]      928482/4194304  (22.1%) 
physics terrain       [variable]           0/1048576  ( 0.0%) 

Level flags = 0

Total triangle count: 198
Writing c:\users\linventif\documents\github\linventif-maps\little maps\ru vs uk\vmf\linv_uk_ru.bsp
0 seconds elapsed



[Reading texlights from 'lights.rad']
[45 texlights parsed from 'lights.rad']

Loading c:\users\linventif\documents\github\linventif-maps\little maps\ru vs uk\vmf\linv_uk_ru.bsp
PREP OK
82 faces
207796 square feet [29922624.00 square inches]
16 Displacements
29127 Square Feet [4194304.00 Square Inches]
82 patches before subdivision
2348 patches after subdivision
5 direct lights
0...1...2...3...4...5...6...7...8...9...100...1...2...3...4...5...6...7...8...9...10transfers 10990, max 141
transfer lists:   0.1 megs
0...1...2...3...4...5...6...7...8...9...10	Bounce #1 added RGB(190, 188, 154)
0...1...2...3...4...5...6...7...8...9...10	Bounce #2 added RGB(2, 2, 1)
0...1...2...3...4...5...6...7...8...9...10	Bounce #3 added RGB(0, 0, 0)
Build Patch/Sample Hash Table(s).....Done<0.0007 sec>
0...1...2...3...4...5...6...7...8...9...10FinalLightFace Done
0 of 0 (0% of) surface lights went in leaf ambient cubes.
0...1...2...3...4...5...6...7...8...9...10Writing leaf ambient...done
Ready to Finish

Object names       Objects/Maxobjs  Memory / Maxmem  Fullness 
------------       ---------------  ---------------  -------- 
models                   1/4096           48/196608   ( 0.0%) 
brushes                 18/16384         216/196608   ( 0.1%) 
brushsides             108/163840        864/1310720  ( 0.1%) 
planes                  90/65536        1800/1310720  ( 0.1%) 
vertexes               154/65536        1848/786432   ( 0.2%) 
nodes                   99/65536        3168/2097152  ( 0.2%) 
texinfos                25/12288        1800/884736   ( 0.2%) 
texdata                  4/2048          128/65536    ( 0.2%) 
dispinfos               16/0            2816/0        ( 0.0%) 
disp_verts            4624/0           92480/0        ( 0.0%) 
disp_tris             8192/0           16384/0        ( 0.0%) 
disp_lmsamples       83248/0           83248/0        ( 0.0%) 
faces                   82/65536        4592/3670016  ( 0.1%) 
hdr faces               82/65536        4592/3670016  ( 0.1%) 
origfaces               51/65536        2856/3670016  ( 0.1%) 
leaves                 101/65536        3232/2097152  ( 0.2%) 
leaffaces              101/65536         202/131072   ( 0.2%) 
leafbrushes             60/65536         120/131072   ( 0.1%) 
areas                    2/1024           16/8192     ( 0.2%) 
surfedges              566/512000       2264/2048000  ( 0.1%) 
edges                  346/256000       1384/1024000  ( 0.1%) 
LDR worldlights          5/8192          440/720896   ( 0.1%) 
HDR worldlights          5/8192          440/720896   ( 0.1%) 
leafwaterdata            0/32768           0/393216   ( 0.0%) 
waterstrips              6/32768          60/327680   ( 0.0%) 
waterverts               0/65536           0/786432   ( 0.0%) 
waterindices            87/65536         174/131072   ( 0.1%) 
cubemapsamples           0/1024            0/16384    ( 0.0%) 
overlays                 0/1024            0/360448   ( 0.0%) 
LDR lightdata         [variable]       95008/0        ( 0.0%) 
HDR lightdata         [variable]       95008/0        ( 0.0%) 
visdata               [variable]         706/16777216 ( 0.0%) 
entdata               [variable]        1961/393216   ( 0.5%) 
LDR ambient table      101/65536         404/262144   ( 0.2%) 
HDR ambient table      101/65536         404/262144   ( 0.2%) 
LDR leaf ambient       435/65536       12180/1835008  ( 0.7%) 
HDR leaf ambient       435/65536       12180/1835008  ( 0.7%) 
occluders                0/0               0/0        ( 0.0%) 
occluder polygons        0/0               0/0        ( 0.0%) 
occluder vert ind        0/0               0/0        ( 0.0%) 
detail props          [variable]           1/12       ( 8.3%) 
static props          [variable]           1/1252     ( 0.1%) 
pakfile               [variable]      105671/0        ( 0.0%) 
physics               [variable]      928482/4194304  (22.1%) 
physics terrain       [variable]           0/1048576  ( 0.0%) 

Level flags = 0

Total triangle count: 198
Writing c:\users\linventif\documents\github\linventif-maps\little maps\ru vs uk\vmf\linv_uk_ru.bsp
1 second elapsed



materialPath: D:\SteamLibrary\steamapps\common\GarrysMod\garrysmod\materials
Loading c:\users\linventif\documents\github\linventif-maps\little maps\ru vs uk\vmf\linv_uk_ru.vmf
fixing up env_cubemap materials on brush sides...
0...1...2...3...4...5...6...7...8...9...100...1...2...3...4...5...6...7...8...9...10Processing areas...done (0)
Building Faces...done (0)
Chop Details...done (0)
Find Visible Detail Sides...
Merged 2 detail faces...done (0)
Merging details...done (0)
FixTjuncs...
PruneNodes...
WriteBSP...
done (0)
writing c:\users\linventif\documents\github\linventif-maps\little maps\ru vs uk\vmf\linv_uk_ru.prt...Building visibility clusters...
done (0)
Creating default LDR cubemaps for env_cubemap using skybox materials:
   skybox/sky_day01_01*.vmt
 ! Run buildcubemaps in the engine to get the correct cube maps.
Creating default HDR cubemaps for env_cubemap using skybox materials:
   skybox/sky_day01_01*.vmt
 ! Run buildcubemaps in the engine to get the correct cube maps.
Finding displacement neighbors...
Finding lightmap sample positions...
Displacement Alpha : 0...1...2...3...4...5...6...7...8...9...10
Building Physics collision data...
WARNING: Map using power 4 displacements, terrain physics cannot be compressed, map will need additional memory and CPU.
done (0) (928482 bytes)
Placing detail props : 0...1...2...3...4...5...6...7...8...9...10
Compacting texture/material tables...
Reduced 42 texinfos to 25
Reduced 4 texdatas to 4 (78 bytes to 78)
Writing c:\users\linventif\documents\github\linventif-maps\little maps\ru vs uk\vmf\linv_uk_ru.bsp
0 seconds elapsed



24 threads
reading c:\users\linventif\documents\github\linventif-maps\little maps\ru vs uk\vmf\linv_uk_ru.bsp
reading c:\users\linventif\documents\github\linventif-maps\little maps\ru vs uk\vmf\linv_uk_ru.prt
  39 portalclusters
 110 numportals
0...1...2...3...4...5...6...7...8...9...100...1...2...3...4...5...6...7...8...9...10Optimized: 0 visible clusters (0.00%)
Total clusters visible: 1371
Average clusters visible: 35
Building PAS...
Average clusters audible: 39
visdatasize:706  compressed from 624
writing c:\users\linventif\documents\github\linventif-maps\little maps\ru vs uk\vmf\linv_uk_ru.bsp
0 seconds elapsed



[Reading texlights from 'lights.rad']
[45 texlights parsed from 'lights.rad']

Loading c:\users\linventif\documents\github\linventif-maps\little maps\ru vs uk\vmf\linv_uk_ru.bsp
PREP OK
82 faces
207796 square feet [29922624.00 square inches]
16 Displacements
29127 Square Feet [4194304.00 Square Inches]
82 patches before subdivision
2348 patches after subdivision
4 direct lights
0...1...2...3...4...5...6...7...8...9...100...1...2...3...4...5...6...7...8...9...10transfers 10990, max 141
transfer lists:   0.1 megs
0...1...2...3...4...5...6...7...8...9...10	Bounce #1 added RGB(190, 188, 154)
0...1...2...3...4...5...6...7...8...9...10	Bounce #2 added RGB(2, 2, 1)
0...1...2...3...4...5...6...7...8...9...10	Bounce #3 added RGB(0, 0, 0)
Build Patch/Sample Hash Table(s).....Done<0.0007 sec>
0...1...2...3...4...5...6...7...8...9...10FinalLightFace Done
0 of 0 (0% of) surface lights went in leaf ambient cubes.
0...1...2...3...4...5...6...7...8...9...10Writing leaf ambient...done
Ready to Finish

Object names       Objects/Maxobjs  Memory / Maxmem  Fullness 
------------       ---------------  ---------------  -------- 
models                   1/4096           48/196608   ( 0.0%) 
brushes                 18/16384         216/196608   ( 0.1%) 
brushsides             108/163840        864/1310720  ( 0.1%) 
planes                  90/65536        1800/1310720  ( 0.1%) 
vertexes               154/65536        1848/786432   ( 0.2%) 
nodes                   99/65536        3168/2097152  ( 0.2%) 
texinfos                25/12288        1800/884736   ( 0.2%) 
texdata                  4/2048          128/65536    ( 0.2%) 
dispinfos               16/0            2816/0        ( 0.0%) 
disp_verts            4624/0           92480/0        ( 0.0%) 
disp_tris             8192/0           16384/0        ( 0.0%) 
disp_lmsamples       83248/0           83248/0        ( 0.0%) 
faces                   82/65536        4592/3670016  ( 0.1%) 
hdr faces                0/65536           0/3670016  ( 0.0%) 
origfaces               51/65536        2856/3670016  ( 0.1%) 
leaves                 101/65536        3232/2097152  ( 0.2%) 
leaffaces              101/65536         202/131072   ( 0.2%) 
leafbrushes             60/65536         120/131072   ( 0.1%) 
areas                    2/1024           16/8192     ( 0.2%) 
surfedges              566/512000       2264/2048000  ( 0.1%) 
edges                  346/256000       1384/1024000  ( 0.1%) 
LDR worldlights          4/8192          352/720896   ( 0.0%) 
HDR worldlights          0/8192            0/720896   ( 0.0%) 
leafwaterdata            0/32768           0/393216   ( 0.0%) 
waterstrips              6/32768          60/327680   ( 0.0%) 
waterverts               0/65536           0/786432   ( 0.0%) 
waterindices            87/65536         174/131072   ( 0.1%) 
cubemapsamples           0/1024            0/16384    ( 0.0%) 
overlays                 0/1024            0/360448   ( 0.0%) 
LDR lightdata         [variable]       95008/0        ( 0.0%) 
HDR lightdata         [variable]           0/0        ( 0.0%) 
visdata               [variable]         706/16777216 ( 0.0%) 
entdata               [variable]        1694/393216   ( 0.4%) 
LDR ambient table      101/65536         404/262144   ( 0.2%) 
HDR ambient table      101/65536         404/262144   ( 0.2%) 
LDR leaf ambient       435/65536       12180/1835008  ( 0.7%) 
HDR leaf ambient       101/65536        2828/1835008  ( 0.2%) 
occluders                0/0               0/0        ( 0.0%) 
occluder polygons        0/0               0/0        ( 0.0%) 
occluder vert ind        0/0               0/0        ( 0.0%) 
detail props          [variable]           1/12       ( 8.3%) 
static props          [variable]           1/1186     ( 0.1%) 
pakfile               [variable]      105671/0        ( 0.0%) 
physics               [variable]      928482/4194304  (22.1%) 
physics terrain       [variable]           0/1048576  ( 0.0%) 

Level flags = 0

Total triangle count: 198
Writing c:\users\linventif\documents\github\linventif-maps\little maps\ru vs uk\vmf\linv_uk_ru.bsp
0 seconds elapsed



[Reading texlights from 'lights.rad']
[45 texlights parsed from 'lights.rad']

Loading c:\users\linventif\documents\github\linventif-maps\little maps\ru vs uk\vmf\linv_uk_ru.bsp
PREP OK
82 faces
207796 square feet [29922624.00 square inches]
16 Displacements
29127 Square Feet [4194304.00 Square Inches]
82 patches before subdivision
2348 patches after subdivision
4 direct lights
0...1...2...3...4...5...6...7...8...9...100...1...2...3...4...5...6...7...8...9...10transfers 10990, max 141
transfer lists:   0.1 megs
0...1...2...3...4...5...6...7...8...9...10	Bounce #1 added RGB(190, 188, 154)
0...1...2...3...4...5...6...7...8...9...10	Bounce #2 added RGB(2, 2, 1)
0...1...2...3...4...5...6...7...8...9...10	Bounce #3 added RGB(0, 0, 0)
Build Patch/Sample Hash Table(s).....Done<0.0008 sec>
0...1...2...3...4...5...6...7...8...9...10FinalLightFace Done
0 of 0 (0% of) surface lights went in leaf ambient cubes.
0...1...2...3...4...5...6...7...8...9...10Writing leaf ambient...done
Ready to Finish

Object names       Objects/Maxobjs  Memory / Maxmem  Fullness 
------------       ---------------  ---------------  -------- 
models                   1/4096           48/196608   ( 0.0%) 
brushes                 18/16384         216/196608   ( 0.1%) 
brushsides             108/163840        864/1310720  ( 0.1%) 
planes                  90/65536        1800/1310720  ( 0.1%) 
vertexes               154/65536        1848/786432   ( 0.2%) 
nodes                   99/65536        3168/2097152  ( 0.2%) 
texinfos                25/12288        1800/884736   ( 0.2%) 
texdata                  4/2048          128/65536    ( 0.2%) 
dispinfos               16/0            2816/0        ( 0.0%) 
disp_verts            4624/0           92480/0        ( 0.0%) 
disp_tris             8192/0           16384/0        ( 0.0%) 
disp_lmsamples       83248/0           83248/0        ( 0.0%) 
faces                   82/65536        4592/3670016  ( 0.1%) 
hdr faces               82/65536        4592/3670016  ( 0.1%) 
origfaces               51/65536        2856/3670016  ( 0.1%) 
leaves                 101/65536        3232/2097152  ( 0.2%) 
leaffaces              101/65536         202/131072   ( 0.2%) 
leafbrushes             60/65536         120/131072   ( 0.1%) 
areas                    2/1024           16/8192     ( 0.2%) 
surfedges              566/512000       2264/2048000  ( 0.1%) 
edges                  346/256000       1384/1024000  ( 0.1%) 
LDR worldlights          4/8192          352/720896   ( 0.0%) 
HDR worldlights          4/8192          352/720896   ( 0.0%) 
leafwaterdata            0/32768           0/393216   ( 0.0%) 
waterstrips              6/32768          60/327680   ( 0.0%) 
waterverts               0/65536           0/786432   ( 0.0%) 
waterindices            87/65536         174/131072   ( 0.1%) 
cubemapsamples           0/1024            0/16384    ( 0.0%) 
overlays                 0/1024            0/360448   ( 0.0%) 
LDR lightdata         [variable]       95008/0        ( 0.0%) 
HDR lightdata         [variable]       95008/0        ( 0.0%) 
visdata               [variable]         706/16777216 ( 0.0%) 
entdata               [variable]        1694/393216   ( 0.4%) 
LDR ambient table      101/65536         404/262144   ( 0.2%) 
HDR ambient table      101/65536         404/262144   ( 0.2%) 
LDR leaf ambient       435/65536       12180/1835008  ( 0.7%) 
HDR leaf ambient       435/65536       12180/1835008  ( 0.7%) 
occluders                0/0               0/0        ( 0.0%) 
occluder polygons        0/0               0/0        ( 0.0%) 
occluder vert ind        0/0               0/0        ( 0.0%) 
detail props          [variable]           1/12       ( 8.3%) 
static props          [variable]           1/1186     ( 0.1%) 
pakfile               [variable]      105671/0        ( 0.0%) 
physics               [variable]      928482/4194304  (22.1%) 
physics terrain       [variable]           0/1048576  ( 0.0%) 

Level flags = 0

Total triangle count: 198
Writing c:\users\linventif\documents\github\linventif-maps\little maps\ru vs uk\vmf\linv_uk_ru.bsp
1 second elapsed



materialPath: D:\SteamLibrary\steamapps\common\GarrysMod\garrysmod\materials
Loading c:\users\linventif\documents\github\linventif-maps\little maps\ru vs uk\vmf\linv_uk_ru.vmf
fixing up env_cubemap materials on brush sides...
0...1...2...3...4...5...6...7...8...9...100...1...2...3...4...5...6...7...8...9...10Processing areas...done (0)
Building Faces...done (0)
Chop Details...done (0)
Find Visible Detail Sides...
Merged 2 detail faces...done (0)
Merging details...done (0)
FixTjuncs...
PruneNodes...
WriteBSP...
done (0)
writing c:\users\linventif\documents\github\linventif-maps\little maps\ru vs uk\vmf\linv_uk_ru.prt...Building visibility clusters...
done (0)
Creating default LDR cubemaps for env_cubemap using skybox materials:
   skybox/sky_day01_01*.vmt
 ! Run buildcubemaps in the engine to get the correct cube maps.
Creating default HDR cubemaps for env_cubemap using skybox materials:
   skybox/sky_day01_01*.vmt
 ! Run buildcubemaps in the engine to get the correct cube maps.
Finding displacement neighbors...
Finding lightmap sample positions...
Displacement Alpha : 0...1...2...3...4...5...6...7...8...9...10
Building Physics collision data...
WARNING: Map using power 4 displacements, terrain physics cannot be compressed, map will need additional memory and CPU.
done (0) (928482 bytes)
Placing detail props : 0...1...2...3...4...5...6...7...8...9...10
Compacting texture/material tables...
Reduced 42 texinfos to 25
Reduced 4 texdatas to 4 (78 bytes to 78)
Writing c:\users\linventif\documents\github\linventif-maps\little maps\ru vs uk\vmf\linv_uk_ru.bsp
0 seconds elapsed



24 threads
reading c:\users\linventif\documents\github\linventif-maps\little maps\ru vs uk\vmf\linv_uk_ru.bsp
reading c:\users\linventif\documents\github\linventif-maps\little maps\ru vs uk\vmf\linv_uk_ru.prt
  39 portalclusters
 110 numportals
0...1...2...3...4...5...6...7...8...9...100...1...2...3...4...5...6...7...8...9...10Optimized: 0 visible clusters (0.00%)
Total clusters visible: 1371
Average clusters visible: 35
Building PAS...
Average clusters audible: 39
visdatasize:706  compressed from 624
writing c:\users\linventif\documents\github\linventif-maps\little maps\ru vs uk\vmf\linv_uk_ru.bsp
0 seconds elapsed



[Reading texlights from 'lights.rad']
[45 texlights parsed from 'lights.rad']

Loading c:\users\linventif\documents\github\linventif-maps\little maps\ru vs uk\vmf\linv_uk_ru.bsp
PREP OK
82 faces
207796 square feet [29922624.00 square inches]
16 Displacements
29127 Square Feet [4194304.00 Square Inches]
82 patches before subdivision
2348 patches after subdivision
4 direct lights
0...1...2...3...4...5...6...7...8...9...100...1...2...3...4...5...6...7...8...9...10transfers 10990, max 141
transfer lists:   0.1 megs
0...1...2...3...4...5...6...7...8...9...10	Bounce #1 added RGB(190, 188, 154)
0...1...2...3...4...5...6...7...8...9...10	Bounce #2 added RGB(2, 2, 1)
0...1...2...3...4...5...6...7...8...9...10	Bounce #3 added RGB(0, 0, 0)
Build Patch/Sample Hash Table(s).....Done<0.0007 sec>
0...1...2...3...4...5...6...7...8...9...10FinalLightFace Done
0 of 0 (0% of) surface lights went in leaf ambient cubes.
0...1...2...3...4...5...6...7...8...9...10Writing leaf ambient...done
Ready to Finish

Object names       Objects/Maxobjs  Memory / Maxmem  Fullness 
------------       ---------------  ---------------  -------- 
models                   1/4096           48/196608   ( 0.0%) 
brushes                 18/16384         216/196608   ( 0.1%) 
brushsides             108/163840        864/1310720  ( 0.1%) 
planes                  90/65536        1800/1310720  ( 0.1%) 
vertexes               154/65536        1848/786432   ( 0.2%) 
nodes                   99/65536        3168/2097152  ( 0.2%) 
texinfos                25/12288        1800/884736   ( 0.2%) 
texdata                  4/2048          128/65536    ( 0.2%) 
dispinfos               16/0            2816/0        ( 0.0%) 
disp_verts            4624/0           92480/0        ( 0.0%) 
disp_tris             8192/0           16384/0        ( 0.0%) 
disp_lmsamples       83248/0           83248/0        ( 0.0%) 
faces                   82/65536        4592/3670016  ( 0.1%) 
hdr faces                0/65536           0/3670016  ( 0.0%) 
origfaces               51/65536        2856/3670016  ( 0.1%) 
leaves                 101/65536        3232/2097152  ( 0.2%) 
leaffaces              101/65536         202/131072   ( 0.2%) 
leafbrushes             60/65536         120/131072   ( 0.1%) 
areas                    2/1024           16/8192     ( 0.2%) 
surfedges              566/512000       2264/2048000  ( 0.1%) 
edges                  346/256000       1384/1024000  ( 0.1%) 
LDR worldlights          4/8192          352/720896   ( 0.0%) 
HDR worldlights          0/8192            0/720896   ( 0.0%) 
leafwaterdata            0/32768           0/393216   ( 0.0%) 
waterstrips              6/32768          60/327680   ( 0.0%) 
waterverts               0/65536           0/786432   ( 0.0%) 
waterindices            87/65536         174/131072   ( 0.1%) 
cubemapsamples           0/1024            0/16384    ( 0.0%) 
overlays                 0/1024            0/360448   ( 0.0%) 
LDR lightdata         [variable]       95008/0        ( 0.0%) 
HDR lightdata         [variable]           0/0        ( 0.0%) 
visdata               [variable]         706/16777216 ( 0.0%) 
entdata               [variable]        1693/393216   ( 0.4%) 
LDR ambient table      101/65536         404/262144   ( 0.2%) 
HDR ambient table      101/65536         404/262144   ( 0.2%) 
LDR leaf ambient       435/65536       12180/1835008  ( 0.7%) 
HDR leaf ambient       101/65536        2828/1835008  ( 0.2%) 
occluders                0/0               0/0        ( 0.0%) 
occluder polygons        0/0               0/0        ( 0.0%) 
occluder vert ind        0/0               0/0        ( 0.0%) 
detail props          [variable]           1/12       ( 8.3%) 
static props          [variable]           1/1186     ( 0.1%) 
pakfile               [variable]      105671/0        ( 0.0%) 
physics               [variable]      928482/4194304  (22.1%) 
physics terrain       [variable]           0/1048576  ( 0.0%) 

Level flags = 0

Total triangle count: 198
Writing c:\users\linventif\documents\github\linventif-maps\little maps\ru vs uk\vmf\linv_uk_ru.bsp
0 seconds elapsed



[Reading texlights from 'lights.rad']
[45 texlights parsed from 'lights.rad']

Loading c:\users\linventif\documents\github\linventif-maps\little maps\ru vs uk\vmf\linv_uk_ru.bsp
PREP OK
82 faces
207796 square feet [29922624.00 square inches]
16 Displacements
29127 Square Feet [4194304.00 Square Inches]
82 patches before subdivision
2348 patches after subdivision
4 direct lights
0...1...2...3...4...5...6...7...8...9...100...1...2...3...4...5...6...7...8...9...10transfers 10990, max 141
transfer lists:   0.1 megs
0...1...2...3...4...5...6...7...8...9...10	Bounce #1 added RGB(190, 188, 154)
0...1...2...3...4...5...6...7...8...9...10	Bounce #2 added RGB(2, 2, 1)
0...1...2...3...4...5...6...7...8...9...10	Bounce #3 added RGB(0, 0, 0)
Build Patch/Sample Hash Table(s).....Done<0.0007 sec>
0...1...2...3...4...5...6...7...8...9...10FinalLightFace Done
0 of 0 (0% of) surface lights went in leaf ambient cubes.
0...1...2...3...4...5...6...7...8...9...10Writing leaf ambient...done
Ready to Finish

Object names       Objects/Maxobjs  Memory / Maxmem  Fullness 
------------       ---------------  ---------------  -------- 
models                   1/4096           48/196608   ( 0.0%) 
brushes                 18/16384         216/196608   ( 0.1%) 
brushsides             108/163840        864/1310720  ( 0.1%) 
planes                  90/65536        1800/1310720  ( 0.1%) 
vertexes               154/65536        1848/786432   ( 0.2%) 
nodes                   99/65536        3168/2097152  ( 0.2%) 
texinfos                25/12288        1800/884736   ( 0.2%) 
texdata                  4/2048          128/65536    ( 0.2%) 
dispinfos               16/0            2816/0        ( 0.0%) 
disp_verts            4624/0           92480/0        ( 0.0%) 
disp_tris             8192/0           16384/0        ( 0.0%) 
disp_lmsamples       83248/0           83248/0        ( 0.0%) 
faces                   82/65536        4592/3670016  ( 0.1%) 
hdr faces               82/65536        4592/3670016  ( 0.1%) 
origfaces               51/65536        2856/3670016  ( 0.1%) 
leaves                 101/65536        3232/2097152  ( 0.2%) 
leaffaces              101/65536         202/131072   ( 0.2%) 
leafbrushes             60/65536         120/131072   ( 0.1%) 
areas                    2/1024           16/8192     ( 0.2%) 
surfedges              566/512000       2264/2048000  ( 0.1%) 
edges                  346/256000       1384/1024000  ( 0.1%) 
LDR worldlights          4/8192          352/720896   ( 0.0%) 
HDR worldlights          4/8192          352/720896   ( 0.0%) 
leafwaterdata            0/32768           0/393216   ( 0.0%) 
waterstrips              6/32768          60/327680   ( 0.0%) 
waterverts               0/65536           0/786432   ( 0.0%) 
waterindices            87/65536         174/131072   ( 0.1%) 
cubemapsamples           0/1024            0/16384    ( 0.0%) 
overlays                 0/1024            0/360448   ( 0.0%) 
LDR lightdata         [variable]       95008/0        ( 0.0%) 
HDR lightdata         [variable]       95008/0        ( 0.0%) 
visdata               [variable]         706/16777216 ( 0.0%) 
entdata               [variable]        1693/393216   ( 0.4%) 
LDR ambient table      101/65536         404/262144   ( 0.2%) 
HDR ambient table      101/65536         404/262144   ( 0.2%) 
LDR leaf ambient       435/65536       12180/1835008  ( 0.7%) 
HDR leaf ambient       435/65536       12180/1835008  ( 0.7%) 
occluders                0/0               0/0        ( 0.0%) 
occluder polygons        0/0               0/0        ( 0.0%) 
occluder vert ind        0/0               0/0        ( 0.0%) 
detail props          [variable]           1/12       ( 8.3%) 
static props          [variable]           1/1186     ( 0.1%) 
pakfile               [variable]      105671/0        ( 0.0%) 
physics               [variable]      928482/4194304  (22.1%) 
physics terrain       [variable]           0/1048576  ( 0.0%) 

Level flags = 0

Total triangle count: 198
Writing c:\users\linventif\documents\github\linventif-maps\little maps\ru vs uk\vmf\linv_uk_ru.bsp
1 second elapsed



materialPath: D:\SteamLibrary\steamapps\common\GarrysMod\garrysmod\materials
Loading c:\users\linventif\documents\github\linventif-maps\little maps\ru vs uk\vmf\linv_uk_ru.vmf
fixing up env_cubemap materials on brush sides...
0...1...2...3...4...5...6...7...8...9...100...1...2...3...4...5...6...7...8...9...10Processing areas...done (0)
Building Faces...done (0)
Chop Details...done (0)
Find Visible Detail Sides...
Merged 2 detail faces...done (0)
Merging details...done (0)
FixTjuncs...
PruneNodes...
WriteBSP...
done (0)
writing c:\users\linventif\documents\github\linventif-maps\little maps\ru vs uk\vmf\linv_uk_ru.prt...Building visibility clusters...
done (0)
Creating default LDR cubemaps for env_cubemap using skybox materials:
   skybox/sky_day01_01*.vmt
 ! Run buildcubemaps in the engine to get the correct cube maps.
Creating default HDR cubemaps for env_cubemap using skybox materials:
   skybox/sky_day01_01*.vmt
 ! Run buildcubemaps in the engine to get the correct cube maps.
Finding displacement neighbors...
Finding lightmap sample positions...
Displacement Alpha : 0...1...2...3...4...5...6...7...8...9...10
Building Physics collision data...
WARNING: Map using power 4 displacements, terrain physics cannot be compressed, map will need additional memory and CPU.
done (0) (928482 bytes)
Placing detail props : 0...1...2...3...4...5...6...7...8...9...10
Compacting texture/material tables...
Reduced 42 texinfos to 25
Reduced 4 texdatas to 4 (78 bytes to 78)
Writing c:\users\linventif\documents\github\linventif-maps\little maps\ru vs uk\vmf\linv_uk_ru.bsp
0 seconds elapsed



24 threads
reading c:\users\linventif\documents\github\linventif-maps\little maps\ru vs uk\vmf\linv_uk_ru.bsp
reading c:\users\linventif\documents\github\linventif-maps\little maps\ru vs uk\vmf\linv_uk_ru.prt
  39 portalclusters
 110 numportals
0...1...2...3...4...5...6...7...8...9...100...1...2...3...4...5...6...7...8...9...10Optimized: 0 visible clusters (0.00%)
Total clusters visible: 1371
Average clusters visible: 35
Building PAS...
Average clusters audible: 39
visdatasize:706  compressed from 624
writing c:\users\linventif\documents\github\linventif-maps\little maps\ru vs uk\vmf\linv_uk_ru.bsp
0 seconds elapsed



[Reading texlights from 'lights.rad']
[45 texlights parsed from 'lights.rad']

Loading c:\users\linventif\documents\github\linventif-maps\little maps\ru vs uk\vmf\linv_uk_ru.bsp
PREP OK
82 faces
207796 square feet [29922624.00 square inches]
16 Displacements
29127 Square Feet [4194304.00 Square Inches]
82 patches before subdivision
2348 patches after subdivision
4 direct lights
0...1...2...3...4...5...6...7...8...9...100...1...2...3...4...5...6...7...8...9...10transfers 10990, max 141
transfer lists:   0.1 megs
0...1...2...3...4...5...6...7...8...9...10	Bounce #1 added RGB(190, 188, 154)
0...1...2...3...4...5...6...7...8...9...10	Bounce #2 added RGB(2, 2, 1)
0...1...2...3...4...5...6...7...8...9...10	Bounce #3 added RGB(0, 0, 0)
Build Patch/Sample Hash Table(s).....Done<0.0007 sec>
0...1...2...3...4...5...6...7...8...9...10FinalLightFace Done
0 of 0 (0% of) surface lights went in leaf ambient cubes.
0...1...2...3...4...5...6...7...8...9...10Writing leaf ambient...done
Ready to Finish

Object names       Objects/Maxobjs  Memory / Maxmem  Fullness 
------------       ---------------  ---------------  -------- 
models                   1/4096           48/196608   ( 0.0%) 
brushes                 18/16384         216/196608   ( 0.1%) 
brushsides             108/163840        864/1310720  ( 0.1%) 
planes                  90/65536        1800/1310720  ( 0.1%) 
vertexes               154/65536        1848/786432   ( 0.2%) 
nodes                   99/65536        3168/2097152  ( 0.2%) 
texinfos                25/12288        1800/884736   ( 0.2%) 
texdata                  4/2048          128/65536    ( 0.2%) 
dispinfos               16/0            2816/0        ( 0.0%) 
disp_verts            4624/0           92480/0        ( 0.0%) 
disp_tris             8192/0           16384/0        ( 0.0%) 
disp_lmsamples       83248/0           83248/0        ( 0.0%) 
faces                   82/65536        4592/3670016  ( 0.1%) 
hdr faces                0/65536           0/3670016  ( 0.0%) 
origfaces               51/65536        2856/3670016  ( 0.1%) 
leaves                 101/65536        3232/2097152  ( 0.2%) 
leaffaces              101/65536         202/131072   ( 0.2%) 
leafbrushes             60/65536         120/131072   ( 0.1%) 
areas                    2/1024           16/8192     ( 0.2%) 
surfedges              566/512000       2264/2048000  ( 0.1%) 
edges                  346/256000       1384/1024000  ( 0.1%) 
LDR worldlights          4/8192          352/720896   ( 0.0%) 
HDR worldlights          0/8192            0/720896   ( 0.0%) 
leafwaterdata            0/32768           0/393216   ( 0.0%) 
waterstrips              6/32768          60/327680   ( 0.0%) 
waterverts               0/65536           0/786432   ( 0.0%) 
waterindices            87/65536         174/131072   ( 0.1%) 
cubemapsamples           0/1024            0/16384    ( 0.0%) 
overlays                 0/1024            0/360448   ( 0.0%) 
LDR lightdata         [variable]       95008/0        ( 0.0%) 
HDR lightdata         [variable]           0/0        ( 0.0%) 
visdata               [variable]         706/16777216 ( 0.0%) 
entdata               [variable]        1696/393216   ( 0.4%) 
LDR ambient table      101/65536         404/262144   ( 0.2%) 
HDR ambient table      101/65536         404/262144   ( 0.2%) 
LDR leaf ambient       435/65536       12180/1835008  ( 0.7%) 
HDR leaf ambient       101/65536        2828/1835008  ( 0.2%) 
occluders                0/0               0/0        ( 0.0%) 
occluder polygons        0/0               0/0        ( 0.0%) 
occluder vert ind        0/0               0/0        ( 0.0%) 
detail props          [variable]           1/12       ( 8.3%) 
static props          [variable]           1/1186     ( 0.1%) 
pakfile               [variable]      105671/0        ( 0.0%) 
physics               [variable]      928482/4194304  (22.1%) 
physics terrain       [variable]           0/1048576  ( 0.0%) 

Level flags = 0

Total triangle count: 198
Writing c:\users\linventif\documents\github\linventif-maps\little maps\ru vs uk\vmf\linv_uk_ru.bsp
0 seconds elapsed



[Reading texlights from 'lights.rad']
[45 texlights parsed from 'lights.rad']

Loading c:\users\linventif\documents\github\linventif-maps\little maps\ru vs uk\vmf\linv_uk_ru.bsp
PREP OK
82 faces
207796 square feet [29922624.00 square inches]
16 Displacements
29127 Square Feet [4194304.00 Square Inches]
82 patches before subdivision
2348 patches after subdivision
4 direct lights
0...1...2...3...4...5...6...7...8...9...100...1...2...3...4...5...6...7...8...9...10transfers 10990, max 141
transfer lists:   0.1 megs
0...1...2...3...4...5...6...7...8...9...10	Bounce #1 added RGB(190, 188, 154)
0...1...2...3...4...5...6...7...8...9...10	Bounce #2 added RGB(2, 2, 1)
0...1...2...3...4...5...6...7...8...9...10	Bounce #3 added RGB(0, 0, 0)
Build Patch/Sample Hash Table(s).....Done<0.0007 sec>
0...1...2...3...4...5...6...7...8...9...10FinalLightFace Done
0 of 0 (0% of) surface lights went in leaf ambient cubes.
0...1...2...3...4...5...6...7...8...9...10Writing leaf ambient...done
Ready to Finish

Object names       Objects/Maxobjs  Memory / Maxmem  Fullness 
------------       ---------------  ---------------  -------- 
models                   1/4096           48/196608   ( 0.0%) 
brushes                 18/16384         216/196608   ( 0.1%) 
brushsides             108/163840        864/1310720  ( 0.1%) 
planes                  90/65536        1800/1310720  ( 0.1%) 
vertexes               154/65536        1848/786432   ( 0.2%) 
nodes                   99/65536        3168/2097152  ( 0.2%) 
texinfos                25/12288        1800/884736   ( 0.2%) 
texdata                  4/2048          128/65536    ( 0.2%) 
dispinfos               16/0            2816/0        ( 0.0%) 
disp_verts            4624/0           92480/0        ( 0.0%) 
disp_tris             8192/0           16384/0        ( 0.0%) 
disp_lmsamples       83248/0           83248/0        ( 0.0%) 
faces                   82/65536        4592/3670016  ( 0.1%) 
hdr faces               82/65536        4592/3670016  ( 0.1%) 
origfaces               51/65536        2856/3670016  ( 0.1%) 
leaves                 101/65536        3232/2097152  ( 0.2%) 
leaffaces              101/65536         202/131072   ( 0.2%) 
leafbrushes             60/65536         120/131072   ( 0.1%) 
areas                    2/1024           16/8192     ( 0.2%) 
surfedges              566/512000       2264/2048000  ( 0.1%) 
edges                  346/256000       1384/1024000  ( 0.1%) 
LDR worldlights          4/8192          352/720896   ( 0.0%) 
HDR worldlights          4/8192          352/720896   ( 0.0%) 
leafwaterdata            0/32768           0/393216   ( 0.0%) 
waterstrips              6/32768          60/327680   ( 0.0%) 
waterverts               0/65536           0/786432   ( 0.0%) 
waterindices            87/65536         174/131072   ( 0.1%) 
cubemapsamples           0/1024            0/16384    ( 0.0%) 
overlays                 0/1024            0/360448   ( 0.0%) 
LDR lightdata         [variable]       95008/0        ( 0.0%) 
HDR lightdata         [variable]       95008/0        ( 0.0%) 
visdata               [variable]         706/16777216 ( 0.0%) 
entdata               [variable]        1696/393216   ( 0.4%) 
LDR ambient table      101/65536         404/262144   ( 0.2%) 
HDR ambient table      101/65536         404/262144   ( 0.2%) 
LDR leaf ambient       435/65536       12180/1835008  ( 0.7%) 
HDR leaf ambient       435/65536       12180/1835008  ( 0.7%) 
occluders                0/0               0/0        ( 0.0%) 
occluder polygons        0/0               0/0        ( 0.0%) 
occluder vert ind        0/0               0/0        ( 0.0%) 
detail props          [variable]           1/12       ( 8.3%) 
static props          [variable]           1/1186     ( 0.1%) 
pakfile               [variable]      105671/0        ( 0.0%) 
physics               [variable]      928482/4194304  (22.1%) 
physics terrain       [variable]           0/1048576  ( 0.0%) 

Level flags = 0

Total triangle count: 198
Writing c:\users\linventif\documents\github\linventif-maps\little maps\ru vs uk\vmf\linv_uk_ru.bsp
1 second elapsed
