PRT1
291
816
4 0 4 (14816 15360 492 ) (14336 15360 492 ) (14336 15360 0 ) (14816 15360 0 ) 
4 0 3 (14928 15360 0 ) (14928 15360 492 ) (14816 15360 492 ) (14816 15360 0 ) 
4 0 2 (14928 15360 492 ) (14928 15360 1328 ) (14336 15360 1328 ) (14336 15360 492 ) 
4 0 1 (14336 15360 0 ) (14336 15360 1328 ) (14336 15584 1328 ) (14336 15584 0 ) 
4 1 11 (13312 15360 0 ) (13312 15360 1328 ) (13312 15584 1328 ) (13312 15584 0 ) 
4 1 10 (14336 15360 0 ) (14336 15360 280 ) (13312 15360 280 ) (13312 15360 0 ) 
4 1 8 (14336 15360 280 ) (14336 15360 492 ) (13312 15360 492 ) (13312 15360 280 ) 
4 1 7 (14336 15360 492 ) (14336 15360 1328 ) (13312 15360 1328 ) (13312 15360 492 ) 
4 2 25 (14336 14336 1328 ) (14336 14336 492 ) (14928 14336 492 ) (14928 14336 1328 ) 
4 2 7 (14336 15360 1328 ) (14336 15360 492 ) (14336 14336 492 ) (14336 14336 1328 ) 
4 2 5 (14816 14336 492 ) (14336 14336 492 ) (14336 15248 492 ) (14816 15248 492 ) 
4 2 4 (14336 15248 492 ) (14336 15360 492 ) (14816 15360 492 ) (14816 15248 492 ) 
4 2 3 (14928 14336 492 ) (14816 14336 492 ) (14816 15360 492 ) (14928 15360 492 ) 
4 3 26 (14928 14336 0 ) (14928 14336 492 ) (14816 14336 492 ) (14816 14336 0 ) 
4 3 6 (14816 15248 0 ) (14816 14336 0 ) (14816 14336 280 ) (14816 15248 280 ) 
4 3 5 (14816 14336 280 ) (14816 14336 492 ) (14816 15248 492 ) (14816 15248 280 ) 
4 3 4 (14816 15360 0 ) (14816 15248 0 ) (14816 15248 492 ) (14816 15360 492 ) 
4 4 10 (14336 15360 280 ) (14336 15360 0 ) (14336 15248 0 ) (14336 15248 280 ) 
4 4 8 (14336 15360 492 ) (14336 15360 280 ) (14336 15248 280 ) (14336 15248 492 ) 
4 4 6 (14336 15248 0 ) (14816 15248 0 ) (14816 15248 280 ) (14336 15248 280 ) 
4 4 5 (14816 15248 280 ) (14816 15248 492 ) (14336 15248 492 ) (14336 15248 280 ) 
4 5 27 (14816 14336 492 ) (14336 14336 492 ) (14336 14336 280 ) (14816 14336 280 ) 
4 5 9 (14336 14336 280 ) (14336 14336 492 ) (14336 15248 492 ) (14336 15248 280 ) 
4 5 6 (14336 14336 280 ) (14336 15248 280 ) (14816 15248 280 ) (14816 14336 280 ) 
4 6 28 (14336 14336 280 ) (14336 14336 0 ) (14816 14336 0 ) (14816 14336 280 ) 
4 6 10 (14336 15248 0 ) (14336 14336 0 ) (14336 14336 280 ) (14336 15248 280 ) 
4 7 29 (14336 14336 492 ) (14336 14336 1328 ) (13312 14336 1328 ) (13312 14336 492 ) 
4 7 14 (13312 14336 492 ) (13312 14336 1328 ) (13312 15360 1328 ) (13312 15360 492 ) 
4 7 9 (14336 15248 492 ) (14336 14336 492 ) (13312 14336 492 ) (13312 15248 492 ) 
4 7 8 (14336 15360 492 ) (14336 15248 492 ) (13312 15248 492 ) (13312 15360 492 ) 
4 8 15 (13312 15248 492 ) (13312 15360 492 ) (13312 15360 280 ) (13312 15248 280 ) 
4 8 10 (13312 15248 280 ) (13312 15360 280 ) (14336 15360 280 ) (14336 15248 280 ) 
4 8 9 (13312 15248 280 ) (14336 15248 280 ) (14336 15248 492 ) (13312 15248 492 ) 
4 9 30 (14336 14336 280 ) (14336 14336 492 ) (13312 14336 492 ) (13312 14336 280 ) 
4 9 16 (13312 14336 280 ) (13312 14336 492 ) (13312 15248 492 ) (13312 15248 280 ) 
4 9 10 (14336 14336 280 ) (13312 14336 280 ) (13312 15248 280 ) (14336 15248 280 ) 
4 10 31 (14336 14336 0 ) (14336 14336 280 ) (13312 14336 280 ) (13312 14336 0 ) 
4 10 18 (13312 14336 0 ) (13312 14336 280 ) (13312 15360 280 ) (13312 15360 0 ) 
4 11 18 (13312 15360 0 ) (13312 15360 280 ) (12288 15360 280 ) (12288 15360 0 ) 
4 11 15 (13312 15360 280 ) (13312 15360 492 ) (12992 15360 492 ) (12992 15360 280 ) 
4 11 17 (12992 15360 492 ) (12288 15360 492 ) (12288 15360 280 ) (12992 15360 280 ) 
4 11 14 (13312 15360 492 ) (13312 15360 1328 ) (12288 15360 1328 ) (12288 15360 492 ) 
4 11 12 (12288 15360 0 ) (12288 15360 1328 ) (12288 15584 1328 ) (12288 15584 0 ) 
4 12 19 (12288 15360 0 ) (12288 15360 1328 ) (11504 15360 1328 ) (11504 15360 0 ) 
4 12 13 (11504 15584 1328 ) (11504 15584 0 ) (11504 15360 0 ) (11504 15360 1328 ) 
4 13 21 (11264 15360 0 ) (11264 15360 2304 ) (11264 15584 2304 ) (11264 15584 0 ) 
4 13 20 (11264 15360 2304 ) (11264 15360 0 ) (11504 15360 0 ) (11504 15360 2304 ) 
4 14 65 (13312 14336 492 ) (13312 14336 1328 ) (12288 14336 1328 ) (12288 14336 492 ) 
4 14 19 (12288 15360 1328 ) (12288 15360 492 ) (12288 14336 492 ) (12288 14336 1328 ) 
4 14 16 (13312 15248 492 ) (13312 14336 492 ) (12992 14336 492 ) (12992 15248 492 ) 
4 14 15 (12992 15360 492 ) (13312 15360 492 ) (13312 15248 492 ) (12992 15248 492 ) 
4 14 17 (12288 15360 492 ) (12992 15360 492 ) (12992 14336 492 ) (12288 14336 492 ) 
4 15 18 (12992 15248 280 ) (12992 15360 280 ) (13312 15360 280 ) (13312 15248 280 ) 
4 15 17 (12992 15360 280 ) (12992 15248 280 ) (12992 15248 492 ) (12992 15360 492 ) 
4 15 16 (12992 15248 492 ) (12992 15248 280 ) (13312 15248 280 ) (13312 15248 492 ) 
4 16 66 (13312 14336 280 ) (13312 14336 492 ) (12992 14336 492 ) (12992 14336 280 ) 
4 16 18 (13312 14336 280 ) (12992 14336 280 ) (12992 15248 280 ) (13312 15248 280 ) 
4 16 17 (12992 15248 280 ) (12992 14336 280 ) (12992 14336 492 ) (12992 15248 492 ) 
4 17 67 (12992 14336 492 ) (12288 14336 492 ) (12288 14336 280 ) (12992 14336 280 ) 
4 17 19 (12288 15360 492 ) (12288 15360 280 ) (12288 14336 280 ) (12288 14336 492 ) 
4 17 18 (12992 14336 280 ) (12288 14336 280 ) (12288 15360 280 ) (12992 15360 280 ) 
4 18 75 (13312 14336 0 ) (13312 14336 280 ) (12288 14336 280 ) (12288 14336 0 ) 
4 18 19 (12288 15360 280 ) (12288 15360 0 ) (12288 14336 0 ) (12288 14336 280 ) 
4 19 84 (12288 14336 0 ) (12288 14336 464 ) (11504 14336 464 ) (11504 14336 0 ) 
4 19 78 (12288 14336 464 ) (12288 14336 492 ) (11568 14336 492 ) (11568 14336 464 ) 
4 19 80 (11568 14336 492 ) (11504 14336 492 ) (11504 14336 464 ) (11568 14336 464 ) 
4 19 76 (12288 14336 492 ) (12288 14336 1328 ) (11504 14336 1328 ) (11504 14336 492 ) 
4 19 20 (11504 14336 0 ) (11504 14336 1328 ) (11504 15360 1328 ) (11504 15360 0 ) 
4 20 84 (11504 14336 0 ) (11504 14336 464 ) (11264 14336 464 ) (11264 14336 0 ) 
4 20 80 (11504 14336 464 ) (11504 14336 492 ) (11264 14336 492 ) (11264 14336 464 ) 
4 20 77 (11504 14336 492 ) (11504 14336 2304 ) (11264 14336 2304 ) (11264 14336 492 ) 
4 20 23 (11264 14336 0 ) (11264 14336 2304 ) (11264 15360 2304 ) (11264 15360 0 ) 
4 21 23 (11264 15360 0 ) (11264 15360 2304 ) (10240 15360 2304 ) (10240 15360 0 ) 
4 21 22 (10240 15360 0 ) (10240 15360 2304 ) (10240 15584 2304 ) (10240 15584 0 ) 
4 22 142 (9216 15360 0 ) (9216 15360 2304 ) (9216 15584 2304 ) (9216 15584 0 ) 
4 22 24 (10240 15360 0 ) (10240 15360 2304 ) (9216 15360 2304 ) (9216 15360 0 ) 
4 23 98 (11264 14336 0 ) (11264 14336 2304 ) (10240 14336 2304 ) (10240 14336 0 ) 
4 23 24 (10240 15360 2304 ) (10240 15360 0 ) (10240 14336 0 ) (10240 14336 2304 ) 
4 24 143 (9216 14336 0 ) (9216 14336 2304 ) (9216 15360 2304 ) (9216 15360 0 ) 
4 24 99 (10240 14336 0 ) (10240 14336 2304 ) (9216 14336 2304 ) (9216 14336 0 ) 
4 25 32 (14336 13312 1328 ) (14336 13312 492 ) (14928 13312 492 ) (14928 13312 1328 ) 
4 25 29 (14336 14336 1328 ) (14336 14336 492 ) (14336 13312 492 ) (14336 13312 1328 ) 
4 25 27 (14816 13312 492 ) (14336 13312 492 ) (14336 14336 492 ) (14816 14336 492 ) 
4 25 26 (14928 13312 492 ) (14816 13312 492 ) (14816 14336 492 ) (14928 14336 492 ) 
4 26 33 (14928 13312 0 ) (14928 13312 492 ) (14816 13312 492 ) (14816 13312 0 ) 
4 26 28 (14816 14336 0 ) (14816 13312 0 ) (14816 13312 280 ) (14816 14336 280 ) 
4 26 27 (14816 13312 280 ) (14816 13312 492 ) (14816 14336 492 ) (14816 14336 280 ) 
4 27 34 (14816 13312 492 ) (14336 13312 492 ) (14336 13312 280 ) (14816 13312 280 ) 
4 27 30 (14336 14336 492 ) (14336 14336 280 ) (14336 13312 280 ) (14336 13312 492 ) 
4 27 28 (14336 14336 280 ) (14816 14336 280 ) (14816 13312 280 ) (14336 13312 280 ) 
4 28 35 (14336 13312 280 ) (14336 13312 0 ) (14816 13312 0 ) (14816 13312 280 ) 
4 28 31 (14336 14336 280 ) (14336 14336 0 ) (14336 13312 0 ) (14336 13312 280 ) 
4 29 65 (13312 14336 1328 ) (13312 14336 492 ) (13312 13312 492 ) (13312 13312 1328 ) 
4 29 41 (13872 13312 1328 ) (13808 13312 1328 ) (13808 13312 492 ) (13872 13312 492 ) 
4 29 40 (14336 13312 492 ) (14336 13312 1328 ) (13872 13312 1328 ) (13872 13312 492 ) 
4 29 45 (13808 13312 1328 ) (13312 13312 1328 ) (13312 13312 492 ) (13808 13312 492 ) 
4 29 30 (13312 14336 492 ) (14336 14336 492 ) (14336 13312 492 ) (13312 13312 492 ) 
4 30 73 (13312 13952 280 ) (13312 13312 280 ) (13312 13312 492 ) (13312 13952 492 ) 
4 30 71 (13312 14112 280 ) (13312 13952 280 ) (13312 13952 464 ) (13312 14112 464 ) 
4 30 68 (13312 13952 464 ) (13312 13952 492 ) (13312 14112 492 ) (13312 14112 464 ) 
4 30 66 (13312 14336 492 ) (13312 14336 280 ) (13312 14112 280 ) (13312 14112 492 ) 
4 30 46 (14336 13312 280 ) (14336 13312 492 ) (13312 13312 492 ) (13312 13312 280 ) 
4 30 31 (14336 13312 280 ) (13312 13312 280 ) (13312 14336 280 ) (14336 14336 280 ) 
4 31 75 (13312 14336 280 ) (13312 14336 0 ) (13312 13312 0 ) (13312 13312 280 ) 
4 31 55 (14336 13312 0 ) (14336 13312 280 ) (13312 13312 280 ) (13312 13312 0 ) 
4 32 56 (14336 12288 1328 ) (14336 12288 492 ) (14928 12288 492 ) (14928 12288 1328 ) 
4 32 40 (14336 13312 1328 ) (14336 13312 492 ) (14336 12288 492 ) (14336 12288 1328 ) 
4 32 38 (14384 12288 492 ) (14336 12288 492 ) (14336 12676 492 ) (14384 12676 492 ) 
4 32 37 (14336 12676 492 ) (14336 12896 492 ) (14384 12896 492 ) (14384 12676 492 ) 
4 32 36 (14928 12288 492 ) (14384 12288 492 ) (14384 12896 492 ) (14928 12896 492 ) 
4 32 34 (14336 12896 492 ) (14336 13312 492 ) (14816 13312 492 ) (14816 12896 492 ) 
4 32 33 (14816 13312 492 ) (14928 13312 492 ) (14928 12896 492 ) (14816 12896 492 ) 
4 33 36 (14816 12896 0 ) (14928 12896 0 ) (14928 12896 492 ) (14816 12896 492 ) 
4 33 35 (14816 13312 0 ) (14816 12896 0 ) (14816 12896 280 ) (14816 13312 280 ) 
4 33 34 (14816 12896 280 ) (14816 12896 492 ) (14816 13312 492 ) (14816 13312 280 ) 
4 34 46 (14336 13312 492 ) (14336 13312 280 ) (14336 12896 280 ) (14336 12896 492 ) 
4 34 37 (14384 12896 492 ) (14336 12896 492 ) (14336 12896 280 ) (14384 12896 280 ) 
4 34 36 (14816 12896 280 ) (14816 12896 492 ) (14384 12896 492 ) (14384 12896 280 ) 
4 34 35 (14816 13312 280 ) (14816 12896 280 ) (14336 12896 280 ) (14336 13312 280 ) 
4 35 55 (14336 13312 280 ) (14336 13312 0 ) (14336 12896 0 ) (14336 12896 280 ) 
4 35 37 (14336 12896 0 ) (14384 12896 0 ) (14384 12896 280 ) (14336 12896 280 ) 
4 35 36 (14384 12896 0 ) (14816 12896 0 ) (14816 12896 280 ) (14384 12896 280 ) 
4 36 59 (14928 12288 0 ) (14928 12288 328 ) (14384 12288 328 ) (14384 12288 0 ) 
4 36 57 (14928 12288 328 ) (14928 12288 492 ) (14384 12288 492 ) (14384 12288 328 ) 
4 36 39 (14384 12676 0 ) (14384 12288 0 ) (14384 12288 328 ) (14384 12676 328 ) 
4 36 38 (14384 12288 328 ) (14384 12288 492 ) (14384 12676 492 ) (14384 12676 328 ) 
4 36 37 (14384 12896 492 ) (14384 12896 0 ) (14384 12676 0 ) (14384 12676 492 ) 
4 37 55 (14336 12896 0 ) (14336 12676 0 ) (14336 12676 280 ) (14336 12896 280 ) 
4 37 47 (14336 12676 280 ) (14336 12676 492 ) (14336 12896 492 ) (14336 12896 280 ) 
4 37 39 (14336 12676 0 ) (14384 12676 0 ) (14384 12676 328 ) (14336 12676 328 ) 
4 37 38 (14384 12676 328 ) (14384 12676 492 ) (14336 12676 492 ) (14336 12676 328 ) 
4 38 58 (14384 12288 492 ) (14336 12288 492 ) (14336 12288 328 ) (14384 12288 328 ) 
4 38 53 (14336 12288 328 ) (14336 12288 480 ) (14336 12676 480 ) (14336 12676 328 ) 
4 38 48 (14336 12288 480 ) (14336 12288 492 ) (14336 12676 492 ) (14336 12676 480 ) 
4 38 39 (14336 12676 328 ) (14384 12676 328 ) (14384 12288 328 ) (14336 12288 328 ) 
4 39 59 (14336 12288 328 ) (14336 12288 0 ) (14384 12288 0 ) (14384 12288 328 ) 
4 39 55 (14336 12676 0 ) (14336 12288 0 ) (14336 12288 280 ) (14336 12676 280 ) 
4 39 54 (14336 12288 280 ) (14336 12288 328 ) (14336 12676 328 ) (14336 12676 280 ) 
4 40 60 (14336 12288 492 ) (14336 12288 1328 ) (13872 12288 1328 ) (13872 12288 492 ) 
4 40 48 (14336 12676 492 ) (14336 12288 492 ) (13872 12288 492 ) (13872 12676 492 ) 
4 40 47 (14336 12896 492 ) (14336 12676 492 ) (13872 12676 492 ) (13872 12896 492 ) 
4 40 46 (14336 13312 492 ) (14336 12896 492 ) (13872 12896 492 ) (13872 13312 492 ) 
4 40 43 (13872 12352 492 ) (13872 12340 492 ) (13872 12340 496 ) (13872 12352 496 ) 
4 40 42 (13872 12340 496 ) (13872 12340 1328 ) (13872 12352 1328 ) (13872 12352 496 ) 
4 40 41 (13872 13312 492 ) (13872 12352 492 ) (13872 12352 1328 ) (13872 13312 1328 ) 
4 40 44 (13872 12340 492 ) (13872 12288 492 ) (13872 12288 1328 ) (13872 12340 1328 ) 
4 41 49 (13808 12352 492 ) (13808 12676 492 ) (13872 12676 492 ) (13872 12352 492 ) 
4 41 47 (13808 12676 492 ) (13808 12896 492 ) (13872 12896 492 ) (13872 12676 492 ) 
4 41 46 (13808 12896 492 ) (13808 13312 492 ) (13872 13312 492 ) (13872 12896 492 ) 
4 41 43 (13808 12352 496 ) (13808 12352 492 ) (13872 12352 492 ) (13872 12352 496 ) 
4 41 42 (13808 12352 1328 ) (13808 12352 496 ) (13872 12352 496 ) (13872 12352 1328 ) 
4 41 45 (13808 13312 492 ) (13808 12352 492 ) (13808 12352 1328 ) (13808 13312 1328 ) 
4 42 45 (13808 12340 496 ) (13808 12340 1328 ) (13808 12352 1328 ) (13808 12352 496 ) 
4 42 44 (13808 12340 1328 ) (13808 12340 496 ) (13872 12340 496 ) (13872 12340 1328 ) 
4 42 43 (13872 12340 496 ) (13808 12340 496 ) (13808 12352 496 ) (13872 12352 496 ) 
4 43 50 (13808 12340 492 ) (13808 12352 492 ) (13872 12352 492 ) (13872 12340 492 ) 
4 43 45 (13808 12352 492 ) (13808 12340 492 ) (13808 12340 496 ) (13808 12352 496 ) 
4 43 44 (13808 12340 496 ) (13808 12340 492 ) (13872 12340 492 ) (13872 12340 496 ) 
4 44 60 (13872 12288 1328 ) (13808 12288 1328 ) (13808 12288 492 ) (13872 12288 492 ) 
4 44 51 (13872 12288 492 ) (13808 12288 492 ) (13808 12340 492 ) (13872 12340 492 ) 
4 44 45 (13808 12340 492 ) (13808 12288 492 ) (13808 12288 1328 ) (13808 12340 1328 ) 
4 45 85 (13312 12288 492 ) (13312 12288 1328 ) (13312 13312 1328 ) (13312 13312 492 ) 
4 45 60 (13808 12288 1328 ) (13312 12288 1328 ) (13312 12288 492 ) (13808 12288 492 ) 
4 45 52 (13808 12288 492 ) (13312 12288 492 ) (13312 12676 492 ) (13808 12676 492 ) 
4 45 47 (13312 12676 492 ) (13312 12896 492 ) (13808 12896 492 ) (13808 12676 492 ) 
4 45 46 (13312 12896 492 ) (13312 13312 492 ) (13808 13312 492 ) (13808 12896 492 ) 
4 46 86 (13312 12896 492 ) (13312 13312 492 ) (13312 13312 280 ) (13312 12896 280 ) 
4 46 55 (13312 12896 280 ) (13312 13312 280 ) (14336 13312 280 ) (14336 12896 280 ) 
4 46 47 (13312 12896 280 ) (14336 12896 280 ) (14336 12896 492 ) (13312 12896 492 ) 
4 47 87 (13312 12676 492 ) (13312 12896 492 ) (13312 12896 280 ) (13312 12676 280 ) 
4 47 55 (13312 12676 280 ) (13312 12896 280 ) (14336 12896 280 ) (14336 12676 280 ) 
4 47 54 (13312 12676 280 ) (14336 12676 280 ) (14336 12676 328 ) (13312 12676 328 ) 
4 47 53 (14336 12676 328 ) (14336 12676 480 ) (13312 12676 480 ) (13312 12676 328 ) 
4 47 49 (13872 12676 492 ) (13808 12676 492 ) (13808 12676 480 ) (13872 12676 480 ) 
4 47 48 (14336 12676 480 ) (14336 12676 492 ) (13872 12676 492 ) (13872 12676 480 ) 
4 47 52 (13808 12676 492 ) (13312 12676 492 ) (13312 12676 480 ) (13808 12676 480 ) 
4 48 61 (14336 12288 480 ) (14336 12288 492 ) (13872 12288 492 ) (13872 12288 480 ) 
4 48 53 (14336 12288 480 ) (13872 12288 480 ) (13872 12676 480 ) (14336 12676 480 ) 
4 48 50 (13872 12352 480 ) (13872 12340 480 ) (13872 12340 492 ) (13872 12352 492 ) 
4 48 49 (13872 12676 492 ) (13872 12676 480 ) (13872 12352 480 ) (13872 12352 492 ) 
4 48 51 (13872 12340 480 ) (13872 12288 480 ) (13872 12288 492 ) (13872 12340 492 ) 
4 49 53 (13808 12352 480 ) (13808 12676 480 ) (13872 12676 480 ) (13872 12352 480 ) 
4 49 52 (13808 12676 492 ) (13808 12676 480 ) (13808 12352 480 ) (13808 12352 492 ) 
4 49 50 (13808 12352 492 ) (13808 12352 480 ) (13872 12352 480 ) (13872 12352 492 ) 
4 50 53 (13808 12340 480 ) (13808 12352 480 ) (13872 12352 480 ) (13872 12340 480 ) 
4 50 51 (13808 12340 492 ) (13808 12340 480 ) (13872 12340 480 ) (13872 12340 492 ) 
4 50 52 (13808 12352 480 ) (13808 12340 480 ) (13808 12340 492 ) (13808 12352 492 ) 
4 51 61 (13872 12288 492 ) (13808 12288 492 ) (13808 12288 480 ) (13872 12288 480 ) 
4 51 53 (13872 12288 480 ) (13808 12288 480 ) (13808 12340 480 ) (13872 12340 480 ) 
4 51 52 (13808 12340 480 ) (13808 12288 480 ) (13808 12288 492 ) (13808 12340 492 ) 
4 52 88 (13312 12288 480 ) (13312 12288 492 ) (13312 12676 492 ) (13312 12676 480 ) 
4 52 61 (13808 12288 492 ) (13312 12288 492 ) (13312 12288 480 ) (13808 12288 480 ) 
4 52 53 (13808 12288 480 ) (13312 12288 480 ) (13312 12676 480 ) (13808 12676 480 ) 
4 53 88 (13312 12288 328 ) (13312 12288 480 ) (13312 12676 480 ) (13312 12676 328 ) 
4 53 61 (14336 12288 328 ) (14336 12288 480 ) (13312 12288 480 ) (13312 12288 328 ) 
4 53 54 (13312 12676 328 ) (14336 12676 328 ) (14336 12288 328 ) (13312 12288 328 ) 
4 54 89 (13312 12288 280 ) (13312 12288 328 ) (13312 12676 328 ) (13312 12676 280 ) 
4 54 62 (14336 12288 280 ) (14336 12288 328 ) (13312 12288 328 ) (13312 12288 280 ) 
4 54 55 (14336 12288 280 ) (13312 12288 280 ) (13312 12676 280 ) (14336 12676 280 ) 
4 55 91 (13312 12288 0 ) (13312 12288 280 ) (13312 13312 280 ) (13312 13312 0 ) 
4 55 62 (14336 12288 0 ) (14336 12288 280 ) (13312 12288 280 ) (13312 12288 0 ) 
4 56 63 (14336 11264 1328 ) (14336 11264 492 ) (14928 11264 492 ) (14928 11264 1328 ) 
4 56 60 (14336 12288 1328 ) (14336 12288 492 ) (14336 11264 492 ) (14336 11264 1328 ) 
4 56 58 (14384 11264 492 ) (14336 11264 492 ) (14336 12288 492 ) (14384 12288 492 ) 
4 56 57 (14928 11264 492 ) (14384 11264 492 ) (14384 12288 492 ) (14928 12288 492 ) 
4 57 63 (14928 11264 328 ) (14928 11264 492 ) (14384 11264 492 ) (14384 11264 328 ) 
4 57 59 (14384 12288 328 ) (14928 12288 328 ) (14928 11264 328 ) (14384 11264 328 ) 
4 57 58 (14384 12288 328 ) (14384 11264 328 ) (14384 11264 492 ) (14384 12288 492 ) 
4 58 63 (14384 11264 492 ) (14336 11264 492 ) (14336 11264 328 ) (14384 11264 328 ) 
4 58 61 (14336 12288 492 ) (14336 12288 328 ) (14336 11264 328 ) (14336 11264 492 ) 
4 58 59 (14336 12288 328 ) (14384 12288 328 ) (14384 11264 328 ) (14336 11264 328 ) 
4 59 63 (14928 11264 0 ) (14928 11264 328 ) (14336 11264 328 ) (14336 11264 0 ) 
4 59 62 (14336 12288 328 ) (14336 12288 0 ) (14336 11264 0 ) (14336 11264 328 ) 
4 60 105 (13312 11372 746 ) (13312 11383.399414 746 ) (13312 11383.399414 504 ) (13312 11372 504 ) 
4 60 104 (13312 11264 504 ) (13312 11264 746 ) (13312 11372 746 ) (13312 11372 504 ) 
4 60 103 (13312 11383.399414 746 ) (13312 12288 746 ) (13312 12288 504 ) (13312 11383.399414 504 ) 
4 60 102 (13312 11264 746 ) (13312 11264 1328 ) (13312 12288 1328 ) (13312 12288 746 ) 
4 60 107 (13312 11264 492 ) (13312 11264 504 ) (13312 12288 504 ) (13312 12288 492 ) 
4 60 64 (14336 11264 492 ) (14336 11264 1328 ) (13312 11264 1328 ) (13312 11264 492 ) 
4 60 61 (14336 12288 492 ) (14336 11264 492 ) (13312 11264 492 ) (13312 12288 492 ) 
4 61 108 (13312 11264 328 ) (13312 11264 492 ) (13312 12288 492 ) (13312 12288 328 ) 
4 61 64 (14336 11264 328 ) (14336 11264 492 ) (13312 11264 492 ) (13312 11264 328 ) 
4 61 62 (14336 12288 328 ) (14336 11264 328 ) (13312 11264 328 ) (13312 12288 328 ) 
4 62 109 (13312 11264 0 ) (13312 11264 328 ) (13312 12288 328 ) (13312 12288 0 ) 
4 62 64 (14336 11264 0 ) (14336 11264 328 ) (13312 11264 328 ) (13312 11264 0 ) 
4 63 170 (14928 10240 0 ) (14928 10240 1328 ) (14336 10240 1328 ) (14336 10240 0 ) 
4 63 64 (14336 11264 1328 ) (14336 11264 0 ) (14336 10240 0 ) (14336 10240 1328 ) 
4 64 171 (14336 10240 0 ) (14336 10240 1328 ) (13312 10240 1328 ) (13312 10240 0 ) 
4 64 130 (13312 10240 0 ) (13312 10240 504 ) (13312 11264 504 ) (13312 11264 0 ) 
4 64 127 (13312 10240 504 ) (13312 10240 746 ) (13312 11264 746 ) (13312 11264 504 ) 
4 64 125 (13312 10240 746 ) (13312 10240 1328 ) (13312 11264 1328 ) (13312 11264 746 ) 
4 65 85 (13312 13312 492 ) (13312 13312 1328 ) (12288 13312 1328 ) (12288 13312 492 ) 
4 65 76 (12288 14336 1328 ) (12288 14336 492 ) (12288 13312 492 ) (12288 13312 1328 ) 
4 65 74 (12992 13312 492 ) (12288 13312 492 ) (12288 13952 492 ) (12992 13952 492 ) 
4 65 73 (13312 13312 492 ) (12992 13312 492 ) (12992 13952 492 ) (13312 13952 492 ) 
4 65 69 (12992 14112 492 ) (13008 14112 492 ) (13008 13952 492 ) (12992 13952 492 ) 
4 65 68 (13008 14112 492 ) (13312 14112 492 ) (13312 13952 492 ) (13008 13952 492 ) 
4 65 70 (12288 13952 492 ) (12288 14112 492 ) (12992 14112 492 ) (12992 13952 492 ) 
4 65 67 (12288 14112 492 ) (12288 14336 492 ) (12992 14336 492 ) (12992 14112 492 ) 
4 65 66 (12992 14336 492 ) (13312 14336 492 ) (13312 14112 492 ) (12992 14112 492 ) 
4 66 75 (12992 14336 280 ) (13312 14336 280 ) (13312 14112 280 ) (12992 14112 280 ) 
4 66 71 (12992 14112 280 ) (13312 14112 280 ) (13312 14112 464 ) (12992 14112 464 ) 
4 66 69 (13008 14112 492 ) (12992 14112 492 ) (12992 14112 464 ) (13008 14112 464 ) 
4 66 68 (13312 14112 464 ) (13312 14112 492 ) (13008 14112 492 ) (13008 14112 464 ) 
4 66 67 (12992 14336 280 ) (12992 14112 280 ) (12992 14112 492 ) (12992 14336 492 ) 
4 67 84 (12288 14336 464 ) (12288 14336 280 ) (12288 14112 280 ) (12288 14112 464 ) 
4 67 78 (12288 14336 492 ) (12288 14336 464 ) (12288 14112 464 ) (12288 14112 492 ) 
4 67 75 (12288 14112 280 ) (12288 14336 280 ) (12992 14336 280 ) (12992 14112 280 ) 
4 67 72 (12288 14112 280 ) (12992 14112 280 ) (12992 14112 464 ) (12288 14112 464 ) 
4 67 70 (12992 14112 464 ) (12992 14112 492 ) (12288 14112 492 ) (12288 14112 464 ) 
4 68 73 (13312 13952 464 ) (13312 13952 492 ) (13008 13952 492 ) (13008 13952 464 ) 
4 68 71 (13312 13952 464 ) (13008 13952 464 ) (13008 14112 464 ) (13312 14112 464 ) 
4 68 69 (13008 14112 492 ) (13008 14112 464 ) (13008 13952 464 ) (13008 13952 492 ) 
4 69 73 (13008 13952 492 ) (12992 13952 492 ) (12992 13952 464 ) (13008 13952 464 ) 
4 69 71 (13008 13952 464 ) (12992 13952 464 ) (12992 14112 464 ) (13008 14112 464 ) 
4 69 70 (12992 14112 492 ) (12992 14112 464 ) (12992 13952 464 ) (12992 13952 492 ) 
4 70 79 (12288 13952 464 ) (12288 13952 492 ) (12288 14112 492 ) (12288 14112 464 ) 
4 70 74 (12992 13952 492 ) (12288 13952 492 ) (12288 13952 464 ) (12992 13952 464 ) 
4 70 72 (12992 13952 464 ) (12288 13952 464 ) (12288 14112 464 ) (12992 14112 464 ) 
4 71 75 (12992 14112 280 ) (13312 14112 280 ) (13312 13952 280 ) (12992 13952 280 ) 
4 71 73 (12992 13952 280 ) (13312 13952 280 ) (13312 13952 464 ) (12992 13952 464 ) 
4 71 72 (12992 13952 280 ) (12992 13952 464 ) (12992 14112 464 ) (12992 14112 280 ) 
4 72 84 (12288 14112 280 ) (12288 13952 280 ) (12288 13952 464 ) (12288 14112 464 ) 
4 72 75 (12288 13952 280 ) (12288 14112 280 ) (12992 14112 280 ) (12992 13952 280 ) 
4 72 74 (12288 13952 280 ) (12992 13952 280 ) (12992 13952 464 ) (12288 13952 464 ) 
4 73 86 (13312 13312 280 ) (13312 13312 492 ) (12992 13312 492 ) (12992 13312 280 ) 
4 73 75 (12992 13952 280 ) (13312 13952 280 ) (13312 13312 280 ) (12992 13312 280 ) 
4 73 74 (12992 13952 492 ) (12992 13952 280 ) (12992 13312 280 ) (12992 13312 492 ) 
4 74 90 (12992 13312 492 ) (12288 13312 492 ) (12288 13312 280 ) (12992 13312 280 ) 
4 74 84 (12288 13952 280 ) (12288 13312 280 ) (12288 13312 464 ) (12288 13952 464 ) 
4 74 81 (12288 13312 464 ) (12288 13312 492 ) (12288 13952 492 ) (12288 13952 464 ) 
4 74 75 (12288 13312 280 ) (12288 13952 280 ) (12992 13952 280 ) (12992 13312 280 ) 
4 75 91 (13312 13312 0 ) (13312 13312 280 ) (12288 13312 280 ) (12288 13312 0 ) 
4 75 84 (12288 14336 280 ) (12288 14336 0 ) (12288 13312 0 ) (12288 13312 280 ) 
4 76 92 (12288 13312 492 ) (12288 13312 1328 ) (11504 13312 1328 ) (11504 13312 492 ) 
4 76 82 (12240 13312 492 ) (12080 13312 492 ) (12080 13952 492 ) (12240 13952 492 ) 
4 76 81 (12288 13952 492 ) (12288 13312 492 ) (12240 13312 492 ) (12240 13952 492 ) 
4 76 83 (12080 13312 492 ) (11504 13312 492 ) (11504 13952 492 ) (12080 13952 492 ) 
4 76 79 (12288 14112 492 ) (12288 13952 492 ) (11568 13952 492 ) (11568 14112 492 ) 
4 76 78 (11568 14336 492 ) (12288 14336 492 ) (12288 14112 492 ) (11568 14112 492 ) 
4 76 80 (11504 14336 492 ) (11568 14336 492 ) (11568 13952 492 ) (11504 13952 492 ) 
4 76 77 (11504 14336 1328 ) (11504 14336 492 ) (11504 13312 492 ) (11504 13312 1328 ) 
4 77 98 (11264 14336 2304 ) (11264 14336 492 ) (11264 13312 492 ) (11264 13312 2304 ) 
4 77 93 (11264 13312 2304 ) (11264 13312 492 ) (11504 13312 492 ) (11504 13312 2304 ) 
4 77 83 (11504 13952 492 ) (11504 13312 492 ) (11264 13312 492 ) (11264 13952 492 ) 
4 77 80 (11264 14336 492 ) (11504 14336 492 ) (11504 13952 492 ) (11264 13952 492 ) 
4 78 84 (11568 14336 464 ) (12288 14336 464 ) (12288 14112 464 ) (11568 14112 464 ) 
4 78 80 (11568 14336 464 ) (11568 14112 464 ) (11568 14112 492 ) (11568 14336 492 ) 
4 78 79 (11568 14112 492 ) (11568 14112 464 ) (12288 14112 464 ) (12288 14112 492 ) 
4 79 84 (12288 14112 464 ) (12288 13952 464 ) (11568 13952 464 ) (11568 14112 464 ) 
4 79 82 (12080 13952 464 ) (12240 13952 464 ) (12240 13952 492 ) (12080 13952 492 ) 
4 79 81 (12240 13952 464 ) (12288 13952 464 ) (12288 13952 492 ) (12240 13952 492 ) 
4 79 83 (11568 13952 464 ) (12080 13952 464 ) (12080 13952 492 ) (11568 13952 492 ) 
4 79 80 (11568 14112 464 ) (11568 13952 464 ) (11568 13952 492 ) (11568 14112 492 ) 
4 80 98 (11264 14336 492 ) (11264 14336 464 ) (11264 13952 464 ) (11264 13952 492 ) 
4 80 84 (11264 13952 464 ) (11264 14336 464 ) (11568 14336 464 ) (11568 13952 464 ) 
4 80 83 (11264 13952 464 ) (11568 13952 464 ) (11568 13952 492 ) (11264 13952 492 ) 
4 81 94 (12288 13312 464 ) (12288 13312 492 ) (12240 13312 492 ) (12240 13312 464 ) 
4 81 84 (12288 13312 464 ) (12240 13312 464 ) (12240 13952 464 ) (12288 13952 464 ) 
4 81 82 (12240 13952 492 ) (12240 13952 464 ) (12240 13312 464 ) (12240 13312 492 ) 
4 82 95 (12240 13312 492 ) (12080 13312 492 ) (12080 13312 464 ) (12240 13312 464 ) 
4 82 84 (12240 13312 464 ) (12080 13312 464 ) (12080 13952 464 ) (12240 13952 464 ) 
4 82 83 (12080 13952 492 ) (12080 13952 464 ) (12080 13312 464 ) (12080 13312 492 ) 
4 83 98 (11264 13952 464 ) (11264 13312 464 ) (11264 13312 492 ) (11264 13952 492 ) 
4 83 96 (12080 13312 492 ) (11264 13312 492 ) (11264 13312 464 ) (12080 13312 464 ) 
4 83 84 (12080 13312 464 ) (11264 13312 464 ) (11264 13952 464 ) (12080 13952 464 ) 
4 84 98 (11264 14336 464 ) (11264 14336 0 ) (11264 13312 0 ) (11264 13312 464 ) 
4 84 97 (12288 13312 0 ) (12288 13312 464 ) (11264 13312 464 ) (11264 13312 0 ) 
4 85 103 (13312 12288 504 ) (13312 12288 746 ) (12288 12288 746 ) (12288 12288 504 ) 
4 85 102 (13312 12288 746 ) (13312 12288 1328 ) (12288 12288 1328 ) (12288 12288 746 ) 
4 85 107 (13312 12288 492 ) (13312 12288 504 ) (12288 12288 504 ) (12288 12288 492 ) 
4 85 92 (12288 13312 1328 ) (12288 13312 492 ) (12288 12288 492 ) (12288 12288 1328 ) 
4 85 88 (13312 12288 492 ) (12992 12288 492 ) (12992 12676 492 ) (13312 12676 492 ) 
4 85 87 (12992 12676 492 ) (12992 12896 492 ) (13312 12896 492 ) (13312 12676 492 ) 
4 85 86 (12992 12896 492 ) (12992 13312 492 ) (13312 13312 492 ) (13312 12896 492 ) 
4 85 90 (12992 12288 492 ) (12288 12288 492 ) (12288 13312 492 ) (12992 13312 492 ) 
4 86 91 (12992 13312 280 ) (13312 13312 280 ) (13312 12896 280 ) (12992 12896 280 ) 
4 86 87 (12992 12896 492 ) (12992 12896 280 ) (13312 12896 280 ) (13312 12896 492 ) 
4 86 90 (12992 13312 280 ) (12992 12896 280 ) (12992 12896 492 ) (12992 13312 492 ) 
4 87 91 (13312 12896 280 ) (13312 12676 280 ) (12992 12676 280 ) (12992 12896 280 ) 
4 87 89 (12992 12676 328 ) (12992 12676 280 ) (13312 12676 280 ) (13312 12676 328 ) 
4 87 88 (12992 12676 492 ) (12992 12676 328 ) (13312 12676 328 ) (13312 12676 492 ) 
4 87 90 (12992 12896 280 ) (12992 12676 280 ) (12992 12676 492 ) (12992 12896 492 ) 
4 88 108 (13312 12288 328 ) (13312 12288 492 ) (12992 12288 492 ) (12992 12288 328 ) 
4 88 90 (12992 12288 328 ) (12992 12288 492 ) (12992 12676 492 ) (12992 12676 328 ) 
4 88 89 (12992 12288 328 ) (12992 12676 328 ) (13312 12676 328 ) (13312 12288 328 ) 
4 89 109 (13312 12288 280 ) (13312 12288 328 ) (12992 12288 328 ) (12992 12288 280 ) 
4 89 91 (13312 12676 280 ) (13312 12288 280 ) (12992 12288 280 ) (12992 12676 280 ) 
4 89 90 (12992 12676 280 ) (12992 12288 280 ) (12992 12288 328 ) (12992 12676 328 ) 
4 90 110 (12992 12288 492 ) (12288 12288 492 ) (12288 12288 280 ) (12992 12288 280 ) 
4 90 97 (12288 13312 464 ) (12288 13312 280 ) (12288 12288 280 ) (12288 12288 464 ) 
4 90 94 (12288 13312 492 ) (12288 13312 464 ) (12288 12288 464 ) (12288 12288 492 ) 
4 90 91 (12288 12288 280 ) (12288 13312 280 ) (12992 13312 280 ) (12992 12288 280 ) 
4 91 110 (12992 12288 280 ) (12288 12288 280 ) (12288 12288 0 ) (12992 12288 0 ) 
4 91 109 (13312 12288 0 ) (13312 12288 280 ) (12992 12288 280 ) (12992 12288 0 ) 
4 91 97 (12288 13312 280 ) (12288 13312 0 ) (12288 12288 0 ) (12288 12288 280 ) 
4 92 114 (12288 12288 492 ) (12288 12288 1328 ) (11504 12288 1328 ) (11504 12288 492 ) 
4 92 95 (12240 12288 492 ) (12080 12288 492 ) (12080 13312 492 ) (12240 13312 492 ) 
4 92 94 (12288 13312 492 ) (12288 12288 492 ) (12240 12288 492 ) (12240 13312 492 ) 
4 92 96 (12080 12288 492 ) (11504 12288 492 ) (11504 13312 492 ) (12080 13312 492 ) 
4 92 93 (11504 13312 1328 ) (11504 13312 492 ) (11504 12288 492 ) (11504 12288 1328 ) 
4 93 115 (11264 12288 2304 ) (11264 12288 492 ) (11504 12288 492 ) (11504 12288 2304 ) 
4 93 100 (11264 12288 492 ) (11264 12288 2304 ) (11264 13312 2304 ) (11264 13312 492 ) 
4 93 96 (11504 12288 492 ) (11264 12288 492 ) (11264 13312 492 ) (11504 13312 492 ) 
4 94 116 (12288 12288 464 ) (12288 12288 492 ) (12240 12288 492 ) (12240 12288 464 ) 
4 94 97 (12288 12288 464 ) (12240 12288 464 ) (12240 13312 464 ) (12288 13312 464 ) 
4 94 95 (12240 13312 464 ) (12240 12288 464 ) (12240 12288 492 ) (12240 13312 492 ) 
4 95 117 (12240 12288 492 ) (12080 12288 492 ) (12080 12288 464 ) (12240 12288 464 ) 
4 95 97 (12240 12288 464 ) (12080 12288 464 ) (12080 13312 464 ) (12240 13312 464 ) 
4 95 96 (12080 13312 464 ) (12080 12288 464 ) (12080 12288 492 ) (12080 13312 492 ) 
4 96 121 (11312 12288 492 ) (11264 12288 492 ) (11264 12288 464 ) (11312 12288 464 ) 
4 96 118 (12080 12288 492 ) (11312 12288 492 ) (11312 12288 464 ) (12080 12288 464 ) 
4 96 100 (11264 12288 464 ) (11264 12288 492 ) (11264 13312 492 ) (11264 13312 464 ) 
4 96 97 (12080 12288 464 ) (11264 12288 464 ) (11264 13312 464 ) (12080 13312 464 ) 
4 97 124 (12288 12288 0 ) (12288 12288 464 ) (11264 12288 464 ) (11264 12288 0 ) 
4 97 100 (11264 12288 0 ) (11264 12288 464 ) (11264 13312 464 ) (11264 13312 0 ) 
4 98 100 (11264 13312 0 ) (11264 13312 2304 ) (10240 13312 2304 ) (10240 13312 0 ) 
4 98 99 (10240 14336 2304 ) (10240 14336 0 ) (10240 13312 0 ) (10240 13312 2304 ) 
4 99 148 (9216 13312 0 ) (9216 13312 2304 ) (9216 14336 2304 ) (9216 14336 0 ) 
4 99 101 (10240 13312 0 ) (10240 13312 2304 ) (9216 13312 2304 ) (9216 13312 0 ) 
4 100 138 (11264 12288 0 ) (11264 12288 464 ) (10240 12288 464 ) (10240 12288 0 ) 
4 100 134 (11264 12288 464 ) (11264 12288 492 ) (10960 12288 492 ) (10960 12288 464 ) 
4 100 137 (10960 12288 492 ) (10240 12288 492 ) (10240 12288 464 ) (10960 12288 464 ) 
4 100 133 (11264 12288 492 ) (11264 12288 2304 ) (10240 12288 2304 ) (10240 12288 492 ) 
4 100 101 (10240 13312 2304 ) (10240 13312 0 ) (10240 12288 0 ) (10240 12288 2304 ) 
4 101 149 (9216 12288 0 ) (9216 12288 2304 ) (9216 13312 2304 ) (9216 13312 0 ) 
4 101 139 (10240 12288 0 ) (10240 12288 2304 ) (9216 12288 2304 ) (9216 12288 0 ) 
4 102 125 (13312 11264 746 ) (13312 11264 1328 ) (12288 11264 1328 ) (12288 11264 746 ) 
4 102 114 (12288 12288 1328 ) (12288 12288 746 ) (12288 11264 746 ) (12288 11264 1328 ) 
4 102 106 (13218.299805 11278.299805 746 ) (13204 11264 746 ) (13192.600586 11264 746 ) (13212.599609 11284 746 ) 
4 102 105 (13312 11383.399414 746 ) (13312 11372 746 ) (13218.299805 11278.299805 746 ) (13212.599609 11284 746 ) 
3 102 104 (13312 11372 746 ) (13312 11264 746 ) (13204 11264 746 ) 
5 102 103 (12288 11264 746 ) (12288 12288 746 ) (13312 12288 746 ) (13312 11383.399414 746 ) (13192.600586 11264 746 ) 
4 103 126 (13192.600586 11264 746 ) (12288 11264 746 ) (12288 11264 504 ) (13192.600586 11264 504 ) 
4 103 114 (12288 12288 746 ) (12288 12288 504 ) (12288 11264 504 ) (12288 11264 746 ) 
4 103 106 (13192.601563 11264 504 ) (13212.599609 11283.998047 504 ) (13212.599609 11283.998047 746 ) (13192.601563 11264 746 ) 
4 103 105 (13212.599609 11283.998047 504 ) (13312 11383.398438 504 ) (13312 11383.398438 746 ) (13212.599609 11283.998047 746 ) 
5 103 107 (13192.600586 11264 504 ) (12288 11264 504 ) (12288 12288 504 ) (13312 12288 504 ) (13312 11383.399414 504 ) 
4 104 127 (13312 11264 504 ) (13312 11264 746 ) (13204 11264 746 ) (13204 11264 504 ) 
4 104 106 (13218.299805 11278.299805 504 ) (13204 11264 504 ) (13204 11264 746 ) (13218.299805 11278.299805 746 ) 
4 104 105 (13312 11372 504 ) (13218.299805 11278.299805 504 ) (13218.299805 11278.299805 746 ) (13312 11372 746 ) 
3 104 107 (13312 11264 504 ) (13204 11264 504 ) (13312 11372 504 ) 
4 105 107 (13212.599609 11284 504 ) (13312 11383.399414 504 ) (13312 11372 504 ) (13218.299805 11278.299805 504 ) 
4 105 106 (13212.599609 11284.001953 746 ) (13212.599609 11284.001953 504 ) (13218.300781 11278.300781 504 ) (13218.300781 11278.300781 746 ) 
4 106 129 (13204 11264 746 ) (13192.600586 11264 746 ) (13192.600586 11264 504 ) (13204 11264 504 ) 
4 106 107 (13204 11264 504 ) (13192.600586 11264 504 ) (13212.599609 11284 504 ) (13218.299805 11278.299805 504 ) 
4 107 130 (13312 11264 492 ) (13312 11264 504 ) (12288 11264 504 ) (12288 11264 492 ) 
4 107 114 (12288 12288 504 ) (12288 12288 492 ) (12288 11264 492 ) (12288 11264 504 ) 
4 107 111 (12288 11824 492 ) (12288 11984 492 ) (12992 11984 492 ) (12992 11824 492 ) 
4 107 110 (12288 11984 492 ) (12288 12288 492 ) (12992 12288 492 ) (12992 11984 492 ) 
4 107 113 (12992 11264 492 ) (12288 11264 492 ) (12288 11824 492 ) (12992 11824 492 ) 
4 107 108 (13312 11264 492 ) (12992 11264 492 ) (12992 12288 492 ) (13312 12288 492 ) 
4 108 130 (13312 11264 328 ) (13312 11264 492 ) (12992 11264 492 ) (12992 11264 328 ) 
4 108 112 (12992 11984 464 ) (12992 11984 328 ) (12992 11824 328 ) (12992 11824 464 ) 
4 108 111 (12992 11824 492 ) (12992 11984 492 ) (12992 11984 464 ) (12992 11824 464 ) 
4 108 110 (12992 11984 492 ) (12992 12288 492 ) (12992 12288 328 ) (12992 11984 328 ) 
4 108 113 (12992 11264 492 ) (12992 11824 492 ) (12992 11824 328 ) (12992 11264 328 ) 
4 108 109 (13312 11264 328 ) (12992 11264 328 ) (12992 12288 328 ) (13312 12288 328 ) 
4 109 130 (13312 11264 0 ) (13312 11264 328 ) (12992 11264 328 ) (12992 11264 0 ) 
4 109 112 (12992 11984 0 ) (12992 11824 0 ) (12992 11824 328 ) (12992 11984 328 ) 
4 109 110 (12992 12288 328 ) (12992 12288 0 ) (12992 11984 0 ) (12992 11984 328 ) 
4 109 113 (12992 11824 0 ) (12992 11264 0 ) (12992 11264 328 ) (12992 11824 328 ) 
4 110 124 (12288 12288 464 ) (12288 12288 0 ) (12288 11984 0 ) (12288 11984 464 ) 
4 110 116 (12288 12288 492 ) (12288 12288 464 ) (12288 11984 464 ) (12288 11984 492 ) 
4 110 112 (12288 11984 0 ) (12992 11984 0 ) (12992 11984 464 ) (12288 11984 464 ) 
4 110 111 (12992 11984 464 ) (12992 11984 492 ) (12288 11984 492 ) (12288 11984 464 ) 
4 111 119 (12288 11824 464 ) (12288 11824 492 ) (12288 11984 492 ) (12288 11984 464 ) 
4 111 113 (12992 11824 464 ) (12992 11824 492 ) (12288 11824 492 ) (12288 11824 464 ) 
4 111 112 (12992 11824 464 ) (12288 11824 464 ) (12288 11984 464 ) (12992 11984 464 ) 
4 112 124 (12288 11984 0 ) (12288 11824 0 ) (12288 11824 464 ) (12288 11984 464 ) 
4 112 113 (12288 11824 0 ) (12992 11824 0 ) (12992 11824 464 ) (12288 11824 464 ) 
4 113 130 (12992 11264 0 ) (12992 11264 492 ) (12288 11264 492 ) (12288 11264 0 ) 
4 113 124 (12288 11824 0 ) (12288 11264 0 ) (12288 11264 464 ) (12288 11824 464 ) 
4 113 120 (12288 11264 464 ) (12288 11264 492 ) (12288 11824 492 ) (12288 11824 464 ) 
4 114 131 (12288 11264 492 ) (12288 11264 1328 ) (11504 11264 1328 ) (11504 11264 492 ) 
4 114 120 (12288 11824 492 ) (12288 11264 492 ) (11504 11264 492 ) (11504 11824 492 ) 
4 114 119 (12288 11984 492 ) (12288 11824 492 ) (11504 11824 492 ) (11504 11984 492 ) 
4 114 117 (12080 12288 492 ) (12240 12288 492 ) (12240 11984 492 ) (12080 11984 492 ) 
4 114 116 (12240 12288 492 ) (12288 12288 492 ) (12288 11984 492 ) (12240 11984 492 ) 
4 114 118 (11504 12288 492 ) (12080 12288 492 ) (12080 11984 492 ) (11504 11984 492 ) 
4 114 115 (11504 12288 1328 ) (11504 12288 492 ) (11504 11264 492 ) (11504 11264 1328 ) 
4 115 133 (11264 12288 2304 ) (11264 12288 492 ) (11264 11264 492 ) (11264 11264 2304 ) 
4 115 132 (11264 11264 2304 ) (11264 11264 492 ) (11504 11264 492 ) (11504 11264 2304 ) 
4 115 122 (11312 12080 492 ) (11312 11728 492 ) (11264 11728 492 ) (11264 12080 492 ) 
4 115 121 (11264 12288 492 ) (11312 12288 492 ) (11312 12080 492 ) (11264 12080 492 ) 
4 115 123 (11312 11728 492 ) (11312 11264 492 ) (11264 11264 492 ) (11264 11728 492 ) 
4 115 120 (11504 11824 492 ) (11504 11264 492 ) (11312 11264 492 ) (11312 11824 492 ) 
4 115 119 (11504 11984 492 ) (11504 11824 492 ) (11312 11824 492 ) (11312 11984 492 ) 
4 115 118 (11312 12288 492 ) (11504 12288 492 ) (11504 11984 492 ) (11312 11984 492 ) 
4 116 124 (12240 12288 464 ) (12288 12288 464 ) (12288 11984 464 ) (12240 11984 464 ) 
4 116 119 (12240 11984 464 ) (12288 11984 464 ) (12288 11984 492 ) (12240 11984 492 ) 
4 116 117 (12240 12288 464 ) (12240 11984 464 ) (12240 11984 492 ) (12240 12288 492 ) 
4 117 124 (12080 12288 464 ) (12240 12288 464 ) (12240 11984 464 ) (12080 11984 464 ) 
4 117 119 (12080 11984 464 ) (12240 11984 464 ) (12240 11984 492 ) (12080 11984 492 ) 
4 117 118 (12080 12288 464 ) (12080 11984 464 ) (12080 11984 492 ) (12080 12288 492 ) 
4 118 124 (11312 11984 464 ) (11312 12288 464 ) (12080 12288 464 ) (12080 11984 464 ) 
4 118 122 (11312 12080 464 ) (11312 11984 464 ) (11312 11984 492 ) (11312 12080 492 ) 
4 118 121 (11312 12288 464 ) (11312 12080 464 ) (11312 12080 492 ) (11312 12288 492 ) 
4 118 119 (11312 11984 492 ) (11312 11984 464 ) (12080 11984 464 ) (12080 11984 492 ) 
4 119 124 (11312 11824 464 ) (11312 11984 464 ) (12288 11984 464 ) (12288 11824 464 ) 
4 119 122 (11312 11984 464 ) (11312 11824 464 ) (11312 11824 492 ) (11312 11984 492 ) 
4 119 120 (11312 11824 492 ) (11312 11824 464 ) (12288 11824 464 ) (12288 11824 492 ) 
4 120 132 (11504 11264 492 ) (11312 11264 492 ) (11312 11264 464 ) (11504 11264 464 ) 
4 120 131 (12288 11264 464 ) (12288 11264 492 ) (11504 11264 492 ) (11504 11264 464 ) 
4 120 124 (12288 11264 464 ) (11312 11264 464 ) (11312 11824 464 ) (12288 11824 464 ) 
4 120 122 (11312 11824 464 ) (11312 11728 464 ) (11312 11728 492 ) (11312 11824 492 ) 
4 120 123 (11312 11728 464 ) (11312 11264 464 ) (11312 11264 492 ) (11312 11728 492 ) 
4 121 134 (11264 12288 492 ) (11264 12288 464 ) (11264 12080 464 ) (11264 12080 492 ) 
4 121 124 (11264 12080 464 ) (11264 12288 464 ) (11312 12288 464 ) (11312 12080 464 ) 
4 121 122 (11264 12080 464 ) (11312 12080 464 ) (11312 12080 492 ) (11264 12080 492 ) 
4 122 135 (11264 12080 464 ) (11264 11728 464 ) (11264 11728 492 ) (11264 12080 492 ) 
4 122 124 (11264 11728 464 ) (11264 12080 464 ) (11312 12080 464 ) (11312 11728 464 ) 
4 122 123 (11264 11728 464 ) (11312 11728 464 ) (11312 11728 492 ) (11264 11728 492 ) 
4 123 136 (11264 11728 464 ) (11264 11264 464 ) (11264 11264 492 ) (11264 11728 492 ) 
4 123 132 (11312 11264 492 ) (11264 11264 492 ) (11264 11264 464 ) (11312 11264 464 ) 
4 123 124 (11312 11264 464 ) (11264 11264 464 ) (11264 11728 464 ) (11312 11728 464 ) 
4 124 138 (11264 12288 464 ) (11264 12288 0 ) (11264 11264 0 ) (11264 11264 464 ) 
4 124 132 (11504 11264 464 ) (11264 11264 464 ) (11264 11264 0 ) (11504 11264 0 ) 
4 124 131 (12288 11264 0 ) (12288 11264 464 ) (11504 11264 464 ) (11504 11264 0 ) 
4 125 172 (13312 10240 746 ) (13312 10240 1328 ) (12288 10240 1328 ) (12288 10240 746 ) 
4 125 131 (12288 11264 1328 ) (12288 11264 746 ) (12288 10240 746 ) (12288 10240 1328 ) 
4 125 129 (13192.600586 11264 746 ) (13204 11264 746 ) (13195.700195 11255.700195 746 ) (13190 11261.399414 746 ) 
4 125 128 (13195.700195 11255.700195 746 ) (12288 10348 746 ) (12288 10359.399414 746 ) (13190 11261.399414 746 ) 
5 125 127 (13204 11264 746 ) (13312 11264 746 ) (13312 10240 746 ) (12288 10240 746 ) (12288 10348 746 ) 
3 125 126 (12288 11264 746 ) (13192.600586 11264 746 ) (12288 10359.399414 746 ) 
4 126 131 (12288 11264 746 ) (12288 11264 504 ) (12288 10359.399414 504 ) (12288 10359.399414 746 ) 
3 126 130 (12288 11264 504 ) (13192.600586 11264 504 ) (12288 10359.399414 504 ) 
4 126 129 (13189.998047 11261.400391 504 ) (13192.597656 11264 504 ) (13192.601563 11264 746 ) (13190 11261.398438 746 ) 
4 126 128 (12288 10359.402344 504 ) (13189.998047 11261.400391 504 ) (13190 11261.398438 746 ) (12288 10359.398438 746 ) 
4 127 172 (13312 10240 504 ) (13312 10240 746 ) (12288 10240 746 ) (12288 10240 504 ) 
4 127 131 (12288 10348 504 ) (12288 10240 504 ) (12288 10240 746 ) (12288 10348 746 ) 
5 127 130 (13204 11264 504 ) (13312 11264 504 ) (13312 10240 504 ) (12288 10240 504 ) (12288 10348 504 ) 
4 127 129 (13204 11264 504 ) (13195.700195 11255.700195 504 ) (13195.700195 11255.700195 746 ) (13204 11264 746 ) 
4 127 128 (13195.700195 11255.700195 504 ) (12288 10348 504 ) (12288 10348 746 ) (13195.700195 11255.700195 746 ) 
4 128 131 (12288 10359.399414 504 ) (12288 10348 504 ) (12288 10348 746 ) (12288 10359.399414 746 ) 
4 128 130 (13195.700195 11255.700195 504 ) (12288 10348 504 ) (12288 10359.399414 504 ) (13190 11261.399414 504 ) 
4 128 129 (13195.699219 11255.699219 746 ) (13195.699219 11255.699219 504 ) (13189.997070 11261.401367 504 ) (13189.997070 11261.401367 746 ) 
4 129 130 (13192.600586 11264 504 ) (13204 11264 504 ) (13195.700195 11255.700195 504 ) (13190 11261.399414 504 ) 
4 130 172 (13312 10240 0 ) (13312 10240 504 ) (12288 10240 504 ) (12288 10240 0 ) 
4 130 131 (12288 11264 504 ) (12288 11264 0 ) (12288 10240 0 ) (12288 10240 504 ) 
4 131 173 (12288 10240 0 ) (12288 10240 1328 ) (11504 10240 1328 ) (11504 10240 0 ) 
4 131 132 (11504 10240 0 ) (11504 10240 1328 ) (11504 11264 1328 ) (11504 11264 0 ) 
4 132 174 (11504 10240 0 ) (11504 10240 2304 ) (11264 10240 2304 ) (11264 10240 0 ) 
4 132 140 (11264 10240 0 ) (11264 10240 2304 ) (11264 11264 2304 ) (11264 11264 0 ) 
4 133 140 (11264 11264 492 ) (11264 11264 2304 ) (10240 11264 2304 ) (10240 11264 492 ) 
4 133 139 (10240 12288 2304 ) (10240 12288 492 ) (10240 11264 492 ) (10240 11264 2304 ) 
4 133 135 (10960 11728 492 ) (10960 12080 492 ) (11264 12080 492 ) (11264 11728 492 ) 
4 133 134 (10960 12080 492 ) (10960 12288 492 ) (11264 12288 492 ) (11264 12080 492 ) 
4 133 136 (11264 11264 492 ) (10960 11264 492 ) (10960 11728 492 ) (11264 11728 492 ) 
4 133 137 (10960 11264 492 ) (10240 11264 492 ) (10240 12288 492 ) (10960 12288 492 ) 
4 134 138 (10960 12288 464 ) (11264 12288 464 ) (11264 12080 464 ) (10960 12080 464 ) 
4 134 137 (10960 12288 464 ) (10960 12080 464 ) (10960 12080 492 ) (10960 12288 492 ) 
4 134 135 (10960 12080 492 ) (10960 12080 464 ) (11264 12080 464 ) (11264 12080 492 ) 
4 135 138 (11264 12080 464 ) (11264 11728 464 ) (10960 11728 464 ) (10960 12080 464 ) 
4 135 136 (10960 11728 492 ) (10960 11728 464 ) (11264 11728 464 ) (11264 11728 492 ) 
4 135 137 (10960 12080 464 ) (10960 11728 464 ) (10960 11728 492 ) (10960 12080 492 ) 
4 136 140 (11264 11264 464 ) (11264 11264 492 ) (10960 11264 492 ) (10960 11264 464 ) 
4 136 138 (11264 11728 464 ) (11264 11264 464 ) (10960 11264 464 ) (10960 11728 464 ) 
4 136 137 (10960 11728 464 ) (10960 11264 464 ) (10960 11264 492 ) (10960 11728 492 ) 
4 137 140 (10960 11264 492 ) (10240 11264 492 ) (10240 11264 464 ) (10960 11264 464 ) 
4 137 139 (10240 12288 492 ) (10240 12288 464 ) (10240 11264 464 ) (10240 11264 492 ) 
4 137 138 (10240 11264 464 ) (10240 12288 464 ) (10960 12288 464 ) (10960 11264 464 ) 
4 138 140 (11264 11264 0 ) (11264 11264 464 ) (10240 11264 464 ) (10240 11264 0 ) 
4 138 139 (10240 12288 464 ) (10240 12288 0 ) (10240 11264 0 ) (10240 11264 464 ) 
4 139 154 (9216 11264 0 ) (9216 11264 2304 ) (9216 12288 2304 ) (9216 12288 0 ) 
4 139 141 (10240 11264 0 ) (10240 11264 2304 ) (9216 11264 2304 ) (9216 11264 0 ) 
4 140 175 (11264 10240 0 ) (11264 10240 2304 ) (10240 10240 2304 ) (10240 10240 0 ) 
4 140 141 (10240 11264 2304 ) (10240 11264 0 ) (10240 10240 0 ) (10240 10240 2304 ) 
4 141 176 (10240 10240 0 ) (10240 10240 2304 ) (9216 10240 2304 ) (9216 10240 0 ) 
4 141 155 (9216 10240 0 ) (9216 10240 2304 ) (9216 11264 2304 ) (9216 11264 0 ) 
4 142 144 (8192 15360 0 ) (8192 15360 2304 ) (8192 15584 2304 ) (8192 15584 0 ) 
4 142 143 (9216 15360 0 ) (9216 15360 2304 ) (8192 15360 2304 ) (8192 15360 0 ) 
4 143 148 (9216 14336 0 ) (9216 14336 2304 ) (8192 14336 2304 ) (8192 14336 0 ) 
4 143 146 (8192 14336 0 ) (8192 14336 2304 ) (8192 15360 2304 ) (8192 15360 0 ) 
4 144 146 (8192 15360 0 ) (8192 15360 2304 ) (7168 15360 2304 ) (7168 15360 0 ) 
4 144 145 (7168 15360 0 ) (7168 15360 2304 ) (7168 15584 2304 ) (7168 15584 0 ) 
4 145 147 (7168 15360 0 ) (7168 15360 2304 ) (7056 15360 2304 ) (7056 15360 0 ) 
4 146 150 (8192 14336 0 ) (8192 14336 2304 ) (7168 14336 2304 ) (7168 14336 0 ) 
4 146 147 (7168 15360 2304 ) (7168 15360 0 ) (7168 14336 0 ) (7168 14336 2304 ) 
4 147 151 (7168 14336 0 ) (7168 14336 2304 ) (7056 14336 2304 ) (7056 14336 0 ) 
4 148 150 (8192 14336 2304 ) (8192 14336 0 ) (8192 13312 0 ) (8192 13312 2304 ) 
4 148 149 (9216 13312 0 ) (9216 13312 2304 ) (8192 13312 2304 ) (8192 13312 0 ) 
4 149 154 (9216 12288 0 ) (9216 12288 2304 ) (8192 12288 2304 ) (8192 12288 0 ) 
4 149 152 (8192 12288 0 ) (8192 12288 2304 ) (8192 13312 2304 ) (8192 13312 0 ) 
4 150 152 (8192 13312 0 ) (8192 13312 2304 ) (7168 13312 2304 ) (7168 13312 0 ) 
4 150 151 (7168 14336 2304 ) (7168 14336 0 ) (7168 13312 0 ) (7168 13312 2304 ) 
4 151 153 (7168 13312 0 ) (7168 13312 2304 ) (7056 13312 2304 ) (7056 13312 0 ) 
4 152 156 (8192 12288 0 ) (8192 12288 2304 ) (7168 12288 2304 ) (7168 12288 0 ) 
4 152 153 (7168 13312 2304 ) (7168 13312 0 ) (7168 12288 0 ) (7168 12288 2304 ) 
4 153 157 (7168 12288 0 ) (7168 12288 2304 ) (7056 12288 2304 ) (7056 12288 0 ) 
4 154 156 (8192 12288 2304 ) (8192 12288 0 ) (8192 11264 0 ) (8192 11264 2304 ) 
4 154 155 (9216 11264 0 ) (9216 11264 2304 ) (8192 11264 2304 ) (8192 11264 0 ) 
4 155 180 (9216 10240 0 ) (9216 10240 2304 ) (8192 10240 2304 ) (8192 10240 0 ) 
4 155 159 (8192 10240 0 ) (8192 10240 2304 ) (8192 11264 2304 ) (8192 11264 0 ) 
4 156 159 (8192 11264 0 ) (8192 11264 2304 ) (7168 11264 2304 ) (7168 11264 0 ) 
4 156 157 (7168 12288 2304 ) (7168 12288 0 ) (7168 11264 0 ) (7168 11264 2304 ) 
4 157 160 (7168 11264 0 ) (7168 11264 2304 ) (7056 11264 2304 ) (7056 11264 0 ) 
4 157 158 (7056 11264 512 ) (7056 11264 896 ) (7056 11808 896 ) (7056 11808 512 ) 
4 158 162 (6144 11264 512 ) (6144 11264 896 ) (6144 11808 896 ) (6144 11808 512 ) 
4 158 161 (7056 11264 512 ) (7056 11264 896 ) (6144 11264 896 ) (6144 11264 512 ) 
4 159 181 (8192 10240 0 ) (8192 10240 2304 ) (7168 10240 2304 ) (7168 10240 0 ) 
4 159 160 (7168 11264 2304 ) (7168 11264 0 ) (7168 10240 0 ) (7168 10240 2304 ) 
4 160 182 (7168 10240 0 ) (7168 10240 2304 ) (7056 10240 2304 ) (7056 10240 0 ) 
4 160 161 (7056 11264 896 ) (7056 11264 512 ) (7056 11168 512 ) (7056 11168 896 ) 
4 161 164 (6144 11264 896 ) (6144 11264 512 ) (6144 11168 512 ) (6144 11168 896 ) 
4 162 164 (6144 11264 512 ) (6144 11264 896 ) (5120 11264 896 ) (5120 11264 512 ) 
4 162 163 (5120 11264 512 ) (5120 11264 896 ) (5120 11808 896 ) (5120 11808 512 ) 
4 163 166 (4096 11264 512 ) (4096 11264 896 ) (4096 11808 896 ) (4096 11808 512 ) 
4 163 165 (5120 11264 512 ) (5120 11264 896 ) (4096 11264 896 ) (4096 11264 512 ) 
4 164 165 (5120 11264 896 ) (5120 11264 512 ) (5120 11168 512 ) (5120 11168 896 ) 
4 165 168 (4096 11264 896 ) (4096 11264 512 ) (4096 11168 512 ) (4096 11168 896 ) 
4 166 168 (4096 11264 512 ) (4096 11264 896 ) (3072 11264 896 ) (3072 11264 512 ) 
4 166 167 (3072 11264 512 ) (3072 11264 896 ) (3072 11808 896 ) (3072 11808 512 ) 
4 167 190 (2048 11264 512 ) (2048 11264 896 ) (2048 11808 896 ) (2048 11808 512 ) 
4 167 169 (3072 11264 512 ) (3072 11264 896 ) (2048 11264 896 ) (2048 11264 512 ) 
4 168 169 (3072 11264 896 ) (3072 11264 512 ) (3072 11168 512 ) (3072 11168 896 ) 
4 169 191 (2048 11264 896 ) (2048 11264 512 ) (2048 11168 512 ) (2048 11168 896 ) 
4 170 171 (14336 9216 0 ) (14336 9216 1328 ) (14336 10240 1328 ) (14336 10240 0 ) 
4 171 172 (13312 10240 1328 ) (13312 10240 0 ) (13312 9216 0 ) (13312 9216 1328 ) 
4 172 173 (12288 9216 0 ) (12288 9216 1328 ) (12288 10240 1328 ) (12288 10240 0 ) 
4 173 174 (11504 10240 1328 ) (11504 10240 0 ) (11504 9216 0 ) (11504 9216 1328 ) 
4 174 175 (11264 9216 0 ) (11264 9216 2304 ) (11264 10240 2304 ) (11264 10240 0 ) 
4 175 176 (10240 9216 0 ) (10240 9216 2304 ) (10240 10240 2304 ) (10240 10240 0 ) 
4 176 180 (9216 10240 2304 ) (9216 10240 0 ) (9216 9216 0 ) (9216 9216 2304 ) 
4 176 177 (9216 9216 896 ) (9216 9216 512 ) (9648 9216 512 ) (9648 9216 896 ) 
4 177 183 (9216 8192 512 ) (9216 8192 896 ) (9216 9216 896 ) (9216 9216 512 ) 
4 177 178 (9216 8192 896 ) (9216 8192 512 ) (9648 8192 512 ) (9648 8192 896 ) 
4 178 184 (9216 7168 512 ) (9216 7168 896 ) (9216 8192 896 ) (9216 8192 512 ) 
4 178 179 (9648 7168 896 ) (9216 7168 896 ) (9216 7168 512 ) (9648 7168 512 ) 
4 179 185 (9216 6144 512 ) (9216 6144 896 ) (9216 7168 896 ) (9216 7168 512 ) 
4 180 183 (9216 9216 512 ) (9216 9216 896 ) (9008 9216 896 ) (9008 9216 512 ) 
4 180 181 (8192 10240 2304 ) (8192 10240 0 ) (8192 9216 0 ) (8192 9216 2304 ) 
4 181 182 (7168 9216 0 ) (7168 9216 2304 ) (7168 10240 2304 ) (7168 10240 0 ) 
4 183 184 (9216 8192 512 ) (9216 8192 896 ) (9008 8192 896 ) (9008 8192 512 ) 
4 184 185 (9216 7168 512 ) (9216 7168 896 ) (9008 7168 896 ) (9008 7168 512 ) 
4 186 188 (912 13312 0 ) (912 13312 2304 ) (0 13312 2304 ) (0 13312 0 ) 
4 186 187 (0 13312 0 ) (0 13312 2304 ) (0 13728 2304 ) (0 13728 0 ) 
4 187 198 (-1024 13312 0 ) (-1024 13312 2304 ) (-1024 13728 2304 ) (-1024 13728 0 ) 
4 187 189 (0 13312 0 ) (0 13312 2304 ) (-1024 13312 2304 ) (-1024 13312 0 ) 
4 188 193 (912 12288 0 ) (912 12288 2304 ) (0 12288 2304 ) (0 12288 0 ) 
4 188 189 (0 13312 2304 ) (0 13312 0 ) (0 12288 0 ) (0 12288 2304 ) 
4 189 200 (-1024 12288 0 ) (-1024 12288 2304 ) (-1024 13312 2304 ) (-1024 13312 0 ) 
4 189 194 (0 12288 0 ) (0 12288 2304 ) (-1024 12288 2304 ) (-1024 12288 0 ) 
4 190 192 (1024 11808 512 ) (1024 11264 512 ) (1024 11264 896 ) (1024 11808 896 ) 
4 190 191 (2048 11264 512 ) (2048 11264 896 ) (1024 11264 896 ) (1024 11264 512 ) 
4 191 195 (1024 11264 896 ) (1024 11264 512 ) (1024 11168 512 ) (1024 11168 896 ) 
4 192 195 (1024 11264 512 ) (1024 11264 896 ) (912 11264 896 ) (912 11264 512 ) 
4 192 193 (912 11264 512 ) (912 11264 896 ) (912 11808 896 ) (912 11808 512 ) 
4 193 196 (912 11264 0 ) (912 11264 2304 ) (0 11264 2304 ) (0 11264 0 ) 
4 193 194 (0 12288 2304 ) (0 12288 0 ) (0 11264 0 ) (0 11264 2304 ) 
4 194 206 (-1024 11264 0 ) (-1024 11264 2304 ) (-1024 12288 2304 ) (-1024 12288 0 ) 
4 194 197 (0 11264 0 ) (0 11264 2304 ) (-1024 11264 2304 ) (-1024 11264 0 ) 
4 195 196 (912 11264 896 ) (912 11264 512 ) (912 11168 512 ) (912 11168 896 ) 
4 196 234 (912 10240 0 ) (912 10240 2304 ) (0 10240 2304 ) (0 10240 0 ) 
4 196 197 (0 11264 2304 ) (0 11264 0 ) (0 10240 0 ) (0 10240 2304 ) 
4 197 235 (0 10240 0 ) (0 10240 2304 ) (-1024 10240 2304 ) (-1024 10240 0 ) 
4 197 208 (-1024 10240 0 ) (-1024 10240 2304 ) (-1024 11264 2304 ) (-1024 11264 0 ) 
4 198 200 (-1024 13312 0 ) (-1024 13312 2304 ) (-2048 13312 2304 ) (-2048 13312 0 ) 
4 198 199 (-2048 13312 0 ) (-2048 13312 2304 ) (-2048 13728 2304 ) (-2048 13728 0 ) 
4 199 202 (-3072 13312 0 ) (-3072 13312 2304 ) (-3072 13728 2304 ) (-3072 13728 0 ) 
4 199 201 (-2048 13312 0 ) (-2048 13312 2304 ) (-3072 13312 2304 ) (-3072 13312 0 ) 
4 200 206 (-1024 12288 0 ) (-1024 12288 2304 ) (-2048 12288 2304 ) (-2048 12288 0 ) 
4 200 201 (-2048 13312 2304 ) (-2048 13312 0 ) (-2048 12288 0 ) (-2048 12288 2304 ) 
4 201 207 (-2048 12288 0 ) (-2048 12288 2304 ) (-3072 12288 2304 ) (-3072 12288 0 ) 
4 201 204 (-3072 12288 0 ) (-3072 12288 2304 ) (-3072 13312 2304 ) (-3072 13312 0 ) 
4 202 204 (-3072 13312 0 ) (-3072 13312 2304 ) (-4096 13312 2304 ) (-4096 13312 0 ) 
4 202 203 (-4096 13312 0 ) (-4096 13312 2304 ) (-4096 13728 2304 ) (-4096 13728 0 ) 
4 203 214 (-5120 13312 0 ) (-5120 13312 2304 ) (-5120 13728 2304 ) (-5120 13728 0 ) 
4 203 205 (-4096 13312 0 ) (-4096 13312 2304 ) (-5120 13312 2304 ) (-5120 13312 0 ) 
4 204 210 (-3072 12288 0 ) (-3072 12288 2304 ) (-4096 12288 2304 ) (-4096 12288 0 ) 
4 204 205 (-4096 13312 2304 ) (-4096 13312 0 ) (-4096 12288 0 ) (-4096 12288 2304 ) 
4 205 215 (-5120 12288 0 ) (-5120 12288 2304 ) (-5120 13312 2304 ) (-5120 13312 0 ) 
4 205 211 (-4096 12288 0 ) (-4096 12288 2304 ) (-5120 12288 2304 ) (-5120 12288 0 ) 
4 206 208 (-1024 11264 0 ) (-1024 11264 2304 ) (-2048 11264 2304 ) (-2048 11264 0 ) 
4 206 207 (-2048 12288 2304 ) (-2048 12288 0 ) (-2048 11264 0 ) (-2048 11264 2304 ) 
4 207 210 (-3072 12288 2304 ) (-3072 12288 0 ) (-3072 11264 0 ) (-3072 11264 2304 ) 
4 207 209 (-2048 11264 0 ) (-2048 11264 2304 ) (-3072 11264 2304 ) (-3072 11264 0 ) 
4 208 240 (-1024 10240 0 ) (-1024 10240 2304 ) (-2048 10240 2304 ) (-2048 10240 0 ) 
4 208 209 (-2048 11264 2304 ) (-2048 11264 0 ) (-2048 10240 0 ) (-2048 10240 2304 ) 
4 209 243 (-2820 10240 520 ) (-3072 10240 520 ) (-3072 10240 0 ) (-2820 10240 0 ) 
4 209 242 (-2048 10240 0 ) (-2048 10240 520 ) (-2820 10240 520 ) (-2820 10240 0 ) 
4 209 241 (-2048 10240 520 ) (-2048 10240 2304 ) (-3072 10240 2304 ) (-3072 10240 520 ) 
4 209 212 (-3072 10240 0 ) (-3072 10240 2304 ) (-3072 11264 2304 ) (-3072 11264 0 ) 
4 210 212 (-3072 11264 0 ) (-3072 11264 2304 ) (-4096 11264 2304 ) (-4096 11264 0 ) 
4 210 211 (-4096 12288 2304 ) (-4096 12288 0 ) (-4096 11264 0 ) (-4096 11264 2304 ) 
4 211 220 (-5120 11264 0 ) (-5120 11264 2304 ) (-5120 12288 2304 ) (-5120 12288 0 ) 
4 211 213 (-4096 11264 0 ) (-4096 11264 2304 ) (-5120 11264 2304 ) (-5120 11264 0 ) 
4 212 262 (-3072 10240 0 ) (-3072 10240 512 ) (-4096 10240 512 ) (-4096 10240 0 ) 
4 212 259 (-3072 10240 512 ) (-3072 10240 711.500000 ) (-3152 10240 711.500000 ) (-3152 10240 512 ) 
4 212 261 (-3152 10240 711.500000 ) (-4096 10240 711.500000 ) (-4096 10240 512 ) (-3152 10240 512 ) 
4 212 255 (-3437 10240 743.500000 ) (-3581 10240 743.500000 ) (-3581 10240 711.500000 ) (-3437 10240 711.500000 ) 
4 212 254 (-3072 10240 711.500000 ) (-3072 10240 743.500000 ) (-3437 10240 743.500000 ) (-3437 10240 711.500000 ) 
4 212 258 (-3581 10240 743.500000 ) (-4096 10240 743.500000 ) (-4096 10240 711.500000 ) (-3581 10240 711.500000 ) 
4 212 253 (-3072 10240 743.500000 ) (-3072 10240 2304 ) (-4096 10240 2304 ) (-4096 10240 743.500000 ) 
4 212 213 (-4096 11264 2304 ) (-4096 11264 0 ) (-4096 10240 0 ) (-4096 10240 2304 ) 
4 213 263 (-4096 10240 0 ) (-4096 10240 2304 ) (-5120 10240 2304 ) (-5120 10240 0 ) 
4 213 221 (-5120 10240 0 ) (-5120 10240 2304 ) (-5120 11264 2304 ) (-5120 11264 0 ) 
4 214 216 (-6144 13312 0 ) (-6144 13312 2304 ) (-6144 13728 2304 ) (-6144 13728 0 ) 
4 214 215 (-5120 13312 0 ) (-5120 13312 2304 ) (-6144 13312 2304 ) (-6144 13312 0 ) 
4 215 220 (-5120 12288 0 ) (-5120 12288 2304 ) (-6144 12288 2304 ) (-6144 12288 0 ) 
4 215 218 (-6144 12288 0 ) (-6144 12288 2304 ) (-6144 13312 2304 ) (-6144 13312 0 ) 
4 216 218 (-6144 13312 0 ) (-6144 13312 2304 ) (-7168 13312 2304 ) (-7168 13312 0 ) 
4 216 217 (-7168 13312 0 ) (-7168 13312 2304 ) (-7168 13728 2304 ) (-7168 13728 0 ) 
4 217 219 (-7168 13312 0 ) (-7168 13312 2304 ) (-8080 13312 2304 ) (-8080 13312 0 ) 
4 218 222 (-6144 12288 0 ) (-6144 12288 2304 ) (-7168 12288 2304 ) (-7168 12288 0 ) 
4 218 219 (-7168 13312 2304 ) (-7168 13312 0 ) (-7168 12288 0 ) (-7168 12288 2304 ) 
4 219 223 (-7168 12288 0 ) (-7168 12288 2304 ) (-8080 12288 2304 ) (-8080 12288 0 ) 
4 220 222 (-6144 12288 2304 ) (-6144 12288 0 ) (-6144 11264 0 ) (-6144 11264 2304 ) 
4 220 221 (-5120 11264 0 ) (-5120 11264 2304 ) (-6144 11264 2304 ) (-6144 11264 0 ) 
4 221 282 (-5120 10240 0 ) (-5120 10240 2304 ) (-6144 10240 2304 ) (-6144 10240 0 ) 
4 221 225 (-6144 10240 0 ) (-6144 10240 2304 ) (-6144 11264 2304 ) (-6144 11264 0 ) 
4 222 225 (-6144 11264 0 ) (-6144 11264 2304 ) (-7168 11264 2304 ) (-7168 11264 0 ) 
4 222 223 (-7168 12288 2304 ) (-7168 12288 0 ) (-7168 11264 0 ) (-7168 11264 2304 ) 
4 223 226 (-7168 11264 0 ) (-7168 11264 2304 ) (-8080 11264 2304 ) (-8080 11264 0 ) 
4 223 224 (-8080 11264 512 ) (-8080 11264 896 ) (-8080 11808 896 ) (-8080 11808 512 ) 
4 224 228 (-8192 11264 512 ) (-8192 11264 896 ) (-8192 11808 896 ) (-8192 11808 512 ) 
4 224 227 (-8080 11264 512 ) (-8080 11264 896 ) (-8192 11264 896 ) (-8192 11264 512 ) 
4 225 283 (-6144 10240 0 ) (-6144 10240 2304 ) (-7168 10240 2304 ) (-7168 10240 0 ) 
4 225 226 (-7168 11264 2304 ) (-7168 11264 0 ) (-7168 10240 0 ) (-7168 10240 2304 ) 
4 226 284 (-7168 10240 0 ) (-7168 10240 2304 ) (-8080 10240 2304 ) (-8080 10240 0 ) 
4 226 227 (-8080 11264 896 ) (-8080 11264 512 ) (-8080 11168 512 ) (-8080 11168 896 ) 
4 227 230 (-8192 11264 896 ) (-8192 11264 512 ) (-8192 11168 512 ) (-8192 11168 896 ) 
4 228 230 (-8192 11264 512 ) (-8192 11264 896 ) (-9216 11264 896 ) (-9216 11264 512 ) 
4 228 229 (-9216 11264 512 ) (-9216 11264 896 ) (-9216 11808 896 ) (-9216 11808 512 ) 
4 229 232 (-10240 11264 512 ) (-10240 11264 896 ) (-10240 11808 896 ) (-10240 11808 512 ) 
4 229 231 (-9216 11264 512 ) (-9216 11264 896 ) (-10240 11264 896 ) (-10240 11264 512 ) 
4 230 231 (-9216 11264 896 ) (-9216 11264 512 ) (-9216 11168 512 ) (-9216 11168 896 ) 
4 231 233 (-10240 11264 896 ) (-10240 11264 512 ) (-10240 11168 512 ) (-10240 11168 896 ) 
4 232 233 (-10240 11264 512 ) (-10240 11264 896 ) (-11152 11264 896 ) (-11152 11264 512 ) 
4 234 236 (912 9216 0 ) (912 9216 2304 ) (0 9216 2304 ) (0 9216 0 ) 
4 234 235 (0 9216 0 ) (0 9216 2304 ) (0 10240 2304 ) (0 10240 0 ) 
4 235 240 (-1024 10240 2304 ) (-1024 10240 0 ) (-1024 9216 0 ) (-1024 9216 2304 ) 
4 235 237 (0 9216 0 ) (0 9216 2304 ) (-1024 9216 2304 ) (-1024 9216 0 ) 
4 236 238 (912 8192 0 ) (912 8192 2304 ) (0 8192 2304 ) (0 8192 0 ) 
4 236 237 (0 9216 2304 ) (0 9216 0 ) (0 8192 0 ) (0 8192 2304 ) 
4 237 245 (-1024 8192 0 ) (-1024 8192 2304 ) (-1024 9216 2304 ) (-1024 9216 0 ) 
4 237 239 (0 8192 0 ) (0 8192 2304 ) (-1024 8192 2304 ) (-1024 8192 0 ) 
4 238 239 (0 8192 2304 ) (0 8192 0 ) (0 7232 0 ) (0 7232 2304 ) 
4 239 250 (-1024 7232 0 ) (-1024 7232 2304 ) (-1024 8192 2304 ) (-1024 8192 0 ) 
4 240 245 (-1024 9216 0 ) (-1024 9216 2304 ) (-2048 9216 2304 ) (-2048 9216 0 ) 
4 240 242 (-2048 9216 0 ) (-2048 9216 520 ) (-2048 10240 520 ) (-2048 10240 0 ) 
4 240 241 (-2048 9216 520 ) (-2048 9216 2304 ) (-2048 10240 2304 ) (-2048 10240 520 ) 
4 241 260 (-3072 9216 520 ) (-3072 9216 711.500000 ) (-3072 9928 711.500000 ) (-3072 9928 520 ) 
4 241 259 (-3072 9928 711.500000 ) (-3072 10240 711.500000 ) (-3072 10240 520 ) (-3072 9928 520 ) 
4 241 254 (-3072 9216 711.500000 ) (-3072 9216 743.500000 ) (-3072 10240 743.500000 ) (-3072 10240 711.500000 ) 
4 241 253 (-3072 9216 743.500000 ) (-3072 9216 2304 ) (-3072 10240 2304 ) (-3072 10240 743.500000 ) 
4 241 246 (-2048 9216 520 ) (-2048 9216 2304 ) (-3072 9216 2304 ) (-3072 9216 520 ) 
4 241 243 (-3072 9928 520 ) (-3072 10240 520 ) (-2820 10240 520 ) (-2820 9928 520 ) 
4 241 242 (-2048 9216 520 ) (-2820 9216 520 ) (-2820 10240 520 ) (-2048 10240 520 ) 
4 242 247 (-2048 9216 0 ) (-2048 9216 520 ) (-2820 9216 520 ) (-2820 9216 0 ) 
4 242 244 (-2820 9928 0 ) (-2820 9216 0 ) (-2820 9216 512 ) (-2820 9928 512 ) 
4 242 243 (-2820 10240 0 ) (-2820 9928 0 ) (-2820 9928 520 ) (-2820 10240 520 ) 
4 243 262 (-3072 10240 512 ) (-3072 10240 0 ) (-3072 9928 0 ) (-3072 9928 512 ) 
4 243 259 (-3072 9928 520 ) (-3072 10240 520 ) (-3072 10240 512 ) (-3072 9928 512 ) 
4 243 244 (-3072 9928 0 ) (-2820 9928 0 ) (-2820 9928 512 ) (-3072 9928 512 ) 
4 244 262 (-3072 9216 0 ) (-3072 9216 512 ) (-3072 9928 512 ) (-3072 9928 0 ) 
4 244 248 (-3072 9216 512 ) (-3072 9216 0 ) (-2820 9216 0 ) (-2820 9216 512 ) 
4 245 250 (-1024 8192 0 ) (-1024 8192 2304 ) (-2048 8192 2304 ) (-2048 8192 0 ) 
4 245 247 (-2048 8192 0 ) (-2048 8192 520 ) (-2048 9216 520 ) (-2048 9216 0 ) 
4 245 246 (-2048 8192 520 ) (-2048 8192 2304 ) (-2048 9216 2304 ) (-2048 9216 520 ) 
4 246 265 (-3072 8192 520 ) (-3072 8192 776 ) (-3072 9216 776 ) (-3072 9216 520 ) 
4 246 264 (-3072 8192 776 ) (-3072 8192 2304 ) (-3072 9216 2304 ) (-3072 9216 776 ) 
4 246 251 (-3072 8192 2304 ) (-3072 8192 520 ) (-2048 8192 520 ) (-2048 8192 2304 ) 
4 246 249 (-2820 8192 520 ) (-3072 8192 520 ) (-3072 8912 520 ) (-2820 8912 520 ) 
4 246 247 (-2048 8192 520 ) (-2820 8192 520 ) (-2820 9216 520 ) (-2048 9216 520 ) 
4 247 251 (-2820 8192 0 ) (-2048 8192 0 ) (-2048 8192 520 ) (-2820 8192 520 ) 
4 247 248 (-2820 9216 0 ) (-2820 8912 0 ) (-2820 8912 512 ) (-2820 9216 512 ) 
4 247 249 (-2820 8912 0 ) (-2820 8192 0 ) (-2820 8192 520 ) (-2820 8912 520 ) 
4 248 271 (-3072 9216 512 ) (-3072 9216 0 ) (-3072 8912 0 ) (-3072 8912 512 ) 
4 248 249 (-3072 8912 0 ) (-2820 8912 0 ) (-2820 8912 512 ) (-3072 8912 512 ) 
4 249 271 (-3072 8192 0 ) (-3072 8192 512 ) (-3072 8912 512 ) (-3072 8912 0 ) 
4 249 269 (-3072 8192 512 ) (-3072 8192 520 ) (-3072 8912 520 ) (-3072 8912 512 ) 
4 249 251 (-3072 8192 520 ) (-3072 8192 0 ) (-2820 8192 0 ) (-2820 8192 520 ) 
4 250 251 (-2048 8192 2304 ) (-2048 8192 0 ) (-2048 7232 0 ) (-2048 7232 2304 ) 
4 251 273 (-3072 7232 0 ) (-3072 7232 2304 ) (-3072 8192 2304 ) (-3072 8192 0 ) 
4 251 252 (-3072 7232 896 ) (-3072 7232 512 ) (-2640 7232 512 ) (-2640 7232 896 ) 
4 252 276 (-3072 7168 896 ) (-3072 7168 512 ) (-2640 7168 512 ) (-2640 7168 896 ) 
4 252 274 (-3072 7168 512 ) (-3072 7168 896 ) (-3072 7232 896 ) (-3072 7232 512 ) 
4 253 266 (-3924 9216 776 ) (-3928 9216 776 ) (-3928 9216 743.500000 ) (-3924 9216 743.500000 ) 
4 253 265 (-3072 9216 743.500000 ) (-3072 9216 776 ) (-3924 9216 776 ) (-3924 9216 743.500000 ) 
4 253 268 (-3928 9216 776 ) (-4096 9216 776 ) (-4096 9216 743.500000 ) (-3928 9216 743.500000 ) 
4 253 264 (-3072 9216 776 ) (-3072 9216 2304 ) (-4096 9216 2304 ) (-4096 9216 776 ) 
4 253 263 (-4096 9216 743.500000 ) (-4096 9216 2304 ) (-4096 10240 2304 ) (-4096 10240 743.500000 ) 
4 253 256 (-3437 9489 743.500000 ) (-3437 9481 743.500000 ) (-3581 9481 743.500000 ) (-3581 9489 743.500000 ) 
4 253 255 (-3581 10240 743.500000 ) (-3437 10240 743.500000 ) (-3437 9489 743.500000 ) (-3581 9489 743.500000 ) 
4 253 257 (-3437 9481 743.500000 ) (-3437 9216 743.500000 ) (-3581 9216 743.500000 ) (-3581 9481 743.500000 ) 
4 253 254 (-3437 10240 743.500000 ) (-3072 10240 743.500000 ) (-3072 9216 743.500000 ) (-3437 9216 743.500000 ) 
4 253 258 (-4096 9216 743.500000 ) (-4096 10240 743.500000 ) (-3581 10240 743.500000 ) (-3581 9216 743.500000 ) 
4 254 265 (-3072 9216 711.500000 ) (-3072 9216 743.500000 ) (-3437 9216 743.500000 ) (-3437 9216 711.500000 ) 
4 254 260 (-3072 9216 711.500000 ) (-3152 9216 711.500000 ) (-3152 9928 711.500000 ) (-3072 9928 711.500000 ) 
4 254 259 (-3152 9928 711.500000 ) (-3152 10240 711.500000 ) (-3072 10240 711.500000 ) (-3072 9928 711.500000 ) 
4 254 261 (-3152 9216 711.500000 ) (-3437 9216 711.500000 ) (-3437 10240 711.500000 ) (-3152 10240 711.500000 ) 
4 254 256 (-3437 9489 711.500000 ) (-3437 9481 711.500000 ) (-3437 9481 743.500000 ) (-3437 9489 743.500000 ) 
4 254 255 (-3437 10240 711.500000 ) (-3437 9489 711.500000 ) (-3437 9489 743.500000 ) (-3437 10240 743.500000 ) 
4 254 257 (-3437 9481 711.500000 ) (-3437 9216 711.500000 ) (-3437 9216 743.500000 ) (-3437 9481 743.500000 ) 
4 255 261 (-3581 9489 711.500000 ) (-3581 10240 711.500000 ) (-3437 10240 711.500000 ) (-3437 9489 711.500000 ) 
4 255 258 (-3581 10240 711.500000 ) (-3581 9489 711.500000 ) (-3581 9489 743.500000 ) (-3581 10240 743.500000 ) 
4 255 256 (-3581 9489 743.500000 ) (-3581 9489 711.500000 ) (-3437 9489 711.500000 ) (-3437 9489 743.500000 ) 
4 256 261 (-3581 9481 711.500000 ) (-3581 9489 711.500000 ) (-3437 9489 711.500000 ) (-3437 9481 711.500000 ) 
4 256 257 (-3581 9481 743.500000 ) (-3581 9481 711.500000 ) (-3437 9481 711.500000 ) (-3437 9481 743.500000 ) 
4 256 258 (-3581 9489 711.500000 ) (-3581 9481 711.500000 ) (-3581 9481 743.500000 ) (-3581 9489 743.500000 ) 
4 257 265 (-3437 9216 743.500000 ) (-3581 9216 743.500000 ) (-3581 9216 711.500000 ) (-3437 9216 711.500000 ) 
4 257 261 (-3437 9216 711.500000 ) (-3581 9216 711.500000 ) (-3581 9481 711.500000 ) (-3437 9481 711.500000 ) 
4 257 258 (-3581 9481 711.500000 ) (-3581 9216 711.500000 ) (-3581 9216 743.500000 ) (-3581 9481 743.500000 ) 
4 258 266 (-3924 9216 743.500000 ) (-3928 9216 743.500000 ) (-3928 9216 711.500000 ) (-3924 9216 711.500000 ) 
4 258 265 (-3581 9216 743.500000 ) (-3924 9216 743.500000 ) (-3924 9216 711.500000 ) (-3581 9216 711.500000 ) 
4 258 268 (-3928 9216 743.500000 ) (-4096 9216 743.500000 ) (-4096 9216 711.500000 ) (-3928 9216 711.500000 ) 
4 258 263 (-4096 9216 711.500000 ) (-4096 9216 743.500000 ) (-4096 10240 743.500000 ) (-4096 10240 711.500000 ) 
4 258 261 (-3581 9216 711.500000 ) (-4096 9216 711.500000 ) (-4096 10240 711.500000 ) (-3581 10240 711.500000 ) 
4 259 262 (-3152 10240 512 ) (-3072 10240 512 ) (-3072 9928 512 ) (-3152 9928 512 ) 
4 259 260 (-3152 9928 711.500000 ) (-3152 9928 520 ) (-3072 9928 520 ) (-3072 9928 711.500000 ) 
4 259 261 (-3152 10240 512 ) (-3152 9928 512 ) (-3152 9928 711.500000 ) (-3152 10240 711.500000 ) 
4 260 265 (-3072 9216 520 ) (-3072 9216 711.500000 ) (-3152 9216 711.500000 ) (-3152 9216 520 ) 
4 260 261 (-3152 9216 520 ) (-3152 9216 711.500000 ) (-3152 9928 711.500000 ) (-3152 9928 520 ) 
4 261 270 (-4096 9216 520 ) (-4096 9216 512 ) (-3152 9216 512 ) (-3152 9216 520 ) 
4 261 266 (-3924 9216 711.500000 ) (-3928 9216 711.500000 ) (-3928 9216 520 ) (-3924 9216 520 ) 
4 261 265 (-3152 9216 711.500000 ) (-3924 9216 711.500000 ) (-3924 9216 520 ) (-3152 9216 520 ) 
4 261 268 (-3928 9216 711.500000 ) (-4096 9216 711.500000 ) (-4096 9216 520 ) (-3928 9216 520 ) 
4 261 263 (-4096 9216 512 ) (-4096 9216 711.500000 ) (-4096 10240 711.500000 ) (-4096 10240 512 ) 
4 261 262 (-4096 9216 512 ) (-4096 10240 512 ) (-3152 10240 512 ) (-3152 9216 512 ) 
4 262 271 (-3072 9216 0 ) (-3072 9216 512 ) (-4096 9216 512 ) (-4096 9216 0 ) 
4 262 263 (-4096 9216 0 ) (-4096 9216 512 ) (-4096 10240 512 ) (-4096 10240 0 ) 
4 263 282 (-5120 10240 2304 ) (-5120 10240 0 ) (-5120 9216 0 ) (-5120 9216 2304 ) 
4 263 272 (-5120 9216 2304 ) (-5120 9216 0 ) (-4096 9216 0 ) (-4096 9216 2304 ) 
4 264 273 (-3072 8192 776 ) (-3072 8192 2304 ) (-4096 8192 2304 ) (-4096 8192 776 ) 
4 264 272 (-4096 8192 776 ) (-4096 8192 2304 ) (-4096 9216 2304 ) (-4096 9216 776 ) 
4 264 266 (-3928 9216 776 ) (-3924 9216 776 ) (-3924 8995 776 ) (-3928 8995 776 ) 
4 264 267 (-3924 8969 776 ) (-3924 8192 776 ) (-3928 8192 776 ) (-3928 8969 776 ) 
4 264 265 (-3924 9216 776 ) (-3072 9216 776 ) (-3072 8192 776 ) (-3924 8192 776 ) 
4 264 268 (-4096 8192 776 ) (-4096 9216 776 ) (-3928 9216 776 ) (-3928 8192 776 ) 
4 265 273 (-3072 8192 520 ) (-3072 8192 776 ) (-3924 8192 776 ) (-3924 8192 520 ) 
4 265 269 (-3072 8192 520 ) (-3152 8192 520 ) (-3152 8912 520 ) (-3072 8912 520 ) 
4 265 270 (-3152 8192 520 ) (-3924 8192 520 ) (-3924 9216 520 ) (-3152 9216 520 ) 
4 265 266 (-3924 9216 520 ) (-3924 8995 520 ) (-3924 8995 776 ) (-3924 9216 776 ) 
4 265 267 (-3924 8969 520 ) (-3924 8192 520 ) (-3924 8192 776 ) (-3924 8969 776 ) 
4 266 270 (-3928 8995 520 ) (-3928 9216 520 ) (-3924 9216 520 ) (-3924 8995 520 ) 
4 266 268 (-3928 9216 520 ) (-3928 8995 520 ) (-3928 8995 776 ) (-3928 9216 776 ) 
4 267 273 (-3924 8192 776 ) (-3928 8192 776 ) (-3928 8192 520 ) (-3924 8192 520 ) 
4 267 270 (-3924 8192 520 ) (-3928 8192 520 ) (-3928 8969 520 ) (-3924 8969 520 ) 
4 267 268 (-3928 8969 520 ) (-3928 8192 520 ) (-3928 8192 776 ) (-3928 8969 776 ) 
4 268 273 (-3928 8192 776 ) (-4096 8192 776 ) (-4096 8192 520 ) (-3928 8192 520 ) 
4 268 272 (-4096 8192 520 ) (-4096 8192 776 ) (-4096 9216 776 ) (-4096 9216 520 ) 
4 268 270 (-3928 8192 520 ) (-4096 8192 520 ) (-4096 9216 520 ) (-3928 9216 520 ) 
4 269 273 (-3072 8192 512 ) (-3072 8192 520 ) (-3152 8192 520 ) (-3152 8192 512 ) 
4 269 271 (-3072 8912 512 ) (-3072 8192 512 ) (-3152 8192 512 ) (-3152 8912 512 ) 
4 269 270 (-3152 8912 512 ) (-3152 8192 512 ) (-3152 8192 520 ) (-3152 8912 520 ) 
4 270 273 (-3152 8192 520 ) (-4096 8192 520 ) (-4096 8192 512 ) (-3152 8192 512 ) 
4 270 272 (-4096 8192 512 ) (-4096 8192 520 ) (-4096 9216 520 ) (-4096 9216 512 ) 
4 270 271 (-4096 8192 512 ) (-4096 9216 512 ) (-3152 9216 512 ) (-3152 8192 512 ) 
4 271 273 (-3072 8192 0 ) (-3072 8192 512 ) (-4096 8192 512 ) (-4096 8192 0 ) 
4 271 272 (-4096 8192 0 ) (-4096 8192 512 ) (-4096 9216 512 ) (-4096 9216 0 ) 
4 272 285 (-5120 8192 0 ) (-5120 8192 2304 ) (-5120 9216 2304 ) (-5120 9216 0 ) 
4 272 275 (-4096 8192 0 ) (-4096 8192 2304 ) (-5120 8192 2304 ) (-5120 8192 0 ) 
4 273 275 (-4096 8192 2304 ) (-4096 8192 0 ) (-4096 7232 0 ) (-4096 7232 2304 ) 
4 273 274 (-3072 7232 512 ) (-3072 7232 896 ) (-3280 7232 896 ) (-3280 7232 512 ) 
4 274 278 (-3072 7168 512 ) (-3072 7168 896 ) (-3280 7168 896 ) (-3280 7168 512 ) 
4 275 286 (-5120 7232 0 ) (-5120 7232 2304 ) (-5120 8192 2304 ) (-5120 8192 0 ) 
4 276 278 (-3072 7168 896 ) (-3072 7168 512 ) (-3072 6144 512 ) (-3072 6144 896 ) 
4 276 277 (-2640 6144 896 ) (-3072 6144 896 ) (-3072 6144 512 ) (-2640 6144 512 ) 
4 277 280 (-2640 5120 896 ) (-3072 5120 896 ) (-3072 5120 512 ) (-2640 5120 512 ) 
4 277 279 (-3072 5120 512 ) (-3072 5120 896 ) (-3072 6144 896 ) (-3072 6144 512 ) 
4 278 279 (-3072 6144 512 ) (-3072 6144 896 ) (-3280 6144 896 ) (-3280 6144 512 ) 
4 279 281 (-3072 5120 512 ) (-3072 5120 896 ) (-3280 5120 896 ) (-3280 5120 512 ) 
4 280 281 (-3072 5120 896 ) (-3072 5120 512 ) (-3072 4160 512 ) (-3072 4160 896 ) 
4 282 285 (-5120 9216 0 ) (-5120 9216 2304 ) (-6144 9216 2304 ) (-6144 9216 0 ) 
4 282 283 (-6144 10240 2304 ) (-6144 10240 0 ) (-6144 9216 0 ) (-6144 9216 2304 ) 
4 283 287 (-6144 9216 0 ) (-6144 9216 2304 ) (-7168 9216 2304 ) (-7168 9216 0 ) 
4 283 284 (-7168 9216 0 ) (-7168 9216 2304 ) (-7168 10240 2304 ) (-7168 10240 0 ) 
4 284 288 (-7168 9216 0 ) (-7168 9216 2304 ) (-8080 9216 2304 ) (-8080 9216 0 ) 
4 285 287 (-6144 9216 2304 ) (-6144 9216 0 ) (-6144 8192 0 ) (-6144 8192 2304 ) 
4 285 286 (-5120 8192 0 ) (-5120 8192 2304 ) (-6144 8192 2304 ) (-6144 8192 0 ) 
4 286 289 (-6144 7232 0 ) (-6144 7232 2304 ) (-6144 8192 2304 ) (-6144 8192 0 ) 
4 287 289 (-6144 8192 0 ) (-6144 8192 2304 ) (-7168 8192 2304 ) (-7168 8192 0 ) 
4 287 288 (-7168 9216 2304 ) (-7168 9216 0 ) (-7168 8192 0 ) (-7168 8192 2304 ) 
4 288 290 (-7168 8192 0 ) (-7168 8192 2304 ) (-8080 8192 2304 ) (-8080 8192 0 ) 
4 289 290 (-7168 8192 2304 ) (-7168 8192 0 ) (-7168 7232 0 ) (-7168 7232 2304 ) 
