PRT1
36
73
4 0 3 (1024 1024 0 ) (1024 1024 896 ) (128 1024 896 ) (128 1024 0 ) 
3 0 2 (128 1536 176 ) (128 1536 0 ) (128 1152 0 ) 
5 0 1 (128 1024 0 ) (128 1024 896 ) (128 1536 896 ) (128 1536 176 ) (128 1152 0 ) 
3 1 8 (0 1024 -58.666626 ) (0 1024 0 ) (0 1152 0 ) 
5 1 7 (0 1024 0 ) (0 1024 896 ) (0 1536 896 ) (0 1536 176 ) (0 1152 0 ) 
4 1 4 (128 1024 -58.666626 ) (128 1024 0 ) (0 1024 0 ) (0 1024 -58.666626 ) 
4 1 3 (128 1024 0 ) (128 1024 896 ) (0 1024 896 ) (0 1024 0 ) 
4 1 2 (0 1151.997437 0 ) (0 1536 176.001282 ) (128 1536 176.001282 ) (128 1151.997192 0 ) 
3 2 7 (0 1152 0 ) (0 1536 176 ) (0 1536 0 ) 
4 3 9 (0 768 0 ) (0 768 896 ) (0 1024 896 ) (0 1024 0 ) 
4 3 5 (1024 768 0 ) (1024 768 896 ) (0 768 896 ) (0 768 0 ) 
4 3 4 (128 768 0 ) (0 768 0 ) (0 1024 0 ) (128 1024 0 ) 
4 4 11 (0 768 -176 ) (0 768 -16 ) (0 1024 -16 ) (0 1024 -58.666645 ) 
4 4 10 (0 768 -16 ) (0 768 0 ) (0 1024 0 ) (0 1024 -16 ) 
4 4 6 (128 768 -176 ) (128 768 -16 ) (0 768 -16 ) (0 768 -176 ) 
4 5 23 (1024 0 0 ) (1024 0 896 ) (0 0 896 ) (0 0 0 ) 
4 5 20 (0 0 0 ) (0 0 896 ) (0 352 896 ) (0 352 0 ) 
4 5 12 (0 352 896 ) (0 416 896 ) (0 416 0 ) (0 352 0 ) 
4 5 9 (0 416 896 ) (0 768 896 ) (0 768 0 ) (0 416 0 ) 
4 6 24 (128 0 -16 ) (0 0 -16 ) (0 0 -176 ) (128 0 -176 ) 
4 6 21 (0 0 -176 ) (0 0 -16 ) (0 352 -16 ) (0 352 -176 ) 
4 6 17 (0 416 -88 ) (0 416 -176 ) (0 352 -176 ) (0 352 -88 ) 
4 6 14 (0 416 -28 ) (0 416 -88 ) (0 352 -88 ) (0 352 -28 ) 
4 6 13 (0 352 -16 ) (0 416 -16 ) (0 416 -28 ) (0 352 -28 ) 
4 6 11 (0 416 -16 ) (0 768 -16 ) (0 768 -176 ) (0 416 -176 ) 
4 7 9 (0 1024 0 ) (0 1024 896 ) (-1024 1024 896 ) (-1024 1024 0 ) 
4 7 8 (0 1024 0 ) (-128 1024 0 ) (-128 1152 0 ) (0 1152 0 ) 
4 8 11 (0 1024 -58.666641 ) (0 1024 -16 ) (-128 1024 -16 ) (-128 1024 -58.666645 ) 
4 8 10 (0 1024 -16 ) (0 1024 0 ) (-128 1024 0 ) (-128 1024 -16 ) 
4 9 12 (0 416 0 ) (0 416 896 ) (-1024 416 896 ) (-1024 416 0 ) 
4 9 10 (-128 1024 0 ) (0 1024 0 ) (0 768 0 ) (-128 768 0 ) 
4 10 11 (-128 1024 -16 ) (0 1024 -16 ) (0 768 -16 ) (-128 768 -16 ) 
4 11 17 (0 416 -176 ) (0 416 -88 ) (-128 416 -88 ) (-128 416 -176 ) 
4 11 14 (0 416 -88 ) (0 416 -28 ) (-128 416 -28 ) (-128 416 -88 ) 
4 11 13 (0 416 -28 ) (0 416 -16 ) (-128 416 -16 ) (-128 416 -28 ) 
4 12 20 (-1024 352 896 ) (-1024 352 0 ) (0 352 0 ) (0 352 896 ) 
4 13 21 (-128 352 -28 ) (0 352 -28 ) (0 352 -16 ) (-128 352 -16 ) 
4 13 14 (0 352 -28 ) (-128 352 -28 ) (-128 416 -28 ) (0 416 -28 ) 
4 14 21 (-128 352 -88 ) (0 352 -88 ) (0 352 -28 ) (-128 352 -28 ) 
4 14 18 (-128 352 -88 ) (-132 352 -88 ) (-132 416 -88 ) (-128 416 -88 ) 
4 14 17 (0 352 -88 ) (-128 352 -88 ) (-128 416 -88 ) (0 416 -88 ) 
4 14 15 (-132 416 -88 ) (-132 352 -88 ) (-132 352 -36 ) (-132 416 -36 ) 
4 15 18 (-132 352 -88 ) (-136 352 -88 ) (-136 416 -88 ) (-132 416 -88 ) 
4 15 16 (-136 416 -88 ) (-136 352 -88 ) (-136 352 -36 ) (-136 416 -36 ) 
4 16 18 (-136 352 -88 ) (-320 352 -88 ) (-320 416 -88 ) (-136 416 -88 ) 
4 17 21 (0 352 -176 ) (0 352 -88 ) (-128 352 -88 ) (-128 352 -176 ) 
4 17 18 (-128 352 -164 ) (-128 352 -88 ) (-128 416 -88 ) (-128 416 -164 ) 
4 18 19 (-576 416 -164 ) (-224 416 -164 ) (-224 352 -164 ) (-576 352 -164 ) 
4 19 22 (-576 416 -204 ) (-320 416 -204 ) (-320 352 -204 ) (-576 352 -204 ) 
4 20 29 (0 0 0 ) (0 0 896 ) (-1024 0 896 ) (-1024 0 0 ) 
4 21 30 (0 0 -176 ) (0 0 -16 ) (-128 0 -16 ) (-128 0 -176 ) 
4 23 29 (0 0 896 ) (0 0 0 ) (0 -768 0 ) (0 -768 896 ) 
4 23 25 (0 -768 896 ) (0 -768 0 ) (1024 -768 0 ) (1024 -768 896 ) 
4 24 30 (0 0 -16 ) (0 0 -176 ) (0 -768 -176 ) (0 -768 -16 ) 
4 24 26 (0 -768 -16 ) (0 -768 -176 ) (128 -768 -176 ) (128 -768 -16 ) 
4 25 31 (0 -1024 0 ) (0 -1024 896 ) (0 -768 896 ) (0 -768 0 ) 
4 25 27 (1024 -1024 0 ) (1024 -1024 896 ) (0 -1024 896 ) (0 -1024 0 ) 
4 25 26 (0 -768 0 ) (128 -768 0 ) (128 -1024 0 ) (0 -1024 0 ) 
4 26 32 (0 -1024 -58.666641 ) (0 -1024 0 ) (0 -768 0 ) (0 -768 -176 ) 
4 26 28 (128 -1024 -58.666641 ) (128 -1024 0 ) (0 -1024 0 ) (0 -1024 -58.666645 ) 
3 27 34 (0 -1536 0 ) (0 -1536 176 ) (0 -1152 0 ) 
5 27 33 (0 -1536 176 ) (0 -1536 896 ) (0 -1024 896 ) (0 -1024 0 ) (0 -1152 0 ) 
4 27 28 (0 -1152 0 ) (0 -1024 0 ) (128 -1024 0 ) (128 -1152 0 ) 
3 28 33 (0 -1152 0 ) (0 -1024 0 ) (0 -1024 -58.666645 ) 
4 29 31 (0 -768 0 ) (0 -768 896 ) (-1024 -768 896 ) (-1024 -768 0 ) 
4 30 32 (0 -768 -176 ) (0 -768 -16 ) (-128 -768 -16 ) (-128 -768 -176 ) 
4 31 35 (-128 -1024 896 ) (-1024 -1024 896 ) (-1024 -1024 0 ) (-128 -1024 0 ) 
4 31 33 (0 -1024 0 ) (0 -1024 896 ) (-128 -1024 896 ) (-128 -1024 0 ) 
4 31 32 (-128 -768 0 ) (0 -768 0 ) (0 -1024 0 ) (-128 -1024 0 ) 
4 32 33 (0 -1024 -58.666641 ) (0 -1024 0 ) (-128 -1024 0 ) (-128 -1024 -58.666645 ) 
5 33 35 (-128 -1536 176 ) (-128 -1536 896 ) (-128 -1024 896 ) (-128 -1024 0 ) (-128 -1152 0 ) 
4 33 34 (0 -1536 176.001282 ) (-128 -1536 176.001282 ) (-128 -1151.997192 0 ) (0 -1151.997437 0 ) 
3 34 35 (-128 -1536 0 ) (-128 -1536 176 ) (-128 -1152 0 ) 
