


materialPath: C:\Program Files (x86)\Steam\steamapps\common\GarrysMod\garrysmod\materials
Loading c:\users\linventif\documents\github\linventif-maps\lin town\vmf\linventif_sky_town.vmf
fixing up env_cubemap materials on brush sides...
0...1...2...3...4...5...6...7...8...9...100...1...2...3...4...5...6...7...8...9...10Processing areas...done (0)
Building Faces...done (0)
Chop Details...done (0)
Find Visible Detail Sides...
Merged 48 detail faces...done (0)
Merging details...done (0)
FixTjuncs...
PruneNodes...
WriteBSP...
done (0)
writing c:\users\linventif\documents\github\linventif-maps\lin town\vmf\linventif_sky_town.prt...Building visibility clusters...
done (0)
Creating default LDR cubemaps for env_cubemap using skybox materials:
   skybox/sky_day01_01*.vmt
 ! Run buildcubemaps in the engine to get the correct cube maps.
Creating default HDR cubemaps for env_cubemap using skybox materials:
   skybox/sky_day01_01*.vmt
 ! Run buildcubemaps in the engine to get the correct cube maps.
Finding displacement neighbors...
Finding lightmap sample positions...
Displacement Alpha : 0...1...2...3...4...5...6...7...8...9...10
Building Physics collision data...
done (0) (17375 bytes)
Placing detail props : 0...1...2...3...4...5...6...7...8...9...10
Compacting texture/material tables...
Reduced 62 texinfos to 50
Reduced 6 texdatas to 6 (152 bytes to 152)
Writing c:\users\linventif\documents\github\linventif-maps\lin town\vmf\linventif_sky_town.bsp
0 seconds elapsed



24 threads
reading c:\users\linventif\documents\github\linventif-maps\lin town\vmf\linventif_sky_town.bsp
reading c:\users\linventif\documents\github\linventif-maps\lin town\vmf\linventif_sky_town.prt
  16 portalclusters
  24 numportals
0...1...2...3...4...5...6...7...8...9...100...1...2...3...4...5...6...7...8...9...10Optimized: 0 visible clusters (0.00%)
Total clusters visible: 256
Average clusters visible: 16
Building PAS...
Average clusters audible: 16
visdatasize:196  compressed from 256
writing c:\users\linventif\documents\github\linventif-maps\lin town\vmf\linventif_sky_town.bsp
0 seconds elapsed



[Reading texlights from 'lights.rad']
[45 texlights parsed from 'lights.rad']

Loading c:\users\linventif\documents\github\linventif-maps\lin town\vmf\linventif_sky_town.bsp
PREP OK
274 faces
360391 square feet [51896320.00 square inches]
0 Displacements
0 Square Feet [0.00 Square Inches]
274 patches before subdivision
11326 patches after subdivision
0 direct lights
0...1...2...3...4...5...6...7...8...9...100...1...2...3...4...5...6...7...8...9...10transfers 387209, max 410
transfer lists:   3.0 megs
0...1...2...3...4...5...6...7...8...9...10	Bounce #1 added RGB(0, 0, 0)
Build Patch/Sample Hash Table(s).....Done<0.0027 sec>
0...1...2...3...4...5...6...7...8...9...10FinalLightFace Done
0 of 0 (0% of) surface lights went in leaf ambient cubes.
0...1...2...3...4...5...6...7...8...9...10Writing leaf ambient...done
Ready to Finish

Object names       Objects/Maxobjs  Memory / Maxmem  Fullness 
------------       ---------------  ---------------  -------- 
models                   1/4096           48/196608   ( 0.0%) 
brushes                 51/16384         612/196608   ( 0.3%) 
brushsides             362/163840       2896/1310720  ( 0.2%) 
planes                 122/65536        2440/1310720  ( 0.2%) 
vertexes               355/65536        4260/786432   ( 0.5%) 
nodes                   55/65536        1760/2097152  ( 0.1%) 
texinfos                50/12288        3600/884736   ( 0.4%) 
texdata                  6/2048          192/65536    ( 0.3%) 
dispinfos                0/0               0/0        ( 0.0%) 
disp_verts               0/0               0/0        ( 0.0%) 
disp_tris                0/0               0/0        ( 0.0%) 
disp_lmsamples           0/0               0/0        ( 0.0%) 
faces                  274/65536       15344/3670016  ( 0.4%) 
hdr faces                0/65536           0/3670016  ( 0.0%) 
origfaces              112/65536        6272/3670016  ( 0.2%) 
leaves                  57/65536        1824/2097152  ( 0.1%) 
leaffaces              352/65536         704/131072   ( 0.5%) 
leafbrushes            116/65536         232/131072   ( 0.2%) 
areas                    2/1024           16/8192     ( 0.2%) 
surfedges             1696/512000       6784/2048000  ( 0.3%) 
edges                  957/256000       3828/1024000  ( 0.4%) 
LDR worldlights          0/8192            0/720896   ( 0.0%) 
HDR worldlights          0/8192            0/720896   ( 0.0%) 
leafwaterdata            0/32768           0/393216   ( 0.0%) 
waterstrips             28/32768         280/327680   ( 0.1%) 
waterverts               0/65536           0/786432   ( 0.0%) 
waterindices           432/65536         864/131072   ( 0.7%) 
cubemapsamples           0/1024            0/16384    ( 0.0%) 
overlays                 0/1024            0/360448   ( 0.0%) 
LDR lightdata         [variable]      327916/0        ( 0.0%) 
HDR lightdata         [variable]           0/0        ( 0.0%) 
visdata               [variable]         196/16777216 ( 0.0%) 
entdata               [variable]        4730/393216   ( 1.2%) 
LDR ambient table       57/65536         228/262144   ( 0.1%) 
HDR ambient table       57/65536         228/262144   ( 0.1%) 
LDR leaf ambient        16/65536         448/1835008  ( 0.0%) 
HDR leaf ambient        57/65536        1596/1835008  ( 0.1%) 
occluders                0/0               0/0        ( 0.0%) 
occluder polygons        0/0               0/0        ( 0.0%) 
occluder vert ind        0/0               0/0        ( 0.0%) 
detail props          [variable]           1/12       ( 8.3%) 
static props          [variable]           1/12       ( 8.3%) 
pakfile               [variable]      105703/0        ( 0.0%) 
physics               [variable]       17375/4194304  ( 0.4%) 
physics terrain       [variable]           2/1048576  ( 0.0%) 

Level flags = 0

Total triangle count: 700
Writing c:\users\linventif\documents\github\linventif-maps\lin town\vmf\linventif_sky_town.bsp
0 seconds elapsed



[Reading texlights from 'lights.rad']
[45 texlights parsed from 'lights.rad']

Loading c:\users\linventif\documents\github\linventif-maps\lin town\vmf\linventif_sky_town.bsp
PREP OK
274 faces
360391 square feet [51896320.00 square inches]
0 Displacements
0 Square Feet [0.00 Square Inches]
274 patches before subdivision
11326 patches after subdivision
0 direct lights
0...1...2...3...4...5...6...7...8...9...100...1...2...3...4...5...6...7...8...9...10transfers 387209, max 410
transfer lists:   3.0 megs
0...1...2...3...4...5...6...7...8...9...10	Bounce #1 added RGB(0, 0, 0)
Build Patch/Sample Hash Table(s).....Done<0.0029 sec>
0...1...2...3...4...5...6...7...8...9...10FinalLightFace Done
0 of 0 (0% of) surface lights went in leaf ambient cubes.
0...1...2...3...4...5...6...7...8...9...10Writing leaf ambient...done
Ready to Finish

Object names       Objects/Maxobjs  Memory / Maxmem  Fullness 
------------       ---------------  ---------------  -------- 
models                   1/4096           48/196608   ( 0.0%) 
brushes                 51/16384         612/196608   ( 0.3%) 
brushsides             362/163840       2896/1310720  ( 0.2%) 
planes                 122/65536        2440/1310720  ( 0.2%) 
vertexes               355/65536        4260/786432   ( 0.5%) 
nodes                   55/65536        1760/2097152  ( 0.1%) 
texinfos                50/12288        3600/884736   ( 0.4%) 
texdata                  6/2048          192/65536    ( 0.3%) 
dispinfos                0/0               0/0        ( 0.0%) 
disp_verts               0/0               0/0        ( 0.0%) 
disp_tris                0/0               0/0        ( 0.0%) 
disp_lmsamples           0/0               0/0        ( 0.0%) 
faces                  274/65536       15344/3670016  ( 0.4%) 
hdr faces              274/65536       15344/3670016  ( 0.4%) 
origfaces              112/65536        6272/3670016  ( 0.2%) 
leaves                  57/65536        1824/2097152  ( 0.1%) 
leaffaces              352/65536         704/131072   ( 0.5%) 
leafbrushes            116/65536         232/131072   ( 0.2%) 
areas                    2/1024           16/8192     ( 0.2%) 
surfedges             1696/512000       6784/2048000  ( 0.3%) 
edges                  957/256000       3828/1024000  ( 0.4%) 
LDR worldlights          0/8192            0/720896   ( 0.0%) 
HDR worldlights          0/8192            0/720896   ( 0.0%) 
leafwaterdata            0/32768           0/393216   ( 0.0%) 
waterstrips             28/32768         280/327680   ( 0.1%) 
waterverts               0/65536           0/786432   ( 0.0%) 
waterindices           432/65536         864/131072   ( 0.7%) 
cubemapsamples           0/1024            0/16384    ( 0.0%) 
overlays                 0/1024            0/360448   ( 0.0%) 
LDR lightdata         [variable]      327916/0        ( 0.0%) 
HDR lightdata         [variable]      327916/0        ( 0.0%) 
visdata               [variable]         196/16777216 ( 0.0%) 
entdata               [variable]        4730/393216   ( 1.2%) 
LDR ambient table       57/65536         228/262144   ( 0.1%) 
HDR ambient table       57/65536         228/262144   ( 0.1%) 
LDR leaf ambient        16/65536         448/1835008  ( 0.0%) 
HDR leaf ambient        16/65536         448/1835008  ( 0.0%) 
occluders                0/0               0/0        ( 0.0%) 
occluder polygons        0/0               0/0        ( 0.0%) 
occluder vert ind        0/0               0/0        ( 0.0%) 
detail props          [variable]           1/12       ( 8.3%) 
static props          [variable]           1/12       ( 8.3%) 
pakfile               [variable]      105703/0        ( 0.0%) 
physics               [variable]       17375/4194304  ( 0.4%) 
physics terrain       [variable]           2/1048576  ( 0.0%) 

Level flags = 0

Total triangle count: 700
Writing c:\users\linventif\documents\github\linventif-maps\lin town\vmf\linventif_sky_town.bsp
0 seconds elapsed
