PRT1
16
24
4 0 2 (2048 1024 0 ) (2048 1024 1024 ) (1024 1024 1024 ) (1024 1024 0 ) 
4 0 1 (1024 1024 0 ) (1024 1024 1024 ) (1024 2048 1024 ) (1024 2048 0 ) 
4 1 4 (0 1024 0 ) (0 1024 1024 ) (0 2048 1024 ) (0 2048 0 ) 
4 1 3 (1024 1024 0 ) (1024 1024 1024 ) (0 1024 1024 ) (0 1024 0 ) 
4 2 8 (2048 0 0 ) (2048 0 1024 ) (1024 0 1024 ) (1024 0 0 ) 
4 2 3 (1024 1024 1024 ) (1024 1024 0 ) (1024 0 0 ) (1024 0 1024 ) 
4 3 9 (1024 0 0 ) (1024 0 1024 ) (0 0 1024 ) (0 0 0 ) 
4 3 6 (0 0 0 ) (0 0 1024 ) (0 1024 1024 ) (0 1024 0 ) 
4 4 6 (0 1024 0 ) (0 1024 1024 ) (-1024 1024 1024 ) (-1024 1024 0 ) 
4 4 5 (-1024 1024 0 ) (-1024 1024 1024 ) (-1024 2048 1024 ) (-1024 2048 0 ) 
4 5 7 (-1024 1024 0 ) (-1024 1024 1024 ) (-2048 1024 1024 ) (-2048 1024 0 ) 
4 6 12 (0 0 0 ) (0 0 1024 ) (-1024 0 1024 ) (-1024 0 0 ) 
4 6 7 (-1024 1024 1024 ) (-1024 1024 0 ) (-1024 0 0 ) (-1024 0 1024 ) 
4 7 13 (-1024 0 0 ) (-1024 0 1024 ) (-2048 0 1024 ) (-2048 0 0 ) 
4 8 10 (2048 -1024 0 ) (2048 -1024 1024 ) (1024 -1024 1024 ) (1024 -1024 0 ) 
4 8 9 (1024 0 1024 ) (1024 0 0 ) (1024 -1024 0 ) (1024 -1024 1024 ) 
4 9 12 (0 0 1024 ) (0 0 0 ) (0 -1024 0 ) (0 -1024 1024 ) 
4 9 11 (1024 -1024 0 ) (1024 -1024 1024 ) (0 -1024 1024 ) (0 -1024 0 ) 
4 10 11 (1024 -1024 1024 ) (1024 -1024 0 ) (1024 -2048 0 ) (1024 -2048 1024 ) 
4 11 14 (0 -2048 0 ) (0 -2048 1024 ) (0 -1024 1024 ) (0 -1024 0 ) 
4 12 14 (0 -1024 0 ) (0 -1024 1024 ) (-1024 -1024 1024 ) (-1024 -1024 0 ) 
4 12 13 (-1024 0 1024 ) (-1024 0 0 ) (-1024 -1024 0 ) (-1024 -1024 1024 ) 
4 13 15 (-1024 -1024 0 ) (-1024 -1024 1024 ) (-2048 -1024 1024 ) (-2048 -1024 0 ) 
4 14 15 (-1024 -1024 1024 ) (-1024 -1024 0 ) (-1024 -2048 0 ) (-1024 -2048 1024 ) 
